   ### Execute -  SRR11178052
    ###[$ fastq-dump  SRR11178052 ]
Read 2142901 spots for SRR11178052
Written 2142901 spots for SRR11178052



    ###[$ fastqc  SRR11178052 .fastq]
Analysis complete for SRR11178052.fastq



    ###[$ NanoFilt -q 5 -l 300 --headcrop 20 --tailcrop 20 SRR11178052.fastq > SRR11178052_high_quality.fastq]



    ###[$ canu genomeSize=30k executiveThreads=4 -p Sars_cov_2_SRR11178052 -d Sars_cov_2_SRR11178052 -nanopore SRR11178052_high_quality.fastq]



    ###[$ cd $1/]
    ###[$ ./vgas SRR11178052/Sars_cov_2_SRR11178052/Sars_cov_2_SRR11178052.contigs.fasta Sars_cov_2_SRR11178052.gene.prediction -n -p -b]


         WELCOME TO VGAS! (LOCAL VERSION)
   PREDICTION OF PROTEIN CODING GENES IN VIRAL AND PHAGE GENOMES

!!! NOTE: non-standard 15 DNA base codes of IUPAC-IUB. 
!!!      total number: 250
!!!      2743 : i
!!!      2745 : l
!!!      2746 : e
!!!      2749 : e
!!!      2754 : l
!!!      2759 : o
!!!      2762 : i
!!!      2765 : u
!!!      2768 : e
!!!      2772 : e
!!!      2773 : p
!!!      2774 : e
!!!      2778 : o
!!!      2780 : u
!!!      2783 : e
!!!      2787 : u
!!!      2790 : l
!!!      2791 : e
!!!      2793 : o
!!!      2795 : u
!!!      2798 : e
!!!      2802 : i
!!!      2805 : u
!!!      2806 : l
!!!      2810 : o
!!!      5198 : i
!!!      5200 : l
!!!      5201 : e
!!!      5204 : e
!!!      5209 : l
!!!      5214 : o
!!!      5217 : i
!!!      5220 : u
!!!      5223 : e
!!!      5227 : e
!!!      5228 : p
!!!      5229 : e
!!!      5233 : o
!!!      5235 : u
!!!      5238 : e
!!!      5242 : u
!!!      5245 : l
!!!      5246 : e
!!!      5248 : o
!!!      5250 : u
!!!      5253 : e
!!!      5257 : i
!!!      5260 : u
!!!      5261 : l
!!!      5265 : o
!!!      8190 : i
!!!      8192 : l
!!!      8193 : e
!!!      8196 : e
!!!      8201 : l
!!!      8206 : o
!!!      8209 : i
!!!      8212 : u
!!!      8215 : e
!!!      8219 : e
!!!      8220 : p
!!!      8221 : e
!!!      8225 : o
!!!      8227 : u
!!!      8230 : e
!!!      8234 : u
!!!      8237 : l
!!!      8238 : e
!!!      8240 : o
!!!      8242 : u
!!!      8245 : e
!!!      8249 : i
!!!      8252 : u
!!!      8253 : l
!!!      8257 : o
!!!      11113 : i
!!!      11115 : l
!!!      11116 : e
!!!      11119 : e
!!!      11124 : l
!!!      11129 : o
!!!      11132 : i
!!!      11135 : u
!!!      11138 : e
!!!      11142 : e
!!!      11143 : p
!!!      11144 : e
!!!      11148 : o
!!!      11150 : u
!!!      11153 : e
!!!      11157 : u
!!!      11160 : l
!!!      11161 : e
!!!      11163 : o
!!!      11165 : u
!!!      11168 : e
!!!      11172 : i
!!!      11175 : u
!!!      11176 : l
!!!      11180 : o
!!!      12771 : i
!!!      12773 : l
!!!      12774 : e
!!!      12777 : e
!!!      12782 : l
!!!      12787 : o
!!!      12790 : i
!!!      12793 : u
!!!      12796 : e
!!!      12800 : e
!!!      12801 : p
!!!      12802 : e
!!!      12806 : o
!!!      12808 : u
!!!      12811 : e
!!!      12815 : u
!!!      12818 : l
!!!      12819 : e
!!!      12821 : o
!!!      12823 : u
!!!      12826 : e
!!!      12830 : i
!!!      12833 : u
!!!      12834 : l
!!!      12838 : o
!!!      15161 : i
!!!      15163 : l
!!!      15164 : e
!!!      15167 : e
!!!      15172 : l
!!!      15177 : o
!!!      15180 : i
!!!      15183 : u
!!!      15186 : e
!!!      15190 : e
!!!      15191 : p
!!!      15192 : e
!!!      15196 : o
!!!      15198 : u
!!!      15201 : e
!!!      15205 : u
!!!      15208 : l
!!!      15209 : e
!!!      15211 : o
!!!      15213 : u
!!!      15216 : e
!!!      15220 : i
!!!      15223 : u
!!!      15224 : l
!!!      15228 : o
!!!      17079 : i
!!!      17081 : l
!!!      17082 : e
!!!      17085 : e
!!!      17090 : l
!!!      17095 : o
!!!      17098 : i
!!!      17101 : u
!!!      17104 : e
!!!      17108 : e
!!!      17109 : p
!!!      17110 : e
!!!      17114 : o
!!!      17116 : u
!!!      17119 : e
!!!      17123 : u
!!!      17126 : l
!!!      17127 : e
!!!      17129 : o
!!!      17131 : u
!!!      17134 : e
!!!      17138 : i
!!!      17141 : u
!!!      17142 : l
!!!      17146 : o
!!!      19139 : i
!!!      19141 : l
!!!      19142 : e
!!!      19145 : e
!!!      19150 : l
!!!      19155 : o
!!!      19158 : i
!!!      19161 : u
!!!      19164 : e
!!!      19168 : e
!!!      19169 : p
!!!      19170 : e
!!!      19174 : o
!!!      19176 : u
!!!      19179 : e
!!!      19183 : u
!!!      19186 : l
!!!      19187 : e
!!!      19189 : o
!!!      19191 : u
!!!      19194 : e
!!!      19198 : i
!!!      19201 : u
!!!      19202 : l
!!!      19206 : o
!!!      20756 : i
!!!      20758 : l
!!!      20759 : e
!!!      20762 : e
!!!      20767 : l
!!!      20772 : o
!!!      20775 : i
!!!      20778 : u
!!!      20781 : e
!!!      20785 : e
!!!      20786 : p
!!!      20787 : e
!!!      20791 : o
!!!      20793 : u
!!!      20796 : e
!!!      20800 : u
!!!      20803 : l
!!!      20804 : e
!!!      20806 : o
!!!      20808 : u
!!!      20811 : e
!!!      20815 : i
!!!      20818 : u
!!!      20819 : l
!!!      20823 : o
!!!      22383 : i
!!!      22385 : l
!!!      22386 : e
!!!      22389 : e
!!!      22394 : l
!!!      22399 : o
!!!      22402 : i
!!!      22405 : u
!!!      22408 : e
!!!      22412 : e
!!!      22413 : p
!!!      22414 : e
!!!      22418 : o
!!!      22420 : u
!!!      22423 : e
!!!      22427 : u
!!!      22430 : l
!!!      22431 : e
!!!      22433 : o
!!!      22435 : u
!!!      22438 : e
!!!      22442 : i
!!!      22445 : u
!!!      22446 : l
!!!      22450 : o
!!!      We have replaced these nonstandard bases with 'n'.
The number of base pairs in the analyzed genome:               24364
The GC content of the genome:                                  46.7%
The number of ORFs longer than    90 bp:                         109
blasting...wait please
The number of genes longer than    90 bp recognized by zcurve:    24
Chromosome positions of predicted genes are saved in :
          Sars_cov_2_SRR11178052_05-24-2020-20-45-51.gene.prediction
Nuclotide acid sequences of predicted genes are saved in :
     gene_Sars_cov_2_SRR11178052_05-24-2020-20-45-51.gene.prediction
Traslated amino acid sequences of predicted genes are saved in :
  protein_Sars_cov_2_SRR11178052_05-24-2020-20-45-51.gene.prediction
