   ### Execute -  SRR11178051
    ###[$ fastq-dump  SRR11178051 ]
Read 775912 spots for SRR11178051
Written 775912 spots for SRR11178051



    ###[$ fastqc  SRR11178051 .fastq]
Analysis complete for SRR11178051.fastq



    ###[$ NanoFilt -q 5 -l 300 --headcrop 20 --tailcrop 20 SRR11178051.fastq > SRR11178051_high_quality.fastq]



    ###[$ canu genomeSize=30k executiveThreads=4 -p Sars_cov_2_SRR11178051 -d Sars_cov_2_SRR11178051 -nanopore SRR11178051_high_quality.fastq]



    ###[$ cd $1/]
    ###[$ ./vgas SRR11178051/Sars_cov_2_SRR11178051/Sars_cov_2_SRR11178051.contigs.fasta Sars_cov_2_SRR11178051.gene.prediction -n -p -b]


         WELCOME TO VGAS! (LOCAL VERSION)
   PREDICTION OF PROTEIN CODING GENES IN VIRAL AND PHAGE GENOMES

!!! NOTE: non-standard 15 DNA base codes of IUPAC-IUB. 
!!!      total number: 25
!!!      29674 : i
!!!      29676 : l
!!!      29677 : e
!!!      29680 : e
!!!      29685 : l
!!!      29690 : o
!!!      29693 : i
!!!      29696 : u
!!!      29699 : e
!!!      29703 : e
!!!      29704 : p
!!!      29705 : e
!!!      29709 : o
!!!      29711 : u
!!!      29714 : e
!!!      29718 : u
!!!      29721 : l
!!!      29722 : e
!!!      29724 : o
!!!      29726 : u
!!!      29729 : e
!!!      29733 : i
!!!      29736 : u
!!!      29737 : l
!!!      29741 : o
!!!      We have replaced these nonstandard bases with 'n'.
The number of base pairs in the analyzed genome:               31505
The GC content of the genome:                                 38.36%
The number of ORFs longer than    90 bp:                         156
blasting...wait please
The number of genes longer than    90 bp recognized by zcurve:    39
Chromosome positions of predicted genes are saved in :
          Sars_cov_2_SRR11178051_05-24-2020-19-31-04.gene.prediction
Nuclotide acid sequences of predicted genes are saved in :
     gene_Sars_cov_2_SRR11178051_05-24-2020-19-31-04.gene.prediction
Traslated amino acid sequences of predicted genes are saved in :
  protein_Sars_cov_2_SRR11178051_05-24-2020-19-31-04.gene.prediction
