   ### Execute -  SRR11178055
    ###[$ fastq-dump  SRR11178055 ]
Read 1052685 spots for SRR11178055
Written 1052685 spots for SRR11178055



    ###[$ fastqc  SRR11178055 .fastq]
Analysis complete for SRR11178055.fastq



    ###[$ NanoFilt -q 5 -l 300 --headcrop 20 --tailcrop 20 SRR11178055.fastq > SRR11178055_high_quality.fastq]



    ###[$ canu genomeSize=30k executiveThreads=4 -p Sars_cov_2_SRR11178055 -d Sars_cov_2_SRR11178055 -nanopore SRR11178055_high_quality.fastq]



    ###[$ cd $1/]
    ###[$ ./vgas SRR11178055/Sars_cov_2_SRR11178055/Sars_cov_2_SRR11178055.contigs.fasta Sars_cov_2_SRR11178055.gene.prediction -n -p -b]


         WELCOME TO VGAS! (LOCAL VERSION)
   PREDICTION OF PROTEIN CODING GENES IN VIRAL AND PHAGE GENOMES

!!! NOTE: non-standard 15 DNA base codes of IUPAC-IUB. 
!!!      total number: 100
!!!      29678 : i
!!!      29680 : l
!!!      29681 : e
!!!      29684 : e
!!!      29689 : l
!!!      29694 : o
!!!      29697 : i
!!!      29700 : u
!!!      29703 : e
!!!      29707 : e
!!!      29708 : p
!!!      29709 : e
!!!      29713 : o
!!!      29715 : u
!!!      29718 : e
!!!      29722 : u
!!!      29725 : l
!!!      29726 : e
!!!      29728 : e
!!!      29731 : u
!!!      29734 : e
!!!      29738 : i
!!!      29741 : u
!!!      29742 : l
!!!      29746 : o
!!!      31801 : i
!!!      31803 : l
!!!      31804 : e
!!!      31807 : e
!!!      31812 : l
!!!      31817 : o
!!!      31820 : i
!!!      31823 : u
!!!      31826 : e
!!!      31830 : e
!!!      31831 : p
!!!      31832 : e
!!!      31836 : o
!!!      31838 : u
!!!      31841 : e
!!!      31845 : u
!!!      31848 : l
!!!      31849 : e
!!!      31851 : o
!!!      31853 : u
!!!      31856 : e
!!!      31860 : i
!!!      31863 : u
!!!      31864 : l
!!!      31868 : o
!!!      32978 : i
!!!      32980 : l
!!!      32981 : e
!!!      32984 : e
!!!      32989 : l
!!!      32994 : o
!!!      32997 : i
!!!      33000 : u
!!!      33003 : e
!!!      33007 : e
!!!      33008 : p
!!!      33009 : e
!!!      33013 : o
!!!      33015 : u
!!!      33018 : e
!!!      33022 : u
!!!      33025 : l
!!!      33026 : e
!!!      33028 : e
!!!      33031 : u
!!!      33034 : e
!!!      33038 : i
!!!      33041 : u
!!!      33042 : l
!!!      33046 : o
!!!      34254 : i
!!!      34256 : l
!!!      34257 : e
!!!      34260 : e
!!!      34265 : l
!!!      34270 : o
!!!      34273 : i
!!!      34276 : u
!!!      34279 : e
!!!      34283 : e
!!!      34284 : p
!!!      34285 : e
!!!      34289 : o
!!!      34291 : u
!!!      34294 : e
!!!      34298 : u
!!!      34301 : l
!!!      34302 : e
!!!      34304 : e
!!!      34307 : u
!!!      34310 : e
!!!      34314 : i
!!!      34317 : u
!!!      34318 : l
!!!      34322 : o
!!!      We have replaced these nonstandard bases with 'n'.
The number of base pairs in the analyzed genome:               36240
The GC content of the genome:                                 38.32%
The number of ORFs longer than    90 bp:                         174
blasting...wait please
The number of genes longer than    90 bp recognized by zcurve:    41
Chromosome positions of predicted genes are saved in :
          Sars_cov_2_SRR11178055_05-24-2020-21-29-16.gene.prediction
Nuclotide acid sequences of predicted genes are saved in :
     gene_Sars_cov_2_SRR11178055_05-24-2020-21-29-16.gene.prediction
Traslated amino acid sequences of predicted genes are saved in :
  protein_Sars_cov_2_SRR11178055_05-24-2020-21-29-16.gene.prediction
