   ### Execute -  SRR11178057
    ###[$ fastq-dump  SRR11178057 ]
Read 1089986 spots for SRR11178057
Written 1089986 spots for SRR11178057



    ###[$ fastqc  SRR11178057 .fastq]
Analysis complete for SRR11178057.fastq



    ###[$ NanoFilt -q 5 -l 300 --headcrop 20 --tailcrop 20 SRR11178057.fastq > SRR11178057_high_quality.fastq]



    ###[$ canu genomeSize=30k executiveThreads=4 -p Sars_cov_2_SRR11178057 -d Sars_cov_2_SRR11178057 -nanopore SRR11178057_high_quality.fastq]



    ###[$ cd $1/]
    ###[$ ./vgas SRR11178057/Sars_cov_2_SRR11178057/Sars_cov_2_SRR11178057.contigs.fasta Sars_cov_2_SRR11178057.gene.prediction -n -p -b]


         WELCOME TO VGAS! (LOCAL VERSION)
   PREDICTION OF PROTEIN CODING GENES IN VIRAL AND PHAGE GENOMES

!!! NOTE: non-standard 15 DNA base codes of IUPAC-IUB. 
!!!      total number: 500
!!!      3025 : i
!!!      3027 : l
!!!      3028 : e
!!!      3031 : e
!!!      3036 : l
!!!      3041 : o
!!!      3044 : i
!!!      3047 : u
!!!      3050 : e
!!!      3054 : e
!!!      3055 : p
!!!      3056 : e
!!!      3060 : o
!!!      3062 : u
!!!      3065 : e
!!!      3069 : u
!!!      3072 : l
!!!      3073 : e
!!!      3075 : o
!!!      3077 : u
!!!      3080 : e
!!!      3084 : i
!!!      3087 : u
!!!      3088 : l
!!!      3092 : o
!!!      5736 : i
!!!      5738 : l
!!!      5739 : e
!!!      5742 : e
!!!      5747 : l
!!!      5752 : o
!!!      5755 : i
!!!      5758 : u
!!!      5761 : e
!!!      5765 : e
!!!      5766 : p
!!!      5767 : e
!!!      5771 : o
!!!      5773 : u
!!!      5776 : e
!!!      5780 : u
!!!      5783 : l
!!!      5784 : e
!!!      5786 : o
!!!      5788 : u
!!!      5791 : e
!!!      5795 : i
!!!      5798 : u
!!!      5799 : l
!!!      5803 : o
!!!      8652 : i
!!!      8654 : l
!!!      8655 : e
!!!      8658 : e
!!!      8663 : l
!!!      8668 : o
!!!      8671 : i
!!!      8674 : u
!!!      8677 : e
!!!      8681 : e
!!!      8682 : p
!!!      8683 : e
!!!      8687 : o
!!!      8689 : u
!!!      8692 : e
!!!      8696 : u
!!!      8699 : l
!!!      8700 : e
!!!      8702 : o
!!!      8704 : u
!!!      8707 : e
!!!      8711 : i
!!!      8714 : u
!!!      8715 : l
!!!      8719 : o
!!!      11275 : i
!!!      11277 : l
!!!      11278 : e
!!!      11281 : e
!!!      11286 : l
!!!      11291 : o
!!!      11294 : i
!!!      11297 : u
!!!      11300 : e
!!!      11304 : e
!!!      11305 : p
!!!      11306 : e
!!!      11310 : o
!!!      11312 : u
!!!      11315 : e
!!!      11319 : u
!!!      11322 : l
!!!      11323 : e
!!!      11325 : o
!!!      11327 : u
!!!      11330 : e
!!!      11334 : i
!!!      11337 : u
!!!      11338 : l
!!!      11342 : o
!!!      14203 : i
!!!      14205 : l
!!!      14206 : e
!!!      14209 : e
!!!      14214 : l
!!!      14219 : o
!!!      14222 : i
!!!      14225 : u
!!!      14228 : e
!!!      14232 : e
!!!      14233 : p
!!!      14234 : e
!!!      14238 : o
!!!      14240 : u
!!!      14243 : e
!!!      14247 : u
!!!      14250 : l
!!!      14251 : e
!!!      14253 : o
!!!      14255 : u
!!!      14258 : e
!!!      14262 : i
!!!      14265 : u
!!!      14266 : l
!!!      14270 : o
!!!      17615 : i
!!!      17617 : l
!!!      17618 : e
!!!      17621 : e
!!!      17626 : l
!!!      17631 : o
!!!      17634 : i
!!!      17637 : u
!!!      17640 : e
!!!      17644 : e
!!!      17645 : p
!!!      17646 : e
!!!      17650 : o
!!!      17652 : u
!!!      17655 : e
!!!      17659 : u
!!!      17662 : l
!!!      17663 : e
!!!      17665 : o
!!!      17667 : u
!!!      17670 : e
!!!      17674 : i
!!!      17677 : u
!!!      17678 : l
!!!      17682 : o
!!!      20747 : i
!!!      20749 : l
!!!      20750 : e
!!!      20753 : e
!!!      20758 : l
!!!      20763 : o
!!!      20766 : i
!!!      20769 : u
!!!      20772 : e
!!!      20776 : e
!!!      20777 : p
!!!      20778 : e
!!!      20782 : o
!!!      20784 : u
!!!      20787 : e
!!!      20791 : u
!!!      20794 : l
!!!      20795 : e
!!!      20797 : o
!!!      20799 : u
!!!      20802 : e
!!!      20806 : i
!!!      20809 : u
!!!      20810 : l
!!!      20814 : o
!!!      23892 : i
!!!      23894 : l
!!!      23895 : e
!!!      23898 : e
!!!      23903 : l
!!!      23908 : o
!!!      23911 : i
!!!      23914 : u
!!!      23917 : e
!!!      23921 : e
!!!      23922 : p
!!!      23923 : e
!!!      23927 : o
!!!      23929 : u
!!!      23932 : e
!!!      23936 : u
!!!      23939 : l
!!!      23940 : e
!!!      23942 : o
!!!      23944 : u
!!!      23947 : e
!!!      23951 : i
!!!      23954 : u
!!!      23955 : l
!!!      23959 : o
!!!      26077 : i
!!!      26079 : l
!!!      26080 : e
!!!      26083 : e
!!!      26088 : l
!!!      26093 : o
!!!      26096 : i
!!!      26099 : u
!!!      26102 : e
!!!      26106 : e
!!!      26107 : p
!!!      26108 : e
!!!      26112 : o
!!!      26114 : u
!!!      26117 : e
!!!      26121 : u
!!!      26124 : l
!!!      26125 : e
!!!      26127 : o
!!!      26129 : u
!!!      26132 : e
!!!      26136 : i
!!!      26139 : u
!!!      26140 : l
!!!      26144 : o
!!!      27811 : i
!!!      27813 : l
!!!      27814 : e
!!!      27817 : e
!!!      27822 : l
!!!      27827 : o
!!!      27830 : i
!!!      27833 : u
!!!      27836 : e
!!!      27840 : e
!!!      27841 : p
!!!      27842 : e
!!!      27846 : o
!!!      27848 : u
!!!      27851 : e
!!!      27855 : u
!!!      27858 : l
!!!      27859 : e
!!!      27861 : o
!!!      27863 : u
!!!      27866 : e
!!!      27870 : i
!!!      27873 : u
!!!      27874 : l
!!!      27878 : o
!!!      30035 : i
!!!      30037 : l
!!!      30038 : e
!!!      30041 : e
!!!      30046 : l
!!!      30051 : o
!!!      30054 : i
!!!      30057 : u
!!!      30060 : e
!!!      30064 : e
!!!      30065 : p
!!!      30066 : e
!!!      30070 : o
!!!      30072 : u
!!!      30075 : e
!!!      30079 : u
!!!      30082 : l
!!!      30083 : e
!!!      30085 : o
!!!      30087 : u
!!!      30090 : e
!!!      30094 : i
!!!      30097 : u
!!!      30098 : l
!!!      30102 : o
!!!      32633 : i
!!!      32635 : l
!!!      32636 : e
!!!      32639 : e
!!!      32644 : l
!!!      32649 : o
!!!      32652 : i
!!!      32655 : u
!!!      32658 : e
!!!      32662 : e
!!!      32663 : p
!!!      32664 : e
!!!      32668 : o
!!!      32670 : u
!!!      32673 : e
!!!      32677 : u
!!!      32680 : l
!!!      32681 : e
!!!      32683 : o
!!!      32685 : u
!!!      32688 : e
!!!      32692 : i
!!!      32695 : u
!!!      32696 : l
!!!      32700 : o
!!!      34780 : i
!!!      34782 : l
!!!      34783 : e
!!!      34786 : e
!!!      34791 : l
!!!      34796 : o
!!!      34799 : i
!!!      34802 : u
!!!      34805 : e
!!!      34809 : e
!!!      34810 : p
!!!      34811 : e
!!!      34815 : o
!!!      34817 : u
!!!      34820 : e
!!!      34824 : u
!!!      34827 : l
!!!      34828 : e
!!!      34830 : o
!!!      34832 : u
!!!      34835 : e
!!!      34839 : i
!!!      34842 : u
!!!      34843 : l
!!!      34847 : o
!!!      37304 : i
!!!      37306 : l
!!!      37307 : e
!!!      37310 : e
!!!      37315 : l
!!!      37320 : o
!!!      37323 : i
!!!      37326 : u
!!!      37329 : e
!!!      37333 : e
!!!      37334 : p
!!!      37335 : e
!!!      37339 : o
!!!      37341 : u
!!!      37344 : e
!!!      37348 : u
!!!      37351 : l
!!!      37352 : e
!!!      37354 : e
!!!      37357 : u
!!!      37360 : e
!!!      37364 : i
!!!      37367 : u
!!!      37368 : l
!!!      37372 : o
!!!      39120 : i
!!!      39122 : l
!!!      39123 : e
!!!      39126 : e
!!!      39131 : l
!!!      39136 : o
!!!      39139 : i
!!!      39142 : u
!!!      39145 : e
!!!      39149 : e
!!!      39150 : p
!!!      39151 : e
!!!      39155 : o
!!!      39157 : u
!!!      39160 : e
!!!      39164 : u
!!!      39167 : l
!!!      39168 : e
!!!      39170 : o
!!!      39172 : u
!!!      39175 : e
!!!      39179 : i
!!!      39182 : u
!!!      39183 : l
!!!      39187 : o
!!!      41555 : i
!!!      41557 : l
!!!      41558 : e
!!!      41561 : e
!!!      41566 : l
!!!      41571 : o
!!!      41574 : i
!!!      41577 : u
!!!      41580 : e
!!!      41584 : e
!!!      41585 : p
!!!      41586 : e
!!!      41590 : o
!!!      41592 : u
!!!      41595 : e
!!!      41599 : u
!!!      41602 : l
!!!      41603 : e
!!!      41605 : o
!!!      41607 : u
!!!      41610 : e
!!!      41614 : i
!!!      41617 : u
!!!      41618 : l
!!!      41622 : o
!!!      43019 : i
!!!      43021 : l
!!!      43022 : e
!!!      43025 : e
!!!      43030 : l
!!!      43035 : o
!!!      43038 : i
!!!      43041 : u
!!!      43044 : e
!!!      43048 : e
!!!      43049 : p
!!!      43050 : e
!!!      43054 : o
!!!      43056 : u
!!!      43059 : e
!!!      43063 : u
!!!      43066 : l
!!!      43067 : e
!!!      43069 : o
!!!      43071 : u
!!!      43074 : e
!!!      43078 : i
!!!      43081 : u
!!!      43082 : l
!!!      43086 : o
!!!      44799 : i
!!!      44801 : l
!!!      44802 : e
!!!      44805 : e
!!!      44810 : l
!!!      44815 : o
!!!      44818 : i
!!!      44821 : u
!!!      44824 : e
!!!      44828 : e
!!!      44829 : p
!!!      44830 : e
!!!      44834 : o
!!!      44836 : u
!!!      44839 : e
!!!      44843 : u
!!!      44846 : l
!!!      44847 : e
!!!      44849 : o
!!!      44851 : u
!!!      44854 : e
!!!      44858 : i
!!!      44861 : u
!!!      44862 : l
!!!      44866 : o
!!!      46282 : i
!!!      46284 : l
!!!      46285 : e
!!!      46288 : e
!!!      46293 : l
!!!      46298 : o
!!!      46301 : i
!!!      46304 : u
!!!      46307 : e
!!!      46311 : e
!!!      46312 : p
!!!      46313 : e
!!!      46317 : o
!!!      46319 : u
!!!      46322 : e
!!!      46326 : u
!!!      46329 : l
!!!      46330 : e
!!!      46332 : o
!!!      46334 : u
!!!      46337 : e
!!!      46341 : i
!!!      46344 : u
!!!      46345 : l
!!!      46349 : o
!!!      47772 : i
!!!      47774 : l
!!!      47775 : e
!!!      47778 : e
!!!      47783 : l
!!!      47788 : o
!!!      47791 : i
!!!      47794 : u
!!!      47797 : e
!!!      47801 : e
!!!      47802 : p
!!!      47803 : e
!!!      47807 : o
!!!      47809 : u
!!!      47812 : e
!!!      47816 : u
!!!      47819 : l
!!!      47820 : e
!!!      47822 : o
!!!      47824 : u
!!!      47827 : e
!!!      47831 : i
!!!      47834 : u
!!!      47835 : l
!!!      47839 : o
!!!      We have replaced these nonstandard bases with 'n'.
The number of base pairs in the analyzed genome:               49426
The GC content of the genome:                                 46.48%
The number of ORFs longer than    90 bp:                         250
blasting...wait please
The number of genes longer than    90 bp recognized by zcurve:    58
Chromosome positions of predicted genes are saved in :
          Sars_cov_2_SRR11178057_05-24-2020-21-59-19.gene.prediction
Nuclotide acid sequences of predicted genes are saved in :
     gene_Sars_cov_2_SRR11178057_05-24-2020-21-59-19.gene.prediction
Traslated amino acid sequences of predicted genes are saved in :
  protein_Sars_cov_2_SRR11178057_05-24-2020-21-59-19.gene.prediction
