

         WELCOME TO VGAS! (LOCAL VERSION)
   PREDICTION OF PROTEIN CODING GENES IN VIRAL AND PHAGE GENOMES

!!! NOTE: non-standard 15 DNA base codes of IUPAC-IUB. 
!!!      total number: 125
!!!      2730 : i
!!!      2732 : l
!!!      2733 : e
!!!      2736 : e
!!!      2741 : l
!!!      2746 : o
!!!      2749 : i
!!!      2752 : u
!!!      2755 : e
!!!      2759 : e
!!!      2760 : p
!!!      2761 : e
!!!      2765 : o
!!!      2767 : u
!!!      2770 : e
!!!      2774 : u
!!!      2777 : l
!!!      2778 : e
!!!      2780 : o
!!!      2782 : u
!!!      2785 : e
!!!      2789 : i
!!!      2792 : u
!!!      2793 : l
!!!      2797 : o
!!!      5696 : i
!!!      5698 : l
!!!      5699 : e
!!!      5702 : e
!!!      5707 : l
!!!      5712 : o
!!!      5715 : i
!!!      5718 : u
!!!      5721 : e
!!!      5725 : e
!!!      5726 : p
!!!      5727 : e
!!!      5731 : o
!!!      5733 : u
!!!      5736 : e
!!!      5740 : u
!!!      5743 : l
!!!      5744 : e
!!!      5746 : o
!!!      5748 : u
!!!      5751 : e
!!!      5755 : i
!!!      5758 : u
!!!      5759 : l
!!!      5763 : o
!!!      6867 : i
!!!      6869 : l
!!!      6870 : e
!!!      6873 : e
!!!      6878 : l
!!!      6883 : o
!!!      6886 : i
!!!      6889 : u
!!!      6892 : e
!!!      6896 : e
!!!      6897 : p
!!!      6898 : e
!!!      6902 : o
!!!      6904 : u
!!!      6907 : e
!!!      6911 : u
!!!      6914 : l
!!!      6915 : e
!!!      6917 : o
!!!      6919 : u
!!!      6922 : e
!!!      6926 : i
!!!      6929 : u
!!!      6930 : l
!!!      6934 : o
!!!      8403 : i
!!!      8405 : l
!!!      8406 : e
!!!      8409 : e
!!!      8414 : l
!!!      8419 : o
!!!      8422 : i
!!!      8425 : u
!!!      8428 : e
!!!      8432 : e
!!!      8433 : p
!!!      8434 : e
!!!      8438 : o
!!!      8440 : u
!!!      8443 : e
!!!      8447 : u
!!!      8450 : l
!!!      8451 : e
!!!      8453 : o
!!!      8455 : u
!!!      8458 : e
!!!      8462 : i
!!!      8465 : u
!!!      8466 : l
!!!      8470 : o
!!!      10249 : i
!!!      10251 : l
!!!      10252 : e
!!!      10255 : e
!!!      10260 : l
!!!      10265 : o
!!!      10268 : i
!!!      10271 : u
!!!      10274 : e
!!!      10278 : e
!!!      10279 : p
!!!      10280 : e
!!!      10284 : o
!!!      10286 : u
!!!      10289 : e
!!!      10293 : u
!!!      10296 : l
!!!      10297 : e
!!!      10299 : o
!!!      10301 : u
!!!      10304 : e
!!!      10308 : i
!!!      10311 : u
!!!      10312 : l
!!!      10316 : o
!!!      We have replaced these nonstandard bases with 'n'.
The number of base pairs in the analyzed genome:               11722
The GC content of the genome:                                 45.46%
The number of ORFs longer than    90 bp:                          65
The number of genes longer than    90 bp recognized by zcurve:    12
Chromosome positions of predicted genes are saved in :
SRR11178050_06-01-2020-03-40-39/Sars_cov_2_SRR11178050/Sars_cov_2_AWS_t2.medium_SRR11178050_06-01-2020-03-40-39.gene.prediction
Nuclotide acid sequences of predicted genes are saved in :
gene_SRR11178050_06-01-2020-03-40-39/Sars_cov_2_SRR11178050/Sars_cov_2_AWS_t2.medium_SRR11178050_06-01-2020-03-40-39.gene.prediction
Traslated amino acid sequences of predicted genes are saved in :
protein_SRR11178050_06-01-2020-03-40-39/Sars_cov_2_SRR11178050/Sars_cov_2_AWS_t2.medium_SRR11178050_06-01-2020-03-40-39.gene.prediction


         WELCOME TO VGAS! (LOCAL VERSION)
   PREDICTION OF PROTEIN CODING GENES IN VIRAL AND PHAGE GENOMES

!!! NOTE: non-standard 15 DNA base codes of IUPAC-IUB. 
!!!      total number: 125
!!!      2730 : i
!!!      2732 : l
!!!      2733 : e
!!!      2736 : e
!!!      2741 : l
!!!      2746 : o
!!!      2749 : i
!!!      2752 : u
!!!      2755 : e
!!!      2759 : e
!!!      2760 : p
!!!      2761 : e
!!!      2765 : o
!!!      2767 : u
!!!      2770 : e
!!!      2774 : u
!!!      2777 : l
!!!      2778 : e
!!!      2780 : o
!!!      2782 : u
!!!      2785 : e
!!!      2789 : i
!!!      2792 : u
!!!      2793 : l
!!!      2797 : o
!!!      5696 : i
!!!      5698 : l
!!!      5699 : e
!!!      5702 : e
!!!      5707 : l
!!!      5712 : o
!!!      5715 : i
!!!      5718 : u
!!!      5721 : e
!!!      5725 : e
!!!      5726 : p
!!!      5727 : e
!!!      5731 : o
!!!      5733 : u
!!!      5736 : e
!!!      5740 : u
!!!      5743 : l
!!!      5744 : e
!!!      5746 : o
!!!      5748 : u
!!!      5751 : e
!!!      5755 : i
!!!      5758 : u
!!!      5759 : l
!!!      5763 : o
!!!      6867 : i
!!!      6869 : l
!!!      6870 : e
!!!      6873 : e
!!!      6878 : l
!!!      6883 : o
!!!      6886 : i
!!!      6889 : u
!!!      6892 : e
!!!      6896 : e
!!!      6897 : p
!!!      6898 : e
!!!      6902 : o
!!!      6904 : u
!!!      6907 : e
!!!      6911 : u
!!!      6914 : l
!!!      6915 : e
!!!      6917 : o
!!!      6919 : u
!!!      6922 : e
!!!      6926 : i
!!!      6929 : u
!!!      6930 : l
!!!      6934 : o
!!!      8403 : i
!!!      8405 : l
!!!      8406 : e
!!!      8409 : e
!!!      8414 : l
!!!      8419 : o
!!!      8422 : i
!!!      8425 : u
!!!      8428 : e
!!!      8432 : e
!!!      8433 : p
!!!      8434 : e
!!!      8438 : o
!!!      8440 : u
!!!      8443 : e
!!!      8447 : u
!!!      8450 : l
!!!      8451 : e
!!!      8453 : o
!!!      8455 : u
!!!      8458 : e
!!!      8462 : i
!!!      8465 : u
!!!      8466 : l
!!!      8470 : o
!!!      10249 : i
!!!      10251 : l
!!!      10252 : e
!!!      10255 : e
!!!      10260 : l
!!!      10265 : o
!!!      10268 : i
!!!      10271 : u
!!!      10274 : e
!!!      10278 : e
!!!      10279 : p
!!!      10280 : e
!!!      10284 : o
!!!      10286 : u
!!!      10289 : e
!!!      10293 : u
!!!      10296 : l
!!!      10297 : e
!!!      10299 : o
!!!      10301 : u
!!!      10304 : e
!!!      10308 : i
!!!      10311 : u
!!!      10312 : l
!!!      10316 : o
!!!      We have replaced these nonstandard bases with 'n'.
The number of base pairs in the analyzed genome:               11722
The GC content of the genome:                                 45.46%
The number of ORFs longer than    90 bp:                          65
The number of genes longer than    90 bp recognized by zcurve:    12

ERROR!!! Can't create the result file 'Sars_cov_2_SRR11178050/Sars_cov_2_AWS_t2.medium_SRR11178050_06-01-2020-03-40-39.gene.prediction'.


         WELCOME TO VGAS! (LOCAL VERSION)
   PREDICTION OF PROTEIN CODING GENES IN VIRAL AND PHAGE GENOMES

!!! NOTE: non-standard 15 DNA base codes of IUPAC-IUB. 
!!!      total number: 125
!!!      2730 : i
!!!      2732 : l
!!!      2733 : e
!!!      2736 : e
!!!      2741 : l
!!!      2746 : o
!!!      2749 : i
!!!      2752 : u
!!!      2755 : e
!!!      2759 : e
!!!      2760 : p
!!!      2761 : e
!!!      2765 : o
!!!      2767 : u
!!!      2770 : e
!!!      2774 : u
!!!      2777 : l
!!!      2778 : e
!!!      2780 : o
!!!      2782 : u
!!!      2785 : e
!!!      2789 : i
!!!      2792 : u
!!!      2793 : l
!!!      2797 : o
!!!      5696 : i
!!!      5698 : l
!!!      5699 : e
!!!      5702 : e
!!!      5707 : l
!!!      5712 : o
!!!      5715 : i
!!!      5718 : u
!!!      5721 : e
!!!      5725 : e
!!!      5726 : p
!!!      5727 : e
!!!      5731 : o
!!!      5733 : u
!!!      5736 : e
!!!      5740 : u
!!!      5743 : l
!!!      5744 : e
!!!      5746 : o
!!!      5748 : u
!!!      5751 : e
!!!      5755 : i
!!!      5758 : u
!!!      5759 : l
!!!      5763 : o
!!!      6867 : i
!!!      6869 : l
!!!      6870 : e
!!!      6873 : e
!!!      6878 : l
!!!      6883 : o
!!!      6886 : i
!!!      6889 : u
!!!      6892 : e
!!!      6896 : e
!!!      6897 : p
!!!      6898 : e
!!!      6902 : o
!!!      6904 : u
!!!      6907 : e
!!!      6911 : u
!!!      6914 : l
!!!      6915 : e
!!!      6917 : o
!!!      6919 : u
!!!      6922 : e
!!!      6926 : i
!!!      6929 : u
!!!      6930 : l
!!!      6934 : o
!!!      8403 : i
!!!      8405 : l
!!!      8406 : e
!!!      8409 : e
!!!      8414 : l
!!!      8419 : o
!!!      8422 : i
!!!      8425 : u
!!!      8428 : e
!!!      8432 : e
!!!      8433 : p
!!!      8434 : e
!!!      8438 : o
!!!      8440 : u
!!!      8443 : e
!!!      8447 : u
!!!      8450 : l
!!!      8451 : e
!!!      8453 : o
!!!      8455 : u
!!!      8458 : e
!!!      8462 : i
!!!      8465 : u
!!!      8466 : l
!!!      8470 : o
!!!      10249 : i
!!!      10251 : l
!!!      10252 : e
!!!      10255 : e
!!!      10260 : l
!!!      10265 : o
!!!      10268 : i
!!!      10271 : u
!!!      10274 : e
!!!      10278 : e
!!!      10279 : p
!!!      10280 : e
!!!      10284 : o
!!!      10286 : u
!!!      10289 : e
!!!      10293 : u
!!!      10296 : l
!!!      10297 : e
!!!      10299 : o
!!!      10301 : u
!!!      10304 : e
!!!      10308 : i
!!!      10311 : u
!!!      10312 : l
!!!      10316 : o
!!!      We have replaced these nonstandard bases with 'n'.
The number of base pairs in the analyzed genome:               11722
The GC content of the genome:                                 45.46%
The number of ORFs longer than    90 bp:                          65
The number of genes longer than    90 bp recognized by zcurve:    12

ERROR!!! Can't create the result file 'Sars_cov_2_SRR11178050/Sars_cov_2_AWS_t2.medium_SRR11178050_06-01-2020-03-40-39.gene.prediction'.


         WELCOME TO VGAS! (LOCAL VERSION)
   PREDICTION OF PROTEIN CODING GENES IN VIRAL AND PHAGE GENOMES

!!! NOTE: non-standard 15 DNA base codes of IUPAC-IUB. 
!!!      total number: 125
!!!      2730 : i
!!!      2732 : l
!!!      2733 : e
!!!      2736 : e
!!!      2741 : l
!!!      2746 : o
!!!      2749 : i
!!!      2752 : u
!!!      2755 : e
!!!      2759 : e
!!!      2760 : p
!!!      2761 : e
!!!      2765 : o
!!!      2767 : u
!!!      2770 : e
!!!      2774 : u
!!!      2777 : l
!!!      2778 : e
!!!      2780 : o
!!!      2782 : u
!!!      2785 : e
!!!      2789 : i
!!!      2792 : u
!!!      2793 : l
!!!      2797 : o
!!!      5696 : i
!!!      5698 : l
!!!      5699 : e
!!!      5702 : e
!!!      5707 : l
!!!      5712 : o
!!!      5715 : i
!!!      5718 : u
!!!      5721 : e
!!!      5725 : e
!!!      5726 : p
!!!      5727 : e
!!!      5731 : o
!!!      5733 : u
!!!      5736 : e
!!!      5740 : u
!!!      5743 : l
!!!      5744 : e
!!!      5746 : o
!!!      5748 : u
!!!      5751 : e
!!!      5755 : i
!!!      5758 : u
!!!      5759 : l
!!!      5763 : o
!!!      6867 : i
!!!      6869 : l
!!!      6870 : e
!!!      6873 : e
!!!      6878 : l
!!!      6883 : o
!!!      6886 : i
!!!      6889 : u
!!!      6892 : e
!!!      6896 : e
!!!      6897 : p
!!!      6898 : e
!!!      6902 : o
!!!      6904 : u
!!!      6907 : e
!!!      6911 : u
!!!      6914 : l
!!!      6915 : e
!!!      6917 : o
!!!      6919 : u
!!!      6922 : e
!!!      6926 : i
!!!      6929 : u
!!!      6930 : l
!!!      6934 : o
!!!      8403 : i
!!!      8405 : l
!!!      8406 : e
!!!      8409 : e
!!!      8414 : l
!!!      8419 : o
!!!      8422 : i
!!!      8425 : u
!!!      8428 : e
!!!      8432 : e
!!!      8433 : p
!!!      8434 : e
!!!      8438 : o
!!!      8440 : u
!!!      8443 : e
!!!      8447 : u
!!!      8450 : l
!!!      8451 : e
!!!      8453 : o
!!!      8455 : u
!!!      8458 : e
!!!      8462 : i
!!!      8465 : u
!!!      8466 : l
!!!      8470 : o
!!!      10249 : i
!!!      10251 : l
!!!      10252 : e
!!!      10255 : e
!!!      10260 : l
!!!      10265 : o
!!!      10268 : i
!!!      10271 : u
!!!      10274 : e
!!!      10278 : e
!!!      10279 : p
!!!      10280 : e
!!!      10284 : o
!!!      10286 : u
!!!      10289 : e
!!!      10293 : u
!!!      10296 : l
!!!      10297 : e
!!!      10299 : o
!!!      10301 : u
!!!      10304 : e
!!!      10308 : i
!!!      10311 : u
!!!      10312 : l
!!!      10316 : o
!!!      We have replaced these nonstandard bases with 'n'.
The number of base pairs in the analyzed genome:               11722
The GC content of the genome:                                 45.46%
The number of ORFs longer than    90 bp:                          65
The number of genes longer than    90 bp recognized by zcurve:    12

ERROR!!! Can't create the result file 'Sars_cov_2_SRR11178050/Sars_cov_2_SRR11178050.gene.prediction'.
