perl: warning: Setting locale failed.
perl: warning: Please check that your locale settings:
	LANGUAGE = "pt_BR:pt:en",
	LC_ALL = "en_US.UTF-8",
	LANG = "pt_BR.UTF-8"
    are supported and installed on your system.
perl: warning: Falling back to a fallback locale ("pt_BR.UTF-8").
Started analysis of SRR11178050.fastq
Approx 5% complete for SRR11178050.fastq
Approx 10% complete for SRR11178050.fastq
Approx 15% complete for SRR11178050.fastq
Approx 20% complete for SRR11178050.fastq
Approx 25% complete for SRR11178050.fastq
Approx 30% complete for SRR11178050.fastq
Approx 35% complete for SRR11178050.fastq
Approx 40% complete for SRR11178050.fastq
Approx 45% complete for SRR11178050.fastq
Approx 50% complete for SRR11178050.fastq
Approx 55% complete for SRR11178050.fastq
Approx 60% complete for SRR11178050.fastq
Approx 65% complete for SRR11178050.fastq
Approx 70% complete for SRR11178050.fastq
Approx 75% complete for SRR11178050.fastq
Approx 80% complete for SRR11178050.fastq
Approx 85% complete for SRR11178050.fastq
Approx 90% complete for SRR11178050.fastq
Approx 95% complete for SRR11178050.fastq
19.77user 0.60system 0:18.15elapsed 112%CPU (0avgtext+0avgdata 317832maxresident)k
2112inputs+4944outputs (24major+29439minor)pagefaults 0swaps
