perl: warning: Setting locale failed.
perl: warning: Please check that your locale settings:
	LANGUAGE = "pt_BR:pt:en",
	LC_ALL = (unset),
	LC_CTYPE = "UTF-8",
	LANG = "pt_BR.UTF-8"
    are supported and installed on your system.
perl: warning: Falling back to a fallback locale ("pt_BR.UTF-8").
Started analysis of SRR11178055.fastq
Approx 5% complete for SRR11178055.fastq
Approx 10% complete for SRR11178055.fastq
Approx 15% complete for SRR11178055.fastq
Approx 20% complete for SRR11178055.fastq
Approx 25% complete for SRR11178055.fastq
Approx 30% complete for SRR11178055.fastq
Approx 35% complete for SRR11178055.fastq
Approx 40% complete for SRR11178055.fastq
Approx 45% complete for SRR11178055.fastq
Approx 50% complete for SRR11178055.fastq
Approx 55% complete for SRR11178055.fastq
Approx 60% complete for SRR11178055.fastq
Approx 65% complete for SRR11178055.fastq
Approx 70% complete for SRR11178055.fastq
Approx 75% complete for SRR11178055.fastq
Approx 80% complete for SRR11178055.fastq
Approx 85% complete for SRR11178055.fastq
Approx 90% complete for SRR11178055.fastq
Approx 95% complete for SRR11178055.fastq
perl: warning: Setting locale failed.
perl: warning: Please check that your locale settings:
	LANGUAGE = "pt_BR:pt:en",
	LC_ALL = (unset),
	LC_CTYPE = "UTF-8",
	LANG = "pt_BR.UTF-8"
    are supported and installed on your system.
perl: warning: Falling back to a fallback locale ("pt_BR.UTF-8").
-- canu snapshot v2.0-development +523 changes (r10016 cafc287f0c6a33d7540deb21a0311fb985d3bdb8)
--
-- CITATIONS
--
-- For 'standard' assemblies of PacBio or Nanopore reads:
--   Koren S, Walenz BP, Berlin K, Miller JR, Phillippy AM.
--   Canu: scalable and accurate long-read assembly via adaptive k-mer weighting and repeat separation.
--   Genome Res. 2017 May;27(5):722-736.
--   http://doi.org/10.1101/gr.215087.116
-- 
-- Read and contig alignments during correction, consensus and GFA building use:
--   Šošic M, Šikic M.
--   Edlib: a C/C ++ library for fast, exact sequence alignment using edit distance.
--   Bioinformatics. 2017 May 1;33(9):1394-1395.
--   http://doi.org/10.1093/bioinformatics/btw753
-- 
-- Overlaps are generated using:
--   Berlin K, et al.
--   Assembling large genomes with single-molecule sequencing and locality-sensitive hashing.
--   Nat Biotechnol. 2015 Jun;33(6):623-30.
--   http://doi.org/10.1038/nbt.3238
-- 
--   Myers EW, et al.
--   A Whole-Genome Assembly of Drosophila.
--   Science. 2000 Mar 24;287(5461):2196-204.
--   http://doi.org/10.1126/science.287.5461.2196
-- 
-- Corrected read consensus sequences are generated using an algorithm derived from FALCON-sense:
--   Chin CS, et al.
--   Phased diploid genome assembly with single-molecule real-time sequencing.
--   Nat Methods. 2016 Dec;13(12):1050-1054.
--   http://doi.org/10.1038/nmeth.4035
-- 
-- Contig consensus sequences are generated using an algorithm derived from pbdagcon:
--   Chin CS, et al.
--   Nonhybrid, finished microbial genome assemblies from long-read SMRT sequencing data.
--   Nat Methods. 2013 Jun;10(6):563-9
--   http://doi.org/10.1038/nmeth.2474
-- 
-- CONFIGURE CANU
--
-- Detected Java(TM) Runtime Environment '11.0.7' (from 'java') without -d64 support.
-- Detected gnuplot version '5.2 patchlevel 6   ' (from 'gnuplot') and image format 'png'.
-- Detected 4 CPUs and 8 gigabytes of memory.
-- No grid engine detected, grid and staging disabled.
--
--                                (tag)Concurrency
--                         (tag)Threads          |
--                (tag)Memory         |          |
--        (tag)             |         |          |       total usage      algorithm
--        -------  ----------  --------   --------  --------------------  -----------------------------
-- Local: meryl      8.000 GB    4 CPUs x   1 job      8.000 GB   4 CPUs  (k-mer counting)
-- Local: hap        8.000 GB    4 CPUs x   1 job      8.000 GB   4 CPUs  (read-to-haplotype assignment)
-- Local: cormhap    6.000 GB    4 CPUs x   1 job      6.000 GB   4 CPUs  (overlap detection with mhap)
-- Local: obtovl     4.000 GB    4 CPUs x   1 job      4.000 GB   4 CPUs  (overlap detection)
-- Local: utgovl     4.000 GB    4 CPUs x   1 job      4.000 GB   4 CPUs  (overlap detection)
-- Local: cor        8.000 GB    4 CPUs x   1 job      8.000 GB   4 CPUs  (read correction)
-- Local: ovb        4.000 GB    1 CPU  x   2 jobs     8.000 GB   2 CPUs  (overlap store bucketizer)
-- Local: ovs        8.000 GB    1 CPU  x   1 job      8.000 GB   1 CPU   (overlap store sorting)
-- Local: red        8.000 GB    4 CPUs x   1 job      8.000 GB   4 CPUs  (read error detection)
-- Local: oea        8.000 GB    1 CPU  x   1 job      8.000 GB   1 CPU   (overlap error adjustment)
-- Local: bat        8.000 GB    4 CPUs x   1 job      8.000 GB   4 CPUs  (contig construction with bogart)
-- Local: cns        -.--- GB    4 CPUs x   - jobs     -.--- GB   - CPUs  (consensus)
-- Local: gfa        8.000 GB    4 CPUs x   1 job      8.000 GB   4 CPUs  (GFA alignment and processing)
--
-- Found untrimmed raw Nanopore reads in the input files.
--
-- Generating assembly 'Sars_cov_2_SRR11178055' in '/home/matheus/processamento_workflow/SRR11178055_05-24-2020-21-29-16/Sars_cov_2_SRR11178055':
--    - correct raw reads.
--    - trim corrected reads.
--    - assemble corrected and trimmed reads.
--
-- Parameters:
--
--  genomeSize        30000
--
--  Overlap Generation Limits:
--    corOvlErrorRate 0.3200 ( 32.00%)
--    obtOvlErrorRate 0.1200 ( 12.00%)
--    utgOvlErrorRate 0.1200 ( 12.00%)
--
--  Overlap Processing Limits:
--    corErrorRate    0.5000 ( 50.00%)
--    obtErrorRate    0.1200 ( 12.00%)
--    utgErrorRate    0.1200 ( 12.00%)
--    cnsErrorRate    0.2000 ( 20.00%)
--
--
-- BEGIN CORRECTION
--
----------------------------------------
-- Starting command on Sun May 24 21:41:21 2020 with 38.804 GB free disk space

    cd .
    ./Sars_cov_2_SRR11178055.seqStore.sh \
    > ./Sars_cov_2_SRR11178055.seqStore.err 2>&1

-- Finished on Sun May 24 21:41:32 2020 (11 seconds) with 38.6 GB free disk space
----------------------------------------
----------------------------------------
-- Starting command on Sun May 24 21:41:32 2020 with 38.6 GB free disk space

    cd .
    /home/matheus/processamento_workflow/canu/Linux-amd64/bin/sqStoreDumpMetaData \
      -S ./Sars_cov_2_SRR11178055.seqStore \
      -raw \
      -histogram \
      -lengths \
    > ./Sars_cov_2_SRR11178055.seqStore/readlengths-cor.dat \
    2> ./Sars_cov_2_SRR11178055.seqStore/readlengths-cor.err 
    

-- Finished on Sun May 24 21:41:32 2020 (lickety-split) with 38.6 GB free disk space
----------------------------------------
----------------------------------------
-- Starting command on Sun May 24 21:41:32 2020 with 38.6 GB free disk space

    cd .
    /home/matheus/processamento_workflow/canu/Linux-amd64/bin/sqStoreDumpMetaData \
      -S ./Sars_cov_2_SRR11178055.seqStore \
      -raw \
      -histogram \
    > ./Sars_cov_2_SRR11178055.seqStore/readlengths-cor.txt \
    2> ./Sars_cov_2_SRR11178055.seqStore/readlengths-cor.err 
    

-- Finished on Sun May 24 21:41:32 2020 (lickety-split) with 38.6 GB free disk space
----------------------------------------
--
-- In sequence store './Sars_cov_2_SRR11178055.seqStore':
--   Found 4381 reads.
--   Found 6001553 bases (200.05 times coverage).
--    
--    G=6001553                          sum of  ||               length     num
--    NG         length     index       lengths  ||                range    seqs
--    ----- ------------ --------- ------------  ||  ------------------- -------
--    00010         2162       231       601448  ||       1000-1084         1036|---------------------------------------------------------------
--    00020         1797       538      1201020  ||       1085-1169          732|---------------------------------------------
--    00030         1587       894      1801939  ||       1170-1254          527|---------------------------------
--    00040         1433      1292      2401194  ||       1255-1339          402|-------------------------
--    00050         1329      1727      3001098  ||       1340-1424          358|----------------------
--    00060         1236      2196      3601288  ||       1425-1509          253|----------------
--    00070         1157      2698      4201201  ||       1510-1594          191|------------
--    00080         1094      3232      4801540  ||       1595-1679          158|----------
--    00090         1047      3793      5401744  ||       1680-1764          128|--------
--    00100         1000      4380      6001553  ||       1765-1849          113|-------
--    001.000x                4381      6001553  ||       1850-1934           95|------
--                                               ||       1935-2019           68|-----
--                                               ||       2020-2104           56|----
--                                               ||       2105-2189           48|---
--                                               ||       2190-2274           40|---
--                                               ||       2275-2359           32|--
--                                               ||       2360-2444           20|--
--                                               ||       2445-2529           35|---
--                                               ||       2530-2614           15|-
--                                               ||       2615-2699           10|-
--                                               ||       2700-2784           10|-
--                                               ||       2785-2869           13|-
--                                               ||       2870-2954            7|-
--                                               ||       2955-3039            3|-
--                                               ||       3040-3124            8|-
--                                               ||       3125-3209            6|-
--                                               ||       3210-3294            1|-
--                                               ||       3295-3379            0|
--                                               ||       3380-3464            2|-
--                                               ||       3465-3549            1|-
--                                               ||       3550-3634            3|-
--                                               ||       3635-3719            2|-
--                                               ||       3720-3804            3|-
--                                               ||       3805-3889            1|-
--                                               ||       3890-3974            1|-
--                                               ||       3975-4059            0|
--                                               ||       4060-4144            0|
--                                               ||       4145-4229            0|
--                                               ||       4230-4314            0|
--                                               ||       4315-4399            1|-
--                                               ||       4400-4484            0|
--                                               ||       4485-4569            0|
--                                               ||       4570-4654            0|
--                                               ||       4655-4739            0|
--                                               ||       4740-4824            0|
--                                               ||       4825-4909            0|
--                                               ||       4910-4994            1|-
--                                               ||       4995-5079            0|
--                                               ||       5080-5164            0|
--                                               ||       5165-5249            1|-
--    
-- New report created.
----------------------------------------
-- Starting command on Sun May 24 21:41:32 2020 with 38.599 GB free disk space

    cd correction/0-mercounts
    ./meryl-configure.sh \
    > ./meryl-configure.err 2>&1

-- Finished on Sun May 24 21:41:33 2020 (one second) with 38.599 GB free disk space
----------------------------------------
--  segments   memory batches
--  -------- -------- -------
--        01  0.07 GB       1
--
--  For 4381 reads with 6001553 bases, limit to 1 batch.
--  Will count kmers using 01 jobs, each using 2 GB and 4 threads.
--
-- Report changed.
-- Finished stage 'merylConfigure', reset canuIteration.
-- No change in report.
--
-- Running jobs.  First attempt out of 2.
----------------------------------------
-- Starting 'meryl' concurrent execution on Sun May 24 21:41:33 2020 with 38.599 GB free disk space (1 processes; 1 concurrently)

    cd correction/0-mercounts
    ./meryl-count.sh 1 > ./meryl-count.000001.out 2>&1

-- Finished on Sun May 24 21:41:34 2020 (one second) with 38.587 GB free disk space
----------------------------------------
-- Found 1 Kmer counting (meryl) outputs.
-- No change in report.
-- Finished stage 'cor-merylCountCheck', reset canuIteration.
-- No change in report.
--
-- Running jobs.  First attempt out of 2.
----------------------------------------
-- Starting 'meryl' concurrent execution on Sun May 24 21:41:34 2020 with 38.587 GB free disk space (1 processes; 1 concurrently)

    cd correction/0-mercounts
    ./meryl-process.sh 1 > ./meryl-process.000001.out 2>&1

-- Finished on Sun May 24 21:41:35 2020 (one second) with 38.597 GB free disk space
----------------------------------------
-- Meryl finished successfully.  Kmer frequency histogram:
--
--  16-mers                                                                                           Fraction
--    Occurrences   NumMers                                                                         Unique Total
--       1-     1         0                                                                        0.0000 0.0000
--       2-     2    163969 ********************************************************************** 0.4669 0.0828
--       3-     4     88039 *************************************                                  0.6331 0.1270
--       5-     7     37373 ***************                                                        0.7693 0.1799
--       8-    11     16336 ******                                                                 0.8409 0.2229
--      12-    16      7785 ***                                                                    0.8768 0.2555
--      17-    22      4007 *                                                                      0.8953 0.2794
--      23-    29      2403 *                                                                      0.9055 0.2977
--      30-    37      2158                                                                        0.9118 0.3127
--      38-    46      2997 *                                                                      0.9181 0.3321
--      47-    56      3990 *                                                                      0.9268 0.3655
--      57-    67      4404 *                                                                      0.9381 0.4183
--      68-    79      4111 *                                                                      0.9507 0.4882
--      80-    92      3447 *                                                                      0.9622 0.5642
--      93-   106      2676 *                                                                      0.9718 0.6379
--     107-   121      2492 *                                                                      0.9792 0.7036
--     122-   137      1990                                                                        0.9863 0.7761
--     138-   154      1352                                                                        0.9918 0.8391
--     155-   172       755                                                                        0.9955 0.8879
--     173-   191       456                                                                        0.9976 0.9185
--     192-   211       178                                                                        0.9989 0.9380
--     212-   232        67                                                                        0.9994 0.9472
--     233-   254        24                                                                        0.9995 0.9505
--     255-   277        12                                                                        0.9996 0.9517
--     278-   301         6                                                                        0.9996 0.9526
--     302-   326         2                                                                        0.9996 0.9529
--     327-   352         1                                                                        0.9996 0.9531
--     353-   379         3                                                                        0.9996 0.9532
--     380-   407         9                                                                        0.9997 0.9535
--     408-   436         5                                                                        0.9997 0.9544
--     437-   466         8                                                                        0.9997 0.9549
--     467-   497         7                                                                        0.9997 0.9558
--     498-   529         6                                                                        0.9997 0.9567
--     530-   562         4                                                                        0.9998 0.9576
--     563-   596         7                                                                        0.9998 0.9580
--     597-   631         4                                                                        0.9998 0.9591
--     632-   667         1                                                                        0.9998 0.9597
--     668-   704         1                                                                        0.9998 0.9599
--     705-   742         0                                                                        0.0000 0.0000
--     743-   781         0                                                                        0.0000 0.0000
--     782-   821         2                                                                        0.9998 0.9601
--
--           0 (max occurrences)
--     3960877 (total mers, non-unique)
--      351154 (distinct mers, non-unique)
--           0 (unique mers)
-- Report changed.
-- Finished stage 'meryl-process', reset canuIteration.
--
-- Removing meryl database 'correction/0-mercounts/Sars_cov_2_SRR11178055.ms16'.
--
-- OVERLAPPER (mhap) (correction)
--
-- Set corMhapSensitivity=low based on read coverage of 200.
--
-- PARAMETERS: hashes=256, minMatches=3, threshold=0.8
--
-- Given 5.4 GB, can fit 16200 reads per block.
-- For 6 blocks, set stride to 2 blocks.
-- Logging partitioning to 'correction/1-overlapper/partitioning.log'.
-- Configured 5 mhap precompute jobs.
-- Configured 7 mhap overlap jobs.
-- No change in report.
-- Finished stage 'cor-mhapConfigure', reset canuIteration.
-- No change in report.
--
-- Running jobs.  First attempt out of 2.
----------------------------------------
-- Starting 'cormhap' concurrent execution on Sun May 24 21:41:35 2020 with 38.599 GB free disk space (5 processes; 1 concurrently)

    cd correction/1-overlapper
    ./precompute.sh 1 > ./precompute.000001.out 2>&1
    ./precompute.sh 2 > ./precompute.000002.out 2>&1
    ./precompute.sh 3 > ./precompute.000003.out 2>&1
    ./precompute.sh 4 > ./precompute.000004.out 2>&1
    ./precompute.sh 5 > ./precompute.000005.out 2>&1

-- Finished on Sun May 24 21:42:14 2020 (39 seconds) with 38.525 GB free disk space
----------------------------------------
-- All 5 mhap precompute jobs finished successfully.
-- No change in report.
-- Finished stage 'cor-mhapPrecomputeCheck', reset canuIteration.
-- No change in report.
--
-- Running jobs.  First attempt out of 2.
----------------------------------------
-- Starting 'cormhap' concurrent execution on Sun May 24 21:42:14 2020 with 38.525 GB free disk space (7 processes; 1 concurrently)

    cd correction/1-overlapper
    ./mhap.sh 1 > ./mhap.000001.out 2>&1
    ./mhap.sh 2 > ./mhap.000002.out 2>&1
    ./mhap.sh 3 > ./mhap.000003.out 2>&1
    ./mhap.sh 4 > ./mhap.000004.out 2>&1
    ./mhap.sh 5 > ./mhap.000005.out 2>&1
    ./mhap.sh 6 > ./mhap.000006.out 2>&1
    ./mhap.sh 7 > ./mhap.000007.out 2>&1

-- Finished on Sun May 24 21:43:44 2020 (90 seconds) with 38.5 GB free disk space
----------------------------------------
-- Found 7 mhap overlap output files.
-- No change in report.
-- Finished stage 'cor-mhapCheck', reset canuIteration.
----------------------------------------
-- Starting command on Sun May 24 21:43:44 2020 with 38.5 GB free disk space

    cd correction
    /home/matheus/processamento_workflow/canu/Linux-amd64/bin/ovStoreConfig \
     -S ../Sars_cov_2_SRR11178055.seqStore \
     -M 4-8 \
     -L ./1-overlapper/ovljob.files \
     -create ./Sars_cov_2_SRR11178055.ovlStore.config \
     > ./Sars_cov_2_SRR11178055.ovlStore.config.txt \
    2> ./Sars_cov_2_SRR11178055.ovlStore.config.err

-- Finished on Sun May 24 21:43:44 2020 (like a bat out of hell) with 38.5 GB free disk space
----------------------------------------
--
-- Creating overlap store correction/Sars_cov_2_SRR11178055.ovlStore using:
--      2 buckets
--      2 slices
--        using at most 1 GB memory each
-- No change in report.
-- Finished stage 'cor-overlapStoreConfigure', reset canuIteration.
-- No change in report.
--
-- Running jobs.  First attempt out of 2.
----------------------------------------
-- Starting 'ovB' concurrent execution on Sun May 24 21:43:44 2020 with 38.5 GB free disk space (2 processes; 2 concurrently)

    cd correction/Sars_cov_2_SRR11178055.ovlStore.BUILDING
    ./scripts/1-bucketize.sh 1 > ./logs/1-bucketize.000001.out 2>&1
    ./scripts/1-bucketize.sh 2 > ./logs/1-bucketize.000002.out 2>&1

-- Finished on Sun May 24 21:43:45 2020 (one second) with 38.454 GB free disk space
----------------------------------------
-- Overlap store bucketizer finished.
-- No change in report.
-- Finished stage 'cor-overlapStoreBucketizerCheck', reset canuIteration.
-- No change in report.
--
-- Running jobs.  First attempt out of 2.
----------------------------------------
-- Starting 'ovS' concurrent execution on Sun May 24 21:43:45 2020 with 38.454 GB free disk space (2 processes; 1 concurrently)

    cd correction/Sars_cov_2_SRR11178055.ovlStore.BUILDING
    ./scripts/2-sort.sh 1 > ./logs/2-sort.000001.out 2>&1
    ./scripts/2-sort.sh 2 > ./logs/2-sort.000002.out 2>&1

-- Finished on Sun May 24 21:43:47 2020 (2 seconds) with 38.435 GB free disk space
----------------------------------------
-- Overlap store sorter finished.
-- No change in report.
-- Finished stage 'cor-overlapStoreSorterCheck', reset canuIteration.
----------------------------------------
-- Starting command on Sun May 24 21:43:47 2020 with 38.435 GB free disk space

    cd correction
    /home/matheus/processamento_workflow/canu/Linux-amd64/bin/ovStoreIndexer \
      -O  ./Sars_cov_2_SRR11178055.ovlStore.BUILDING \
      -S ../Sars_cov_2_SRR11178055.seqStore \
      -C  ./Sars_cov_2_SRR11178055.ovlStore.config \
      -delete \
    > ./Sars_cov_2_SRR11178055.ovlStore.BUILDING.index.err 2>&1

-- Finished on Sun May 24 21:43:47 2020 (like a bat out of hell) with 38.436 GB free disk space
----------------------------------------
-- Checking store.
----------------------------------------
-- Starting command on Sun May 24 21:43:47 2020 with 38.436 GB free disk space

    cd correction
    /home/matheus/processamento_workflow/canu/Linux-amd64/bin/ovStoreDump \
     -S ../Sars_cov_2_SRR11178055.seqStore \
     -O  ./Sars_cov_2_SRR11178055.ovlStore \
     -counts \
     > ./Sars_cov_2_SRR11178055.ovlStore/counts.dat 2> ./Sars_cov_2_SRR11178055.ovlStore/counts.err

-- Finished on Sun May 24 21:43:47 2020 (like a bat out of hell) with 38.436 GB free disk space
----------------------------------------
--
-- Overlap store 'correction/Sars_cov_2_SRR11178055.ovlStore' successfully constructed.
-- Found 3125090 overlaps for 4381 reads; 64424 reads have no overlaps.
--
--
-- Purged 0.099 GB in 19 overlap output files.
-- No change in report.
-- Finished stage 'cor-createOverlapStore', reset canuIteration.
-- Set corMinCoverage=4 based on read coverage of 200.
-- Global filter scores will be estimated.
-- Computing correction layouts.
----------------------------------------
-- Starting command on Sun May 24 21:43:47 2020 with 38.535 GB free disk space

    cd correction
    /home/matheus/processamento_workflow/canu/Linux-amd64/bin/generateCorrectionLayouts \
      -S ../Sars_cov_2_SRR11178055.seqStore \
      -O  ./Sars_cov_2_SRR11178055.ovlStore \
      -C  ./Sars_cov_2_SRR11178055.corStore.WORKING \
      -eC 80 \
    > ./Sars_cov_2_SRR11178055.corStore.err 2>&1

-- Finished on Sun May 24 21:43:48 2020 (one second) with 38.525 GB free disk space
----------------------------------------
-- No change in report.
-- Finished stage 'cor-buildCorrectionLayoutsConfigure', reset canuIteration.
-- Computing correction layouts.
----------------------------------------
-- Starting command on Sun May 24 21:43:48 2020 with 38.525 GB free disk space

    cd correction/2-correction
    /home/matheus/processamento_workflow/canu/Linux-amd64/bin/filterCorrectionLayouts \
      -S  ../../Sars_cov_2_SRR11178055.seqStore \
      -C     ../Sars_cov_2_SRR11178055.corStore \
      -R      ./Sars_cov_2_SRR11178055.readsToCorrect.WORKING \
      -cc 4 \
      -cl 1000 \
      -g  30000 \
      -c  40 \
    > ./Sars_cov_2_SRR11178055.readsToCorrect.err 2>&1

-- Finished on Sun May 24 21:43:48 2020 (in the blink of an eye) with 38.52 GB free disk space
----------------------------------------
--                             original      original
--                            raw reads     raw reads
--   category                w/overlaps  w/o/overlaps
--   -------------------- ------------- -------------
--   Number of Reads               4319         64486
--   Number of Bases            5930263         71290
--   Coverage                   197.675         2.376
--   Median                        1240             0
--   Mean                          1373             1
--   N50                           1334          1126
--   Minimum                       1000             0
--   Maximum                       5212          1767
--   
--                                        --------corrected---------  ----------rescued----------
--                             evidence                     expected                     expected
--   category                     reads            raw     corrected            raw     corrected
--   -------------------- -------------  ------------- -------------  ------------- -------------
--   Number of Reads               3942            618           618            364           364
--   Number of Bases            5498634        1264609       1200482         416002        410677
--   Coverage                   183.288         42.154        40.016         13.867        13.689
--   Median                        1268           1908          1851           1122          1107
--   Mean                          1394           2046          1942           1142          1128
--   N50                           1365           1968          1896           1130          1118
--   Minimum                       1000           1599          1597           1002          1001
--   Maximum                       5212           4991          3780           1683          1461
--   
--                        --------uncorrected--------
--                                           expected
--   category                       raw     corrected
--   -------------------- ------------- -------------
--   Number of Reads              67823         67823
--   Number of Bases            4320942       3553021
--   Coverage                   144.031       118.434
--   Median                           0             0
--   Mean                            63            52
--   N50                           1249          1182
--   Minimum                          0             0
--   Maximum                       5212          3913
--   
--   Maximum Memory           572031512
-- Report changed.
-- Finished stage 'cor-filterCorrectionLayouts', reset canuIteration.
-- Using overlaps no worse than 0.5 fraction error for correcting reads (from corErrorRate parameter).
--
-- Configuring correction jobs:
--   Jobs limited to 8 GB per job (via option corMemory).
--   Reads estimated to need at most 1 GB for computation.
--   Leaving 7 GB memory for read data.
----------------------------------------
-- Starting command on Sun May 24 21:43:48 2020 with 38.52 GB free disk space

    cd correction/2-correction
    ./correctReadsPartition.sh \
    > ./correctReadsPartition.err 2>&1

-- Finished on Sun May 24 21:43:48 2020 (in the blink of an eye) with 38.52 GB free disk space
----------------------------------------
-- Using overlaps no worse than 0.5 fraction error for correcting reads (from corErrorRate parameter).
-- No change in report.
-- Finished stage 'cor-generateCorrectedReadsConfigure', reset canuIteration.
-- No change in report.
--
-- Running jobs.  First attempt out of 2.
----------------------------------------
-- Starting 'cor' concurrent execution on Sun May 24 21:43:48 2020 with 38.52 GB free disk space (1 processes; 1 concurrently)

    cd correction/2-correction
    ./correctReads.sh 1 > ./correctReads.000001.out 2>&1

-- Finished on Sun May 24 21:44:13 2020 (25 seconds) with 38.514 GB free disk space
----------------------------------------
-- Found 1 read correction output files.
-- No change in report.
-- Finished stage 'cor-generateCorrectedReadsCheck', reset canuIteration.
-- Found 1 read correction output files.
-- No change in report.
-- Finished stage 'cor-generateCorrectedReadsCheck', reset canuIteration.
--
-- Loading corrected reads into corStore and seqStore.
----------------------------------------
-- Starting command on Sun May 24 21:44:13 2020 with 38.514 GB free disk space

    cd correction
    /home/matheus/processamento_workflow/canu/Linux-amd64/bin/loadCorrectedReads \
      -S ../Sars_cov_2_SRR11178055.seqStore \
      -C ./Sars_cov_2_SRR11178055.corStore \
      -L ./2-correction/corjob.files \
    >  ./Sars_cov_2_SRR11178055.loadCorrectedReads.log \
    2> ./Sars_cov_2_SRR11178055.loadCorrectedReads.err

-- Finished on Sun May 24 21:44:13 2020 (furiously fast) with 38.509 GB free disk space
----------------------------------------
----------------------------------------
-- Starting command on Sun May 24 21:44:13 2020 with 38.509 GB free disk space

    cd .
    /home/matheus/processamento_workflow/canu/Linux-amd64/bin/sqStoreDumpMetaData \
      -S ./Sars_cov_2_SRR11178055.seqStore \
      -corrected \
      -histogram \
      -lengths \
    > ./Sars_cov_2_SRR11178055.seqStore/readlengths-obt.dat \
    2> ./Sars_cov_2_SRR11178055.seqStore/readlengths-obt.err 
    

-- Finished on Sun May 24 21:44:13 2020 (like a bat out of hell) with 38.509 GB free disk space
----------------------------------------
----------------------------------------
-- Starting command on Sun May 24 21:44:16 2020 with 38.509 GB free disk space

    cd .
    /home/matheus/processamento_workflow/canu/Linux-amd64/bin/sqStoreDumpMetaData \
      -S ./Sars_cov_2_SRR11178055.seqStore \
      -corrected \
      -histogram \
    > ./Sars_cov_2_SRR11178055.seqStore/readlengths-obt.txt \
    2> ./Sars_cov_2_SRR11178055.seqStore/readlengths-obt.err 
    

-- Finished on Sun May 24 21:44:16 2020 (furiously fast) with 38.509 GB free disk space
----------------------------------------
--
-- In sequence store './Sars_cov_2_SRR11178055.seqStore':
--   Found 977 reads.
--   Found 1562633 bases (52.08 times coverage).
--    
--    G=1562633                          sum of  ||               length     num
--    NG         length     index       lengths  ||                range    seqs
--    ----- ------------ --------- ------------  ||  ------------------- -------
--    00010         2356        59       158135  ||        562-625             3|--
--    00020         2089       129       312789  ||        626-689             2|--
--    00030         1946       207       469872  ||        690-753             3|--
--    00040         1841       290       626493  ||        754-817             1|-
--    00050         1748       377       782101  ||        818-881             3|--
--    00060         1676       468       937908  ||        882-945             9|------
--    00070         1582       564      1094190  ||        946-1009           45|----------------------------
--    00080         1187       680      1250988  ||       1010-1073          102|---------------------------------------------------------------
--    00090         1067       819      1406746  ||       1074-1137           81|---------------------------------------------------
--    00100          562       976      1562633  ||       1138-1201           59|-------------------------------------
--    001.000x                 977      1562633  ||       1202-1265           29|------------------
--                                               ||       1266-1329           22|--------------
--                                               ||       1330-1393           12|--------
--                                               ||       1394-1457            9|------
--                                               ||       1458-1521            6|----
--                                               ||       1522-1585           29|------------------
--                                               ||       1586-1649           74|----------------------------------------------
--                                               ||       1650-1713           59|-------------------------------------
--                                               ||       1714-1777           84|----------------------------------------------------
--                                               ||       1778-1841           55|----------------------------------
--                                               ||       1842-1905           54|----------------------------------
--                                               ||       1906-1969           44|----------------------------
--                                               ||       1970-2033           33|---------------------
--                                               ||       2034-2097           34|---------------------
--                                               ||       2098-2161           18|------------
--                                               ||       2162-2225           17|-----------
--                                               ||       2226-2289           14|---------
--                                               ||       2290-2353           15|----------
--                                               ||       2354-2417           14|---------
--                                               ||       2418-2481           10|-------
--                                               ||       2482-2545            8|-----
--                                               ||       2546-2609            6|----
--                                               ||       2610-2673            3|--
--                                               ||       2674-2737            3|--
--                                               ||       2738-2801            3|--
--                                               ||       2802-2865            3|--
--                                               ||       2866-2929            2|--
--                                               ||       2930-2993            1|-
--                                               ||       2994-3057            3|--
--                                               ||       3058-3121            2|--
--                                               ||       3122-3185            1|-
--                                               ||       3186-3249            0|
--                                               ||       3250-3313            0|
--                                               ||       3314-3377            1|-
--                                               ||       3378-3441            0|
--                                               ||       3442-3505            0|
--                                               ||       3506-3569            0|
--                                               ||       3570-3633            0|
--                                               ||       3634-3697            0|
--                                               ||       3698-3761            1|-
--    
--
-- Purging correctReads output after loading into stores.
-- Purged 1 .cns outputs.
-- Purged 2 .out job log outputs.
--
-- Purging overlaps used for correction.
-- Report changed.
-- Finished stage 'cor-loadCorrectedReads', reset canuIteration.
----------------------------------------
-- Starting command on Sun May 24 21:44:16 2020 with 38.579 GB free disk space

    cd .
    /home/matheus/processamento_workflow/canu/Linux-amd64/bin/sqStoreDumpFASTQ \
      -corrected \
      -S ./Sars_cov_2_SRR11178055.seqStore \
      -o ./Sars_cov_2_SRR11178055.correctedReads.gz \
      -fasta \
      -nolibname \
    > Sars_cov_2_SRR11178055.correctedReads.fasta.err 2>&1

-- Finished on Sun May 24 21:44:16 2020 (in the blink of an eye) with 38.578 GB free disk space
----------------------------------------
--
-- Corrected reads saved in 'Sars_cov_2_SRR11178055.correctedReads.fasta.gz'.
-- No change in report.
-- Finished stage 'cor-dumpCorrectedReads', reset canuIteration.
--
--
-- BEGIN TRIMMING
--
-- No change in report.
----------------------------------------
-- Starting command on Sun May 24 21:44:16 2020 with 38.578 GB free disk space

    cd trimming/0-mercounts
    ./meryl-configure.sh \
    > ./meryl-configure.err 2>&1

-- Finished on Sun May 24 21:44:17 2020 (one second) with 38.578 GB free disk space
----------------------------------------
--  segments   memory batches
--  -------- -------- -------
--        01  0.07 GB       1
--
--  For 977 reads with 1562633 bases, limit to 1 batch.
--  Will count kmers using 01 jobs, each using 2 GB and 4 threads.
--
-- No change in report.
-- Finished stage 'merylConfigure', reset canuIteration.
-- No change in report.
--
-- Running jobs.  First attempt out of 2.
----------------------------------------
-- Starting 'meryl' concurrent execution on Sun May 24 21:44:17 2020 with 38.578 GB free disk space (1 processes; 1 concurrently)

    cd trimming/0-mercounts
    ./meryl-count.sh 1 > ./meryl-count.000001.out 2>&1

-- Finished on Sun May 24 21:44:18 2020 (one second) with 38.577 GB free disk space
----------------------------------------
-- Found 1 Kmer counting (meryl) outputs.
-- No change in report.
-- Finished stage 'obt-merylCountCheck', reset canuIteration.
-- No change in report.
--
-- Running jobs.  First attempt out of 2.
----------------------------------------
-- Starting 'meryl' concurrent execution on Sun May 24 21:44:18 2020 with 38.577 GB free disk space (1 processes; 1 concurrently)

    cd trimming/0-mercounts
    ./meryl-process.sh 1 > ./meryl-process.000001.out 2>&1

-- Finished on Sun May 24 21:44:19 2020 (one second) with 38.577 GB free disk space
----------------------------------------
-- Meryl finished successfully.  Kmer frequency histogram:
--
--  22-mers                                                                                           Fraction
--    Occurrences   NumMers                                                                         Unique Total
--       1-     1         0                                                                        0.0000 0.0000
--       2-     2      7865 ********************************************************************** 0.1678 0.0109
--       3-     4      5483 ************************************************                       0.2461 0.0185
--       5-     7      1383 ************                                                           0.2970 0.0255
--       8-    11       932 ********                                                               0.3224 0.0313
--      12-    16      1590 **************                                                         0.3392 0.0371
--      17-    22      3650 ********************************                                       0.3798 0.0575
--      23-    29      5624 **************************************************                     0.4640 0.1138
--      30-    37      6090 ******************************************************                 0.5851 0.2188
--      38-    46      4389 ***************************************                                0.7070 0.3537
--      47-    56      3681 ********************************                                       0.7992 0.4834
--      57-    67      1323 ***********                                                            0.8706 0.6041
--      68-    79      1472 *************                                                          0.8987 0.6611
--      80-    92      1444 ************                                                           0.9299 0.7358
--      93-   106       335 **                                                                     0.9595 0.8183
--     107-   121       697 ******                                                                 0.9661 0.8398
--     122-   137       347 ***                                                                    0.9811 0.8962
--     138-   154       493 ****                                                                   0.9886 0.9282
--     155-   172         0                                                                        0.0000 0.0000
--     173-   191         0                                                                        0.0000 0.0000
--     192-   211         0                                                                        0.0000 0.0000
--     212-   232         0                                                                        0.0000 0.0000
--     233-   254         1                                                                        0.9986 0.9752
--     255-   277         1                                                                        0.9986 0.9754
--     278-   301         2                                                                        0.9986 0.9756
--     302-   326         5                                                                        0.9987 0.9762
--     327-   352         5                                                                        0.9988 0.9771
--     353-   379         5                                                                        0.9989 0.9783
--     380-   407         5                                                                        0.9990 0.9796
--     408-   436         4                                                                        0.9991 0.9810
--     437-   466        12                                                                        0.9992 0.9822
--     467-   497         1                                                                        0.9994 0.9860
--     498-   529         3                                                                        0.9995 0.9866
--     530-   562         5                                                                        0.9995 0.9877
--     563-   596         3                                                                        0.9996 0.9893
--     597-   631         5                                                                        0.9997 0.9905
--
--           0 (max occurrences)
--     1442974 (total mers, non-unique)
--       46866 (distinct mers, non-unique)
--           0 (unique mers)
-- Report changed.
-- Finished stage 'meryl-process', reset canuIteration.
--
-- Removing meryl database 'trimming/0-mercounts/Sars_cov_2_SRR11178055.ms22'.
--
-- OVERLAPPER (normal) (trimming) erate=0.12
--
----------------------------------------
-- Starting command on Sun May 24 21:44:19 2020 with 38.578 GB free disk space

    cd trimming/1-overlapper
    /home/matheus/processamento_workflow/canu/Linux-amd64/bin/overlapInCorePartition \
     -S  ../../Sars_cov_2_SRR11178055.seqStore \
     -hl 80000000 \
     -rl 1000000000 \
     -ol 500 \
     -o  ./Sars_cov_2_SRR11178055.partition \
    > ./Sars_cov_2_SRR11178055.partition.err 2>&1

-- Finished on Sun May 24 21:44:19 2020 (in the blink of an eye) with 38.578 GB free disk space
----------------------------------------
--
-- Configured 1 overlapInCore jobs.
-- No change in report.
-- Finished stage 'obt-overlapConfigure', reset canuIteration.
-- No change in report.
--
-- Running jobs.  First attempt out of 2.
----------------------------------------
-- Starting 'obtovl' concurrent execution on Sun May 24 21:44:19 2020 with 38.578 GB free disk space (1 processes; 1 concurrently)

    cd trimming/1-overlapper
    ./overlap.sh 1 > ./overlap.000001.out 2>&1

-- Finished on Sun May 24 21:44:25 2020 (6 seconds) with 38.577 GB free disk space
----------------------------------------
-- Found 1 overlapInCore output files.
--
-- overlapInCore compute 'trimming/1-overlapper':
--   kmer hits
--     with no overlap           580577      580577 +- 0
--     with an overlap            40835       40835 +- 0
--
--   overlaps                     40833       40833 +- 0
--     contained                      0           0 +- 0
--     dovetail                       0           0 +- 0
--
--   overlaps rejected
--     multiple per pair              0           0 +- 0
--     bad short window               0           0 +- 0
--     bad long window                0           0 +- 0
-- No change in report.
-- Finished stage 'obt-overlapCheck', reset canuIteration.
----------------------------------------
-- Starting command on Sun May 24 21:44:25 2020 with 38.577 GB free disk space

    cd trimming
    /home/matheus/processamento_workflow/canu/Linux-amd64/bin/ovStoreConfig \
     -S ../Sars_cov_2_SRR11178055.seqStore \
     -M 3 \
     -L ./1-overlapper/ovljob.files \
     -create ./Sars_cov_2_SRR11178055.ovlStore.config \
     > ./Sars_cov_2_SRR11178055.ovlStore.config.txt \
    2> ./Sars_cov_2_SRR11178055.ovlStore.config.err

-- Finished on Sun May 24 21:44:25 2020 (in the blink of an eye) with 38.577 GB free disk space
----------------------------------------
--
-- Creating overlap store trimming/Sars_cov_2_SRR11178055.ovlStore using:
--      1 bucket
--      2 slices
--        using at most 1 GB memory each
-- No change in report.
-- Finished stage 'obt-overlapStoreConfigure', reset canuIteration.
-- No change in report.
--
-- Running jobs.  First attempt out of 2.
----------------------------------------
-- Starting 'ovB' concurrent execution on Sun May 24 21:44:25 2020 with 38.577 GB free disk space (1 processes; 2 concurrently)

    cd trimming/Sars_cov_2_SRR11178055.ovlStore.BUILDING
    ./scripts/1-bucketize.sh 1 > ./logs/1-bucketize.000001.out 2>&1

-- Finished on Sun May 24 21:44:26 2020 (one second) with 38.576 GB free disk space
----------------------------------------
-- Overlap store bucketizer finished.
-- No change in report.
-- Finished stage 'obt-overlapStoreBucketizerCheck', reset canuIteration.
-- No change in report.
--
-- Running jobs.  First attempt out of 2.
----------------------------------------
-- Starting 'ovS' concurrent execution on Sun May 24 21:44:26 2020 with 38.576 GB free disk space (2 processes; 1 concurrently)

    cd trimming/Sars_cov_2_SRR11178055.ovlStore.BUILDING
    ./scripts/2-sort.sh 1 > ./logs/2-sort.000001.out 2>&1
    ./scripts/2-sort.sh 2 > ./logs/2-sort.000002.out 2>&1

-- Finished on Sun May 24 21:44:26 2020 (lickety-split) with 38.568 GB free disk space
----------------------------------------
-- Overlap store sorter finished.
-- No change in report.
-- Finished stage 'obt-overlapStoreSorterCheck', reset canuIteration.
----------------------------------------
-- Starting command on Sun May 24 21:44:26 2020 with 38.568 GB free disk space

    cd trimming
    /home/matheus/processamento_workflow/canu/Linux-amd64/bin/ovStoreIndexer \
      -O  ./Sars_cov_2_SRR11178055.ovlStore.BUILDING \
      -S ../Sars_cov_2_SRR11178055.seqStore \
      -C  ./Sars_cov_2_SRR11178055.ovlStore.config \
      -delete \
    > ./Sars_cov_2_SRR11178055.ovlStore.BUILDING.index.err 2>&1

-- Finished on Sun May 24 21:44:26 2020 (in the blink of an eye) with 38.57 GB free disk space
----------------------------------------
-- Checking store.
----------------------------------------
-- Starting command on Sun May 24 21:44:26 2020 with 38.57 GB free disk space

    cd trimming
    /home/matheus/processamento_workflow/canu/Linux-amd64/bin/ovStoreDump \
     -S ../Sars_cov_2_SRR11178055.seqStore \
     -O  ./Sars_cov_2_SRR11178055.ovlStore \
     -counts \
     > ./Sars_cov_2_SRR11178055.ovlStore/counts.dat 2> ./Sars_cov_2_SRR11178055.ovlStore/counts.err

-- Finished on Sun May 24 21:44:26 2020 (furiously fast) with 38.57 GB free disk space
----------------------------------------
--
-- Overlap store 'trimming/Sars_cov_2_SRR11178055.ovlStore' successfully constructed.
-- Found 81670 overlaps for 964 reads; 67841 reads have no overlaps.
--
--
-- Purged 0 GB in 3 overlap output files.
-- No change in report.
-- Finished stage 'obt-createOverlapStore', reset canuIteration.
----------------------------------------
-- Starting command on Sun May 24 21:44:27 2020 with 38.571 GB free disk space

    cd trimming/3-overlapbasedtrimming
    /home/matheus/processamento_workflow/canu/Linux-amd64/bin/trimReads \
      -S  ../../Sars_cov_2_SRR11178055.seqStore \
      -O  ../Sars_cov_2_SRR11178055.ovlStore \
      -Co ./Sars_cov_2_SRR11178055.1.trimReads.clear \
      -e  0.12 \
      -minlength 1000 \
      -ol 500 \
      -oc 2 \
      -o  ./Sars_cov_2_SRR11178055.1.trimReads \
    >     ./Sars_cov_2_SRR11178055.1.trimReads.err 2>&1

-- Finished on Sun May 24 21:44:28 2020 (one second) with 38.569 GB free disk space
----------------------------------------
--  PARAMETERS:
--  ----------
--     1000    (reads trimmed below this many bases are deleted)
--   0.1200    (use overlaps at or below this fraction error)
--      500    (break region if overlap is less than this long, for 'largest covered' algorithm)
--        2    (break region if overlap coverage is less than this many reads, for 'largest covered' algorithm)
--  
--  INPUT READS:
--  -----------
--   68805 reads      1562633 bases (reads processed)
--       0 reads            0 bases (reads not processed, previously deleted)
--       0 reads            0 bases (reads not processed, in a library where trimming isn't allowed)
--  
--  OUTPUT READS:
--  ------------
--     732 reads      1175980 bases (trimmed reads output)
--     138 reads       196336 bases (reads with no change, kept as is)
--   67841 reads        13191 bases (reads with no overlaps, deleted)
--      94 reads       106628 bases (reads with short trimmed length, deleted)
--  
--  TRIMMING DETAILS:
--  ----------------
--     511 reads        25591 bases (bases trimmed from the 5' end of a read)
--     552 reads        44907 bases (bases trimmed from the 3' end of a read)
-- Report changed.
-- Finished stage 'obt-trimReads', reset canuIteration.
----------------------------------------
-- Starting command on Sun May 24 21:44:28 2020 with 38.569 GB free disk space

    cd trimming/3-overlapbasedtrimming
    /home/matheus/processamento_workflow/canu/Linux-amd64/bin/splitReads \
      -S  ../../Sars_cov_2_SRR11178055.seqStore \
      -O  ../Sars_cov_2_SRR11178055.ovlStore \
      -Ci ./Sars_cov_2_SRR11178055.1.trimReads.clear \
      -Co ./Sars_cov_2_SRR11178055.2.splitReads.clear \
      -e  0.12 \
      -minlength 1000 \
      -o  ./Sars_cov_2_SRR11178055.2.splitReads \
    >     ./Sars_cov_2_SRR11178055.2.splitReads.err 2>&1

-- Finished on Sun May 24 21:44:28 2020 (lickety-split) with 38.568 GB free disk space
----------------------------------------
--  PARAMETERS:
--  ----------
--     1000    (reads trimmed below this many bases are deleted)
--   0.1200    (use overlaps at or below this fraction error)
--  INPUT READS:
--  -----------
--     870 reads      1442814 bases (reads processed)
--   67935 reads       119819 bases (reads not processed, previously deleted)
--       0 reads            0 bases (reads not processed, in a library where trimming isn't allowed)
--  
--  PROCESSED:
--  --------
--       0 reads            0 bases (no overlaps)
--       0 reads            0 bases (no coverage after adjusting for trimming done already)
--       0 reads            0 bases (processed for chimera)
--       0 reads            0 bases (processed for spur)
--     870 reads      1442814 bases (processed for subreads)
--  
--  READS WITH SIGNALS:
--  ------------------
--       0 reads            0 signals (number of 5' spur signal)
--       0 reads            0 signals (number of 3' spur signal)
--       0 reads            0 signals (number of chimera signal)
--       0 reads            0 signals (number of subread signal)
--  
--  SIGNALS:
--  -------
--       0 reads            0 bases (size of 5' spur signal)
--       0 reads            0 bases (size of 3' spur signal)
--       0 reads            0 bases (size of chimera signal)
--       0 reads            0 bases (size of subread signal)
--  
--  TRIMMING:
--  --------
--       0 reads            0 bases (trimmed from the 5' end of the read)
--       0 reads            0 bases (trimmed from the 3' end of the read)
-- Report changed.
-- Finished stage 'obt-splitReads', reset canuIteration.
----------------------------------------
-- Starting command on Sun May 24 21:44:28 2020 with 38.568 GB free disk space

    cd trimming/3-overlapbasedtrimming
    /home/matheus/processamento_workflow/canu/Linux-amd64/bin/loadTrimmedReads \
      -S ../../Sars_cov_2_SRR11178055.seqStore \
      -c ./Sars_cov_2_SRR11178055.2.splitReads.clear \
    > ./Sars_cov_2_SRR11178055.loadTrimmedReads.err 2>&1

-- Finished on Sun May 24 21:44:28 2020 (like a bat out of hell) with 38.564 GB free disk space
----------------------------------------
----------------------------------------
-- Starting command on Sun May 24 21:44:28 2020 with 38.564 GB free disk space

    cd .
    /home/matheus/processamento_workflow/canu/Linux-amd64/bin/sqStoreDumpMetaData \
      -S ./Sars_cov_2_SRR11178055.seqStore \
      -corrected -trimmed \
      -histogram \
      -lengths \
    > ./Sars_cov_2_SRR11178055.seqStore/readlengths-utg.dat \
    2> ./Sars_cov_2_SRR11178055.seqStore/readlengths-utg.err 
    

-- Finished on Sun May 24 21:44:28 2020 (like a bat out of hell) with 38.564 GB free disk space
----------------------------------------
----------------------------------------
-- Starting command on Sun May 24 21:44:28 2020 with 38.564 GB free disk space

    cd .
    /home/matheus/processamento_workflow/canu/Linux-amd64/bin/sqStoreDumpMetaData \
      -S ./Sars_cov_2_SRR11178055.seqStore \
      -corrected -trimmed \
      -histogram \
    > ./Sars_cov_2_SRR11178055.seqStore/readlengths-utg.txt \
    2> ./Sars_cov_2_SRR11178055.seqStore/readlengths-utg.err 
    

-- Finished on Sun May 24 21:44:28 2020 (lickety-split) with 38.564 GB free disk space
----------------------------------------
--
-- In sequence store './Sars_cov_2_SRR11178055.seqStore':
--   Found 870 reads.
--   Found 1372316 bases (45.74 times coverage).
--    
--    G=1372316                          sum of  ||               length     num
--    NG         length     index       lengths  ||                range    seqs
--    ----- ------------ --------- ------------  ||  ------------------- -------
--    00010         2270        54       137977  ||       1000-1041           63|------------------------------------------------------
--    00020         2022       119       275844  ||       1042-1083           74|---------------------------------------------------------------
--    00030         1886       189       412513  ||       1084-1125           42|------------------------------------
--    00040         1775       264       549478  ||       1126-1167           49|------------------------------------------
--    00050         1693       343       686513  ||       1168-1209           33|-----------------------------
--    00060         1616       426       823766  ||       1210-1251           18|----------------
--    00070         1520       514       962062  ||       1252-1293           21|------------------
--    00080         1195       617      1098879  ||       1294-1335           11|----------
--    00090         1081       738      1236118  ||       1336-1377           12|-----------
--    00100         1000       869      1372316  ||       1378-1419           10|---------
--    001.000x                 870      1372316  ||       1420-1461            8|-------
--                                               ||       1462-1503            8|-------
--                                               ||       1504-1545           28|------------------------
--                                               ||       1546-1587           34|-----------------------------
--                                               ||       1588-1629           48|-----------------------------------------
--                                               ||       1630-1671           44|--------------------------------------
--                                               ||       1672-1713           39|----------------------------------
--                                               ||       1714-1755           43|-------------------------------------
--                                               ||       1756-1797           40|-----------------------------------
--                                               ||       1798-1839           26|-----------------------
--                                               ||       1840-1881           27|-----------------------
--                                               ||       1882-1923           21|------------------
--                                               ||       1924-1965           24|---------------------
--                                               ||       1966-2007           19|-----------------
--                                               ||       2008-2049           25|----------------------
--                                               ||       2050-2091           13|------------
--                                               ||       2092-2133            5|-----
--                                               ||       2134-2175           12|-----------
--                                               ||       2176-2217            9|--------
--                                               ||       2218-2259            8|-------
--                                               ||       2260-2301            8|-------
--                                               ||       2302-2343            9|--------
--                                               ||       2344-2385            4|----
--                                               ||       2386-2427            5|-----
--                                               ||       2428-2469            6|------
--                                               ||       2470-2511            3|---
--                                               ||       2512-2553            4|----
--                                               ||       2554-2595            3|---
--                                               ||       2596-2637            1|-
--                                               ||       2638-2679            1|-
--                                               ||       2680-2721            3|---
--                                               ||       2722-2763            2|--
--                                               ||       2764-2805            1|-
--                                               ||       2806-2847            0|
--                                               ||       2848-2889            0|
--                                               ||       2890-2931            1|-
--                                               ||       2932-2973            1|-
--                                               ||       2974-3015            1|-
--                                               ||       3016-3057            2|--
--                                               ||       3058-3099            1|-
--    
--
-- Purging overlaps used for trimming.
-- Report changed.
-- Finished stage 'obt-dumpReads', reset canuIteration.
----------------------------------------
-- Starting command on Sun May 24 21:44:28 2020 with 38.571 GB free disk space

    cd .
    /home/matheus/processamento_workflow/canu/Linux-amd64/bin/sqStoreDumpFASTQ \
      -trimmed \
      -S ./Sars_cov_2_SRR11178055.seqStore \
      -o ./Sars_cov_2_SRR11178055.trimmedReads.gz \
      -fasta \
      -trimmed -normal -nolibname \
    > ./Sars_cov_2_SRR11178055.trimmedReads.fasta.err 2>&1

-- Finished on Sun May 24 21:44:28 2020 (in the blink of an eye) with 38.571 GB free disk space
----------------------------------------
--
-- Trimmed reads saved in 'Sars_cov_2_SRR11178055.trimmedReads.fasta.gz'.
-- No change in report.
-- Finished stage 'cor-dumpTrimmedReads', reset canuIteration.
--
--
-- BEGIN ASSEMBLY
--
-- No change in report.
----------------------------------------
-- Starting command on Sun May 24 21:44:28 2020 with 38.571 GB free disk space

    cd unitigging/0-mercounts
    ./meryl-configure.sh \
    > ./meryl-configure.err 2>&1

-- Finished on Sun May 24 21:44:29 2020 (one second) with 38.571 GB free disk space
----------------------------------------
--  segments   memory batches
--  -------- -------- -------
--        01  0.07 GB       1
--
--  For 870 reads with 1372316 bases, limit to 1 batch.
--  Will count kmers using 01 jobs, each using 2 GB and 4 threads.
--
-- No change in report.
-- Finished stage 'merylConfigure', reset canuIteration.
-- No change in report.
--
-- Running jobs.  First attempt out of 2.
----------------------------------------
-- Starting 'meryl' concurrent execution on Sun May 24 21:44:29 2020 with 38.571 GB free disk space (1 processes; 1 concurrently)

    cd unitigging/0-mercounts
    ./meryl-count.sh 1 > ./meryl-count.000001.out 2>&1

-- Finished on Sun May 24 21:44:30 2020 (one second) with 38.57 GB free disk space
----------------------------------------
-- Found 1 Kmer counting (meryl) outputs.
-- No change in report.
-- Finished stage 'utg-merylCountCheck', reset canuIteration.
-- No change in report.
--
-- Running jobs.  First attempt out of 2.
----------------------------------------
-- Starting 'meryl' concurrent execution on Sun May 24 21:44:30 2020 with 38.57 GB free disk space (1 processes; 1 concurrently)

    cd unitigging/0-mercounts
    ./meryl-process.sh 1 > ./meryl-process.000001.out 2>&1

-- Finished on Sun May 24 21:44:31 2020 (one second) with 38.57 GB free disk space
----------------------------------------
-- Meryl finished successfully.  Kmer frequency histogram:
--
--  22-mers                                                                                           Fraction
--    Occurrences   NumMers                                                                         Unique Total
--       1-     1         0                                                                        0.0000 0.0000
--       2-     2      3471 ***************************************                                0.0892 0.0052
--       3-     4      2705 ******************************                                         0.1406 0.0098
--       5-     7       993 ***********                                                            0.1676 0.0132
--       8-    11       762 ********                                                               0.1901 0.0177
--      12-    16      1872 *********************                                                  0.2091 0.0236
--      17-    22      4043 *********************************************                          0.2683 0.0503
--      23-    29      6161 ********************************************************************** 0.3823 0.1197
--      30-    37      5516 **************************************************************         0.5304 0.2363
--      38-    46      4161 ***********************************************                        0.6638 0.3681
--      47-    56      3581 ****************************************                               0.7716 0.5041
--      57-    67      1337 ***************                                                        0.8616 0.6427
--      68-    79      2050 ***********************                                                0.8975 0.7103
--      80-    92       635 *******                                                                0.9429 0.8067
--      93-   106       605 ******                                                                 0.9601 0.8503
--     107-   121       195 **                                                                     0.9742 0.8904
--     122-   137       474 *****                                                                  0.9796 0.9091
--     138-   154       273 ***                                                                    0.9919 0.9562
--     155-   172         1                                                                        0.9983 0.9832
--     173-   191         6                                                                        0.9983 0.9833
--     192-   211         4                                                                        0.9985 0.9842
--     212-   232         6                                                                        0.9986 0.9848
--     233-   254        12                                                                        0.9987 0.9858
--     255-   277         4                                                                        0.9990 0.9880
--     278-   301         7                                                                        0.9992 0.9889
--     302-   326         6                                                                        0.9993 0.9904
--     327-   352         3                                                                        0.9995 0.9919
--     353-   379         2                                                                        0.9996 0.9927
--     380-   407         5                                                                        0.9996 0.9932
--     408-   436         0                                                                        0.0000 0.0000
--     437-   466         0                                                                        0.0000 0.0000
--     467-   497         0                                                                        0.0000 0.0000
--     498-   529         0                                                                        0.0000 0.0000
--     530-   562         0                                                                        0.0000 0.0000
--     563-   596         0                                                                        0.0000 0.0000
--     597-   631         0                                                                        0.0000 0.0000
--     632-   667         3                                                                        0.9997 0.9949
--     668-   704         8                                                                        0.9998 0.9969
--
--           0 (max occurrences)
--     1322320 (total mers, non-unique)
--       38901 (distinct mers, non-unique)
--           0 (unique mers)
-- Report changed.
-- Finished stage 'meryl-process', reset canuIteration.
--
-- Removing meryl database 'unitigging/0-mercounts/Sars_cov_2_SRR11178055.ms22'.
--
-- OVERLAPPER (normal) (assembly) erate=0.12
--
----------------------------------------
-- Starting command on Sun May 24 21:44:31 2020 with 38.571 GB free disk space

    cd unitigging/1-overlapper
    /home/matheus/processamento_workflow/canu/Linux-amd64/bin/overlapInCorePartition \
     -S  ../../Sars_cov_2_SRR11178055.seqStore \
     -hl 80000000 \
     -rl 1000000000 \
     -ol 500 \
     -o  ./Sars_cov_2_SRR11178055.partition \
    > ./Sars_cov_2_SRR11178055.partition.err 2>&1

-- Finished on Sun May 24 21:44:31 2020 (in the blink of an eye) with 38.571 GB free disk space
----------------------------------------
--
-- Configured 1 overlapInCore jobs.
-- No change in report.
-- Finished stage 'utg-overlapConfigure', reset canuIteration.
-- No change in report.
--
-- Running jobs.  First attempt out of 2.
----------------------------------------
-- Starting 'utgovl' concurrent execution on Sun May 24 21:44:31 2020 with 38.571 GB free disk space (1 processes; 1 concurrently)

    cd unitigging/1-overlapper
    ./overlap.sh 1 > ./overlap.000001.out 2>&1

-- Finished on Sun May 24 21:44:36 2020 (5 seconds) with 38.57 GB free disk space
----------------------------------------
-- Found 1 overlapInCore output files.
--
-- overlapInCore compute 'unitigging/1-overlapper':
--   kmer hits
--     with no overlap           235240      235240 +- 0
--     with an overlap            32127       32127 +- 0
--
--   overlaps                     32127       32127 +- 0
--     contained                  11013       11013 +- 0
--     dovetail                   21114       21114 +- 0
--
--   overlaps rejected
--     multiple per pair              0           0 +- 0
--     bad short window               0           0 +- 0
--     bad long window                0           0 +- 0
-- No change in report.
-- Finished stage 'utg-overlapCheck', reset canuIteration.
----------------------------------------
-- Starting command on Sun May 24 21:44:36 2020 with 38.57 GB free disk space

    cd unitigging
    /home/matheus/processamento_workflow/canu/Linux-amd64/bin/ovStoreConfig \
     -S ../Sars_cov_2_SRR11178055.seqStore \
     -M 3 \
     -L ./1-overlapper/ovljob.files \
     -create ./Sars_cov_2_SRR11178055.ovlStore.config \
     > ./Sars_cov_2_SRR11178055.ovlStore.config.txt \
    2> ./Sars_cov_2_SRR11178055.ovlStore.config.err

-- Finished on Sun May 24 21:44:36 2020 (lickety-split) with 38.57 GB free disk space
----------------------------------------
--
-- Creating overlap store unitigging/Sars_cov_2_SRR11178055.ovlStore using:
--      1 bucket
--      2 slices
--        using at most 1 GB memory each
-- No change in report.
-- Finished stage 'utg-overlapStoreConfigure', reset canuIteration.
-- No change in report.
--
-- Running jobs.  First attempt out of 2.
----------------------------------------
-- Starting 'ovB' concurrent execution on Sun May 24 21:44:36 2020 with 38.57 GB free disk space (1 processes; 2 concurrently)

    cd unitigging/Sars_cov_2_SRR11178055.ovlStore.BUILDING
    ./scripts/1-bucketize.sh 1 > ./logs/1-bucketize.000001.out 2>&1

-- Finished on Sun May 24 21:44:36 2020 (lickety-split) with 38.569 GB free disk space
----------------------------------------
-- Overlap store bucketizer finished.
-- No change in report.
-- Finished stage 'utg-overlapStoreBucketizerCheck', reset canuIteration.
-- No change in report.
--
-- Running jobs.  First attempt out of 2.
----------------------------------------
-- Starting 'ovS' concurrent execution on Sun May 24 21:44:36 2020 with 38.569 GB free disk space (2 processes; 1 concurrently)

    cd unitigging/Sars_cov_2_SRR11178055.ovlStore.BUILDING
    ./scripts/2-sort.sh 1 > ./logs/2-sort.000001.out 2>&1
    ./scripts/2-sort.sh 2 > ./logs/2-sort.000002.out 2>&1

-- Finished on Sun May 24 21:44:37 2020 (one second) with 38.562 GB free disk space
----------------------------------------
-- Overlap store sorter finished.
-- No change in report.
-- Finished stage 'utg-overlapStoreSorterCheck', reset canuIteration.
----------------------------------------
-- Starting command on Sun May 24 21:44:37 2020 with 38.562 GB free disk space

    cd unitigging
    /home/matheus/processamento_workflow/canu/Linux-amd64/bin/ovStoreIndexer \
      -O  ./Sars_cov_2_SRR11178055.ovlStore.BUILDING \
      -S ../Sars_cov_2_SRR11178055.seqStore \
      -C  ./Sars_cov_2_SRR11178055.ovlStore.config \
      -delete \
    > ./Sars_cov_2_SRR11178055.ovlStore.BUILDING.index.err 2>&1

-- Finished on Sun May 24 21:44:37 2020 (fast as lightning) with 38.563 GB free disk space
----------------------------------------
-- Checking store.
----------------------------------------
-- Starting command on Sun May 24 21:44:37 2020 with 38.563 GB free disk space

    cd unitigging
    /home/matheus/processamento_workflow/canu/Linux-amd64/bin/ovStoreDump \
     -S ../Sars_cov_2_SRR11178055.seqStore \
     -O  ./Sars_cov_2_SRR11178055.ovlStore \
     -counts \
     > ./Sars_cov_2_SRR11178055.ovlStore/counts.dat 2> ./Sars_cov_2_SRR11178055.ovlStore/counts.err

-- Finished on Sun May 24 21:44:37 2020 (lickety-split) with 38.563 GB free disk space
----------------------------------------
--
-- Overlap store 'unitigging/Sars_cov_2_SRR11178055.ovlStore' successfully constructed.
-- Found 64254 overlaps for 870 reads; 67935 reads have no overlaps.
--
--
-- Purged 0 GB in 3 overlap output files.
----------------------------------------
-- Starting command on Sun May 24 21:44:37 2020 with 38.564 GB free disk space

    cd unitigging
    /home/matheus/processamento_workflow/canu/Linux-amd64/bin/ovStoreStats \
     -C 45 \
     -S ../Sars_cov_2_SRR11178055.seqStore \
     -O  ./Sars_cov_2_SRR11178055.ovlStore \
     -o  ./Sars_cov_2_SRR11178055.ovlStore \
     > ./Sars_cov_2_SRR11178055.ovlStore.summary.err 2>&1

-- Finished on Sun May 24 21:44:37 2020 (in the blink of an eye) with 38.564 GB free disk space
----------------------------------------
--
-- Overlap store 'unitigging/Sars_cov_2_SRR11178055.ovlStore' contains:
--
--   category            reads     %          read length        feature size or coverage  analysis
--   ----------------  -------  -------  ----------------------  ------------------------  --------------------
--   middle-missing          0    0.00        0.00 +- 0.00             0.00 +- 0.00       (bad trimming)
--   middle-hump             0    0.00        0.00 +- 0.00             0.00 +- 0.00       (bad trimming)
--   no-5-prime              5    0.57     1580.80 +- 853.48           0.60 +- 0.89       (bad trimming)
--   no-3-prime              1    0.11     1380.00 +- 0.00            20.00 +- 0.00       (bad trimming)
--   
--   low-coverage            2    0.23     1210.00 +- 205.06           4.53 +- 2.89       (easy to assemble, potential for lower quality consensus)
--   unique                411   47.24     1620.36 +- 403.54          40.81 +- 14.06      (easy to assemble, perfect, yay)
--   repeat-cont            32    3.68     1085.94 +- 55.66          130.51 +- 10.27      (potential for consensus errors, no impact on assembly)
--   repeat-dove             0    0.00        0.00 +- 0.00             0.00 +- 0.00       (hard to assemble, likely won't assemble correctly or even at all)
--   
--   span-repeat           121   13.91     1490.27 +- 408.59         886.98 +- 399.52     (read spans a large repeat, usually easy to assemble)
--   uniq-repeat-cont      257   29.54     1526.93 +- 380.76                              (should be uniquely placed, low potential for consensus errors, no impact on assembly)
--   uniq-repeat-dove       41    4.71     2125.63 +- 409.69                              (will end contigs, potential to misassemble)
--   uniq-anchor             0    0.00        0.00 +- 0.00             0.00 +- 0.00       (repeat read, with unique section, probable bad read)
-- Report changed.
-- Finished stage 'utg-createOverlapStore', reset canuIteration.
--
-- Loading read lengths.
-- Loading number of overlaps per read.
--
-- Configure RED for 8gb memory.
--                   Batches of at most (unlimited) reads.
--                                      500000000 bases.
--                   Expecting evidence of at most 536870912 bases per iteration.
--
--           Total                                               Reads                 Olaps Evidence
--    Job   Memory      Read Range         Reads        Bases   Memory        Olaps   Memory   Memory  (Memory in MB)
--   ---- -------- ------------------- --------- ------------ -------- ------------ -------- --------
--      1  3254.91         1-68805           977      1492135   182.18        64254     0.74  1024.00
--   ---- -------- ------------------- --------- ------------ -------- ------------ -------- --------
--                                                    1492135                 64254
-- No change in report.
-- Finished stage 'readErrorDetectionConfigure', reset canuIteration.
-- No change in report.
--
-- Running jobs.  First attempt out of 2.
----------------------------------------
-- Starting 'red' concurrent execution on Sun May 24 21:44:37 2020 with 38.564 GB free disk space (1 processes; 1 concurrently)

    cd unitigging/3-overlapErrorAdjustment
    ./red.sh 1 > ./red.000001.out 2>&1

-- Finished on Sun May 24 21:44:39 2020 (2 seconds) with 38.563 GB free disk space
----------------------------------------
-- Found 1 read error detection output files.
-- No change in report.
-- Finished stage 'readErrorDetectionCheck', reset canuIteration.
--
-- Loading read lengths.
-- Loading number of overlaps per read.
--
-- Configure OEA for 8gb memory.
--                   Batches of at most (unlimited) reads.
--                                      300000000 bases.
--
--           Total                                               Reads                 Olaps  Adjusts
--    Job   Memory      Read Range         Reads        Bases   Memory        Olaps   Memory   Memory  (Memory in MB)
--   ---- -------- ------------------- --------- ------------ -------- ------------ -------- --------
--      1  2380.97         1-68805           977      1492135     9.45        64254     1.96   321.56
--   ---- -------- ------------------- --------- ------------ -------- ------------ -------- --------
--                                                    1492135                 64254
-- No change in report.
-- Finished stage 'overlapErrorAdjustmentConfigure', reset canuIteration.
-- No change in report.
--
-- Running jobs.  First attempt out of 2.
----------------------------------------
-- Starting 'oea' concurrent execution on Sun May 24 21:44:39 2020 with 38.563 GB free disk space (1 processes; 1 concurrently)

    cd unitigging/3-overlapErrorAdjustment
    ./oea.sh 1 > ./oea.000001.out 2>&1

-- Finished on Sun May 24 21:44:40 2020 (one second) with 38.563 GB free disk space
----------------------------------------
-- Found 1 overlap error adjustment output files.
-- No change in report.
-- Finished stage 'overlapErrorAdjustmentCheck', reset canuIteration.
----------------------------------------
-- Starting command on Sun May 24 21:44:40 2020 with 38.563 GB free disk space

    cd unitigging/3-overlapErrorAdjustment
    /home/matheus/processamento_workflow/canu/Linux-amd64/bin/loadErates \
      -S ../../Sars_cov_2_SRR11178055.seqStore \
      -O ../Sars_cov_2_SRR11178055.ovlStore \
      -L ./oea.files \
    > ./oea.apply.err 2>&1

-- Finished on Sun May 24 21:44:40 2020 (lickety-split) with 38.563 GB free disk space
----------------------------------------
-- No report available.
-- Report changed.
-- Finished stage 'updateOverlapStore', reset canuIteration.
-- Finished stage 'unitig', reset canuIteration.
-- No change in report.
-- No change in report.
--
-- Running jobs.  First attempt out of 2.
----------------------------------------
-- Starting 'bat' concurrent execution on Sun May 24 21:44:40 2020 with 38.563 GB free disk space (1 processes; 1 concurrently)

    cd unitigging/4-unitigger
    ./unitigger.sh 1 > ./unitigger.000001.out 2>&1

-- Finished on Sun May 24 21:44:42 2020 (2 seconds) with 38.562 GB free disk space
----------------------------------------
-- Unitigger finished successfully.
-- Found, in version 1, after unitig construction:
--   contigs:      2 sequences, total length 31106 bp (including 0 repeats of total length 0 bp).
--   bubbles:      3 sequences, total length 5299 bp.
--   unassembled:  111 sequences, total length 150793 bp.
--
-- Contig sizes based on genome size 30kbp:
--
--            NG (bp)  LG (contigs)    sum (bp)
--         ----------  ------------  ----------
--     10       29988             1       29988
--     20       29988             1       29988
--     30       29988             1       29988
--     40       29988             1       29988
--     50       29988             1       29988
--     60       29988             1       29988
--     70       29988             1       29988
--     80       29988             1       29988
--     90       29988             1       29988
--    100        1118             2       31106
--
-- Report changed.
-- Finished stage 'unitigCheck', reset canuIteration.
----------------------------------------
-- Starting command on Sun May 24 21:44:42 2020 with 38.562 GB free disk space

    cd unitigging
    /home/matheus/processamento_workflow/canu/Linux-amd64/bin/utgcns \
      -S ../Sars_cov_2_SRR11178055.seqStore \
      -T  ./Sars_cov_2_SRR11178055.ctgStore 1 \
      -partition 0.8 1 0.1 \
    > ./Sars_cov_2_SRR11178055.ctgStore/partitioning.log 2>&1

-- Finished on Sun May 24 21:44:42 2020 (in the blink of an eye) with 38.562 GB free disk space
----------------------------------------
----------------------------------------
-- Starting command on Sun May 24 21:44:42 2020 with 38.562 GB free disk space

    cd unitigging
    /home/matheus/processamento_workflow/canu/Linux-amd64/bin/utgcns \
      -S ../Sars_cov_2_SRR11178055.seqStore \
      -T  ./Sars_cov_2_SRR11178055.utgStore 1 \
      -partition 0.8 1 0.1 \
    > ./Sars_cov_2_SRR11178055.utgStore/partitioning.log 2>&1

-- Finished on Sun May 24 21:44:42 2020 (furiously fast) with 38.561 GB free disk space
----------------------------------------
-- Using slow alignment for consensus (iteration '0').
-- Configured 2 contig and 3 unitig consensus jobs.
-- No change in report.
-- Finished stage 'consensusConfigure', reset canuIteration.
--
--                                (tag)Concurrency
--                         (tag)Threads          |
--                (tag)Memory         |          |
--        (tag)             |         |          |       total usage      algorithm
--        -------  ----------  --------   --------  --------------------  -----------------------------
-- Local: cns        0.500 GB    4 CPUs x   1 job      0.500 GB   4 CPUs  (consensus)
--
-- No change in report.
--
-- Running jobs.  First attempt out of 2.
----------------------------------------
-- Starting 'cns' concurrent execution on Sun May 24 21:44:42 2020 with 38.561 GB free disk space (5 processes; 1 concurrently)

    cd unitigging/5-consensus
    ./consensus.sh 1 > ./consensus.000001.out 2>&1
    ./consensus.sh 2 > ./consensus.000002.out 2>&1
    ./consensus.sh 3 > ./consensus.000003.out 2>&1
    ./consensus.sh 4 > ./consensus.000004.out 2>&1
    ./consensus.sh 5 > ./consensus.000005.out 2>&1

-- Finished on Sun May 24 21:44:46 2020 (4 seconds) with 38.56 GB free disk space
----------------------------------------
-- Using slow alignment for consensus (iteration '1').
-- Configured 2 contig and 3 unitig consensus jobs.
-- No change in report.
-- All 5 consensus jobs finished successfully.
-- No change in report.
-- Finished stage 'consensusCheck', reset canuIteration.
-- Using slow alignment for consensus (iteration '0').
-- Configured 2 contig and 3 unitig consensus jobs.
-- No change in report.
----------------------------------------
-- Starting command on Sun May 24 21:44:46 2020 with 38.56 GB free disk space

    cd unitigging
    /home/matheus/processamento_workflow/canu/Linux-amd64/bin/tgStoreLoad \
      -S ../Sars_cov_2_SRR11178055.seqStore \
      -T  ./Sars_cov_2_SRR11178055.ctgStore 2 \
      -L ./5-consensus/ctgcns.files \
    > ./5-consensus/ctgcns.files.ctgStoreLoad.err 2>&1

-- Finished on Sun May 24 21:44:46 2020 (lickety-split) with 38.56 GB free disk space
----------------------------------------
----------------------------------------
-- Starting command on Sun May 24 21:44:46 2020 with 38.56 GB free disk space

    cd unitigging
    /home/matheus/processamento_workflow/canu/Linux-amd64/bin/tgStoreLoad \
      -S ../Sars_cov_2_SRR11178055.seqStore \
      -T  ./Sars_cov_2_SRR11178055.utgStore 2 \
      -L ./5-consensus/utgcns.files \
    > ./5-consensus/utgcns.files.utgStoreLoad.err 2>&1

-- Finished on Sun May 24 21:44:46 2020 (like a bat out of hell) with 38.56 GB free disk space
----------------------------------------
-- Purging consensus output after loading to ctgStore and/or utgStore.
-- Purged 5 .cns outputs.
----------------------------------------
-- Starting command on Sun May 24 21:44:46 2020 with 38.56 GB free disk space

    cd unitigging
    /home/matheus/processamento_workflow/canu/Linux-amd64/bin/tgStoreDump \
      -S ../Sars_cov_2_SRR11178055.seqStore \
      -T ./Sars_cov_2_SRR11178055.ctgStore 2 \
      -sizes -s 30000 \
    > ./Sars_cov_2_SRR11178055.ctgStore/seqDB.v002.sizes.txt
sqStore_loadMetadata()-- Using 'corrected-trimmed' 0x10 reads.

-- Finished on Sun May 24 21:44:47 2020 (one second) with 38.56 GB free disk space
----------------------------------------
-- Found, in version 2, after consensus generation:
--   contigs:      2 sequences, total length 30784 bp (including 0 repeats of total length 0 bp).
--   bubbles:      3 sequences, total length 5177 bp.
--   unassembled:  111 sequences, total length 150793 bp.
--
-- Contig sizes based on genome size 30kbp:
--
--            NG (bp)  LG (contigs)    sum (bp)
--         ----------  ------------  ----------
--     10       29676             1       29676
--     20       29676             1       29676
--     30       29676             1       29676
--     40       29676             1       29676
--     50       29676             1       29676
--     60       29676             1       29676
--     70       29676             1       29676
--     80       29676             1       29676
--     90       29676             1       29676
--    100        1108             2       30784
--
-- Report changed.
-- Finished stage 'consensusLoad', reset canuIteration.
-- No change in report.
----------------------------------------
-- Starting command on Sun May 24 21:44:47 2020 with 38.56 GB free disk space

    cd unitigging/4-unitigger
    ./alignGFA.sh \
    > alignGFA.err 2>&1

-- Finished on Sun May 24 21:44:47 2020 (lickety-split) with 38.56 GB free disk space
----------------------------------------
----------------------------------------
-- Starting command on Sun May 24 21:44:47 2020 with 38.56 GB free disk space

    cd .
    /home/matheus/processamento_workflow/canu/Linux-amd64/bin/tgStoreDump \
      -S ./Sars_cov_2_SRR11178055.seqStore \
      -T ./unitigging/Sars_cov_2_SRR11178055.ctgStore 2 \
      -o ./Sars_cov_2_SRR11178055.contigs \
      -layout \
    > ./Sars_cov_2_SRR11178055.contigs.layout.err 2>&1

-- Finished on Sun May 24 21:44:47 2020 (lickety-split) with 38.56 GB free disk space
----------------------------------------
----------------------------------------
-- Starting command on Sun May 24 21:44:47 2020 with 38.56 GB free disk space

    cd .
    /home/matheus/processamento_workflow/canu/Linux-amd64/bin/tgStoreDump \
      -S ./Sars_cov_2_SRR11178055.seqStore \
      -T ./unitigging/Sars_cov_2_SRR11178055.utgStore 2 \
      -o ./Sars_cov_2_SRR11178055.unitigs \
      -layout \
    > ./Sars_cov_2_SRR11178055.unitigs.layout.err 2>&1

-- Finished on Sun May 24 21:44:47 2020 (fast as lightning) with 38.56 GB free disk space
----------------------------------------
----------------------------------------
-- Starting command on Sun May 24 21:44:47 2020 with 38.56 GB free disk space

    cd .
    /home/matheus/processamento_workflow/canu/Linux-amd64/bin/tgStoreDump \
      -S ./Sars_cov_2_SRR11178055.seqStore \
      -T ./unitigging/Sars_cov_2_SRR11178055.ctgStore 2 \
      -consensus -fasta \
      -unassembled \
    > ./Sars_cov_2_SRR11178055.unassembled.fasta
    2> ./Sars_cov_2_SRR11178055.unassembled.err
sqStore_loadMetadata()-- Using 'corrected-trimmed' 0x10 reads.

-- Finished on Sun May 24 21:44:48 2020 (one second) with 38.56 GB free disk space
----------------------------------------
----------------------------------------
-- Starting command on Sun May 24 21:44:48 2020 with 38.56 GB free disk space

    cd .
    /home/matheus/processamento_workflow/canu/Linux-amd64/bin/tgStoreDump \
      -S ./Sars_cov_2_SRR11178055.seqStore \
      -T ./unitigging/Sars_cov_2_SRR11178055.ctgStore 2 \
      -consensus -fasta \
      -contigs \
    > ./Sars_cov_2_SRR11178055.contigs.fasta
    2> ./Sars_cov_2_SRR11178055.contigs.err
sqStore_loadMetadata()-- Using 'corrected-trimmed' 0x10 reads.

-- Finished on Sun May 24 21:44:48 2020 (like a bat out of hell) with 38.56 GB free disk space
----------------------------------------
----------------------------------------
-- Starting command on Sun May 24 21:44:48 2020 with 38.56 GB free disk space

    cd .
    /home/matheus/processamento_workflow/canu/Linux-amd64/bin/tgStoreDump \
      -S ./Sars_cov_2_SRR11178055.seqStore \
      -T ./unitigging/Sars_cov_2_SRR11178055.utgStore 2 \
      -consensus -fasta \
      -contigs \
    > ./Sars_cov_2_SRR11178055.unitigs.fasta
    2> ./Sars_cov_2_SRR11178055.unitigs.err
sqStore_loadMetadata()-- Using 'corrected-trimmed' 0x10 reads.

-- Finished on Sun May 24 21:44:48 2020 (lickety-split) with 38.56 GB free disk space
----------------------------------------
-- No change in report.
-- Finished stage 'generateOutputs', reset canuIteration.
--
-- Assembly 'Sars_cov_2_SRR11178055' finished in '/home/matheus/processamento_workflow/SRR11178055_05-24-2020-21-29-16/Sars_cov_2_SRR11178055'.
--
-- Summary saved in 'Sars_cov_2_SRR11178055.report'.
--
-- Sequences saved:
--   Contigs       -> 'Sars_cov_2_SRR11178055.contigs.fasta'
--   Unassembled   -> 'Sars_cov_2_SRR11178055.unassembled.fasta'
--   Unitigs       -> 'Sars_cov_2_SRR11178055.unitigs.fasta'
--
-- Read layouts saved:
--   Contigs       -> 'Sars_cov_2_SRR11178055.contigs.layout'.
--   Unitigs       -> 'Sars_cov_2_SRR11178055.unitigs.layout'.
--
-- Graphs saved:
--   Unitigs       -> 'Sars_cov_2_SRR11178055.unitigs.gfa'.
--
-- Bye.
951.35user 38.15system 16:26.56elapsed 100%CPU (0avgtext+0avgdata 3679104maxresident)k
257280inputs+7115808outputs (317major+6648335minor)pagefaults 0swaps
