perl: warning: Setting locale failed.
perl: warning: Please check that your locale settings:
	LANGUAGE = "pt_BR:pt:en",
	LC_ALL = (unset),
	LC_CTYPE = "UTF-8",
	LANG = "pt_BR.UTF-8"
    are supported and installed on your system.
perl: warning: Falling back to a fallback locale ("pt_BR.UTF-8").
Started analysis of SRR11178056.fastq
Approx 5% complete for SRR11178056.fastq
Approx 10% complete for SRR11178056.fastq
Approx 15% complete for SRR11178056.fastq
Approx 20% complete for SRR11178056.fastq
Approx 25% complete for SRR11178056.fastq
Approx 30% complete for SRR11178056.fastq
Approx 35% complete for SRR11178056.fastq
Approx 40% complete for SRR11178056.fastq
Approx 45% complete for SRR11178056.fastq
Approx 50% complete for SRR11178056.fastq
Approx 55% complete for SRR11178056.fastq
Approx 60% complete for SRR11178056.fastq
Approx 65% complete for SRR11178056.fastq
Approx 70% complete for SRR11178056.fastq
Approx 75% complete for SRR11178056.fastq
Approx 80% complete for SRR11178056.fastq
Approx 85% complete for SRR11178056.fastq
Approx 90% complete for SRR11178056.fastq
Approx 95% complete for SRR11178056.fastq
perl: warning: Setting locale failed.
perl: warning: Please check that your locale settings:
	LANGUAGE = "pt_BR:pt:en",
	LC_ALL = (unset),
	LC_CTYPE = "UTF-8",
	LANG = "pt_BR.UTF-8"
    are supported and installed on your system.
perl: warning: Falling back to a fallback locale ("pt_BR.UTF-8").
-- canu snapshot v2.0-development +523 changes (r10016 cafc287f0c6a33d7540deb21a0311fb985d3bdb8)
--
-- CITATIONS
--
-- For 'standard' assemblies of PacBio or Nanopore reads:
--   Koren S, Walenz BP, Berlin K, Miller JR, Phillippy AM.
--   Canu: scalable and accurate long-read assembly via adaptive k-mer weighting and repeat separation.
--   Genome Res. 2017 May;27(5):722-736.
--   http://doi.org/10.1101/gr.215087.116
-- 
-- Read and contig alignments during correction, consensus and GFA building use:
--   Šošic M, Šikic M.
--   Edlib: a C/C ++ library for fast, exact sequence alignment using edit distance.
--   Bioinformatics. 2017 May 1;33(9):1394-1395.
--   http://doi.org/10.1093/bioinformatics/btw753
-- 
-- Overlaps are generated using:
--   Berlin K, et al.
--   Assembling large genomes with single-molecule sequencing and locality-sensitive hashing.
--   Nat Biotechnol. 2015 Jun;33(6):623-30.
--   http://doi.org/10.1038/nbt.3238
-- 
--   Myers EW, et al.
--   A Whole-Genome Assembly of Drosophila.
--   Science. 2000 Mar 24;287(5461):2196-204.
--   http://doi.org/10.1126/science.287.5461.2196
-- 
-- Corrected read consensus sequences are generated using an algorithm derived from FALCON-sense:
--   Chin CS, et al.
--   Phased diploid genome assembly with single-molecule real-time sequencing.
--   Nat Methods. 2016 Dec;13(12):1050-1054.
--   http://doi.org/10.1038/nmeth.4035
-- 
-- Contig consensus sequences are generated using an algorithm derived from pbdagcon:
--   Chin CS, et al.
--   Nonhybrid, finished microbial genome assemblies from long-read SMRT sequencing data.
--   Nat Methods. 2013 Jun;10(6):563-9
--   http://doi.org/10.1038/nmeth.2474
-- 
-- CONFIGURE CANU
--
-- Detected Java(TM) Runtime Environment '11.0.7' (from 'java') without -d64 support.
-- Detected gnuplot version '5.2 patchlevel 6   ' (from 'gnuplot') and image format 'png'.
-- Detected 4 CPUs and 8 gigabytes of memory.
-- No grid engine detected, grid and staging disabled.
--
--                                (tag)Concurrency
--                         (tag)Threads          |
--                (tag)Memory         |          |
--        (tag)             |         |          |       total usage      algorithm
--        -------  ----------  --------   --------  --------------------  -----------------------------
-- Local: meryl      8.000 GB    4 CPUs x   1 job      8.000 GB   4 CPUs  (k-mer counting)
-- Local: hap        8.000 GB    4 CPUs x   1 job      8.000 GB   4 CPUs  (read-to-haplotype assignment)
-- Local: cormhap    6.000 GB    4 CPUs x   1 job      6.000 GB   4 CPUs  (overlap detection with mhap)
-- Local: obtovl     4.000 GB    4 CPUs x   1 job      4.000 GB   4 CPUs  (overlap detection)
-- Local: utgovl     4.000 GB    4 CPUs x   1 job      4.000 GB   4 CPUs  (overlap detection)
-- Local: cor        8.000 GB    4 CPUs x   1 job      8.000 GB   4 CPUs  (read correction)
-- Local: ovb        4.000 GB    1 CPU  x   2 jobs     8.000 GB   2 CPUs  (overlap store bucketizer)
-- Local: ovs        8.000 GB    1 CPU  x   1 job      8.000 GB   1 CPU   (overlap store sorting)
-- Local: red        8.000 GB    4 CPUs x   1 job      8.000 GB   4 CPUs  (read error detection)
-- Local: oea        8.000 GB    1 CPU  x   1 job      8.000 GB   1 CPU   (overlap error adjustment)
-- Local: bat        8.000 GB    4 CPUs x   1 job      8.000 GB   4 CPUs  (contig construction with bogart)
-- Local: cns        -.--- GB    4 CPUs x   - jobs     -.--- GB   - CPUs  (consensus)
-- Local: gfa        8.000 GB    4 CPUs x   1 job      8.000 GB   4 CPUs  (GFA alignment and processing)
--
-- Found untrimmed raw Nanopore reads in the input files.
--
-- Generating assembly 'Sars_cov_2_SRR11178056' in '/home/matheus/processamento_workflow/SRR11178056_05-24-2020-21-45-42/Sars_cov_2_SRR11178056':
--    - correct raw reads.
--    - trim corrected reads.
--    - assemble corrected and trimmed reads.
--
-- Parameters:
--
--  genomeSize        30000
--
--  Overlap Generation Limits:
--    corOvlErrorRate 0.3200 ( 32.00%)
--    obtOvlErrorRate 0.1200 ( 12.00%)
--    utgOvlErrorRate 0.1200 ( 12.00%)
--
--  Overlap Processing Limits:
--    corErrorRate    0.5000 ( 50.00%)
--    obtErrorRate    0.1200 ( 12.00%)
--    utgErrorRate    0.1200 ( 12.00%)
--    cnsErrorRate    0.2000 ( 20.00%)
--
--
-- BEGIN CORRECTION
--
----------------------------------------
-- Starting command on Sun May 24 21:54:18 2020 with 36.901 GB free disk space

    cd .
    ./Sars_cov_2_SRR11178056.seqStore.sh \
    > ./Sars_cov_2_SRR11178056.seqStore.err 2>&1

-- Finished on Sun May 24 21:54:26 2020 (8 seconds) with 36.754 GB free disk space
----------------------------------------
----------------------------------------
-- Starting command on Sun May 24 21:54:26 2020 with 36.754 GB free disk space

    cd .
    /home/matheus/processamento_workflow/canu/Linux-amd64/bin/sqStoreDumpMetaData \
      -S ./Sars_cov_2_SRR11178056.seqStore \
      -raw \
      -histogram \
      -lengths \
    > ./Sars_cov_2_SRR11178056.seqStore/readlengths-cor.dat \
    2> ./Sars_cov_2_SRR11178056.seqStore/readlengths-cor.err 
    

-- Finished on Sun May 24 21:54:26 2020 (in the blink of an eye) with 36.754 GB free disk space
----------------------------------------
----------------------------------------
-- Starting command on Sun May 24 21:54:26 2020 with 36.754 GB free disk space

    cd .
    /home/matheus/processamento_workflow/canu/Linux-amd64/bin/sqStoreDumpMetaData \
      -S ./Sars_cov_2_SRR11178056.seqStore \
      -raw \
      -histogram \
    > ./Sars_cov_2_SRR11178056.seqStore/readlengths-cor.txt \
    2> ./Sars_cov_2_SRR11178056.seqStore/readlengths-cor.err 
    

-- Finished on Sun May 24 21:54:26 2020 (furiously fast) with 36.754 GB free disk space
----------------------------------------
--
-- In sequence store './Sars_cov_2_SRR11178056.seqStore':
--   Found 4578 reads.
--   Found 6000696 bases (200.02 times coverage).
--    
--    G=6000696                          sum of  ||               length     num
--    NG         length     index       lengths  ||                range    seqs
--    ----- ------------ --------- ------------  ||  ------------------- -------
--    00010         1979       250       600530  ||       1000-1067         1019|---------------------------------------------------------------
--    00020         1653       587      1201710  ||       1068-1135          780|-------------------------------------------------
--    00030         1466       973      1800726  ||       1136-1203          570|------------------------------------
--    00040         1344      1401      2400371  ||       1204-1271          425|---------------------------
--    00050         1258      1864      3001276  ||       1272-1339          366|-----------------------
--    00060         1182      2356      3601509  ||       1340-1407          256|----------------
--    00070         1125      2876      4200870  ||       1408-1475          220|--------------
--    00080         1077      3421      4800847  ||       1476-1543          154|----------
--    00090         1038      3989      5401429  ||       1544-1611          121|--------
--    00100         1000      4577      6000696  ||       1612-1679          124|--------
--    001.000x                4578      6000696  ||       1680-1747           94|------
--                                               ||       1748-1815           78|-----
--                                               ||       1816-1883           56|----
--                                               ||       1884-1951           47|---
--                                               ||       1952-2019           37|---
--                                               ||       2020-2087           38|---
--                                               ||       2088-2155           31|--
--                                               ||       2156-2223           16|-
--                                               ||       2224-2291           23|--
--                                               ||       2292-2359           22|--
--                                               ||       2360-2427           23|--
--                                               ||       2428-2495            9|-
--                                               ||       2496-2563           12|-
--                                               ||       2564-2631            7|-
--                                               ||       2632-2699            3|-
--                                               ||       2700-2767           12|-
--                                               ||       2768-2835            4|-
--                                               ||       2836-2903            3|-
--                                               ||       2904-2971            7|-
--                                               ||       2972-3039            2|-
--                                               ||       3040-3107            0|
--                                               ||       3108-3175            5|-
--                                               ||       3176-3243            3|-
--                                               ||       3244-3311            2|-
--                                               ||       3312-3379            1|-
--                                               ||       3380-3447            1|-
--                                               ||       3448-3515            1|-
--                                               ||       3516-3583            2|-
--                                               ||       3584-3651            1|-
--                                               ||       3652-3719            0|
--                                               ||       3720-3787            0|
--                                               ||       3788-3855            0|
--                                               ||       3856-3923            0|
--                                               ||       3924-3991            0|
--                                               ||       3992-4059            0|
--                                               ||       4060-4127            0|
--                                               ||       4128-4195            0|
--                                               ||       4196-4263            1|-
--                                               ||       4264-4331            0|
--                                               ||       4332-4399            2|-
--    
-- New report created.
----------------------------------------
-- Starting command on Sun May 24 21:54:26 2020 with 36.754 GB free disk space

    cd correction/0-mercounts
    ./meryl-configure.sh \
    > ./meryl-configure.err 2>&1

-- Finished on Sun May 24 21:54:26 2020 (like a bat out of hell) with 36.754 GB free disk space
----------------------------------------
--  segments   memory batches
--  -------- -------- -------
--        01  0.07 GB       1
--
--  For 4578 reads with 6000696 bases, limit to 1 batch.
--  Will count kmers using 01 jobs, each using 2 GB and 4 threads.
--
-- Report changed.
-- Finished stage 'merylConfigure', reset canuIteration.
-- No change in report.
--
-- Running jobs.  First attempt out of 2.
----------------------------------------
-- Starting 'meryl' concurrent execution on Sun May 24 21:54:26 2020 with 36.754 GB free disk space (1 processes; 1 concurrently)

    cd correction/0-mercounts
    ./meryl-count.sh 1 > ./meryl-count.000001.out 2>&1

-- Finished on Sun May 24 21:54:28 2020 (2 seconds) with 36.739 GB free disk space
----------------------------------------
-- Found 1 Kmer counting (meryl) outputs.
-- No change in report.
-- Finished stage 'cor-merylCountCheck', reset canuIteration.
-- No change in report.
--
-- Running jobs.  First attempt out of 2.
----------------------------------------
-- Starting 'meryl' concurrent execution on Sun May 24 21:54:28 2020 with 36.739 GB free disk space (1 processes; 1 concurrently)

    cd correction/0-mercounts
    ./meryl-process.sh 1 > ./meryl-process.000001.out 2>&1

-- Finished on Sun May 24 21:54:29 2020 (one second) with 36.751 GB free disk space
----------------------------------------
-- Meryl finished successfully.  Kmer frequency histogram:
--
--  16-mers                                                                                           Fraction
--    Occurrences   NumMers                                                                         Unique Total
--       1-     1         0                                                                        0.0000 0.0000
--       2-     2    194684 ********************************************************************** 0.4773 0.1071
--       3-     4    102489 ************************************                                   0.6448 0.1635
--       5-     7     41551 **************                                                         0.7778 0.2287
--       8-    11     16766 ******                                                                 0.8451 0.2796
--      12-    16      8244 **                                                                     0.8771 0.3163
--      17-    22      5462 *                                                                      0.8947 0.3453
--      23-    29      5139 *                                                                      0.9070 0.3733
--      30-    37      5811 **                                                                     0.9196 0.4117
--      38-    46      6845 **                                                                     0.9340 0.4676
--      47-    56      6736 **                                                                     0.9506 0.5474
--      57-    67      4866 *                                                                      0.9666 0.6413
--      68-    79      3539 *                                                                      0.9782 0.7225
--      80-    92      2377                                                                        0.9865 0.7919
--      93-   106      1553                                                                        0.9921 0.8459
--     107-   121       708                                                                        0.9958 0.8872
--     122-   137       448                                                                        0.9974 0.9075
--     138-   154       244                                                                        0.9985 0.9232
--     155-   172       144                                                                        0.9991 0.9327
--     173-   191        43                                                                        0.9994 0.9386
--     192-   211        26                                                                        0.9995 0.9407
--     212-   232        26                                                                        0.9996 0.9422
--     233-   254        21                                                                        0.9996 0.9437
--     255-   277        21                                                                        0.9997 0.9452
--     278-   301        10                                                                        0.9997 0.9467
--     302-   326         6                                                                        0.9997 0.9475
--     327-   352         3                                                                        0.9998 0.9480
--     353-   379         5                                                                        0.9998 0.9483
--     380-   407         6                                                                        0.9998 0.9488
--     408-   436         6                                                                        0.9998 0.9495
--     437-   466         1                                                                        0.9998 0.9502
--     467-   497         3                                                                        0.9998 0.9503
--     498-   529         4                                                                        0.9998 0.9507
--     530-   562         7                                                                        0.9998 0.9513
--     563-   596         5                                                                        0.9998 0.9524
--     597-   631         1                                                                        0.9999 0.9532
--     632-   667         0                                                                        0.0000 0.0000
--     668-   704         0                                                                        0.0000 0.0000
--     705-   742         4                                                                        0.9999 0.9534
--     743-   781         2                                                                        0.9999 0.9542
--
--           0 (max occurrences)
--     3635624 (total mers, non-unique)
--      407860 (distinct mers, non-unique)
--           0 (unique mers)
-- Report changed.
-- Finished stage 'meryl-process', reset canuIteration.
--
-- Removing meryl database 'correction/0-mercounts/Sars_cov_2_SRR11178056.ms16'.
--
-- OVERLAPPER (mhap) (correction)
--
-- Set corMhapSensitivity=low based on read coverage of 200.
--
-- PARAMETERS: hashes=256, minMatches=3, threshold=0.8
--
-- Given 5.4 GB, can fit 16200 reads per block.
-- For 4 blocks, set stride to 2 blocks.
-- Logging partitioning to 'correction/1-overlapper/partitioning.log'.
-- Configured 3 mhap precompute jobs.
-- Configured 3 mhap overlap jobs.
-- No change in report.
-- Finished stage 'cor-mhapConfigure', reset canuIteration.
-- No change in report.
--
-- Running jobs.  First attempt out of 2.
----------------------------------------
-- Starting 'cormhap' concurrent execution on Sun May 24 21:54:29 2020 with 36.754 GB free disk space (3 processes; 1 concurrently)

    cd correction/1-overlapper
    ./precompute.sh 1 > ./precompute.000001.out 2>&1
    ./precompute.sh 2 > ./precompute.000002.out 2>&1
    ./precompute.sh 3 > ./precompute.000003.out 2>&1

-- Finished on Sun May 24 21:55:05 2020 (36 seconds) with 36.676 GB free disk space
----------------------------------------
-- All 3 mhap precompute jobs finished successfully.
-- No change in report.
-- Finished stage 'cor-mhapPrecomputeCheck', reset canuIteration.
-- No change in report.
--
-- Running jobs.  First attempt out of 2.
----------------------------------------
-- Starting 'cormhap' concurrent execution on Sun May 24 21:55:05 2020 with 36.676 GB free disk space (3 processes; 1 concurrently)

    cd correction/1-overlapper
    ./mhap.sh 1 > ./mhap.000001.out 2>&1
    ./mhap.sh 2 > ./mhap.000002.out 2>&1
    ./mhap.sh 3 > ./mhap.000003.out 2>&1

-- Finished on Sun May 24 21:57:11 2020 (126 seconds) with 36.639 GB free disk space
----------------------------------------
-- Found 3 mhap overlap output files.
-- No change in report.
-- Finished stage 'cor-mhapCheck', reset canuIteration.
----------------------------------------
-- Starting command on Sun May 24 21:57:11 2020 with 36.639 GB free disk space

    cd correction
    /home/matheus/processamento_workflow/canu/Linux-amd64/bin/ovStoreConfig \
     -S ../Sars_cov_2_SRR11178056.seqStore \
     -M 4-8 \
     -L ./1-overlapper/ovljob.files \
     -create ./Sars_cov_2_SRR11178056.ovlStore.config \
     > ./Sars_cov_2_SRR11178056.ovlStore.config.txt \
    2> ./Sars_cov_2_SRR11178056.ovlStore.config.err

-- Finished on Sun May 24 21:57:11 2020 (like a bat out of hell) with 36.639 GB free disk space
----------------------------------------
--
-- Creating overlap store correction/Sars_cov_2_SRR11178056.ovlStore using:
--      2 buckets
--      2 slices
--        using at most 1 GB memory each
-- No change in report.
-- Finished stage 'cor-overlapStoreConfigure', reset canuIteration.
-- No change in report.
--
-- Running jobs.  First attempt out of 2.
----------------------------------------
-- Starting 'ovB' concurrent execution on Sun May 24 21:57:11 2020 with 36.639 GB free disk space (2 processes; 2 concurrently)

    cd correction/Sars_cov_2_SRR11178056.ovlStore.BUILDING
    ./scripts/1-bucketize.sh 1 > ./logs/1-bucketize.000001.out 2>&1
    ./scripts/1-bucketize.sh 2 > ./logs/1-bucketize.000002.out 2>&1

-- Finished on Sun May 24 21:57:12 2020 (one second) with 36.563 GB free disk space
----------------------------------------
-- Overlap store bucketizer finished.
-- No change in report.
-- Finished stage 'cor-overlapStoreBucketizerCheck', reset canuIteration.
-- No change in report.
--
-- Running jobs.  First attempt out of 2.
----------------------------------------
-- Starting 'ovS' concurrent execution on Sun May 24 21:57:12 2020 with 36.563 GB free disk space (2 processes; 1 concurrently)

    cd correction/Sars_cov_2_SRR11178056.ovlStore.BUILDING
    ./scripts/2-sort.sh 1 > ./logs/2-sort.000001.out 2>&1
    ./scripts/2-sort.sh 2 > ./logs/2-sort.000002.out 2>&1

-- Finished on Sun May 24 21:57:15 2020 (3 seconds) with 36.532 GB free disk space
----------------------------------------
-- Overlap store sorter finished.
-- No change in report.
-- Finished stage 'cor-overlapStoreSorterCheck', reset canuIteration.
----------------------------------------
-- Starting command on Sun May 24 21:57:15 2020 with 36.532 GB free disk space

    cd correction
    /home/matheus/processamento_workflow/canu/Linux-amd64/bin/ovStoreIndexer \
      -O  ./Sars_cov_2_SRR11178056.ovlStore.BUILDING \
      -S ../Sars_cov_2_SRR11178056.seqStore \
      -C  ./Sars_cov_2_SRR11178056.ovlStore.config \
      -delete \
    > ./Sars_cov_2_SRR11178056.ovlStore.BUILDING.index.err 2>&1

-- Finished on Sun May 24 21:57:15 2020 (like a bat out of hell) with 36.533 GB free disk space
----------------------------------------
-- Checking store.
----------------------------------------
-- Starting command on Sun May 24 21:57:15 2020 with 36.533 GB free disk space

    cd correction
    /home/matheus/processamento_workflow/canu/Linux-amd64/bin/ovStoreDump \
     -S ../Sars_cov_2_SRR11178056.seqStore \
     -O  ./Sars_cov_2_SRR11178056.ovlStore \
     -counts \
     > ./Sars_cov_2_SRR11178056.ovlStore/counts.dat 2> ./Sars_cov_2_SRR11178056.ovlStore/counts.err

-- Finished on Sun May 24 21:57:15 2020 (like a bat out of hell) with 36.533 GB free disk space
----------------------------------------
--
-- Overlap store 'correction/Sars_cov_2_SRR11178056.ovlStore' successfully constructed.
-- Found 5522606 overlaps for 4577 reads; 29862 reads have no overlaps.
--
--
-- Purged 0.114 GB in 9 overlap output files.
-- No change in report.
-- Finished stage 'cor-createOverlapStore', reset canuIteration.
-- Set corMinCoverage=4 based on read coverage of 200.
-- Global filter scores will be estimated.
-- Computing correction layouts.
----------------------------------------
-- Starting command on Sun May 24 21:57:15 2020 with 36.648 GB free disk space

    cd correction
    /home/matheus/processamento_workflow/canu/Linux-amd64/bin/generateCorrectionLayouts \
      -S ../Sars_cov_2_SRR11178056.seqStore \
      -O  ./Sars_cov_2_SRR11178056.ovlStore \
      -C  ./Sars_cov_2_SRR11178056.corStore.WORKING \
      -eC 80 \
    > ./Sars_cov_2_SRR11178056.corStore.err 2>&1

-- Finished on Sun May 24 21:57:16 2020 (one second) with 36.639 GB free disk space
----------------------------------------
-- No change in report.
-- Finished stage 'cor-buildCorrectionLayoutsConfigure', reset canuIteration.
-- Computing correction layouts.
----------------------------------------
-- Starting command on Sun May 24 21:57:16 2020 with 36.639 GB free disk space

    cd correction/2-correction
    /home/matheus/processamento_workflow/canu/Linux-amd64/bin/filterCorrectionLayouts \
      -S  ../../Sars_cov_2_SRR11178056.seqStore \
      -C     ../Sars_cov_2_SRR11178056.corStore \
      -R      ./Sars_cov_2_SRR11178056.readsToCorrect.WORKING \
      -cc 4 \
      -cl 1000 \
      -g  30000 \
      -c  40 \
    > ./Sars_cov_2_SRR11178056.readsToCorrect.err 2>&1

-- Finished on Sun May 24 21:57:16 2020 (fast as lightning) with 36.636 GB free disk space
----------------------------------------
--                             original      original
--                            raw reads     raw reads
--   category                w/overlaps  w/o/overlaps
--   -------------------- ------------- -------------
--   Number of Reads               4513         29926
--   Number of Bases            5924699         74629
--   Coverage                   197.490         2.488
--   Median                        1194             0
--   Mean                          1312             2
--   N50                           1261          1149
--   Minimum                       1000             0
--   Maximum                       4374          2132
--   
--                                        --------corrected---------  ----------rescued----------
--                             evidence                     expected                     expected
--   category                     reads            raw     corrected            raw     corrected
--   -------------------- -------------  ------------- -------------  ------------- -------------
--   Number of Reads               3872            656           656            596           596
--   Number of Bases            5199570        1257018       1200935         674501        661573
--   Coverage                   173.319         41.901        40.031         22.483        22.052
--   Median                        1230           1766          1731           1107          1095
--   Mean                          1342           1916          1830           1131          1110
--   N50                           1303           1832          1769           1116          1104
--   Minimum                       1000           1518          1514           1003          1001
--   Maximum                       4374           4374          3275           2107          1458
--   
--                        --------uncorrected--------
--                                           expected
--   category                       raw     corrected
--   -------------------- ------------- -------------
--   Number of Reads              33187         33187
--   Number of Bases            4067809       3471060
--   Coverage                   135.594       115.702
--   Median                           0             0
--   Mean                           122           104
--   N50                           1202          1157
--   Minimum                          0             0
--   Maximum                       3517          3500
--   
--   Maximum Memory           565529522
-- Report changed.
-- Finished stage 'cor-filterCorrectionLayouts', reset canuIteration.
-- Using overlaps no worse than 0.5 fraction error for correcting reads (from corErrorRate parameter).
--
-- Configuring correction jobs:
--   Jobs limited to 8 GB per job (via option corMemory).
--   Reads estimated to need at most 1 GB for computation.
--   Leaving 7 GB memory for read data.
----------------------------------------
-- Starting command on Sun May 24 21:57:16 2020 with 36.636 GB free disk space

    cd correction/2-correction
    ./correctReadsPartition.sh \
    > ./correctReadsPartition.err 2>&1

-- Finished on Sun May 24 21:57:16 2020 (furiously fast) with 36.636 GB free disk space
----------------------------------------
-- Using overlaps no worse than 0.5 fraction error for correcting reads (from corErrorRate parameter).
-- No change in report.
-- Finished stage 'cor-generateCorrectedReadsConfigure', reset canuIteration.
-- No change in report.
--
-- Running jobs.  First attempt out of 2.
----------------------------------------
-- Starting 'cor' concurrent execution on Sun May 24 21:57:16 2020 with 36.636 GB free disk space (1 processes; 1 concurrently)

    cd correction/2-correction
    ./correctReads.sh 1 > ./correctReads.000001.out 2>&1

-- Finished on Sun May 24 21:57:43 2020 (27 seconds) with 36.63 GB free disk space
----------------------------------------
-- Found 1 read correction output files.
-- No change in report.
-- Finished stage 'cor-generateCorrectedReadsCheck', reset canuIteration.
-- Found 1 read correction output files.
-- No change in report.
-- Finished stage 'cor-generateCorrectedReadsCheck', reset canuIteration.
--
-- Loading corrected reads into corStore and seqStore.
----------------------------------------
-- Starting command on Sun May 24 21:57:43 2020 with 36.63 GB free disk space

    cd correction
    /home/matheus/processamento_workflow/canu/Linux-amd64/bin/loadCorrectedReads \
      -S ../Sars_cov_2_SRR11178056.seqStore \
      -C ./Sars_cov_2_SRR11178056.corStore \
      -L ./2-correction/corjob.files \
    >  ./Sars_cov_2_SRR11178056.loadCorrectedReads.log \
    2> ./Sars_cov_2_SRR11178056.loadCorrectedReads.err

-- Finished on Sun May 24 21:57:43 2020 (fast as lightning) with 36.627 GB free disk space
----------------------------------------
----------------------------------------
-- Starting command on Sun May 24 21:57:43 2020 with 36.627 GB free disk space

    cd .
    /home/matheus/processamento_workflow/canu/Linux-amd64/bin/sqStoreDumpMetaData \
      -S ./Sars_cov_2_SRR11178056.seqStore \
      -corrected \
      -histogram \
      -lengths \
    > ./Sars_cov_2_SRR11178056.seqStore/readlengths-obt.dat \
    2> ./Sars_cov_2_SRR11178056.seqStore/readlengths-obt.err 
    

-- Finished on Sun May 24 21:57:43 2020 (furiously fast) with 36.627 GB free disk space
----------------------------------------
----------------------------------------
-- Starting command on Sun May 24 21:57:46 2020 with 36.627 GB free disk space

    cd .
    /home/matheus/processamento_workflow/canu/Linux-amd64/bin/sqStoreDumpMetaData \
      -S ./Sars_cov_2_SRR11178056.seqStore \
      -corrected \
      -histogram \
    > ./Sars_cov_2_SRR11178056.seqStore/readlengths-obt.txt \
    2> ./Sars_cov_2_SRR11178056.seqStore/readlengths-obt.err 
    

-- Finished on Sun May 24 21:57:46 2020 (lickety-split) with 36.627 GB free disk space
----------------------------------------
--
-- In sequence store './Sars_cov_2_SRR11178056.seqStore':
--   Found 1244 reads.
--   Found 1783955 bases (59.46 times coverage).
--    
--    G=1783955                          sum of  ||               length     num
--    NG         length     index       lengths  ||                range    seqs
--    ----- ------------ --------- ------------  ||  ------------------- -------
--    00010         2207        72       180367  ||         68-132             1|-
--    00020         1927       159       357643  ||        133-197             1|-
--    00030         1781       255       535413  ||        198-262             0|
--    00040         1686       358       713807  ||        263-327             1|-
--    00050         1611       467       893096  ||        328-392             6|---
--    00060         1529       580      1070475  ||        393-457             5|---
--    00070         1193       713      1249261  ||        458-522             8|----
--    00080         1098       869      1427546  ||        523-587             4|--
--    00090         1024      1038      1606537  ||        588-652             6|---
--    00100           68      1243      1783955  ||        653-717             7|----
--    001.000x                1244      1783955  ||        718-782             9|----
--                                               ||        783-847            15|-------
--                                               ||        848-912            15|-------
--                                               ||        913-977            37|-----------------
--                                               ||        978-1042          145|---------------------------------------------------------------
--                                               ||       1043-1107          135|-----------------------------------------------------------
--                                               ||       1108-1172          104|----------------------------------------------
--                                               ||       1173-1237           72|--------------------------------
--                                               ||       1238-1302           27|------------
--                                               ||       1303-1367           11|-----
--                                               ||       1368-1432            7|----
--                                               ||       1433-1497           20|---------
--                                               ||       1498-1562           74|---------------------------------
--                                               ||       1563-1627           97|-------------------------------------------
--                                               ||       1628-1692           87|--------------------------------------
--                                               ||       1693-1757           71|-------------------------------
--                                               ||       1758-1822           56|-------------------------
--                                               ||       1823-1887           35|----------------
--                                               ||       1888-1952           42|-------------------
--                                               ||       1953-2017           23|----------
--                                               ||       2018-2082           25|-----------
--                                               ||       2083-2147           18|--------
--                                               ||       2148-2212            8|----
--                                               ||       2213-2277           11|-----
--                                               ||       2278-2342           13|------
--                                               ||       2343-2407           13|------
--                                               ||       2408-2472            6|---
--                                               ||       2473-2537            8|----
--                                               ||       2538-2602            6|---
--                                               ||       2603-2667            4|--
--                                               ||       2668-2732            0|
--                                               ||       2733-2797            4|--
--                                               ||       2798-2862            1|-
--                                               ||       2863-2927            3|--
--                                               ||       2928-2992            1|-
--                                               ||       2993-3057            0|
--                                               ||       3058-3122            0|
--                                               ||       3123-3187            1|-
--                                               ||       3188-3252            0|
--                                               ||       3253-3317            1|-
--    
--
-- Purging correctReads output after loading into stores.
-- Purged 1 .cns outputs.
-- Purged 2 .out job log outputs.
--
-- Purging overlaps used for correction.
-- Report changed.
-- Finished stage 'cor-loadCorrectedReads', reset canuIteration.
----------------------------------------
-- Starting command on Sun May 24 21:57:46 2020 with 36.739 GB free disk space

    cd .
    /home/matheus/processamento_workflow/canu/Linux-amd64/bin/sqStoreDumpFASTQ \
      -corrected \
      -S ./Sars_cov_2_SRR11178056.seqStore \
      -o ./Sars_cov_2_SRR11178056.correctedReads.gz \
      -fasta \
      -nolibname \
    > Sars_cov_2_SRR11178056.correctedReads.fasta.err 2>&1

-- Finished on Sun May 24 21:57:46 2020 (like a bat out of hell) with 36.738 GB free disk space
----------------------------------------
--
-- Corrected reads saved in 'Sars_cov_2_SRR11178056.correctedReads.fasta.gz'.
-- No change in report.
-- Finished stage 'cor-dumpCorrectedReads', reset canuIteration.
--
--
-- BEGIN TRIMMING
--
-- No change in report.
----------------------------------------
-- Starting command on Sun May 24 21:57:46 2020 with 36.738 GB free disk space

    cd trimming/0-mercounts
    ./meryl-configure.sh \
    > ./meryl-configure.err 2>&1

-- Finished on Sun May 24 21:57:47 2020 (one second) with 36.738 GB free disk space
----------------------------------------
--  segments   memory batches
--  -------- -------- -------
--        01  0.07 GB       1
--
--  For 1244 reads with 1783955 bases, limit to 1 batch.
--  Will count kmers using 01 jobs, each using 2 GB and 4 threads.
--
-- No change in report.
-- Finished stage 'merylConfigure', reset canuIteration.
-- No change in report.
--
-- Running jobs.  First attempt out of 2.
----------------------------------------
-- Starting 'meryl' concurrent execution on Sun May 24 21:57:47 2020 with 36.738 GB free disk space (1 processes; 1 concurrently)

    cd trimming/0-mercounts
    ./meryl-count.sh 1 > ./meryl-count.000001.out 2>&1

-- Finished on Sun May 24 21:57:48 2020 (one second) with 36.736 GB free disk space
----------------------------------------
-- Found 1 Kmer counting (meryl) outputs.
-- No change in report.
-- Finished stage 'obt-merylCountCheck', reset canuIteration.
-- No change in report.
--
-- Running jobs.  First attempt out of 2.
----------------------------------------
-- Starting 'meryl' concurrent execution on Sun May 24 21:57:48 2020 with 36.736 GB free disk space (1 processes; 1 concurrently)

    cd trimming/0-mercounts
    ./meryl-process.sh 1 > ./meryl-process.000001.out 2>&1

-- Finished on Sun May 24 21:57:49 2020 (one second) with 36.737 GB free disk space
----------------------------------------
-- Meryl finished successfully.  Kmer frequency histogram:
--
--  22-mers                                                                                           Fraction
--    Occurrences   NumMers                                                                         Unique Total
--       1-     1         0                                                                        0.0000 0.0000
--       2-     2     15036 ********************************************************************** 0.2005 0.0189
--       3-     4     10852 **************************************************                     0.2876 0.0312
--       5-     7      6358 *****************************                                          0.3839 0.0512
--       8-    11      3882 ******************                                                     0.4459 0.0711
--      12-    16      4790 **********************                                                 0.4959 0.0959
--      17-    22      4742 **********************                                                 0.5537 0.1358
--      23-    29      7408 **********************************                                     0.6276 0.2087
--      30-    37      7065 ********************************                                       0.7210 0.3273
--      38-    46      5736 **************************                                             0.8127 0.4772
--      47-    56      4246 *******************                                                    0.8838 0.6215
--      57-    67      2353 **********                                                             0.9421 0.7669
--      68-    79       871 ****                                                                   0.9679 0.8425
--      80-    92      1042 ****                                                                   0.9786 0.8796
--      93-   106       502 **                                                                     0.9930 0.9389
--     107-   121        21                                                                        0.9986 0.9646
--     122-   137        22                                                                        0.9989 0.9661
--     138-   154        20                                                                        0.9991 0.9674
--     155-   172         2                                                                        0.9993 0.9691
--     173-   191         0                                                                        0.0000 0.0000
--     192-   211         0                                                                        0.0000 0.0000
--     212-   232         0                                                                        0.0000 0.0000
--     233-   254         0                                                                        0.0000 0.0000
--     255-   277         1                                                                        0.9994 0.9694
--     278-   301         1                                                                        0.9994 0.9696
--     302-   326         0                                                                        0.0000 0.0000
--     327-   352         1                                                                        0.9994 0.9698
--     353-   379         0                                                                        0.0000 0.0000
--     380-   407         0                                                                        0.0000 0.0000
--     408-   436         1                                                                        0.9994 0.9701
--     437-   466         0                                                                        0.0000 0.0000
--     467-   497         1                                                                        0.9994 0.9704
--     498-   529         0                                                                        0.0000 0.0000
--     530-   562         1                                                                        0.9994 0.9707
--     563-   596         0                                                                        0.0000 0.0000
--     597-   631         1                                                                        0.9994 0.9711
--     632-   667         1                                                                        0.9995 0.9715
--     668-   704         2                                                                        0.9995 0.9720
--     705-   742         2                                                                        0.9995 0.9729
--     743-   781         2                                                                        0.9995 0.9738
--     782-   821         3                                                                        0.9995 0.9748
--
--           0 (max occurrences)
--     1590367 (total mers, non-unique)
--       74997 (distinct mers, non-unique)
--           0 (unique mers)
-- Report changed.
-- Finished stage 'meryl-process', reset canuIteration.
--
-- Removing meryl database 'trimming/0-mercounts/Sars_cov_2_SRR11178056.ms22'.
--
-- OVERLAPPER (normal) (trimming) erate=0.12
--
----------------------------------------
-- Starting command on Sun May 24 21:57:49 2020 with 36.738 GB free disk space

    cd trimming/1-overlapper
    /home/matheus/processamento_workflow/canu/Linux-amd64/bin/overlapInCorePartition \
     -S  ../../Sars_cov_2_SRR11178056.seqStore \
     -hl 80000000 \
     -rl 1000000000 \
     -ol 500 \
     -o  ./Sars_cov_2_SRR11178056.partition \
    > ./Sars_cov_2_SRR11178056.partition.err 2>&1

-- Finished on Sun May 24 21:57:49 2020 (furiously fast) with 36.738 GB free disk space
----------------------------------------
--
-- Configured 1 overlapInCore jobs.
-- No change in report.
-- Finished stage 'obt-overlapConfigure', reset canuIteration.
-- No change in report.
--
-- Running jobs.  First attempt out of 2.
----------------------------------------
-- Starting 'obtovl' concurrent execution on Sun May 24 21:57:49 2020 with 36.738 GB free disk space (1 processes; 1 concurrently)

    cd trimming/1-overlapper
    ./overlap.sh 1 > ./overlap.000001.out 2>&1

-- Finished on Sun May 24 21:58:00 2020 (11 seconds) with 36.737 GB free disk space
----------------------------------------
-- Found 1 overlapInCore output files.
--
-- overlapInCore compute 'trimming/1-overlapper':
--   kmer hits
--     with no overlap          1034023     1034023 +- 0
--     with an overlap            34212       34212 +- 0
--
--   overlaps                     34211       34211 +- 0
--     contained                      0           0 +- 0
--     dovetail                       0           0 +- 0
--
--   overlaps rejected
--     multiple per pair              0           0 +- 0
--     bad short window               0           0 +- 0
--     bad long window                0           0 +- 0
-- No change in report.
-- Finished stage 'obt-overlapCheck', reset canuIteration.
----------------------------------------
-- Starting command on Sun May 24 21:58:00 2020 with 36.737 GB free disk space

    cd trimming
    /home/matheus/processamento_workflow/canu/Linux-amd64/bin/ovStoreConfig \
     -S ../Sars_cov_2_SRR11178056.seqStore \
     -M 3 \
     -L ./1-overlapper/ovljob.files \
     -create ./Sars_cov_2_SRR11178056.ovlStore.config \
     > ./Sars_cov_2_SRR11178056.ovlStore.config.txt \
    2> ./Sars_cov_2_SRR11178056.ovlStore.config.err

-- Finished on Sun May 24 21:58:00 2020 (furiously fast) with 36.737 GB free disk space
----------------------------------------
--
-- Creating overlap store trimming/Sars_cov_2_SRR11178056.ovlStore using:
--      1 bucket
--      2 slices
--        using at most 1 GB memory each
-- No change in report.
-- Finished stage 'obt-overlapStoreConfigure', reset canuIteration.
-- No change in report.
--
-- Running jobs.  First attempt out of 2.
----------------------------------------
-- Starting 'ovB' concurrent execution on Sun May 24 21:58:00 2020 with 36.737 GB free disk space (1 processes; 2 concurrently)

    cd trimming/Sars_cov_2_SRR11178056.ovlStore.BUILDING
    ./scripts/1-bucketize.sh 1 > ./logs/1-bucketize.000001.out 2>&1

-- Finished on Sun May 24 21:58:00 2020 (fast as lightning) with 36.736 GB free disk space
----------------------------------------
-- Overlap store bucketizer finished.
-- No change in report.
-- Finished stage 'obt-overlapStoreBucketizerCheck', reset canuIteration.
-- No change in report.
--
-- Running jobs.  First attempt out of 2.
----------------------------------------
-- Starting 'ovS' concurrent execution on Sun May 24 21:58:00 2020 with 36.736 GB free disk space (2 processes; 1 concurrently)

    cd trimming/Sars_cov_2_SRR11178056.ovlStore.BUILDING
    ./scripts/2-sort.sh 1 > ./logs/2-sort.000001.out 2>&1
    ./scripts/2-sort.sh 2 > ./logs/2-sort.000002.out 2>&1

-- Finished on Sun May 24 21:58:01 2020 (one second) with 36.732 GB free disk space
----------------------------------------
-- Overlap store sorter finished.
-- No change in report.
-- Finished stage 'obt-overlapStoreSorterCheck', reset canuIteration.
----------------------------------------
-- Starting command on Sun May 24 21:58:01 2020 with 36.732 GB free disk space

    cd trimming
    /home/matheus/processamento_workflow/canu/Linux-amd64/bin/ovStoreIndexer \
      -O  ./Sars_cov_2_SRR11178056.ovlStore.BUILDING \
      -S ../Sars_cov_2_SRR11178056.seqStore \
      -C  ./Sars_cov_2_SRR11178056.ovlStore.config \
      -delete \
    > ./Sars_cov_2_SRR11178056.ovlStore.BUILDING.index.err 2>&1

-- Finished on Sun May 24 21:58:01 2020 (like a bat out of hell) with 36.733 GB free disk space
----------------------------------------
-- Checking store.
----------------------------------------
-- Starting command on Sun May 24 21:58:01 2020 with 36.733 GB free disk space

    cd trimming
    /home/matheus/processamento_workflow/canu/Linux-amd64/bin/ovStoreDump \
     -S ../Sars_cov_2_SRR11178056.seqStore \
     -O  ./Sars_cov_2_SRR11178056.ovlStore \
     -counts \
     > ./Sars_cov_2_SRR11178056.ovlStore/counts.dat 2> ./Sars_cov_2_SRR11178056.ovlStore/counts.err

-- Finished on Sun May 24 21:58:01 2020 (lickety-split) with 36.733 GB free disk space
----------------------------------------
--
-- Overlap store 'trimming/Sars_cov_2_SRR11178056.ovlStore' successfully constructed.
-- Found 68424 overlaps for 1187 reads; 33252 reads have no overlaps.
--
--
-- Purged 0 GB in 3 overlap output files.
-- No change in report.
-- Finished stage 'obt-createOverlapStore', reset canuIteration.
----------------------------------------
-- Starting command on Sun May 24 21:58:01 2020 with 36.734 GB free disk space

    cd trimming/3-overlapbasedtrimming
    /home/matheus/processamento_workflow/canu/Linux-amd64/bin/trimReads \
      -S  ../../Sars_cov_2_SRR11178056.seqStore \
      -O  ../Sars_cov_2_SRR11178056.ovlStore \
      -Co ./Sars_cov_2_SRR11178056.1.trimReads.clear \
      -e  0.12 \
      -minlength 1000 \
      -ol 500 \
      -oc 2 \
      -o  ./Sars_cov_2_SRR11178056.1.trimReads \
    >     ./Sars_cov_2_SRR11178056.1.trimReads.err 2>&1

-- Finished on Sun May 24 21:58:02 2020 (one second) with 36.733 GB free disk space
----------------------------------------
--  PARAMETERS:
--  ----------
--     1000    (reads trimmed below this many bases are deleted)
--   0.1200    (use overlaps at or below this fraction error)
--      500    (break region if overlap is less than this long, for 'largest covered' algorithm)
--        2    (break region if overlap coverage is less than this many reads, for 'largest covered' algorithm)
--  
--  INPUT READS:
--  -----------
--   34439 reads      1783955 bases (reads processed)
--       0 reads            0 bases (reads not processed, previously deleted)
--       0 reads            0 bases (reads not processed, in a library where trimming isn't allowed)
--  
--  OUTPUT READS:
--  ------------
--     849 reads      1299522 bases (trimmed reads output)
--     108 reads       154146 bases (reads with no change, kept as is)
--   33252 reads        41194 bases (reads with no overlaps, deleted)
--     230 reads       231023 bases (reads with short trimmed length, deleted)
--  
--  TRIMMING DETAILS:
--  ----------------
--     628 reads        31346 bases (bases trimmed from the 5' end of a read)
--     659 reads        26724 bases (bases trimmed from the 3' end of a read)
-- Report changed.
-- Finished stage 'obt-trimReads', reset canuIteration.
----------------------------------------
-- Starting command on Sun May 24 21:58:02 2020 with 36.733 GB free disk space

    cd trimming/3-overlapbasedtrimming
    /home/matheus/processamento_workflow/canu/Linux-amd64/bin/splitReads \
      -S  ../../Sars_cov_2_SRR11178056.seqStore \
      -O  ../Sars_cov_2_SRR11178056.ovlStore \
      -Ci ./Sars_cov_2_SRR11178056.1.trimReads.clear \
      -Co ./Sars_cov_2_SRR11178056.2.splitReads.clear \
      -e  0.12 \
      -minlength 1000 \
      -o  ./Sars_cov_2_SRR11178056.2.splitReads \
    >     ./Sars_cov_2_SRR11178056.2.splitReads.err 2>&1

-- Finished on Sun May 24 21:58:02 2020 (like a bat out of hell) with 36.733 GB free disk space
----------------------------------------
--  PARAMETERS:
--  ----------
--     1000    (reads trimmed below this many bases are deleted)
--   0.1200    (use overlaps at or below this fraction error)
--  INPUT READS:
--  -----------
--     957 reads      1511738 bases (reads processed)
--   33482 reads       272217 bases (reads not processed, previously deleted)
--       0 reads            0 bases (reads not processed, in a library where trimming isn't allowed)
--  
--  PROCESSED:
--  --------
--       0 reads            0 bases (no overlaps)
--       1 reads         1282 bases (no coverage after adjusting for trimming done already)
--       0 reads            0 bases (processed for chimera)
--       0 reads            0 bases (processed for spur)
--     956 reads      1510456 bases (processed for subreads)
--  
--  READS WITH SIGNALS:
--  ------------------
--       0 reads            0 signals (number of 5' spur signal)
--       0 reads            0 signals (number of 3' spur signal)
--       0 reads            0 signals (number of chimera signal)
--       0 reads            0 signals (number of subread signal)
--  
--  SIGNALS:
--  -------
--       0 reads            0 bases (size of 5' spur signal)
--       0 reads            0 bases (size of 3' spur signal)
--       0 reads            0 bases (size of chimera signal)
--       0 reads            0 bases (size of subread signal)
--  
--  TRIMMING:
--  --------
--       0 reads            0 bases (trimmed from the 5' end of the read)
--       0 reads            0 bases (trimmed from the 3' end of the read)
-- Report changed.
-- Finished stage 'obt-splitReads', reset canuIteration.
----------------------------------------
-- Starting command on Sun May 24 21:58:02 2020 with 36.733 GB free disk space

    cd trimming/3-overlapbasedtrimming
    /home/matheus/processamento_workflow/canu/Linux-amd64/bin/loadTrimmedReads \
      -S ../../Sars_cov_2_SRR11178056.seqStore \
      -c ./Sars_cov_2_SRR11178056.2.splitReads.clear \
    > ./Sars_cov_2_SRR11178056.loadTrimmedReads.err 2>&1

-- Finished on Sun May 24 21:58:02 2020 (like a bat out of hell) with 36.73 GB free disk space
----------------------------------------
----------------------------------------
-- Starting command on Sun May 24 21:58:02 2020 with 36.731 GB free disk space

    cd .
    /home/matheus/processamento_workflow/canu/Linux-amd64/bin/sqStoreDumpMetaData \
      -S ./Sars_cov_2_SRR11178056.seqStore \
      -corrected -trimmed \
      -histogram \
      -lengths \
    > ./Sars_cov_2_SRR11178056.seqStore/readlengths-utg.dat \
    2> ./Sars_cov_2_SRR11178056.seqStore/readlengths-utg.err 
    

-- Finished on Sun May 24 21:58:02 2020 (like a bat out of hell) with 36.731 GB free disk space
----------------------------------------
----------------------------------------
-- Starting command on Sun May 24 21:58:02 2020 with 36.731 GB free disk space

    cd .
    /home/matheus/processamento_workflow/canu/Linux-amd64/bin/sqStoreDumpMetaData \
      -S ./Sars_cov_2_SRR11178056.seqStore \
      -corrected -trimmed \
      -histogram \
    > ./Sars_cov_2_SRR11178056.seqStore/readlengths-utg.txt \
    2> ./Sars_cov_2_SRR11178056.seqStore/readlengths-utg.err 
    

-- Finished on Sun May 24 21:58:02 2020 (fast as lightning) with 36.731 GB free disk space
----------------------------------------
--
-- In sequence store './Sars_cov_2_SRR11178056.seqStore':
--   Found 957 reads.
--   Found 1453668 bases (48.45 times coverage).
--    
--    G=1453668                          sum of  ||               length     num
--    NG         length     index       lengths  ||                range    seqs
--    ----- ------------ --------- ------------  ||  ------------------- -------
--    00010         2197        59       145720  ||       1000-1045           83|-------------------------------------------------------------
--    00020         1909       131       291648  ||       1046-1091           86|---------------------------------------------------------------
--    00030         1779       210       437216  ||       1092-1137           78|----------------------------------------------------------
--    00040         1674       294       581930  ||       1138-1183           48|------------------------------------
--    00050         1607       383       727689  ||       1184-1229           30|----------------------
--    00060         1543       475       872327  ||       1230-1275           14|-----------
--    00070         1448       572      1018192  ||       1276-1321            9|-------
--    00080         1161       686      1163634  ||       1322-1367            6|-----
--    00090         1073       817      1309282  ||       1368-1413            8|------
--    00100         1000       956      1453668  ||       1414-1459           26|--------------------
--    001.000x                 957      1453668  ||       1460-1505           44|---------------------------------
--                                               ||       1506-1551           65|------------------------------------------------
--                                               ||       1552-1597           66|-------------------------------------------------
--                                               ||       1598-1643           62|----------------------------------------------
--                                               ||       1644-1689           52|---------------------------------------
--                                               ||       1690-1735           42|-------------------------------
--                                               ||       1736-1781           29|----------------------
--                                               ||       1782-1827           30|----------------------
--                                               ||       1828-1873           25|-------------------
--                                               ||       1874-1919           26|--------------------
--                                               ||       1920-1965           13|----------
--                                               ||       1966-2011           17|-------------
--                                               ||       2012-2057           13|----------
--                                               ||       2058-2103           11|---------
--                                               ||       2104-2149            7|------
--                                               ||       2150-2195            7|------
--                                               ||       2196-2241           14|-----------
--                                               ||       2242-2287            6|-----
--                                               ||       2288-2333            7|------
--                                               ||       2334-2379            3|---
--                                               ||       2380-2425            6|-----
--                                               ||       2426-2471            6|-----
--                                               ||       2472-2517            4|---
--                                               ||       2518-2563            2|--
--                                               ||       2564-2609            1|-
--                                               ||       2610-2655            0|
--                                               ||       2656-2701            4|---
--                                               ||       2702-2747            1|-
--                                               ||       2748-2793            1|-
--                                               ||       2794-2839            1|-
--                                               ||       2840-2885            0|
--                                               ||       2886-2931            2|--
--                                               ||       2932-2977            0|
--                                               ||       2978-3023            0|
--                                               ||       3024-3069            0|
--                                               ||       3070-3115            1|-
--                                               ||       3116-3161            0|
--                                               ||       3162-3207            0|
--                                               ||       3208-3253            0|
--                                               ||       3254-3299            1|-
--    
--
-- Purging overlaps used for trimming.
-- Report changed.
-- Finished stage 'obt-dumpReads', reset canuIteration.
----------------------------------------
-- Starting command on Sun May 24 21:58:02 2020 with 36.735 GB free disk space

    cd .
    /home/matheus/processamento_workflow/canu/Linux-amd64/bin/sqStoreDumpFASTQ \
      -trimmed \
      -S ./Sars_cov_2_SRR11178056.seqStore \
      -o ./Sars_cov_2_SRR11178056.trimmedReads.gz \
      -fasta \
      -trimmed -normal -nolibname \
    > ./Sars_cov_2_SRR11178056.trimmedReads.fasta.err 2>&1

-- Finished on Sun May 24 21:58:02 2020 (furiously fast) with 36.734 GB free disk space
----------------------------------------
--
-- Trimmed reads saved in 'Sars_cov_2_SRR11178056.trimmedReads.fasta.gz'.
-- No change in report.
-- Finished stage 'cor-dumpTrimmedReads', reset canuIteration.
--
--
-- BEGIN ASSEMBLY
--
-- No change in report.
----------------------------------------
-- Starting command on Sun May 24 21:58:02 2020 with 36.734 GB free disk space

    cd unitigging/0-mercounts
    ./meryl-configure.sh \
    > ./meryl-configure.err 2>&1

-- Finished on Sun May 24 21:58:02 2020 (furiously fast) with 36.734 GB free disk space
----------------------------------------
--  segments   memory batches
--  -------- -------- -------
--        01  0.07 GB       1
--
--  For 957 reads with 1453668 bases, limit to 1 batch.
--  Will count kmers using 01 jobs, each using 2 GB and 4 threads.
--
-- No change in report.
-- Finished stage 'merylConfigure', reset canuIteration.
-- No change in report.
--
-- Running jobs.  First attempt out of 2.
----------------------------------------
-- Starting 'meryl' concurrent execution on Sun May 24 21:58:02 2020 with 36.734 GB free disk space (1 processes; 1 concurrently)

    cd unitigging/0-mercounts
    ./meryl-count.sh 1 > ./meryl-count.000001.out 2>&1

-- Finished on Sun May 24 21:58:04 2020 (2 seconds) with 36.733 GB free disk space
----------------------------------------
-- Found 1 Kmer counting (meryl) outputs.
-- No change in report.
-- Finished stage 'utg-merylCountCheck', reset canuIteration.
-- No change in report.
--
-- Running jobs.  First attempt out of 2.
----------------------------------------
-- Starting 'meryl' concurrent execution on Sun May 24 21:58:04 2020 with 36.733 GB free disk space (1 processes; 1 concurrently)

    cd unitigging/0-mercounts
    ./meryl-process.sh 1 > ./meryl-process.000001.out 2>&1

-- Finished on Sun May 24 21:58:05 2020 (one second) with 36.733 GB free disk space
----------------------------------------
-- Meryl finished successfully.  Kmer frequency histogram:
--
--  22-mers                                                                                           Fraction
--    Occurrences   NumMers                                                                         Unique Total
--       1-     1         0                                                                        0.0000 0.0000
--       2-     2      8788 ********************************************************************** 0.1471 0.0129
--       3-     4      6717 *****************************************************                  0.2112 0.0213
--       5-     7      4867 **************************************                                 0.2975 0.0381
--       8-    11      2775 **********************                                                 0.3545 0.0551
--      12-    16      4067 ********************************                                       0.4043 0.0785
--      17-    22      4843 **************************************                                 0.4647 0.1173
--      23-    29      7674 *************************************************************          0.5591 0.2035
--      30-    37      6672 *****************************************************                  0.6791 0.3446
--      38-    46      6011 ***********************************************                        0.7896 0.5126
--      47-    56      4779 **************************************                                 0.8839 0.6898
--      57-    67      1416 ***********                                                            0.9638 0.8730
--      68-    79       526 ****                                                                   0.9823 0.9227
--      80-    92       459 ***                                                                    0.9908 0.9506
--      93-   106        94                                                                        0.9977 0.9759
--     107-   121         0                                                                        0.0000 0.0000
--     122-   137         1                                                                        0.9992 0.9823
--     138-   154         0                                                                        0.0000 0.0000
--     155-   172         1                                                                        0.9992 0.9824
--     173-   191         1                                                                        0.9992 0.9826
--     192-   211         0                                                                        0.0000 0.0000
--     212-   232         1                                                                        0.9993 0.9827
--     233-   254         1                                                                        0.9993 0.9829
--     255-   277         3                                                                        0.9993 0.9831
--     278-   301         3                                                                        0.9993 0.9837
--     302-   326         1                                                                        0.9994 0.9844
--     327-   352         2                                                                        0.9994 0.9846
--     353-   379         3                                                                        0.9994 0.9851
--     380-   407         2                                                                        0.9995 0.9860
--     408-   436         0                                                                        0.0000 0.0000
--     437-   466         1                                                                        0.9995 0.9866
--     467-   497         1                                                                        0.9995 0.9869
--     498-   529         1                                                                        0.9996 0.9873
--     530-   562         1                                                                        0.9996 0.9877
--     563-   596         1                                                                        0.9996 0.9881
--     597-   631         4                                                                        0.9996 0.9886
--     632-   667         2                                                                        0.9997 0.9904
--     668-   704        15                                                                        0.9997 0.9919
--     705-   742         3                                                                        1.0000 0.9989
--
--           0 (max occurrences)
--     1362176 (total mers, non-unique)
--       59736 (distinct mers, non-unique)
--           0 (unique mers)
-- Report changed.
-- Finished stage 'meryl-process', reset canuIteration.
--
-- Removing meryl database 'unitigging/0-mercounts/Sars_cov_2_SRR11178056.ms22'.
--
-- OVERLAPPER (normal) (assembly) erate=0.12
--
----------------------------------------
-- Starting command on Sun May 24 21:58:05 2020 with 36.734 GB free disk space

    cd unitigging/1-overlapper
    /home/matheus/processamento_workflow/canu/Linux-amd64/bin/overlapInCorePartition \
     -S  ../../Sars_cov_2_SRR11178056.seqStore \
     -hl 80000000 \
     -rl 1000000000 \
     -ol 500 \
     -o  ./Sars_cov_2_SRR11178056.partition \
    > ./Sars_cov_2_SRR11178056.partition.err 2>&1

-- Finished on Sun May 24 21:58:05 2020 (lickety-split) with 36.734 GB free disk space
----------------------------------------
--
-- Configured 1 overlapInCore jobs.
-- No change in report.
-- Finished stage 'utg-overlapConfigure', reset canuIteration.
-- No change in report.
--
-- Running jobs.  First attempt out of 2.
----------------------------------------
-- Starting 'utgovl' concurrent execution on Sun May 24 21:58:05 2020 with 36.734 GB free disk space (1 processes; 1 concurrently)

    cd unitigging/1-overlapper
    ./overlap.sh 1 > ./overlap.000001.out 2>&1

-- Finished on Sun May 24 21:58:12 2020 (7 seconds) with 36.733 GB free disk space
----------------------------------------
-- Found 1 overlapInCore output files.
--
-- overlapInCore compute 'unitigging/1-overlapper':
--   kmer hits
--     with no overlap           296436      296436 +- 0
--     with an overlap            24834       24834 +- 0
--
--   overlaps                     24834       24834 +- 0
--     contained                   7259        7259 +- 0
--     dovetail                   17575       17575 +- 0
--
--   overlaps rejected
--     multiple per pair              0           0 +- 0
--     bad short window               0           0 +- 0
--     bad long window                0           0 +- 0
-- No change in report.
-- Finished stage 'utg-overlapCheck', reset canuIteration.
----------------------------------------
-- Starting command on Sun May 24 21:58:12 2020 with 36.733 GB free disk space

    cd unitigging
    /home/matheus/processamento_workflow/canu/Linux-amd64/bin/ovStoreConfig \
     -S ../Sars_cov_2_SRR11178056.seqStore \
     -M 3 \
     -L ./1-overlapper/ovljob.files \
     -create ./Sars_cov_2_SRR11178056.ovlStore.config \
     > ./Sars_cov_2_SRR11178056.ovlStore.config.txt \
    2> ./Sars_cov_2_SRR11178056.ovlStore.config.err

-- Finished on Sun May 24 21:58:12 2020 (fast as lightning) with 36.733 GB free disk space
----------------------------------------
--
-- Creating overlap store unitigging/Sars_cov_2_SRR11178056.ovlStore using:
--      1 bucket
--      2 slices
--        using at most 1 GB memory each
-- No change in report.
-- Finished stage 'utg-overlapStoreConfigure', reset canuIteration.
-- No change in report.
--
-- Running jobs.  First attempt out of 2.
----------------------------------------
-- Starting 'ovB' concurrent execution on Sun May 24 21:58:12 2020 with 36.733 GB free disk space (1 processes; 2 concurrently)

    cd unitigging/Sars_cov_2_SRR11178056.ovlStore.BUILDING
    ./scripts/1-bucketize.sh 1 > ./logs/1-bucketize.000001.out 2>&1

-- Finished on Sun May 24 21:58:12 2020 (lickety-split) with 36.733 GB free disk space
----------------------------------------
-- Overlap store bucketizer finished.
-- No change in report.
-- Finished stage 'utg-overlapStoreBucketizerCheck', reset canuIteration.
-- No change in report.
--
-- Running jobs.  First attempt out of 2.
----------------------------------------
-- Starting 'ovS' concurrent execution on Sun May 24 21:58:12 2020 with 36.733 GB free disk space (2 processes; 1 concurrently)

    cd unitigging/Sars_cov_2_SRR11178056.ovlStore.BUILDING
    ./scripts/2-sort.sh 1 > ./logs/2-sort.000001.out 2>&1
    ./scripts/2-sort.sh 2 > ./logs/2-sort.000002.out 2>&1

-- Finished on Sun May 24 21:58:13 2020 (one second) with 36.729 GB free disk space
----------------------------------------
-- Overlap store sorter finished.
-- No change in report.
-- Finished stage 'utg-overlapStoreSorterCheck', reset canuIteration.
----------------------------------------
-- Starting command on Sun May 24 21:58:13 2020 with 36.729 GB free disk space

    cd unitigging
    /home/matheus/processamento_workflow/canu/Linux-amd64/bin/ovStoreIndexer \
      -O  ./Sars_cov_2_SRR11178056.ovlStore.BUILDING \
      -S ../Sars_cov_2_SRR11178056.seqStore \
      -C  ./Sars_cov_2_SRR11178056.ovlStore.config \
      -delete \
    > ./Sars_cov_2_SRR11178056.ovlStore.BUILDING.index.err 2>&1

-- Finished on Sun May 24 21:58:13 2020 (like a bat out of hell) with 36.73 GB free disk space
----------------------------------------
-- Checking store.
----------------------------------------
-- Starting command on Sun May 24 21:58:13 2020 with 36.73 GB free disk space

    cd unitigging
    /home/matheus/processamento_workflow/canu/Linux-amd64/bin/ovStoreDump \
     -S ../Sars_cov_2_SRR11178056.seqStore \
     -O  ./Sars_cov_2_SRR11178056.ovlStore \
     -counts \
     > ./Sars_cov_2_SRR11178056.ovlStore/counts.dat 2> ./Sars_cov_2_SRR11178056.ovlStore/counts.err

-- Finished on Sun May 24 21:58:13 2020 (lickety-split) with 36.729 GB free disk space
----------------------------------------
--
-- Overlap store 'unitigging/Sars_cov_2_SRR11178056.ovlStore' successfully constructed.
-- Found 49668 overlaps for 956 reads; 33483 reads have no overlaps.
--
--
-- Purged 0 GB in 3 overlap output files.
----------------------------------------
-- Starting command on Sun May 24 21:58:13 2020 with 36.73 GB free disk space

    cd unitigging
    /home/matheus/processamento_workflow/canu/Linux-amd64/bin/ovStoreStats \
     -C 48 \
     -S ../Sars_cov_2_SRR11178056.seqStore \
     -O  ./Sars_cov_2_SRR11178056.ovlStore \
     -o  ./Sars_cov_2_SRR11178056.ovlStore \
     > ./Sars_cov_2_SRR11178056.ovlStore.summary.err 2>&1

-- Finished on Sun May 24 21:58:13 2020 (fast as lightning) with 36.73 GB free disk space
----------------------------------------
--
-- Overlap store 'unitigging/Sars_cov_2_SRR11178056.ovlStore' contains:
--
--   category            reads     %          read length        feature size or coverage  analysis
--   ----------------  -------  -------  ----------------------  ------------------------  --------------------
--   middle-missing          0    0.00        0.00 +- 0.00             0.00 +- 0.00       (bad trimming)
--   middle-hump             1    0.10     1066.00 +- 0.00             2.00 +- 0.00       (bad trimming)
--   no-5-prime             12    1.25     1359.42 +- 270.71          78.17 +- 115.87     (bad trimming)
--   no-3-prime              8    0.84     1318.25 +- 331.96          12.62 +- 17.49      (bad trimming)
--   
--   low-coverage           30    3.13     1238.93 +- 230.12           5.19 +- 2.67       (easy to assemble, potential for lower quality consensus)
--   unique                472   49.32     1525.96 +- 376.73          40.87 +- 11.79      (easy to assemble, perfect, yay)
--   repeat-cont             0    0.00        0.00 +- 0.00             0.00 +- 0.00       (potential for consensus errors, no impact on assembly)
--   repeat-dove             0    0.00        0.00 +- 0.00             0.00 +- 0.00       (hard to assemble, likely won't assemble correctly or even at all)
--   
--   span-repeat            86    8.99     1493.47 +- 418.71         945.00 +- 264.77     (read spans a large repeat, usually easy to assemble)
--   uniq-repeat-cont      290   30.30     1455.31 +- 336.99                              (should be uniquely placed, low potential for consensus errors, no impact on assembly)
--   uniq-repeat-dove       57    5.96     2049.74 +- 394.98                              (will end contigs, potential to misassemble)
--   uniq-anchor             0    0.00        0.00 +- 0.00             0.00 +- 0.00       (repeat read, with unique section, probable bad read)
-- Report changed.
-- Finished stage 'utg-createOverlapStore', reset canuIteration.
--
-- Loading read lengths.
-- Loading number of overlaps per read.
--
-- Configure RED for 8gb memory.
--                   Batches of at most (unlimited) reads.
--                                      500000000 bases.
--                   Expecting evidence of at most 536870912 bases per iteration.
--
--           Total                                               Reads                 Olaps Evidence
--    Job   Memory      Read Range         Reads        Bases   Memory        Olaps   Memory   Memory  (Memory in MB)
--   ---- -------- ------------------- --------- ------------ -------- ------------ -------- --------
--      1  3283.29         1-34439          1244      1725885   210.72        49668     0.57  1024.00
--   ---- -------- ------------------- --------- ------------ -------- ------------ -------- --------
--                                                    1725885                 49668
-- No change in report.
-- Finished stage 'readErrorDetectionConfigure', reset canuIteration.
-- No change in report.
--
-- Running jobs.  First attempt out of 2.
----------------------------------------
-- Starting 'red' concurrent execution on Sun May 24 21:58:13 2020 with 36.73 GB free disk space (1 processes; 1 concurrently)

    cd unitigging/3-overlapErrorAdjustment
    ./red.sh 1 > ./red.000001.out 2>&1

-- Finished on Sun May 24 21:58:15 2020 (2 seconds) with 36.73 GB free disk space
----------------------------------------
-- Found 1 read error detection output files.
-- No change in report.
-- Finished stage 'readErrorDetectionCheck', reset canuIteration.
--
-- Loading read lengths.
-- Loading number of overlaps per read.
--
-- Configure OEA for 8gb memory.
--                   Batches of at most (unlimited) reads.
--                                      300000000 bases.
--
--           Total                                               Reads                 Olaps  Adjusts
--    Job   Memory      Read Range         Reads        Bases   Memory        Olaps   Memory   Memory  (Memory in MB)
--   ---- -------- ------------------- --------- ------------ -------- ------------ -------- --------
--      1  2380.17         1-34439          1244      1725885     9.68        49668     1.52   320.97
--   ---- -------- ------------------- --------- ------------ -------- ------------ -------- --------
--                                                    1725885                 49668
-- No change in report.
-- Finished stage 'overlapErrorAdjustmentConfigure', reset canuIteration.
-- No change in report.
--
-- Running jobs.  First attempt out of 2.
----------------------------------------
-- Starting 'oea' concurrent execution on Sun May 24 21:58:15 2020 with 36.73 GB free disk space (1 processes; 1 concurrently)

    cd unitigging/3-overlapErrorAdjustment
    ./oea.sh 1 > ./oea.000001.out 2>&1

-- Finished on Sun May 24 21:58:16 2020 (one second) with 36.73 GB free disk space
----------------------------------------
-- Found 1 overlap error adjustment output files.
-- No change in report.
-- Finished stage 'overlapErrorAdjustmentCheck', reset canuIteration.
----------------------------------------
-- Starting command on Sun May 24 21:58:16 2020 with 36.73 GB free disk space

    cd unitigging/3-overlapErrorAdjustment
    /home/matheus/processamento_workflow/canu/Linux-amd64/bin/loadErates \
      -S ../../Sars_cov_2_SRR11178056.seqStore \
      -O ../Sars_cov_2_SRR11178056.ovlStore \
      -L ./oea.files \
    > ./oea.apply.err 2>&1

-- Finished on Sun May 24 21:58:16 2020 (lickety-split) with 36.73 GB free disk space
----------------------------------------
-- No report available.
-- Report changed.
-- Finished stage 'updateOverlapStore', reset canuIteration.
-- Finished stage 'unitig', reset canuIteration.
-- No change in report.
-- No change in report.
--
-- Running jobs.  First attempt out of 2.
----------------------------------------
-- Starting 'bat' concurrent execution on Sun May 24 21:58:16 2020 with 36.73 GB free disk space (1 processes; 1 concurrently)

    cd unitigging/4-unitigger
    ./unitigger.sh 1 > ./unitigger.000001.out 2>&1

-- Finished on Sun May 24 21:58:17 2020 (one second) with 36.729 GB free disk space
----------------------------------------
-- Unitigger finished successfully.
-- Found, in version 1, after unitig construction:
--   contigs:      7 sequences, total length 42329 bp (including 0 repeats of total length 0 bp).
--   bubbles:      0 sequences, total length 0 bp.
--   unassembled:  60 sequences, total length 70044 bp.
--
-- Contig sizes based on genome size 30kbp:
--
--            NG (bp)  LG (contigs)    sum (bp)
--         ----------  ------------  ----------
--     10       29846             1       29846
--     20       29846             1       29846
--     30       29846             1       29846
--     40       29846             1       29846
--     50       29846             1       29846
--     60       29846             1       29846
--     70       29846             1       29846
--     80       29846             1       29846
--     90       29846             1       29846
--    100        2826             2       32672
--    110        2685             3       35357
--    120        2684             4       38041
--    130        1504             5       39545
--    140        1372             7       42329
--
-- Report changed.
-- Finished stage 'unitigCheck', reset canuIteration.
----------------------------------------
-- Starting command on Sun May 24 21:58:17 2020 with 36.729 GB free disk space

    cd unitigging
    /home/matheus/processamento_workflow/canu/Linux-amd64/bin/utgcns \
      -S ../Sars_cov_2_SRR11178056.seqStore \
      -T  ./Sars_cov_2_SRR11178056.ctgStore 1 \
      -partition 0.8 1 0.1 \
    > ./Sars_cov_2_SRR11178056.ctgStore/partitioning.log 2>&1

-- Finished on Sun May 24 21:58:18 2020 (one second) with 36.728 GB free disk space
----------------------------------------
----------------------------------------
-- Starting command on Sun May 24 21:58:18 2020 with 36.728 GB free disk space

    cd unitigging
    /home/matheus/processamento_workflow/canu/Linux-amd64/bin/utgcns \
      -S ../Sars_cov_2_SRR11178056.seqStore \
      -T  ./Sars_cov_2_SRR11178056.utgStore 1 \
      -partition 0.8 1 0.1 \
    > ./Sars_cov_2_SRR11178056.utgStore/partitioning.log 2>&1

-- Finished on Sun May 24 21:58:18 2020 (furiously fast) with 36.727 GB free disk space
----------------------------------------
-- Using slow alignment for consensus (iteration '0').
-- Configured 2 contig and 2 unitig consensus jobs.
-- No change in report.
-- Finished stage 'consensusConfigure', reset canuIteration.
--
--                                (tag)Concurrency
--                         (tag)Threads          |
--                (tag)Memory         |          |
--        (tag)             |         |          |       total usage      algorithm
--        -------  ----------  --------   --------  --------------------  -----------------------------
-- Local: cns        0.500 GB    4 CPUs x   1 job      0.500 GB   4 CPUs  (consensus)
--
-- No change in report.
--
-- Running jobs.  First attempt out of 2.
----------------------------------------
-- Starting 'cns' concurrent execution on Sun May 24 21:58:18 2020 with 36.727 GB free disk space (4 processes; 1 concurrently)

    cd unitigging/5-consensus
    ./consensus.sh 1 > ./consensus.000001.out 2>&1
    ./consensus.sh 2 > ./consensus.000002.out 2>&1
    ./consensus.sh 3 > ./consensus.000003.out 2>&1
    ./consensus.sh 4 > ./consensus.000004.out 2>&1

-- Finished on Sun May 24 21:58:21 2020 (3 seconds) with 36.727 GB free disk space
----------------------------------------
-- Using slow alignment for consensus (iteration '1').
-- Configured 2 contig and 2 unitig consensus jobs.
-- No change in report.
-- All 4 consensus jobs finished successfully.
-- No change in report.
-- Finished stage 'consensusCheck', reset canuIteration.
-- Using slow alignment for consensus (iteration '0').
-- Configured 2 contig and 2 unitig consensus jobs.
-- No change in report.
----------------------------------------
-- Starting command on Sun May 24 21:58:22 2020 with 36.727 GB free disk space

    cd unitigging
    /home/matheus/processamento_workflow/canu/Linux-amd64/bin/tgStoreLoad \
      -S ../Sars_cov_2_SRR11178056.seqStore \
      -T  ./Sars_cov_2_SRR11178056.ctgStore 2 \
      -L ./5-consensus/ctgcns.files \
    > ./5-consensus/ctgcns.files.ctgStoreLoad.err 2>&1

-- Finished on Sun May 24 21:58:22 2020 (like a bat out of hell) with 36.727 GB free disk space
----------------------------------------
----------------------------------------
-- Starting command on Sun May 24 21:58:22 2020 with 36.727 GB free disk space

    cd unitigging
    /home/matheus/processamento_workflow/canu/Linux-amd64/bin/tgStoreLoad \
      -S ../Sars_cov_2_SRR11178056.seqStore \
      -T  ./Sars_cov_2_SRR11178056.utgStore 2 \
      -L ./5-consensus/utgcns.files \
    > ./5-consensus/utgcns.files.utgStoreLoad.err 2>&1

-- Finished on Sun May 24 21:58:22 2020 (furiously fast) with 36.727 GB free disk space
----------------------------------------
-- Purging consensus output after loading to ctgStore and/or utgStore.
-- Purged 4 .cns outputs.
----------------------------------------
-- Starting command on Sun May 24 21:58:22 2020 with 36.727 GB free disk space

    cd unitigging
    /home/matheus/processamento_workflow/canu/Linux-amd64/bin/tgStoreDump \
      -S ../Sars_cov_2_SRR11178056.seqStore \
      -T ./Sars_cov_2_SRR11178056.ctgStore 2 \
      -sizes -s 30000 \
    > ./Sars_cov_2_SRR11178056.ctgStore/seqDB.v002.sizes.txt
sqStore_loadMetadata()-- Using 'corrected-trimmed' 0x10 reads.

-- Finished on Sun May 24 21:58:22 2020 (in the blink of an eye) with 36.727 GB free disk space
----------------------------------------
-- Found, in version 2, after consensus generation:
--   contigs:      7 sequences, total length 41979 bp (including 0 repeats of total length 0 bp).
--   bubbles:      0 sequences, total length 0 bp.
--   unassembled:  60 sequences, total length 70046 bp.
--
-- Contig sizes based on genome size 30kbp:
--
--            NG (bp)  LG (contigs)    sum (bp)
--         ----------  ------------  ----------
--     10       29558             1       29558
--     20       29558             1       29558
--     30       29558             1       29558
--     40       29558             1       29558
--     50       29558             1       29558
--     60       29558             1       29558
--     70       29558             1       29558
--     80       29558             1       29558
--     90       29558             1       29558
--    100        2816             2       32374
--    110        2671             3       35045
--    120        2655             4       37700
--    130        1506             5       39206
--
-- Report changed.
-- Finished stage 'consensusLoad', reset canuIteration.
-- No change in report.
----------------------------------------
-- Starting command on Sun May 24 21:58:22 2020 with 36.727 GB free disk space

    cd unitigging/4-unitigger
    ./alignGFA.sh \
    > alignGFA.err 2>&1

-- Finished on Sun May 24 21:58:22 2020 (lickety-split) with 36.727 GB free disk space
----------------------------------------
----------------------------------------
-- Starting command on Sun May 24 21:58:22 2020 with 36.727 GB free disk space

    cd .
    /home/matheus/processamento_workflow/canu/Linux-amd64/bin/tgStoreDump \
      -S ./Sars_cov_2_SRR11178056.seqStore \
      -T ./unitigging/Sars_cov_2_SRR11178056.ctgStore 2 \
      -o ./Sars_cov_2_SRR11178056.contigs \
      -layout \
    > ./Sars_cov_2_SRR11178056.contigs.layout.err 2>&1

-- Finished on Sun May 24 21:58:22 2020 (fast as lightning) with 36.727 GB free disk space
----------------------------------------
----------------------------------------
-- Starting command on Sun May 24 21:58:22 2020 with 36.727 GB free disk space

    cd .
    /home/matheus/processamento_workflow/canu/Linux-amd64/bin/tgStoreDump \
      -S ./Sars_cov_2_SRR11178056.seqStore \
      -T ./unitigging/Sars_cov_2_SRR11178056.utgStore 2 \
      -o ./Sars_cov_2_SRR11178056.unitigs \
      -layout \
    > ./Sars_cov_2_SRR11178056.unitigs.layout.err 2>&1

-- Finished on Sun May 24 21:58:22 2020 (furiously fast) with 36.727 GB free disk space
----------------------------------------
----------------------------------------
-- Starting command on Sun May 24 21:58:22 2020 with 36.727 GB free disk space

    cd .
    /home/matheus/processamento_workflow/canu/Linux-amd64/bin/tgStoreDump \
      -S ./Sars_cov_2_SRR11178056.seqStore \
      -T ./unitigging/Sars_cov_2_SRR11178056.ctgStore 2 \
      -consensus -fasta \
      -unassembled \
    > ./Sars_cov_2_SRR11178056.unassembled.fasta
    2> ./Sars_cov_2_SRR11178056.unassembled.err
sqStore_loadMetadata()-- Using 'corrected-trimmed' 0x10 reads.

-- Finished on Sun May 24 21:58:23 2020 (one second) with 36.727 GB free disk space
----------------------------------------
----------------------------------------
-- Starting command on Sun May 24 21:58:23 2020 with 36.727 GB free disk space

    cd .
    /home/matheus/processamento_workflow/canu/Linux-amd64/bin/tgStoreDump \
      -S ./Sars_cov_2_SRR11178056.seqStore \
      -T ./unitigging/Sars_cov_2_SRR11178056.ctgStore 2 \
      -consensus -fasta \
      -contigs \
    > ./Sars_cov_2_SRR11178056.contigs.fasta
    2> ./Sars_cov_2_SRR11178056.contigs.err
sqStore_loadMetadata()-- Using 'corrected-trimmed' 0x10 reads.

-- Finished on Sun May 24 21:58:23 2020 (lickety-split) with 36.727 GB free disk space
----------------------------------------
----------------------------------------
-- Starting command on Sun May 24 21:58:23 2020 with 36.727 GB free disk space

    cd .
    /home/matheus/processamento_workflow/canu/Linux-amd64/bin/tgStoreDump \
      -S ./Sars_cov_2_SRR11178056.seqStore \
      -T ./unitigging/Sars_cov_2_SRR11178056.utgStore 2 \
      -consensus -fasta \
      -contigs \
    > ./Sars_cov_2_SRR11178056.unitigs.fasta
    2> ./Sars_cov_2_SRR11178056.unitigs.err
sqStore_loadMetadata()-- Using 'corrected-trimmed' 0x10 reads.

-- Finished on Sun May 24 21:58:23 2020 (furiously fast) with 36.727 GB free disk space
----------------------------------------
-- No change in report.
-- Finished stage 'generateOutputs', reset canuIteration.
--
-- Assembly 'Sars_cov_2_SRR11178056' finished in '/home/matheus/processamento_workflow/SRR11178056_05-24-2020-21-45-42/Sars_cov_2_SRR11178056'.
--
-- Summary saved in 'Sars_cov_2_SRR11178056.report'.
--
-- Sequences saved:
--   Contigs       -> 'Sars_cov_2_SRR11178056.contigs.fasta'
--   Unassembled   -> 'Sars_cov_2_SRR11178056.unassembled.fasta'
--   Unitigs       -> 'Sars_cov_2_SRR11178056.unitigs.fasta'
--
-- Read layouts saved:
--   Contigs       -> 'Sars_cov_2_SRR11178056.contigs.layout'.
--   Unitigs       -> 'Sars_cov_2_SRR11178056.unitigs.layout'.
--
-- Graphs saved:
--   Unitigs       -> 'Sars_cov_2_SRR11178056.unitigs.gfa'.
--
-- Bye.
1032.71user 27.58system 13:36.76elapsed 129%CPU (0avgtext+0avgdata 3760772maxresident)k
474464inputs+5745088outputs (850major+4271129minor)pagefaults 0swaps
