perl: warning: Setting locale failed.
perl: warning: Please check that your locale settings:
	LANGUAGE = "pt_BR:pt:en",
	LC_ALL = (unset),
	LC_CTYPE = "UTF-8",
	LANG = "pt_BR.UTF-8"
    are supported and installed on your system.
perl: warning: Falling back to a fallback locale ("pt_BR.UTF-8").
Started analysis of SRR11178052.fastq
Approx 5% complete for SRR11178052.fastq
Approx 10% complete for SRR11178052.fastq
Approx 15% complete for SRR11178052.fastq
Approx 20% complete for SRR11178052.fastq
Approx 25% complete for SRR11178052.fastq
Approx 30% complete for SRR11178052.fastq
Approx 35% complete for SRR11178052.fastq
Approx 40% complete for SRR11178052.fastq
Approx 45% complete for SRR11178052.fastq
Approx 50% complete for SRR11178052.fastq
Approx 55% complete for SRR11178052.fastq
Approx 60% complete for SRR11178052.fastq
Approx 65% complete for SRR11178052.fastq
Approx 70% complete for SRR11178052.fastq
Approx 75% complete for SRR11178052.fastq
Approx 80% complete for SRR11178052.fastq
Approx 85% complete for SRR11178052.fastq
Approx 90% complete for SRR11178052.fastq
Approx 95% complete for SRR11178052.fastq
perl: warning: Setting locale failed.
perl: warning: Please check that your locale settings:
	LANGUAGE = "pt_BR:pt:en",
	LC_ALL = (unset),
	LC_CTYPE = "UTF-8",
	LANG = "pt_BR.UTF-8"
    are supported and installed on your system.
perl: warning: Falling back to a fallback locale ("pt_BR.UTF-8").
-- canu snapshot v2.0-development +523 changes (r10016 cafc287f0c6a33d7540deb21a0311fb985d3bdb8)
--
-- CITATIONS
--
-- For 'standard' assemblies of PacBio or Nanopore reads:
--   Koren S, Walenz BP, Berlin K, Miller JR, Phillippy AM.
--   Canu: scalable and accurate long-read assembly via adaptive k-mer weighting and repeat separation.
--   Genome Res. 2017 May;27(5):722-736.
--   http://doi.org/10.1101/gr.215087.116
-- 
-- Read and contig alignments during correction, consensus and GFA building use:
--   Šošic M, Šikic M.
--   Edlib: a C/C ++ library for fast, exact sequence alignment using edit distance.
--   Bioinformatics. 2017 May 1;33(9):1394-1395.
--   http://doi.org/10.1093/bioinformatics/btw753
-- 
-- Overlaps are generated using:
--   Berlin K, et al.
--   Assembling large genomes with single-molecule sequencing and locality-sensitive hashing.
--   Nat Biotechnol. 2015 Jun;33(6):623-30.
--   http://doi.org/10.1038/nbt.3238
-- 
--   Myers EW, et al.
--   A Whole-Genome Assembly of Drosophila.
--   Science. 2000 Mar 24;287(5461):2196-204.
--   http://doi.org/10.1126/science.287.5461.2196
-- 
-- Corrected read consensus sequences are generated using an algorithm derived from FALCON-sense:
--   Chin CS, et al.
--   Phased diploid genome assembly with single-molecule real-time sequencing.
--   Nat Methods. 2016 Dec;13(12):1050-1054.
--   http://doi.org/10.1038/nmeth.4035
-- 
-- Contig consensus sequences are generated using an algorithm derived from pbdagcon:
--   Chin CS, et al.
--   Nonhybrid, finished microbial genome assemblies from long-read SMRT sequencing data.
--   Nat Methods. 2013 Jun;10(6):563-9
--   http://doi.org/10.1038/nmeth.2474
-- 
-- CONFIGURE CANU
--
-- Detected Java(TM) Runtime Environment '11.0.7' (from 'java') without -d64 support.
-- Detected gnuplot version '5.2 patchlevel 6   ' (from 'gnuplot') and image format 'png'.
-- Detected 4 CPUs and 8 gigabytes of memory.
-- No grid engine detected, grid and staging disabled.
--
--                                (tag)Concurrency
--                         (tag)Threads          |
--                (tag)Memory         |          |
--        (tag)             |         |          |       total usage      algorithm
--        -------  ----------  --------   --------  --------------------  -----------------------------
-- Local: meryl      8.000 GB    4 CPUs x   1 job      8.000 GB   4 CPUs  (k-mer counting)
-- Local: hap        8.000 GB    4 CPUs x   1 job      8.000 GB   4 CPUs  (read-to-haplotype assignment)
-- Local: cormhap    6.000 GB    4 CPUs x   1 job      6.000 GB   4 CPUs  (overlap detection with mhap)
-- Local: obtovl     4.000 GB    4 CPUs x   1 job      4.000 GB   4 CPUs  (overlap detection)
-- Local: utgovl     4.000 GB    4 CPUs x   1 job      4.000 GB   4 CPUs  (overlap detection)
-- Local: cor        8.000 GB    4 CPUs x   1 job      8.000 GB   4 CPUs  (read correction)
-- Local: ovb        4.000 GB    1 CPU  x   2 jobs     8.000 GB   2 CPUs  (overlap store bucketizer)
-- Local: ovs        8.000 GB    1 CPU  x   1 job      8.000 GB   1 CPU   (overlap store sorting)
-- Local: red        8.000 GB    4 CPUs x   1 job      8.000 GB   4 CPUs  (read error detection)
-- Local: oea        8.000 GB    1 CPU  x   1 job      8.000 GB   1 CPU   (overlap error adjustment)
-- Local: bat        8.000 GB    4 CPUs x   1 job      8.000 GB   4 CPUs  (contig construction with bogart)
-- Local: cns        -.--- GB    4 CPUs x   - jobs     -.--- GB   - CPUs  (consensus)
-- Local: gfa        8.000 GB    4 CPUs x   1 job      8.000 GB   4 CPUs  (GFA alignment and processing)
--
-- Found untrimmed raw Nanopore reads in the input files.
--
-- Generating assembly 'Sars_cov_2_SRR11178052' in '/home/matheus/processamento_workflow/SRR11178052_05-24-2020-20-45-51/Sars_cov_2_SRR11178052':
--    - correct raw reads.
--    - trim corrected reads.
--    - assemble corrected and trimmed reads.
--
-- Parameters:
--
--  genomeSize        30000
--
--  Overlap Generation Limits:
--    corOvlErrorRate 0.3200 ( 32.00%)
--    obtOvlErrorRate 0.1200 ( 12.00%)
--    utgOvlErrorRate 0.1200 ( 12.00%)
--
--  Overlap Processing Limits:
--    corErrorRate    0.5000 ( 50.00%)
--    obtErrorRate    0.1200 ( 12.00%)
--    utgErrorRate    0.1200 ( 12.00%)
--    cnsErrorRate    0.2000 ( 20.00%)
--
--
-- BEGIN CORRECTION
--
----------------------------------------
-- Starting command on Sun May 24 21:05:36 2020 with 44.19 GB free disk space

    cd .
    ./Sars_cov_2_SRR11178052.seqStore.sh \
    > ./Sars_cov_2_SRR11178052.seqStore.err 2>&1

-- Finished on Sun May 24 21:05:53 2020 (17 seconds) with 43.831 GB free disk space
----------------------------------------
----------------------------------------
-- Starting command on Sun May 24 21:05:53 2020 with 43.831 GB free disk space

    cd .
    /home/matheus/processamento_workflow/canu/Linux-amd64/bin/sqStoreDumpMetaData \
      -S ./Sars_cov_2_SRR11178052.seqStore \
      -raw \
      -histogram \
      -lengths \
    > ./Sars_cov_2_SRR11178052.seqStore/readlengths-cor.dat \
    2> ./Sars_cov_2_SRR11178052.seqStore/readlengths-cor.err 
    

-- Finished on Sun May 24 21:05:53 2020 (furiously fast) with 43.831 GB free disk space
----------------------------------------
----------------------------------------
-- Starting command on Sun May 24 21:05:53 2020 with 43.831 GB free disk space

    cd .
    /home/matheus/processamento_workflow/canu/Linux-amd64/bin/sqStoreDumpMetaData \
      -S ./Sars_cov_2_SRR11178052.seqStore \
      -raw \
      -histogram \
    > ./Sars_cov_2_SRR11178052.seqStore/readlengths-cor.txt \
    2> ./Sars_cov_2_SRR11178052.seqStore/readlengths-cor.err 
    

-- Finished on Sun May 24 21:05:53 2020 (in the blink of an eye) with 43.831 GB free disk space
----------------------------------------
--
-- In sequence store './Sars_cov_2_SRR11178052.seqStore':
--   Found 4805 reads.
--   Found 6000892 bases (200.02 times coverage).
--    
--    G=6000892                          sum of  ||               length     num
--    NG         length     index       lengths  ||                range    seqs
--    ----- ------------ --------- ------------  ||  ------------------- -------
--    00010         1731       288       601612  ||       1000-1073         1331|---------------------------------------------------------------
--    00020         1482       666      1201399  ||       1074-1147          951|----------------------------------------------
--    00030         1353      1092      1801402  ||       1148-1221          608|-----------------------------
--    00040         1267      1551      2400979  ||       1222-1295          541|--------------------------
--    00050         1205      2037      3001539  ||       1296-1369          355|-----------------
--    00060         1145      2548      3601416  ||       1370-1443          256|-------------
--    00070         1101      3083      4201520  ||       1444-1517          186|---------
--    00080         1063      3638      4801561  ||       1518-1591          112|------
--    00090         1027      4212      5401541  ||       1592-1665          103|-----
--    00100         1000      4804      6000892  ||       1666-1739           80|----
--    001.000x                4805      6000892  ||       1740-1813           67|----
--                                               ||       1814-1887           36|--
--                                               ||       1888-1961           32|--
--                                               ||       1962-2035           27|--
--                                               ||       2036-2109           26|--
--                                               ||       2110-2183           20|-
--                                               ||       2184-2257           11|-
--                                               ||       2258-2331           10|-
--                                               ||       2332-2405           12|-
--                                               ||       2406-2479           10|-
--                                               ||       2480-2553            7|-
--                                               ||       2554-2627            4|-
--                                               ||       2628-2701            4|-
--                                               ||       2702-2775            4|-
--                                               ||       2776-2849            2|-
--                                               ||       2850-2923            0|
--                                               ||       2924-2997            0|
--                                               ||       2998-3071            2|-
--                                               ||       3072-3145            1|-
--                                               ||       3146-3219            1|-
--                                               ||       3220-3293            0|
--                                               ||       3294-3367            0|
--                                               ||       3368-3441            0|
--                                               ||       3442-3515            1|-
--                                               ||       3516-3589            1|-
--                                               ||       3590-3663            0|
--                                               ||       3664-3737            0|
--                                               ||       3738-3811            1|-
--                                               ||       3812-3885            0|
--                                               ||       3886-3959            1|-
--                                               ||       3960-4033            0|
--                                               ||       4034-4107            0|
--                                               ||       4108-4181            0|
--                                               ||       4182-4255            0|
--                                               ||       4256-4329            0|
--                                               ||       4330-4403            0|
--                                               ||       4404-4477            0|
--                                               ||       4478-4551            0|
--                                               ||       4552-4625            1|-
--                                               ||       4626-4699            0|
--                                               ||       4700-4773            1|-
--    
-- New report created.
----------------------------------------
-- Starting command on Sun May 24 21:05:53 2020 with 43.831 GB free disk space

    cd correction/0-mercounts
    ./meryl-configure.sh \
    > ./meryl-configure.err 2>&1

-- Finished on Sun May 24 21:05:54 2020 (one second) with 43.831 GB free disk space
----------------------------------------
--  segments   memory batches
--  -------- -------- -------
--        01  0.07 GB       1
--
--  For 4805 reads with 6000892 bases, limit to 1 batch.
--  Will count kmers using 01 jobs, each using 2 GB and 4 threads.
--
-- Report changed.
-- Finished stage 'merylConfigure', reset canuIteration.
-- No change in report.
--
-- Running jobs.  First attempt out of 2.
----------------------------------------
-- Starting 'meryl' concurrent execution on Sun May 24 21:05:54 2020 with 43.831 GB free disk space (1 processes; 1 concurrently)

    cd correction/0-mercounts
    ./meryl-count.sh 1 > ./meryl-count.000001.out 2>&1

-- Finished on Sun May 24 21:05:55 2020 (one second) with 43.816 GB free disk space
----------------------------------------
-- Found 1 Kmer counting (meryl) outputs.
-- No change in report.
-- Finished stage 'cor-merylCountCheck', reset canuIteration.
-- No change in report.
--
-- Running jobs.  First attempt out of 2.
----------------------------------------
-- Starting 'meryl' concurrent execution on Sun May 24 21:05:55 2020 with 43.816 GB free disk space (1 processes; 1 concurrently)

    cd correction/0-mercounts
    ./meryl-process.sh 1 > ./meryl-process.000001.out 2>&1

-- Finished on Sun May 24 21:05:56 2020 (one second) with 43.828 GB free disk space
----------------------------------------
-- Meryl finished successfully.  Kmer frequency histogram:
--
--  16-mers                                                                                           Fraction
--    Occurrences   NumMers                                                                         Unique Total
--       1-     1         0                                                                        0.0000 0.0000
--       2-     2    155009 ********************************************************************** 0.4360 0.0879
--       3-     4     85664 **************************************                                 0.5925 0.1352
--       5-     7     45471 ********************                                                   0.7331 0.1976
--       8-    11     26739 ************                                                           0.8296 0.2641
--      12-    16     14208 ******                                                                 0.8911 0.3276
--      17-    22      7136 ***                                                                    0.9244 0.3767
--      23-    29      4446 **                                                                     0.9426 0.4137
--      30-    37      2883 *                                                                      0.9538 0.4438
--      38-    46      2227 *                                                                      0.9616 0.4708
--      47-    56      1670                                                                        0.9675 0.4961
--      57-    67      1570                                                                        0.9721 0.5207
--      68-    79      1278                                                                        0.9764 0.5479
--      80-    92      1065                                                                        0.9800 0.5745
--      93-   106       864                                                                        0.9829 0.6001
--     107-   121       767                                                                        0.9853 0.6245
--     122-   137       650                                                                        0.9874 0.6485
--     138-   154       547                                                                        0.9892 0.6720
--     155-   172       589                                                                        0.9907 0.6952
--     173-   191       448                                                                        0.9924 0.7224
--     192-   211       367                                                                        0.9936 0.7454
--     212-   232       340                                                                        0.9947 0.7660
--     233-   254       248                                                                        0.9956 0.7869
--     255-   277       221                                                                        0.9963 0.8043
--     278-   301       157                                                                        0.9969 0.8207
--     302-   326       116                                                                        0.9973 0.8332
--     327-   352        69                                                                        0.9977 0.8435
--     353-   379        74                                                                        0.9979 0.8505
--     380-   407       105                                                                        0.9981 0.8581
--     408-   436       106                                                                        0.9984 0.8698
--     437-   466        89                                                                        0.9987 0.8825
--     467-   497        92                                                                        0.9989 0.8942
--     498-   529        77                                                                        0.9992 0.9061
--     530-   562        64                                                                        0.9994 0.9178
--     563-   596        44                                                                        0.9996 0.9272
--     597-   631        22                                                                        0.9997 0.9346
--     632-   667        16                                                                        0.9997 0.9382
--     668-   704         4                                                                        0.9998 0.9412
--     705-   742         4                                                                        0.9998 0.9420
--     743-   781         3                                                                        0.9998 0.9428
--     782-   821         1                                                                        0.9998 0.9435
--
--           0 (max occurrences)
--     3526874 (total mers, non-unique)
--      355515 (distinct mers, non-unique)
--           0 (unique mers)
-- Report changed.
-- Finished stage 'meryl-process', reset canuIteration.
--
-- Removing meryl database 'correction/0-mercounts/Sars_cov_2_SRR11178052.ms16'.
--
-- OVERLAPPER (mhap) (correction)
--
-- Set corMhapSensitivity=low based on read coverage of 200.
--
-- PARAMETERS: hashes=256, minMatches=3, threshold=0.8
--
-- Given 5.4 GB, can fit 16200 reads per block.
-- For 3 blocks, set stride to 2 blocks.
-- Logging partitioning to 'correction/1-overlapper/partitioning.log'.
-- Configured 2 mhap precompute jobs.
-- Configured 2 mhap overlap jobs.
-- No change in report.
-- Finished stage 'cor-mhapConfigure', reset canuIteration.
-- No change in report.
--
-- Running jobs.  First attempt out of 2.
----------------------------------------
-- Starting 'cormhap' concurrent execution on Sun May 24 21:05:56 2020 with 43.831 GB free disk space (2 processes; 1 concurrently)

    cd correction/1-overlapper
    ./precompute.sh 1 > ./precompute.000001.out 2>&1
    ./precompute.sh 2 > ./precompute.000002.out 2>&1

-- Finished on Sun May 24 21:06:32 2020 (36 seconds) with 43.75 GB free disk space
----------------------------------------
-- All 2 mhap precompute jobs finished successfully.
-- No change in report.
-- Finished stage 'cor-mhapPrecomputeCheck', reset canuIteration.
-- No change in report.
--
-- Running jobs.  First attempt out of 2.
----------------------------------------
-- Starting 'cormhap' concurrent execution on Sun May 24 21:06:32 2020 with 43.75 GB free disk space (2 processes; 1 concurrently)

    cd correction/1-overlapper
    ./mhap.sh 1 > ./mhap.000001.out 2>&1
    ./mhap.sh 2 > ./mhap.000002.out 2>&1

-- Finished on Sun May 24 21:09:37 2020 (185 seconds) with 43.689 GB free disk space
----------------------------------------
-- Found 2 mhap overlap output files.
-- No change in report.
-- Finished stage 'cor-mhapCheck', reset canuIteration.
----------------------------------------
-- Starting command on Sun May 24 21:09:37 2020 with 43.689 GB free disk space

    cd correction
    /home/matheus/processamento_workflow/canu/Linux-amd64/bin/ovStoreConfig \
     -S ../Sars_cov_2_SRR11178052.seqStore \
     -M 4-8 \
     -L ./1-overlapper/ovljob.files \
     -create ./Sars_cov_2_SRR11178052.ovlStore.config \
     > ./Sars_cov_2_SRR11178052.ovlStore.config.txt \
    2> ./Sars_cov_2_SRR11178052.ovlStore.config.err

-- Finished on Sun May 24 21:09:37 2020 (lickety-split) with 43.689 GB free disk space
----------------------------------------
--
-- Creating overlap store correction/Sars_cov_2_SRR11178052.ovlStore using:
--      2 buckets
--      2 slices
--        using at most 1 GB memory each
-- No change in report.
-- Finished stage 'cor-overlapStoreConfigure', reset canuIteration.
-- No change in report.
--
-- Running jobs.  First attempt out of 2.
----------------------------------------
-- Starting 'ovB' concurrent execution on Sun May 24 21:09:37 2020 with 43.689 GB free disk space (2 processes; 2 concurrently)

    cd correction/Sars_cov_2_SRR11178052.ovlStore.BUILDING
    ./scripts/1-bucketize.sh 1 > ./logs/1-bucketize.000001.out 2>&1
    ./scripts/1-bucketize.sh 2 > ./logs/1-bucketize.000002.out 2>&1

-- Finished on Sun May 24 21:09:40 2020 (3 seconds) with 43.567 GB free disk space
----------------------------------------
-- Overlap store bucketizer finished.
-- No change in report.
-- Finished stage 'cor-overlapStoreBucketizerCheck', reset canuIteration.
-- No change in report.
--
-- Running jobs.  First attempt out of 2.
----------------------------------------
-- Starting 'ovS' concurrent execution on Sun May 24 21:09:40 2020 with 43.567 GB free disk space (2 processes; 1 concurrently)

    cd correction/Sars_cov_2_SRR11178052.ovlStore.BUILDING
    ./scripts/2-sort.sh 1 > ./logs/2-sort.000001.out 2>&1
    ./scripts/2-sort.sh 2 > ./logs/2-sort.000002.out 2>&1

-- Finished on Sun May 24 21:09:50 2020 (10 seconds) with 43.525 GB free disk space
----------------------------------------
-- Overlap store sorter finished.
-- No change in report.
-- Finished stage 'cor-overlapStoreSorterCheck', reset canuIteration.
----------------------------------------
-- Starting command on Sun May 24 21:09:50 2020 with 43.525 GB free disk space

    cd correction
    /home/matheus/processamento_workflow/canu/Linux-amd64/bin/ovStoreIndexer \
      -O  ./Sars_cov_2_SRR11178052.ovlStore.BUILDING \
      -S ../Sars_cov_2_SRR11178052.seqStore \
      -C  ./Sars_cov_2_SRR11178052.ovlStore.config \
      -delete \
    > ./Sars_cov_2_SRR11178052.ovlStore.BUILDING.index.err 2>&1

-- Finished on Sun May 24 21:09:50 2020 (in the blink of an eye) with 43.526 GB free disk space
----------------------------------------
-- Checking store.
----------------------------------------
-- Starting command on Sun May 24 21:09:50 2020 with 43.526 GB free disk space

    cd correction
    /home/matheus/processamento_workflow/canu/Linux-amd64/bin/ovStoreDump \
     -S ../Sars_cov_2_SRR11178052.seqStore \
     -O  ./Sars_cov_2_SRR11178052.ovlStore \
     -counts \
     > ./Sars_cov_2_SRR11178052.ovlStore/counts.dat 2> ./Sars_cov_2_SRR11178052.ovlStore/counts.err

-- Finished on Sun May 24 21:09:50 2020 (fast as lightning) with 43.526 GB free disk space
----------------------------------------
--
-- Overlap store 'correction/Sars_cov_2_SRR11178052.ovlStore' successfully constructed.
-- Found 8646242 overlaps for 4804 reads; 18145 reads have no overlaps.
--
--
-- Purged 0.142 GB in 6 overlap output files.
-- No change in report.
-- Finished stage 'cor-createOverlapStore', reset canuIteration.
-- Set corMinCoverage=4 based on read coverage of 200.
-- Global filter scores will be estimated.
-- Computing correction layouts.
----------------------------------------
-- Starting command on Sun May 24 21:09:50 2020 with 43.668 GB free disk space

    cd correction
    /home/matheus/processamento_workflow/canu/Linux-amd64/bin/generateCorrectionLayouts \
      -S ../Sars_cov_2_SRR11178052.seqStore \
      -O  ./Sars_cov_2_SRR11178052.ovlStore \
      -C  ./Sars_cov_2_SRR11178052.corStore.WORKING \
      -eC 80 \
    > ./Sars_cov_2_SRR11178052.corStore.err 2>&1

-- Finished on Sun May 24 21:09:51 2020 (one second) with 43.66 GB free disk space
----------------------------------------
-- No change in report.
-- Finished stage 'cor-buildCorrectionLayoutsConfigure', reset canuIteration.
-- Computing correction layouts.
----------------------------------------
-- Starting command on Sun May 24 21:09:51 2020 with 43.66 GB free disk space

    cd correction/2-correction
    /home/matheus/processamento_workflow/canu/Linux-amd64/bin/filterCorrectionLayouts \
      -S  ../../Sars_cov_2_SRR11178052.seqStore \
      -C     ../Sars_cov_2_SRR11178052.corStore \
      -R      ./Sars_cov_2_SRR11178052.readsToCorrect.WORKING \
      -cc 4 \
      -cl 1000 \
      -g  30000 \
      -c  40 \
    > ./Sars_cov_2_SRR11178052.readsToCorrect.err 2>&1

-- Finished on Sun May 24 21:09:51 2020 (like a bat out of hell) with 43.658 GB free disk space
----------------------------------------
--                             original      original
--                            raw reads     raw reads
--   category                w/overlaps  w/o/overlaps
--   -------------------- ------------- -------------
--   Number of Reads               4730         18219
--   Number of Bases            5908284         91431
--   Coverage                   196.943         3.048
--   Median                        1161             0
--   Mean                          1249             5
--   N50                           1206          1197
--   Minimum                       1000             0
--   Maximum                       4700          2440
--   
--                                        --------corrected---------  ----------rescued----------
--                             evidence                     expected                     expected
--   category                     reads            raw     corrected            raw     corrected
--   -------------------- -------------  ------------- -------------  ------------- -------------
--   Number of Reads               4611            811           811            114           114
--   Number of Bases            5791054        1305305       1200909         122702        120772
--   Coverage                   193.035         43.510        40.030          4.090         4.026
--   Median                        1169           1491          1409           1067          1054
--   Mean                          1255           1609          1480           1076          1059
--   N50                           1214           1549          1431           1068          1060
--   Minimum                       1000           1271          1270           1007          1001
--   Maximum                       4700           4585          2714           1653          1213
--   
--                        --------uncorrected--------
--                                           expected
--   category                       raw     corrected
--   -------------------- ------------- -------------
--   Number of Reads              22024         22024
--   Number of Bases            4571708       3471633
--   Coverage                   152.390       115.721
--   Median                           0             0
--   Mean                           207           157
--   N50                           1145          1057
--   Minimum                          0             0
--   Maximum                       4700          2936
--   
--   Maximum Memory           567595322
-- Report changed.
-- Finished stage 'cor-filterCorrectionLayouts', reset canuIteration.
-- Using overlaps no worse than 0.5 fraction error for correcting reads (from corErrorRate parameter).
--
-- Configuring correction jobs:
--   Jobs limited to 8 GB per job (via option corMemory).
--   Reads estimated to need at most 1 GB for computation.
--   Leaving 7 GB memory for read data.
----------------------------------------
-- Starting command on Sun May 24 21:09:51 2020 with 43.658 GB free disk space

    cd correction/2-correction
    ./correctReadsPartition.sh \
    > ./correctReadsPartition.err 2>&1

-- Finished on Sun May 24 21:09:52 2020 (one second) with 43.658 GB free disk space
----------------------------------------
-- Using overlaps no worse than 0.5 fraction error for correcting reads (from corErrorRate parameter).
-- No change in report.
-- Finished stage 'cor-generateCorrectedReadsConfigure', reset canuIteration.
-- No change in report.
--
-- Running jobs.  First attempt out of 2.
----------------------------------------
-- Starting 'cor' concurrent execution on Sun May 24 21:09:52 2020 with 43.658 GB free disk space (1 processes; 1 concurrently)

    cd correction/2-correction
    ./correctReads.sh 1 > ./correctReads.000001.out 2>&1

-- Finished on Sun May 24 21:10:08 2020 (16 seconds) with 43.654 GB free disk space
----------------------------------------
-- Found 1 read correction output files.
-- No change in report.
-- Finished stage 'cor-generateCorrectedReadsCheck', reset canuIteration.
-- Found 1 read correction output files.
-- No change in report.
-- Finished stage 'cor-generateCorrectedReadsCheck', reset canuIteration.
--
-- Loading corrected reads into corStore and seqStore.
----------------------------------------
-- Starting command on Sun May 24 21:10:08 2020 with 43.654 GB free disk space

    cd correction
    /home/matheus/processamento_workflow/canu/Linux-amd64/bin/loadCorrectedReads \
      -S ../Sars_cov_2_SRR11178052.seqStore \
      -C ./Sars_cov_2_SRR11178052.corStore \
      -L ./2-correction/corjob.files \
    >  ./Sars_cov_2_SRR11178052.loadCorrectedReads.log \
    2> ./Sars_cov_2_SRR11178052.loadCorrectedReads.err

-- Finished on Sun May 24 21:10:09 2020 (one second) with 43.652 GB free disk space
----------------------------------------
----------------------------------------
-- Starting command on Sun May 24 21:10:09 2020 with 43.652 GB free disk space

    cd .
    /home/matheus/processamento_workflow/canu/Linux-amd64/bin/sqStoreDumpMetaData \
      -S ./Sars_cov_2_SRR11178052.seqStore \
      -corrected \
      -histogram \
      -lengths \
    > ./Sars_cov_2_SRR11178052.seqStore/readlengths-obt.dat \
    2> ./Sars_cov_2_SRR11178052.seqStore/readlengths-obt.err 
    

-- Finished on Sun May 24 21:10:09 2020 (fast as lightning) with 43.652 GB free disk space
----------------------------------------
----------------------------------------
-- Starting command on Sun May 24 21:10:16 2020 with 43.652 GB free disk space

    cd .
    /home/matheus/processamento_workflow/canu/Linux-amd64/bin/sqStoreDumpMetaData \
      -S ./Sars_cov_2_SRR11178052.seqStore \
      -corrected \
      -histogram \
    > ./Sars_cov_2_SRR11178052.seqStore/readlengths-obt.txt \
    2> ./Sars_cov_2_SRR11178052.seqStore/readlengths-obt.err 
    

-- Finished on Sun May 24 21:10:16 2020 (in the blink of an eye) with 43.652 GB free disk space
----------------------------------------
--
-- In sequence store './Sars_cov_2_SRR11178052.seqStore':
--   Found 924 reads.
--   Found 1134148 bases (37.8 times coverage).
--    
--    G=1134148                          sum of  ||               length     num
--    NG         length     index       lengths  ||                range    seqs
--    ----- ------------ --------- ------------  ||  ------------------- -------
--    00010         1700        57       113536  ||         53-107             1|-
--    00020         1529       128       227426  ||        108-162             0|
--    00030         1429       205       341335  ||        163-217             1|-
--    00040         1362       286       453701  ||        218-272             1|-
--    00050         1312       371       567265  ||        273-327             6|---
--    00060         1282       459       681403  ||        328-382             1|-
--    00070         1188       550       794518  ||        383-437             2|-
--    00080         1041       653       907872  ||        438-492             7|----
--    00090          922       768      1021466  ||        493-547             7|----
--    00100           53       923      1134148  ||        548-602            10|-----
--    001.000x                 924      1134148  ||        603-657             9|-----
--                                               ||        658-712             5|---
--                                               ||        713-767            11|------
--                                               ||        768-822            35|-----------------
--                                               ||        823-877            30|---------------
--                                               ||        878-932            34|-----------------
--                                               ||        933-987            46|----------------------
--                                               ||        988-1042           67|--------------------------------
--                                               ||       1043-1097           52|-------------------------
--                                               ||       1098-1152           30|---------------
--                                               ||       1153-1207           34|-----------------
--                                               ||       1208-1262           40|-------------------
--                                               ||       1263-1317          133|---------------------------------------------------------------
--                                               ||       1318-1372           93|---------------------------------------------
--                                               ||       1373-1427           60|-----------------------------
--                                               ||       1428-1482           43|---------------------
--                                               ||       1483-1537           41|--------------------
--                                               ||       1538-1592           31|---------------
--                                               ||       1593-1647           20|----------
--                                               ||       1648-1702           17|---------
--                                               ||       1703-1757           10|-----
--                                               ||       1758-1812           15|--------
--                                               ||       1813-1867            6|---
--                                               ||       1868-1922            4|--
--                                               ||       1923-1977            4|--
--                                               ||       1978-2032            4|--
--                                               ||       2033-2087            2|-
--                                               ||       2088-2142            1|-
--                                               ||       2143-2197            1|-
--                                               ||       2198-2252            0|
--                                               ||       2253-2307            3|--
--                                               ||       2308-2362            0|
--                                               ||       2363-2417            0|
--                                               ||       2418-2472            2|-
--                                               ||       2473-2527            0|
--                                               ||       2528-2582            1|-
--                                               ||       2583-2637            1|-
--                                               ||       2638-2692            2|-
--                                               ||       2693-2747            0|
--                                               ||       2748-2802            1|-
--    
--
-- Purging correctReads output after loading into stores.
-- Purged 1 .cns outputs.
-- Purged 2 .out job log outputs.
--
-- Purging overlaps used for correction.
-- Report changed.
-- Finished stage 'cor-loadCorrectedReads', reset canuIteration.
----------------------------------------
-- Starting command on Sun May 24 21:10:16 2020 with 43.819 GB free disk space

    cd .
    /home/matheus/processamento_workflow/canu/Linux-amd64/bin/sqStoreDumpFASTQ \
      -corrected \
      -S ./Sars_cov_2_SRR11178052.seqStore \
      -o ./Sars_cov_2_SRR11178052.correctedReads.gz \
      -fasta \
      -nolibname \
    > Sars_cov_2_SRR11178052.correctedReads.fasta.err 2>&1

-- Finished on Sun May 24 21:10:17 2020 (one second) with 43.819 GB free disk space
----------------------------------------
--
-- Corrected reads saved in 'Sars_cov_2_SRR11178052.correctedReads.fasta.gz'.
-- No change in report.
-- Finished stage 'cor-dumpCorrectedReads', reset canuIteration.
--
--
-- BEGIN TRIMMING
--
-- No change in report.
----------------------------------------
-- Starting command on Sun May 24 21:10:17 2020 with 43.819 GB free disk space

    cd trimming/0-mercounts
    ./meryl-configure.sh \
    > ./meryl-configure.err 2>&1

-- Finished on Sun May 24 21:10:17 2020 (lickety-split) with 43.819 GB free disk space
----------------------------------------
--  segments   memory batches
--  -------- -------- -------
--        01  0.07 GB       1
--
--  For 924 reads with 1134148 bases, limit to 1 batch.
--  Will count kmers using 01 jobs, each using 2 GB and 4 threads.
--
-- No change in report.
-- Finished stage 'merylConfigure', reset canuIteration.
-- No change in report.
--
-- Running jobs.  First attempt out of 2.
----------------------------------------
-- Starting 'meryl' concurrent execution on Sun May 24 21:10:17 2020 with 43.819 GB free disk space (1 processes; 1 concurrently)

    cd trimming/0-mercounts
    ./meryl-count.sh 1 > ./meryl-count.000001.out 2>&1

-- Finished on Sun May 24 21:10:18 2020 (one second) with 43.817 GB free disk space
----------------------------------------
-- Found 1 Kmer counting (meryl) outputs.
-- No change in report.
-- Finished stage 'obt-merylCountCheck', reset canuIteration.
-- No change in report.
--
-- Running jobs.  First attempt out of 2.
----------------------------------------
-- Starting 'meryl' concurrent execution on Sun May 24 21:10:18 2020 with 43.817 GB free disk space (1 processes; 1 concurrently)

    cd trimming/0-mercounts
    ./meryl-process.sh 1 > ./meryl-process.000001.out 2>&1

-- Finished on Sun May 24 21:10:19 2020 (one second) with 43.817 GB free disk space
----------------------------------------
-- Meryl finished successfully.  Kmer frequency histogram:
--
--  22-mers                                                                                           Fraction
--    Occurrences   NumMers                                                                         Unique Total
--       1-     1         0                                                                        0.0000 0.0000
--       2-     2     16457 ********************************************************************** 0.2587 0.0339
--       3-     4     14346 *************************************************************          0.3962 0.0609
--       5-     7     12587 *****************************************************                  0.5666 0.1110
--       8-    11      5518 ***********************                                                0.7117 0.1749
--      12-    16      2878 ************                                                           0.7814 0.2217
--      17-    22      2021 ********                                                               0.8206 0.2597
--      23-    29      1961 ********                                                               0.8511 0.3001
--      30-    37      2062 ********                                                               0.8816 0.3542
--      38-    46       619 **                                                                     0.9111 0.4196
--      47-    56       674 **                                                                     0.9197 0.4432
--      57-    67       679 **                                                                     0.9302 0.4788
--      68-    79       827 ***                                                                    0.9419 0.5273
--      80-    92       632 **                                                                     0.9539 0.5857
--      93-   106       597 **                                                                     0.9639 0.6426
--     107-   121       560 **                                                                     0.9734 0.7060
--     122-   137       376 *                                                                      0.9818 0.7691
--     138-   154       144                                                                        0.9874 0.8163
--     155-   172       146                                                                        0.9897 0.8387
--     173-   191        94                                                                        0.9919 0.8624
--     192-   211       128                                                                        0.9936 0.8819
--     212-   232       110                                                                        0.9955 0.9072
--     233-   254       139                                                                        0.9971 0.9318
--     255-   277         0                                                                        0.0000 0.0000
--     278-   301         0                                                                        0.0000 0.0000
--     302-   326         1                                                                        0.9993 0.9654
--     327-   352         1                                                                        0.9993 0.9658
--     353-   379         0                                                                        0.0000 0.0000
--     380-   407         0                                                                        0.0000 0.0000
--     408-   436         1                                                                        0.9993 0.9662
--     437-   466         3                                                                        0.9993 0.9667
--     467-   497         4                                                                        0.9994 0.9681
--     498-   529         1                                                                        0.9994 0.9701
--     530-   562         3                                                                        0.9994 0.9707
--     563-   596         2                                                                        0.9995 0.9724
--     597-   631         2                                                                        0.9995 0.9736
--     632-   667         1                                                                        0.9996 0.9749
--     668-   704         2                                                                        0.9996 0.9756
--     705-   742         3                                                                        0.9996 0.9770
--     743-   781         1                                                                        0.9997 0.9793
--
--           0 (max occurrences)
--      970819 (total mers, non-unique)
--       63602 (distinct mers, non-unique)
--           0 (unique mers)
-- Report changed.
-- Finished stage 'meryl-process', reset canuIteration.
--
-- Removing meryl database 'trimming/0-mercounts/Sars_cov_2_SRR11178052.ms22'.
--
-- OVERLAPPER (normal) (trimming) erate=0.12
--
----------------------------------------
-- Starting command on Sun May 24 21:10:19 2020 with 43.819 GB free disk space

    cd trimming/1-overlapper
    /home/matheus/processamento_workflow/canu/Linux-amd64/bin/overlapInCorePartition \
     -S  ../../Sars_cov_2_SRR11178052.seqStore \
     -hl 80000000 \
     -rl 1000000000 \
     -ol 500 \
     -o  ./Sars_cov_2_SRR11178052.partition \
    > ./Sars_cov_2_SRR11178052.partition.err 2>&1

-- Finished on Sun May 24 21:10:19 2020 (fast as lightning) with 43.819 GB free disk space
----------------------------------------
--
-- Configured 1 overlapInCore jobs.
-- No change in report.
-- Finished stage 'obt-overlapConfigure', reset canuIteration.
-- No change in report.
--
-- Running jobs.  First attempt out of 2.
----------------------------------------
-- Starting 'obtovl' concurrent execution on Sun May 24 21:10:19 2020 with 43.819 GB free disk space (1 processes; 1 concurrently)

    cd trimming/1-overlapper
    ./overlap.sh 1 > ./overlap.000001.out 2>&1

-- Finished on Sun May 24 21:10:27 2020 (8 seconds) with 43.818 GB free disk space
----------------------------------------
-- Found 1 overlapInCore output files.
--
-- overlapInCore compute 'trimming/1-overlapper':
--   kmer hits
--     with no overlap           472944      472944 +- 0
--     with an overlap            49895       49895 +- 0
--
--   overlaps                     49895       49895 +- 0
--     contained                      0           0 +- 0
--     dovetail                       0           0 +- 0
--
--   overlaps rejected
--     multiple per pair              0           0 +- 0
--     bad short window               0           0 +- 0
--     bad long window                0           0 +- 0
-- No change in report.
-- Finished stage 'obt-overlapCheck', reset canuIteration.
----------------------------------------
-- Starting command on Sun May 24 21:10:27 2020 with 43.818 GB free disk space

    cd trimming
    /home/matheus/processamento_workflow/canu/Linux-amd64/bin/ovStoreConfig \
     -S ../Sars_cov_2_SRR11178052.seqStore \
     -M 3 \
     -L ./1-overlapper/ovljob.files \
     -create ./Sars_cov_2_SRR11178052.ovlStore.config \
     > ./Sars_cov_2_SRR11178052.ovlStore.config.txt \
    2> ./Sars_cov_2_SRR11178052.ovlStore.config.err

-- Finished on Sun May 24 21:10:27 2020 (lickety-split) with 43.817 GB free disk space
----------------------------------------
--
-- Creating overlap store trimming/Sars_cov_2_SRR11178052.ovlStore using:
--      1 bucket
--      2 slices
--        using at most 1 GB memory each
-- No change in report.
-- Finished stage 'obt-overlapStoreConfigure', reset canuIteration.
-- No change in report.
--
-- Running jobs.  First attempt out of 2.
----------------------------------------
-- Starting 'ovB' concurrent execution on Sun May 24 21:10:27 2020 with 43.817 GB free disk space (1 processes; 2 concurrently)

    cd trimming/Sars_cov_2_SRR11178052.ovlStore.BUILDING
    ./scripts/1-bucketize.sh 1 > ./logs/1-bucketize.000001.out 2>&1

-- Finished on Sun May 24 21:10:28 2020 (one second) with 43.816 GB free disk space
----------------------------------------
-- Overlap store bucketizer finished.
-- No change in report.
-- Finished stage 'obt-overlapStoreBucketizerCheck', reset canuIteration.
-- No change in report.
--
-- Running jobs.  First attempt out of 2.
----------------------------------------
-- Starting 'ovS' concurrent execution on Sun May 24 21:10:28 2020 with 43.816 GB free disk space (2 processes; 1 concurrently)

    cd trimming/Sars_cov_2_SRR11178052.ovlStore.BUILDING
    ./scripts/2-sort.sh 1 > ./logs/2-sort.000001.out 2>&1
    ./scripts/2-sort.sh 2 > ./logs/2-sort.000002.out 2>&1

-- Finished on Sun May 24 21:10:28 2020 (in the blink of an eye) with 43.813 GB free disk space
----------------------------------------
-- Overlap store sorter finished.
-- No change in report.
-- Finished stage 'obt-overlapStoreSorterCheck', reset canuIteration.
----------------------------------------
-- Starting command on Sun May 24 21:10:28 2020 with 43.813 GB free disk space

    cd trimming
    /home/matheus/processamento_workflow/canu/Linux-amd64/bin/ovStoreIndexer \
      -O  ./Sars_cov_2_SRR11178052.ovlStore.BUILDING \
      -S ../Sars_cov_2_SRR11178052.seqStore \
      -C  ./Sars_cov_2_SRR11178052.ovlStore.config \
      -delete \
    > ./Sars_cov_2_SRR11178052.ovlStore.BUILDING.index.err 2>&1

-- Finished on Sun May 24 21:10:28 2020 (fast as lightning) with 43.814 GB free disk space
----------------------------------------
-- Checking store.
----------------------------------------
-- Starting command on Sun May 24 21:10:28 2020 with 43.814 GB free disk space

    cd trimming
    /home/matheus/processamento_workflow/canu/Linux-amd64/bin/ovStoreDump \
     -S ../Sars_cov_2_SRR11178052.seqStore \
     -O  ./Sars_cov_2_SRR11178052.ovlStore \
     -counts \
     > ./Sars_cov_2_SRR11178052.ovlStore/counts.dat 2> ./Sars_cov_2_SRR11178052.ovlStore/counts.err

-- Finished on Sun May 24 21:10:28 2020 (fast as lightning) with 43.814 GB free disk space
----------------------------------------
--
-- Overlap store 'trimming/Sars_cov_2_SRR11178052.ovlStore' successfully constructed.
-- Found 99790 overlaps for 887 reads; 22062 reads have no overlaps.
--
--
-- Purged 0 GB in 3 overlap output files.
-- No change in report.
-- Finished stage 'obt-createOverlapStore', reset canuIteration.
----------------------------------------
-- Starting command on Sun May 24 21:10:28 2020 with 43.815 GB free disk space

    cd trimming/3-overlapbasedtrimming
    /home/matheus/processamento_workflow/canu/Linux-amd64/bin/trimReads \
      -S  ../../Sars_cov_2_SRR11178052.seqStore \
      -O  ../Sars_cov_2_SRR11178052.ovlStore \
      -Co ./Sars_cov_2_SRR11178052.1.trimReads.clear \
      -e  0.12 \
      -minlength 1000 \
      -ol 500 \
      -oc 2 \
      -o  ./Sars_cov_2_SRR11178052.1.trimReads \
    >     ./Sars_cov_2_SRR11178052.1.trimReads.err 2>&1

-- Finished on Sun May 24 21:10:29 2020 (one second) with 43.814 GB free disk space
----------------------------------------
--  PARAMETERS:
--  ----------
--     1000    (reads trimmed below this many bases are deleted)
--   0.1200    (use overlaps at or below this fraction error)
--      500    (break region if overlap is less than this long, for 'largest covered' algorithm)
--        2    (break region if overlap coverage is less than this many reads, for 'largest covered' algorithm)
--  
--  INPUT READS:
--  -----------
--   22949 reads      1134148 bases (reads processed)
--       0 reads            0 bases (reads not processed, previously deleted)
--       0 reads            0 bases (reads not processed, in a library where trimming isn't allowed)
--  
--  OUTPUT READS:
--  ------------
--     459 reads       590596 bases (trimmed reads output)
--      83 reads       110365 bases (reads with no change, kept as is)
--   22062 reads        22829 bases (reads with no overlaps, deleted)
--     345 reads       359122 bases (reads with short trimmed length, deleted)
--  
--  TRIMMING DETAILS:
--  ----------------
--     312 reads        20657 bases (bases trimmed from the 5' end of a read)
--     361 reads        30579 bases (bases trimmed from the 3' end of a read)
-- Report changed.
-- Finished stage 'obt-trimReads', reset canuIteration.
----------------------------------------
-- Starting command on Sun May 24 21:10:29 2020 with 43.814 GB free disk space

    cd trimming/3-overlapbasedtrimming
    /home/matheus/processamento_workflow/canu/Linux-amd64/bin/splitReads \
      -S  ../../Sars_cov_2_SRR11178052.seqStore \
      -O  ../Sars_cov_2_SRR11178052.ovlStore \
      -Ci ./Sars_cov_2_SRR11178052.1.trimReads.clear \
      -Co ./Sars_cov_2_SRR11178052.2.splitReads.clear \
      -e  0.12 \
      -minlength 1000 \
      -o  ./Sars_cov_2_SRR11178052.2.splitReads \
    >     ./Sars_cov_2_SRR11178052.2.splitReads.err 2>&1

-- Finished on Sun May 24 21:10:29 2020 (like a bat out of hell) with 43.814 GB free disk space
----------------------------------------
--  PARAMETERS:
--  ----------
--     1000    (reads trimmed below this many bases are deleted)
--   0.1200    (use overlaps at or below this fraction error)
--  INPUT READS:
--  -----------
--     542 reads       752197 bases (reads processed)
--   22407 reads       381951 bases (reads not processed, previously deleted)
--       0 reads            0 bases (reads not processed, in a library where trimming isn't allowed)
--  
--  PROCESSED:
--  --------
--       0 reads            0 bases (no overlaps)
--       1 reads         1634 bases (no coverage after adjusting for trimming done already)
--       0 reads            0 bases (processed for chimera)
--       0 reads            0 bases (processed for spur)
--     541 reads       750563 bases (processed for subreads)
--  
--  READS WITH SIGNALS:
--  ------------------
--       0 reads            0 signals (number of 5' spur signal)
--       0 reads            0 signals (number of 3' spur signal)
--       0 reads            0 signals (number of chimera signal)
--       8 reads            8 signals (number of subread signal)
--  
--  SIGNALS:
--  -------
--       0 reads            0 bases (size of 5' spur signal)
--       0 reads            0 bases (size of 3' spur signal)
--       0 reads            0 bases (size of chimera signal)
--       8 reads          811 bases (size of subread signal)
--  
--  TRIMMING:
--  --------
--       0 reads            0 bases (trimmed from the 5' end of the read)
--       8 reads         5768 bases (trimmed from the 3' end of the read)
-- Report changed.
-- Finished stage 'obt-splitReads', reset canuIteration.
----------------------------------------
-- Starting command on Sun May 24 21:10:29 2020 with 43.814 GB free disk space

    cd trimming/3-overlapbasedtrimming
    /home/matheus/processamento_workflow/canu/Linux-amd64/bin/loadTrimmedReads \
      -S ../../Sars_cov_2_SRR11178052.seqStore \
      -c ./Sars_cov_2_SRR11178052.2.splitReads.clear \
    > ./Sars_cov_2_SRR11178052.loadTrimmedReads.err 2>&1

-- Finished on Sun May 24 21:10:29 2020 (furiously fast) with 43.812 GB free disk space
----------------------------------------
----------------------------------------
-- Starting command on Sun May 24 21:10:29 2020 with 43.812 GB free disk space

    cd .
    /home/matheus/processamento_workflow/canu/Linux-amd64/bin/sqStoreDumpMetaData \
      -S ./Sars_cov_2_SRR11178052.seqStore \
      -corrected -trimmed \
      -histogram \
      -lengths \
    > ./Sars_cov_2_SRR11178052.seqStore/readlengths-utg.dat \
    2> ./Sars_cov_2_SRR11178052.seqStore/readlengths-utg.err 
    

-- Finished on Sun May 24 21:10:29 2020 (like a bat out of hell) with 43.812 GB free disk space
----------------------------------------
----------------------------------------
-- Starting command on Sun May 24 21:10:30 2020 with 43.812 GB free disk space

    cd .
    /home/matheus/processamento_workflow/canu/Linux-amd64/bin/sqStoreDumpMetaData \
      -S ./Sars_cov_2_SRR11178052.seqStore \
      -corrected -trimmed \
      -histogram \
    > ./Sars_cov_2_SRR11178052.seqStore/readlengths-utg.txt \
    2> ./Sars_cov_2_SRR11178052.seqStore/readlengths-utg.err 
    

-- Finished on Sun May 24 21:10:30 2020 (furiously fast) with 43.812 GB free disk space
----------------------------------------
--
-- In sequence store './Sars_cov_2_SRR11178052.seqStore':
--   Found 534 reads.
--   Found 688924 bases (22.96 times coverage).
--    
--    G=688924                           sum of  ||               length     num
--    NG         length     index       lengths  ||                range    seqs
--    ----- ------------ --------- ------------  ||  ------------------- -------
--    00010         1596        38        70401  ||       1000-1028           30|------------------------------------------
--    00020         1458        83       138477  ||       1029-1057           27|-------------------------------------
--    00030         1370       132       207330  ||       1058-1086           27|-------------------------------------
--    00040         1330       183       276070  ||       1087-1115           28|---------------------------------------
--    00050         1295       236       345614  ||       1116-1144           20|----------------------------
--    00060         1255       290       414571  ||       1145-1173           24|---------------------------------
--    00070         1204       346       483409  ||       1174-1202           30|------------------------------------------
--    00080         1140       404       551489  ||       1203-1231           30|------------------------------------------
--    00090         1068       467       620894  ||       1232-1260           31|-------------------------------------------
--    00100         1000       533       688924  ||       1261-1289           41|---------------------------------------------------------
--    001.000x                 534       688924  ||       1290-1318           46|---------------------------------------------------------------
--                                               ||       1319-1347           43|-----------------------------------------------------------
--                                               ||       1348-1376           30|------------------------------------------
--                                               ||       1377-1405           23|--------------------------------
--                                               ||       1406-1434           12|-----------------
--                                               ||       1435-1463           14|--------------------
--                                               ||       1464-1492           12|-----------------
--                                               ||       1493-1521            7|----------
--                                               ||       1522-1550           12|-----------------
--                                               ||       1551-1579            3|-----
--                                               ||       1580-1608            7|----------
--                                               ||       1609-1637            1|--
--                                               ||       1638-1666            5|-------
--                                               ||       1667-1695            2|---
--                                               ||       1696-1724            6|---------
--                                               ||       1725-1753            1|--
--                                               ||       1754-1782            5|-------
--                                               ||       1783-1811            6|---------
--                                               ||       1812-1840            0|
--                                               ||       1841-1869            2|---
--                                               ||       1870-1898            0|
--                                               ||       1899-1927            2|---
--                                               ||       1928-1956            1|--
--                                               ||       1957-1985            2|---
--                                               ||       1986-2014            0|
--                                               ||       2015-2043            1|--
--                                               ||       2044-2072            0|
--                                               ||       2073-2101            0|
--                                               ||       2102-2130            0|
--                                               ||       2131-2159            1|--
--                                               ||       2160-2188            0|
--                                               ||       2189-2217            0|
--                                               ||       2218-2246            0|
--                                               ||       2247-2275            0|
--                                               ||       2276-2304            1|--
--                                               ||       2305-2333            0|
--                                               ||       2334-2362            0|
--                                               ||       2363-2391            0|
--                                               ||       2392-2420            0|
--                                               ||       2421-2449            1|--
--    
--
-- Purging overlaps used for trimming.
-- Report changed.
-- Finished stage 'obt-dumpReads', reset canuIteration.
----------------------------------------
-- Starting command on Sun May 24 21:10:30 2020 with 43.816 GB free disk space

    cd .
    /home/matheus/processamento_workflow/canu/Linux-amd64/bin/sqStoreDumpFASTQ \
      -trimmed \
      -S ./Sars_cov_2_SRR11178052.seqStore \
      -o ./Sars_cov_2_SRR11178052.trimmedReads.gz \
      -fasta \
      -trimmed -normal -nolibname \
    > ./Sars_cov_2_SRR11178052.trimmedReads.fasta.err 2>&1

-- Finished on Sun May 24 21:10:30 2020 (furiously fast) with 43.816 GB free disk space
----------------------------------------
--
-- Trimmed reads saved in 'Sars_cov_2_SRR11178052.trimmedReads.fasta.gz'.
-- No change in report.
-- Finished stage 'cor-dumpTrimmedReads', reset canuIteration.
--
--
-- BEGIN ASSEMBLY
--
-- No change in report.
----------------------------------------
-- Starting command on Sun May 24 21:10:30 2020 with 43.816 GB free disk space

    cd unitigging/0-mercounts
    ./meryl-configure.sh \
    > ./meryl-configure.err 2>&1

-- Finished on Sun May 24 21:10:30 2020 (lickety-split) with 43.816 GB free disk space
----------------------------------------
--  segments   memory batches
--  -------- -------- -------
--        01  0.07 GB       1
--
--  For 534 reads with 688924 bases, limit to 1 batch.
--  Will count kmers using 01 jobs, each using 2 GB and 4 threads.
--
-- No change in report.
-- Finished stage 'merylConfigure', reset canuIteration.
-- No change in report.
--
-- Running jobs.  First attempt out of 2.
----------------------------------------
-- Starting 'meryl' concurrent execution on Sun May 24 21:10:30 2020 with 43.816 GB free disk space (1 processes; 1 concurrently)

    cd unitigging/0-mercounts
    ./meryl-count.sh 1 > ./meryl-count.000001.out 2>&1

-- Finished on Sun May 24 21:10:31 2020 (one second) with 43.815 GB free disk space
----------------------------------------
-- Found 1 Kmer counting (meryl) outputs.
-- No change in report.
-- Finished stage 'utg-merylCountCheck', reset canuIteration.
-- No change in report.
--
-- Running jobs.  First attempt out of 2.
----------------------------------------
-- Starting 'meryl' concurrent execution on Sun May 24 21:10:31 2020 with 43.815 GB free disk space (1 processes; 1 concurrently)

    cd unitigging/0-mercounts
    ./meryl-process.sh 1 > ./meryl-process.000001.out 2>&1

-- Finished on Sun May 24 21:10:32 2020 (one second) with 43.815 GB free disk space
----------------------------------------
-- Meryl finished successfully.  Kmer frequency histogram:
--
--  22-mers                                                                                           Fraction
--    Occurrences   NumMers                                                                         Unique Total
--       1-     1         0                                                                        0.0000 0.0000
--       2-     2      8739 ***************************************************                    0.1906 0.0277
--       3-     4     11858 ********************************************************************** 0.3635 0.0653
--       5-     7      9430 *******************************************************                0.5525 0.1277
--       8-    11      3104 ******************                                                     0.6811 0.1910
--      12-    16      2410 **************                                                         0.7330 0.2293
--      17-    22      2512 **************                                                         0.7855 0.2869
--      23-    29      2302 *************                                                          0.8366 0.3619
--      30-    37       798 ****                                                                   0.8835 0.4521
--      38-    46       856 *****                                                                  0.9004 0.4945
--      47-    56      1049 ******                                                                 0.9187 0.5518
--      57-    67       980 *****                                                                  0.9424 0.6428
--      68-    79       399 **                                                                     0.9619 0.7318
--      80-    92       632 ***                                                                    0.9700 0.7758
--      93-   106       479 **                                                                     0.9844 0.8666
--     107-   121       244 *                                                                      0.9941 0.9373
--     122-   137         0                                                                        0.0000 0.0000
--     138-   154         0                                                                        0.0000 0.0000
--     155-   172         1                                                                        0.9990 0.9773
--     173-   191         8                                                                        0.9990 0.9775
--     192-   211         1                                                                        0.9992 0.9799
--     212-   232         3                                                                        0.9992 0.9803
--     233-   254         3                                                                        0.9993 0.9814
--     255-   277         2                                                                        0.9994 0.9826
--     278-   301         3                                                                        0.9994 0.9834
--     302-   326         3                                                                        0.9995 0.9849
--     327-   352         0                                                                        0.0000 0.0000
--     353-   379         0                                                                        0.0000 0.0000
--     380-   407        12                                                                        0.9995 0.9865
--     408-   436        10                                                                        0.9998 0.9941
--
--           0 (max occurrences)
--      631324 (total mers, non-unique)
--       45838 (distinct mers, non-unique)
--           0 (unique mers)
-- Report changed.
-- Finished stage 'meryl-process', reset canuIteration.
--
-- Removing meryl database 'unitigging/0-mercounts/Sars_cov_2_SRR11178052.ms22'.
--
-- OVERLAPPER (normal) (assembly) erate=0.12
--
----------------------------------------
-- Starting command on Sun May 24 21:10:32 2020 with 43.816 GB free disk space

    cd unitigging/1-overlapper
    /home/matheus/processamento_workflow/canu/Linux-amd64/bin/overlapInCorePartition \
     -S  ../../Sars_cov_2_SRR11178052.seqStore \
     -hl 80000000 \
     -rl 1000000000 \
     -ol 500 \
     -o  ./Sars_cov_2_SRR11178052.partition \
    > ./Sars_cov_2_SRR11178052.partition.err 2>&1

-- Finished on Sun May 24 21:10:32 2020 (like a bat out of hell) with 43.816 GB free disk space
----------------------------------------
--
-- Configured 1 overlapInCore jobs.
-- No change in report.
-- Finished stage 'utg-overlapConfigure', reset canuIteration.
-- No change in report.
--
-- Running jobs.  First attempt out of 2.
----------------------------------------
-- Starting 'utgovl' concurrent execution on Sun May 24 21:10:32 2020 with 43.816 GB free disk space (1 processes; 1 concurrently)

    cd unitigging/1-overlapper
    ./overlap.sh 1 > ./overlap.000001.out 2>&1

-- Finished on Sun May 24 21:10:37 2020 (5 seconds) with 43.815 GB free disk space
----------------------------------------
-- Found 1 overlapInCore output files.
--
-- overlapInCore compute 'unitigging/1-overlapper':
--   kmer hits
--     with no overlap            97265       97265 +- 0
--     with an overlap            16839       16839 +- 0
--
--   overlaps                     16839       16839 +- 0
--     contained                   4954        4954 +- 0
--     dovetail                   11885       11885 +- 0
--
--   overlaps rejected
--     multiple per pair              0           0 +- 0
--     bad short window               0           0 +- 0
--     bad long window                0           0 +- 0
-- No change in report.
-- Finished stage 'utg-overlapCheck', reset canuIteration.
----------------------------------------
-- Starting command on Sun May 24 21:10:37 2020 with 43.815 GB free disk space

    cd unitigging
    /home/matheus/processamento_workflow/canu/Linux-amd64/bin/ovStoreConfig \
     -S ../Sars_cov_2_SRR11178052.seqStore \
     -M 3 \
     -L ./1-overlapper/ovljob.files \
     -create ./Sars_cov_2_SRR11178052.ovlStore.config \
     > ./Sars_cov_2_SRR11178052.ovlStore.config.txt \
    2> ./Sars_cov_2_SRR11178052.ovlStore.config.err

-- Finished on Sun May 24 21:10:37 2020 (furiously fast) with 43.815 GB free disk space
----------------------------------------
--
-- Creating overlap store unitigging/Sars_cov_2_SRR11178052.ovlStore using:
--      1 bucket
--      2 slices
--        using at most 1 GB memory each
-- No change in report.
-- Finished stage 'utg-overlapStoreConfigure', reset canuIteration.
-- No change in report.
--
-- Running jobs.  First attempt out of 2.
----------------------------------------
-- Starting 'ovB' concurrent execution on Sun May 24 21:10:37 2020 with 43.815 GB free disk space (1 processes; 2 concurrently)

    cd unitigging/Sars_cov_2_SRR11178052.ovlStore.BUILDING
    ./scripts/1-bucketize.sh 1 > ./logs/1-bucketize.000001.out 2>&1

-- Finished on Sun May 24 21:10:37 2020 (fast as lightning) with 43.815 GB free disk space
----------------------------------------
-- Overlap store bucketizer finished.
-- No change in report.
-- Finished stage 'utg-overlapStoreBucketizerCheck', reset canuIteration.
-- No change in report.
--
-- Running jobs.  First attempt out of 2.
----------------------------------------
-- Starting 'ovS' concurrent execution on Sun May 24 21:10:37 2020 with 43.815 GB free disk space (2 processes; 1 concurrently)

    cd unitigging/Sars_cov_2_SRR11178052.ovlStore.BUILDING
    ./scripts/2-sort.sh 1 > ./logs/2-sort.000001.out 2>&1
    ./scripts/2-sort.sh 2 > ./logs/2-sort.000002.out 2>&1

-- Finished on Sun May 24 21:10:38 2020 (one second) with 43.812 GB free disk space
----------------------------------------
-- Overlap store sorter finished.
-- No change in report.
-- Finished stage 'utg-overlapStoreSorterCheck', reset canuIteration.
----------------------------------------
-- Starting command on Sun May 24 21:10:38 2020 with 43.812 GB free disk space

    cd unitigging
    /home/matheus/processamento_workflow/canu/Linux-amd64/bin/ovStoreIndexer \
      -O  ./Sars_cov_2_SRR11178052.ovlStore.BUILDING \
      -S ../Sars_cov_2_SRR11178052.seqStore \
      -C  ./Sars_cov_2_SRR11178052.ovlStore.config \
      -delete \
    > ./Sars_cov_2_SRR11178052.ovlStore.BUILDING.index.err 2>&1

-- Finished on Sun May 24 21:10:38 2020 (like a bat out of hell) with 43.813 GB free disk space
----------------------------------------
-- Checking store.
----------------------------------------
-- Starting command on Sun May 24 21:10:38 2020 with 43.813 GB free disk space

    cd unitigging
    /home/matheus/processamento_workflow/canu/Linux-amd64/bin/ovStoreDump \
     -S ../Sars_cov_2_SRR11178052.seqStore \
     -O  ./Sars_cov_2_SRR11178052.ovlStore \
     -counts \
     > ./Sars_cov_2_SRR11178052.ovlStore/counts.dat 2> ./Sars_cov_2_SRR11178052.ovlStore/counts.err

-- Finished on Sun May 24 21:10:38 2020 (in the blink of an eye) with 43.813 GB free disk space
----------------------------------------
--
-- Overlap store 'unitigging/Sars_cov_2_SRR11178052.ovlStore' successfully constructed.
-- Found 33678 overlaps for 532 reads; 22417 reads have no overlaps.
--
--
-- Purged 0 GB in 3 overlap output files.
----------------------------------------
-- Starting command on Sun May 24 21:10:38 2020 with 43.813 GB free disk space

    cd unitigging
    /home/matheus/processamento_workflow/canu/Linux-amd64/bin/ovStoreStats \
     -C 22 \
     -S ../Sars_cov_2_SRR11178052.seqStore \
     -O  ./Sars_cov_2_SRR11178052.ovlStore \
     -o  ./Sars_cov_2_SRR11178052.ovlStore \
     > ./Sars_cov_2_SRR11178052.ovlStore.summary.err 2>&1

-- Finished on Sun May 24 21:10:38 2020 (in the blink of an eye) with 43.813 GB free disk space
----------------------------------------
--
-- Overlap store 'unitigging/Sars_cov_2_SRR11178052.ovlStore' contains:
--
--   category            reads     %          read length        feature size or coverage  analysis
--   ----------------  -------  -------  ----------------------  ------------------------  --------------------
--   middle-missing          0    0.00        0.00 +- 0.00             0.00 +- 0.00       (bad trimming)
--   middle-hump             5    0.94     1398.60 +- 212.10         135.60 +- 192.89     (bad trimming)
--   no-5-prime             19    3.56     1441.74 +- 200.29          29.16 +- 83.48      (bad trimming)
--   no-3-prime             10    1.87     1493.10 +- 310.15          17.20 +- 47.95      (bad trimming)
--   
--   low-coverage           41    7.68     1210.76 +- 137.37           3.58 +- 1.46       (easy to assemble, potential for lower quality consensus)
--   unique                 63   11.80     1275.59 +- 162.60          21.49 +- 5.14       (easy to assemble, perfect, yay)
--   repeat-cont           109   20.41     1183.55 +- 151.44          89.25 +- 19.80      (potential for consensus errors, no impact on assembly)
--   repeat-dove             0    0.00        0.00 +- 0.00             0.00 +- 0.00       (hard to assemble, likely won't assemble correctly or even at all)
--   
--   span-repeat            52    9.74     1416.17 +- 221.10        1038.42 +- 337.64     (read spans a large repeat, usually easy to assemble)
--   uniq-repeat-cont      220   41.20     1285.85 +- 178.59                              (should be uniquely placed, low potential for consensus errors, no impact on assembly)
--   uniq-repeat-dove       13    2.43     1657.15 +- 328.14                              (will end contigs, potential to misassemble)
--   uniq-anchor             0    0.00        0.00 +- 0.00             0.00 +- 0.00       (repeat read, with unique section, probable bad read)
-- Report changed.
-- Finished stage 'utg-createOverlapStore', reset canuIteration.
--
-- Loading read lengths.
-- Loading number of overlaps per read.
--
-- Configure RED for 8gb memory.
--                   Batches of at most (unlimited) reads.
--                                      500000000 bases.
--                   Expecting evidence of at most 536870912 bases per iteration.
--
--           Total                                               Reads                 Olaps Evidence
--    Job   Memory      Read Range         Reads        Bases   Memory        Olaps   Memory   Memory  (Memory in MB)
--   ---- -------- ------------------- --------- ------------ -------- ------------ -------- --------
--      1  3204.65         1-22949           924      1083265   132.26        33678     0.39  1024.00
--   ---- -------- ------------------- --------- ------------ -------- ------------ -------- --------
--                                                    1083265                 33678
-- No change in report.
-- Finished stage 'readErrorDetectionConfigure', reset canuIteration.
-- No change in report.
--
-- Running jobs.  First attempt out of 2.
----------------------------------------
-- Starting 'red' concurrent execution on Sun May 24 21:10:38 2020 with 43.813 GB free disk space (1 processes; 1 concurrently)

    cd unitigging/3-overlapErrorAdjustment
    ./red.sh 1 > ./red.000001.out 2>&1

-- Finished on Sun May 24 21:10:39 2020 (one second) with 43.813 GB free disk space
----------------------------------------
-- Found 1 read error detection output files.
-- No change in report.
-- Finished stage 'readErrorDetectionCheck', reset canuIteration.
--
-- Loading read lengths.
-- Loading number of overlaps per read.
--
-- Configure OEA for 8gb memory.
--                   Batches of at most (unlimited) reads.
--                                      300000000 bases.
--
--           Total                                               Reads                 Olaps  Adjusts
--    Job   Memory      Read Range         Reads        Bases   Memory        Olaps   Memory   Memory  (Memory in MB)
--   ---- -------- ------------------- --------- ------------ -------- ------------ -------- --------
--      1  2378.73         1-22949           924      1083265     9.06        33678     1.03   320.64
--   ---- -------- ------------------- --------- ------------ -------- ------------ -------- --------
--                                                    1083265                 33678
-- No change in report.
-- Finished stage 'overlapErrorAdjustmentConfigure', reset canuIteration.
-- No change in report.
--
-- Running jobs.  First attempt out of 2.
----------------------------------------
-- Starting 'oea' concurrent execution on Sun May 24 21:10:39 2020 with 43.813 GB free disk space (1 processes; 1 concurrently)

    cd unitigging/3-overlapErrorAdjustment
    ./oea.sh 1 > ./oea.000001.out 2>&1

-- Finished on Sun May 24 21:10:40 2020 (one second) with 43.813 GB free disk space
----------------------------------------
-- Found 1 overlap error adjustment output files.
-- No change in report.
-- Finished stage 'overlapErrorAdjustmentCheck', reset canuIteration.
----------------------------------------
-- Starting command on Sun May 24 21:10:40 2020 with 43.813 GB free disk space

    cd unitigging/3-overlapErrorAdjustment
    /home/matheus/processamento_workflow/canu/Linux-amd64/bin/loadErates \
      -S ../../Sars_cov_2_SRR11178052.seqStore \
      -O ../Sars_cov_2_SRR11178052.ovlStore \
      -L ./oea.files \
    > ./oea.apply.err 2>&1

-- Finished on Sun May 24 21:10:40 2020 (like a bat out of hell) with 43.813 GB free disk space
----------------------------------------
-- No report available.
-- Report changed.
-- Finished stage 'updateOverlapStore', reset canuIteration.
-- Finished stage 'unitig', reset canuIteration.
-- No change in report.
-- No change in report.
--
-- Running jobs.  First attempt out of 2.
----------------------------------------
-- Starting 'bat' concurrent execution on Sun May 24 21:10:40 2020 with 43.813 GB free disk space (1 processes; 1 concurrently)

    cd unitigging/4-unitigger
    ./unitigger.sh 1 > ./unitigger.000001.out 2>&1

-- Finished on Sun May 24 21:10:41 2020 (one second) with 43.812 GB free disk space
----------------------------------------
-- Unitigger finished successfully.
-- Found, in version 1, after unitig construction:
--   contigs:      11 sequences, total length 23845 bp (including 0 repeats of total length 0 bp).
--   bubbles:      0 sequences, total length 0 bp.
--   unassembled:  72 sequences, total length 91547 bp.
--
-- Contig sizes based on genome size 30kbp:
--
--            NG (bp)  LG (contigs)    sum (bp)
--         ----------  ------------  ----------
--     10        3001             1        3001
--     20        2727             3        8621
--     30        2401             4       11022
--     40        2327             5       13349
--     50        1991             6       15340
--     60        1850             8       19112
--     70        1565            10       22286
--
-- Report changed.
-- Finished stage 'unitigCheck', reset canuIteration.
----------------------------------------
-- Starting command on Sun May 24 21:10:41 2020 with 43.812 GB free disk space

    cd unitigging
    /home/matheus/processamento_workflow/canu/Linux-amd64/bin/utgcns \
      -S ../Sars_cov_2_SRR11178052.seqStore \
      -T  ./Sars_cov_2_SRR11178052.ctgStore 1 \
      -partition 0.8 1 0.1 \
    > ./Sars_cov_2_SRR11178052.ctgStore/partitioning.log 2>&1

-- Finished on Sun May 24 21:10:42 2020 (one second) with 43.812 GB free disk space
----------------------------------------
----------------------------------------
-- Starting command on Sun May 24 21:10:42 2020 with 43.812 GB free disk space

    cd unitigging
    /home/matheus/processamento_workflow/canu/Linux-amd64/bin/utgcns \
      -S ../Sars_cov_2_SRR11178052.seqStore \
      -T  ./Sars_cov_2_SRR11178052.utgStore 1 \
      -partition 0.8 1 0.1 \
    > ./Sars_cov_2_SRR11178052.utgStore/partitioning.log 2>&1

-- Finished on Sun May 24 21:10:42 2020 (lickety-split) with 43.811 GB free disk space
----------------------------------------
-- Using slow alignment for consensus (iteration '0').
-- Configured 4 contig and 4 unitig consensus jobs.
-- No change in report.
-- Finished stage 'consensusConfigure', reset canuIteration.
--
--                                (tag)Concurrency
--                         (tag)Threads          |
--                (tag)Memory         |          |
--        (tag)             |         |          |       total usage      algorithm
--        -------  ----------  --------   --------  --------------------  -----------------------------
-- Local: cns        0.500 GB    4 CPUs x   1 job      0.500 GB   4 CPUs  (consensus)
--
-- No change in report.
--
-- Running jobs.  First attempt out of 2.
----------------------------------------
-- Starting 'cns' concurrent execution on Sun May 24 21:10:42 2020 with 43.811 GB free disk space (8 processes; 1 concurrently)

    cd unitigging/5-consensus
    ./consensus.sh 1 > ./consensus.000001.out 2>&1
    ./consensus.sh 2 > ./consensus.000002.out 2>&1
    ./consensus.sh 3 > ./consensus.000003.out 2>&1
    ./consensus.sh 4 > ./consensus.000004.out 2>&1
    ./consensus.sh 5 > ./consensus.000005.out 2>&1
    ./consensus.sh 6 > ./consensus.000006.out 2>&1
    ./consensus.sh 7 > ./consensus.000007.out 2>&1
    ./consensus.sh 8 > ./consensus.000008.out 2>&1

-- Finished on Sun May 24 21:10:45 2020 (3 seconds) with 43.811 GB free disk space
----------------------------------------
-- Using slow alignment for consensus (iteration '1').
-- Configured 4 contig and 4 unitig consensus jobs.
-- No change in report.
-- All 8 consensus jobs finished successfully.
-- No change in report.
-- Finished stage 'consensusCheck', reset canuIteration.
-- Using slow alignment for consensus (iteration '0').
-- Configured 4 contig and 4 unitig consensus jobs.
-- No change in report.
----------------------------------------
-- Starting command on Sun May 24 21:10:45 2020 with 43.811 GB free disk space

    cd unitigging
    /home/matheus/processamento_workflow/canu/Linux-amd64/bin/tgStoreLoad \
      -S ../Sars_cov_2_SRR11178052.seqStore \
      -T  ./Sars_cov_2_SRR11178052.ctgStore 2 \
      -L ./5-consensus/ctgcns.files \
    > ./5-consensus/ctgcns.files.ctgStoreLoad.err 2>&1

-- Finished on Sun May 24 21:10:45 2020 (fast as lightning) with 43.811 GB free disk space
----------------------------------------
----------------------------------------
-- Starting command on Sun May 24 21:10:45 2020 with 43.811 GB free disk space

    cd unitigging
    /home/matheus/processamento_workflow/canu/Linux-amd64/bin/tgStoreLoad \
      -S ../Sars_cov_2_SRR11178052.seqStore \
      -T  ./Sars_cov_2_SRR11178052.utgStore 2 \
      -L ./5-consensus/utgcns.files \
    > ./5-consensus/utgcns.files.utgStoreLoad.err 2>&1

-- Finished on Sun May 24 21:10:45 2020 (like a bat out of hell) with 43.811 GB free disk space
----------------------------------------
-- Purging consensus output after loading to ctgStore and/or utgStore.
-- Purged 8 .cns outputs.
----------------------------------------
-- Starting command on Sun May 24 21:10:45 2020 with 43.811 GB free disk space

    cd unitigging
    /home/matheus/processamento_workflow/canu/Linux-amd64/bin/tgStoreDump \
      -S ../Sars_cov_2_SRR11178052.seqStore \
      -T ./Sars_cov_2_SRR11178052.ctgStore 2 \
      -sizes -s 30000 \
    > ./Sars_cov_2_SRR11178052.ctgStore/seqDB.v002.sizes.txt
sqStore_loadMetadata()-- Using 'corrected-trimmed' 0x10 reads.

-- Finished on Sun May 24 21:10:45 2020 (in the blink of an eye) with 43.811 GB free disk space
----------------------------------------
-- Found, in version 2, after consensus generation:
--   contigs:      11 sequences, total length 23674 bp (including 0 repeats of total length 0 bp).
--   bubbles:      0 sequences, total length 0 bp.
--   unassembled:  72 sequences, total length 91547 bp.
--
-- Contig sizes based on genome size 30kbp:
--
--            NG (bp)  LG (contigs)    sum (bp)
--         ----------  ------------  ----------
--     10        2854             2        5777
--     20        2741             3        8518
--     30        2386             4       10904
--     40        2321             5       13225
--     50        1991             6       15216
--     60        1849             8       18979
--     70        1558            10       22126
--
-- Report changed.
-- Finished stage 'consensusLoad', reset canuIteration.
-- No change in report.
----------------------------------------
-- Starting command on Sun May 24 21:10:45 2020 with 43.811 GB free disk space

    cd unitigging/4-unitigger
    ./alignGFA.sh \
    > alignGFA.err 2>&1

-- Finished on Sun May 24 21:10:46 2020 (one second) with 43.811 GB free disk space
----------------------------------------
----------------------------------------
-- Starting command on Sun May 24 21:10:46 2020 with 43.811 GB free disk space

    cd .
    /home/matheus/processamento_workflow/canu/Linux-amd64/bin/tgStoreDump \
      -S ./Sars_cov_2_SRR11178052.seqStore \
      -T ./unitigging/Sars_cov_2_SRR11178052.ctgStore 2 \
      -o ./Sars_cov_2_SRR11178052.contigs \
      -layout \
    > ./Sars_cov_2_SRR11178052.contigs.layout.err 2>&1

-- Finished on Sun May 24 21:10:46 2020 (lickety-split) with 43.811 GB free disk space
----------------------------------------
----------------------------------------
-- Starting command on Sun May 24 21:10:46 2020 with 43.811 GB free disk space

    cd .
    /home/matheus/processamento_workflow/canu/Linux-amd64/bin/tgStoreDump \
      -S ./Sars_cov_2_SRR11178052.seqStore \
      -T ./unitigging/Sars_cov_2_SRR11178052.utgStore 2 \
      -o ./Sars_cov_2_SRR11178052.unitigs \
      -layout \
    > ./Sars_cov_2_SRR11178052.unitigs.layout.err 2>&1

-- Finished on Sun May 24 21:10:46 2020 (in the blink of an eye) with 43.811 GB free disk space
----------------------------------------
----------------------------------------
-- Starting command on Sun May 24 21:10:46 2020 with 43.811 GB free disk space

    cd .
    /home/matheus/processamento_workflow/canu/Linux-amd64/bin/tgStoreDump \
      -S ./Sars_cov_2_SRR11178052.seqStore \
      -T ./unitigging/Sars_cov_2_SRR11178052.ctgStore 2 \
      -consensus -fasta \
      -unassembled \
    > ./Sars_cov_2_SRR11178052.unassembled.fasta
    2> ./Sars_cov_2_SRR11178052.unassembled.err
sqStore_loadMetadata()-- Using 'corrected-trimmed' 0x10 reads.

-- Finished on Sun May 24 21:10:46 2020 (furiously fast) with 43.811 GB free disk space
----------------------------------------
----------------------------------------
-- Starting command on Sun May 24 21:10:46 2020 with 43.811 GB free disk space

    cd .
    /home/matheus/processamento_workflow/canu/Linux-amd64/bin/tgStoreDump \
      -S ./Sars_cov_2_SRR11178052.seqStore \
      -T ./unitigging/Sars_cov_2_SRR11178052.ctgStore 2 \
      -consensus -fasta \
      -contigs \
    > ./Sars_cov_2_SRR11178052.contigs.fasta
    2> ./Sars_cov_2_SRR11178052.contigs.err
sqStore_loadMetadata()-- Using 'corrected-trimmed' 0x10 reads.

-- Finished on Sun May 24 21:10:47 2020 (one second) with 43.811 GB free disk space
----------------------------------------
----------------------------------------
-- Starting command on Sun May 24 21:10:47 2020 with 43.811 GB free disk space

    cd .
    /home/matheus/processamento_workflow/canu/Linux-amd64/bin/tgStoreDump \
      -S ./Sars_cov_2_SRR11178052.seqStore \
      -T ./unitigging/Sars_cov_2_SRR11178052.utgStore 2 \
      -consensus -fasta \
      -contigs \
    > ./Sars_cov_2_SRR11178052.unitigs.fasta
    2> ./Sars_cov_2_SRR11178052.unitigs.err
sqStore_loadMetadata()-- Using 'corrected-trimmed' 0x10 reads.

-- Finished on Sun May 24 21:10:47 2020 (like a bat out of hell) with 43.811 GB free disk space
----------------------------------------
-- No change in report.
-- Finished stage 'generateOutputs', reset canuIteration.
--
-- Assembly 'Sars_cov_2_SRR11178052' finished in '/home/matheus/processamento_workflow/SRR11178052_05-24-2020-20-45-51/Sars_cov_2_SRR11178052'.
--
-- Summary saved in 'Sars_cov_2_SRR11178052.report'.
--
-- Sequences saved:
--   Contigs       -> 'Sars_cov_2_SRR11178052.contigs.fasta'
--   Unassembled   -> 'Sars_cov_2_SRR11178052.unassembled.fasta'
--   Unitigs       -> 'Sars_cov_2_SRR11178052.unitigs.fasta'
--
-- Read layouts saved:
--   Contigs       -> 'Sars_cov_2_SRR11178052.contigs.layout'.
--   Unitigs       -> 'Sars_cov_2_SRR11178052.unitigs.layout'.
--
-- Graphs saved:
--   Unitigs       -> 'Sars_cov_2_SRR11178052.unitigs.gfa'.
--
-- Bye.
1544.39user 40.99system 25:24.93elapsed 103%CPU (0avgtext+0avgdata 3835804maxresident)k
432216inputs+11961288outputs (707major+4102964minor)pagefaults 0swaps
