perl: warning: Setting locale failed.
perl: warning: Please check that your locale settings:
	LANGUAGE = "pt_BR:pt:en",
	LC_ALL = (unset),
	LC_CTYPE = "UTF-8",
	LANG = "pt_BR.UTF-8"
    are supported and installed on your system.
perl: warning: Falling back to a fallback locale ("pt_BR.UTF-8").
Started analysis of SRR11178057.fastq
Approx 5% complete for SRR11178057.fastq
Approx 10% complete for SRR11178057.fastq
Approx 15% complete for SRR11178057.fastq
Approx 20% complete for SRR11178057.fastq
Approx 25% complete for SRR11178057.fastq
Approx 30% complete for SRR11178057.fastq
Approx 35% complete for SRR11178057.fastq
Approx 40% complete for SRR11178057.fastq
Approx 45% complete for SRR11178057.fastq
Approx 50% complete for SRR11178057.fastq
Approx 55% complete for SRR11178057.fastq
Approx 60% complete for SRR11178057.fastq
Approx 65% complete for SRR11178057.fastq
Approx 70% complete for SRR11178057.fastq
Approx 75% complete for SRR11178057.fastq
Approx 80% complete for SRR11178057.fastq
Approx 85% complete for SRR11178057.fastq
Approx 90% complete for SRR11178057.fastq
Approx 95% complete for SRR11178057.fastq
perl: warning: Setting locale failed.
perl: warning: Please check that your locale settings:
	LANGUAGE = "pt_BR:pt:en",
	LC_ALL = (unset),
	LC_CTYPE = "UTF-8",
	LANG = "pt_BR.UTF-8"
    are supported and installed on your system.
perl: warning: Falling back to a fallback locale ("pt_BR.UTF-8").
-- canu snapshot v2.0-development +523 changes (r10016 cafc287f0c6a33d7540deb21a0311fb985d3bdb8)
--
-- CITATIONS
--
-- For 'standard' assemblies of PacBio or Nanopore reads:
--   Koren S, Walenz BP, Berlin K, Miller JR, Phillippy AM.
--   Canu: scalable and accurate long-read assembly via adaptive k-mer weighting and repeat separation.
--   Genome Res. 2017 May;27(5):722-736.
--   http://doi.org/10.1101/gr.215087.116
-- 
-- Read and contig alignments during correction, consensus and GFA building use:
--   Šošic M, Šikic M.
--   Edlib: a C/C ++ library for fast, exact sequence alignment using edit distance.
--   Bioinformatics. 2017 May 1;33(9):1394-1395.
--   http://doi.org/10.1093/bioinformatics/btw753
-- 
-- Overlaps are generated using:
--   Berlin K, et al.
--   Assembling large genomes with single-molecule sequencing and locality-sensitive hashing.
--   Nat Biotechnol. 2015 Jun;33(6):623-30.
--   http://doi.org/10.1038/nbt.3238
-- 
--   Myers EW, et al.
--   A Whole-Genome Assembly of Drosophila.
--   Science. 2000 Mar 24;287(5461):2196-204.
--   http://doi.org/10.1126/science.287.5461.2196
-- 
-- Corrected read consensus sequences are generated using an algorithm derived from FALCON-sense:
--   Chin CS, et al.
--   Phased diploid genome assembly with single-molecule real-time sequencing.
--   Nat Methods. 2016 Dec;13(12):1050-1054.
--   http://doi.org/10.1038/nmeth.4035
-- 
-- Contig consensus sequences are generated using an algorithm derived from pbdagcon:
--   Chin CS, et al.
--   Nonhybrid, finished microbial genome assemblies from long-read SMRT sequencing data.
--   Nat Methods. 2013 Jun;10(6):563-9
--   http://doi.org/10.1038/nmeth.2474
-- 
-- CONFIGURE CANU
--
-- Detected Java(TM) Runtime Environment '11.0.7' (from 'java') without -d64 support.
-- Detected gnuplot version '5.2 patchlevel 6   ' (from 'gnuplot') and image format 'png'.
-- Detected 4 CPUs and 8 gigabytes of memory.
-- No grid engine detected, grid and staging disabled.
--
--                                (tag)Concurrency
--                         (tag)Threads          |
--                (tag)Memory         |          |
--        (tag)             |         |          |       total usage      algorithm
--        -------  ----------  --------   --------  --------------------  -----------------------------
-- Local: meryl      8.000 GB    4 CPUs x   1 job      8.000 GB   4 CPUs  (k-mer counting)
-- Local: hap        8.000 GB    4 CPUs x   1 job      8.000 GB   4 CPUs  (read-to-haplotype assignment)
-- Local: cormhap    6.000 GB    4 CPUs x   1 job      6.000 GB   4 CPUs  (overlap detection with mhap)
-- Local: obtovl     4.000 GB    4 CPUs x   1 job      4.000 GB   4 CPUs  (overlap detection)
-- Local: utgovl     4.000 GB    4 CPUs x   1 job      4.000 GB   4 CPUs  (overlap detection)
-- Local: cor        8.000 GB    4 CPUs x   1 job      8.000 GB   4 CPUs  (read correction)
-- Local: ovb        4.000 GB    1 CPU  x   2 jobs     8.000 GB   2 CPUs  (overlap store bucketizer)
-- Local: ovs        8.000 GB    1 CPU  x   1 job      8.000 GB   1 CPU   (overlap store sorting)
-- Local: red        8.000 GB    4 CPUs x   1 job      8.000 GB   4 CPUs  (read error detection)
-- Local: oea        8.000 GB    1 CPU  x   1 job      8.000 GB   1 CPU   (overlap error adjustment)
-- Local: bat        8.000 GB    4 CPUs x   1 job      8.000 GB   4 CPUs  (contig construction with bogart)
-- Local: cns        -.--- GB    4 CPUs x   - jobs     -.--- GB   - CPUs  (consensus)
-- Local: gfa        8.000 GB    4 CPUs x   1 job      8.000 GB   4 CPUs  (GFA alignment and processing)
--
-- Found untrimmed raw Nanopore reads in the input files.
--
-- Generating assembly 'Sars_cov_2_SRR11178057' in '/home/matheus/processamento_workflow/SRR11178057_05-24-2020-21-59-19/Sars_cov_2_SRR11178057':
--    - correct raw reads.
--    - trim corrected reads.
--    - assemble corrected and trimmed reads.
--
-- Parameters:
--
--  genomeSize        30000
--
--  Overlap Generation Limits:
--    corOvlErrorRate 0.3200 ( 32.00%)
--    obtOvlErrorRate 0.1200 ( 12.00%)
--    utgOvlErrorRate 0.1200 ( 12.00%)
--
--  Overlap Processing Limits:
--    corErrorRate    0.5000 ( 50.00%)
--    obtErrorRate    0.1200 ( 12.00%)
--    utgErrorRate    0.1200 ( 12.00%)
--    cnsErrorRate    0.2000 ( 20.00%)
--
--
-- BEGIN CORRECTION
--
----------------------------------------
-- Starting command on Sun May 24 22:09:41 2020 with 34.79 GB free disk space

    cd .
    ./Sars_cov_2_SRR11178057.seqStore.sh \
    > ./Sars_cov_2_SRR11178057.seqStore.err 2>&1

-- Finished on Sun May 24 22:09:50 2020 (9 seconds) with 34.606 GB free disk space
----------------------------------------
----------------------------------------
-- Starting command on Sun May 24 22:09:50 2020 with 34.606 GB free disk space

    cd .
    /home/matheus/processamento_workflow/canu/Linux-amd64/bin/sqStoreDumpMetaData \
      -S ./Sars_cov_2_SRR11178057.seqStore \
      -raw \
      -histogram \
      -lengths \
    > ./Sars_cov_2_SRR11178057.seqStore/readlengths-cor.dat \
    2> ./Sars_cov_2_SRR11178057.seqStore/readlengths-cor.err 
    

-- Finished on Sun May 24 22:09:50 2020 (like a bat out of hell) with 34.606 GB free disk space
----------------------------------------
----------------------------------------
-- Starting command on Sun May 24 22:09:50 2020 with 34.606 GB free disk space

    cd .
    /home/matheus/processamento_workflow/canu/Linux-amd64/bin/sqStoreDumpMetaData \
      -S ./Sars_cov_2_SRR11178057.seqStore \
      -raw \
      -histogram \
    > ./Sars_cov_2_SRR11178057.seqStore/readlengths-cor.txt \
    2> ./Sars_cov_2_SRR11178057.seqStore/readlengths-cor.err 
    

-- Finished on Sun May 24 22:09:50 2020 (like a bat out of hell) with 34.606 GB free disk space
----------------------------------------
--
-- In sequence store './Sars_cov_2_SRR11178057.seqStore':
--   Found 4932 reads.
--   Found 6001012 bases (200.03 times coverage).
--    
--    G=6001012                          sum of  ||               length     num
--    NG         length     index       lengths  ||                range    seqs
--    ----- ------------ --------- ------------  ||  ------------------- -------
--    00010         1660       306       600332  ||       1000-1070         1522|---------------------------------------------------------------
--    00020         1422       702      1201346  ||       1071-1141         1066|---------------------------------------------
--    00030         1304      1144      1800415  ||       1142-1212          630|---------------------------
--    00040         1225      1621      2401557  ||       1213-1283          472|--------------------
--    00050         1163      2123      3001209  ||       1284-1354          321|--------------
--    00060         1116      2650      3600888  ||       1355-1425          231|----------
--    00070         1081      3197      4201067  ||       1426-1496          164|-------
--    00080         1052      3760      4801345  ||       1497-1567          119|-----
--    00090         1024      4338      5401066  ||       1568-1638           76|----
--    00100         1000      4931      6001012  ||       1639-1709           84|----
--    001.000x                4932      6001012  ||       1710-1780           57|---
--                                               ||       1781-1851           46|--
--                                               ||       1852-1922           36|--
--                                               ||       1923-1993           19|-
--                                               ||       1994-2064           15|-
--                                               ||       2065-2135           12|-
--                                               ||       2136-2206           11|-
--                                               ||       2207-2277           12|-
--                                               ||       2278-2348            3|-
--                                               ||       2349-2419            7|-
--                                               ||       2420-2490            4|-
--                                               ||       2491-2561            3|-
--                                               ||       2562-2632            6|-
--                                               ||       2633-2703            3|-
--                                               ||       2704-2774            3|-
--                                               ||       2775-2845            3|-
--                                               ||       2846-2916            1|-
--                                               ||       2917-2987            1|-
--                                               ||       2988-3058            2|-
--                                               ||       3059-3129            0|
--                                               ||       3130-3200            0|
--                                               ||       3201-3271            0|
--                                               ||       3272-3342            0|
--                                               ||       3343-3413            0|
--                                               ||       3414-3484            0|
--                                               ||       3485-3555            0|
--                                               ||       3556-3626            1|-
--                                               ||       3627-3697            1|-
--                                               ||       3698-3768            0|
--                                               ||       3769-3839            0|
--                                               ||       3840-3910            0|
--                                               ||       3911-3981            0|
--                                               ||       3982-4052            0|
--                                               ||       4053-4123            0|
--                                               ||       4124-4194            0|
--                                               ||       4195-4265            0|
--                                               ||       4266-4336            0|
--                                               ||       4337-4407            0|
--                                               ||       4408-4478            0|
--                                               ||       4479-4549            1|-
--    
-- New report created.
----------------------------------------
-- Starting command on Sun May 24 22:09:50 2020 with 34.606 GB free disk space

    cd correction/0-mercounts
    ./meryl-configure.sh \
    > ./meryl-configure.err 2>&1

-- Finished on Sun May 24 22:09:51 2020 (one second) with 34.606 GB free disk space
----------------------------------------
--  segments   memory batches
--  -------- -------- -------
--        01  0.07 GB       1
--
--  For 4932 reads with 6001012 bases, limit to 1 batch.
--  Will count kmers using 01 jobs, each using 2 GB and 4 threads.
--
-- Report changed.
-- Finished stage 'merylConfigure', reset canuIteration.
-- No change in report.
--
-- Running jobs.  First attempt out of 2.
----------------------------------------
-- Starting 'meryl' concurrent execution on Sun May 24 22:09:51 2020 with 34.606 GB free disk space (1 processes; 1 concurrently)

    cd correction/0-mercounts
    ./meryl-count.sh 1 > ./meryl-count.000001.out 2>&1

-- Finished on Sun May 24 22:09:52 2020 (one second) with 34.59 GB free disk space
----------------------------------------
-- Found 1 Kmer counting (meryl) outputs.
-- No change in report.
-- Finished stage 'cor-merylCountCheck', reset canuIteration.
-- No change in report.
--
-- Running jobs.  First attempt out of 2.
----------------------------------------
-- Starting 'meryl' concurrent execution on Sun May 24 22:09:52 2020 with 34.59 GB free disk space (1 processes; 1 concurrently)

    cd correction/0-mercounts
    ./meryl-process.sh 1 > ./meryl-process.000001.out 2>&1

-- Finished on Sun May 24 22:09:53 2020 (one second) with 34.603 GB free disk space
----------------------------------------
-- Meryl finished successfully.  Kmer frequency histogram:
--
--  16-mers                                                                                           Fraction
--    Occurrences   NumMers                                                                         Unique Total
--       1-     1         0                                                                        0.0000 0.0000
--       2-     2    180345 ********************************************************************** 0.4392 0.1082
--       3-     4     98485 **************************************                                 0.5954 0.1659
--       5-     7     51576 ********************                                                   0.7347 0.2413
--       8-    11     29260 ***********                                                            0.8287 0.3204
--      12-    16     16408 ******                                                                 0.8864 0.3931
--      17-    22     10065 ***                                                                    0.9215 0.4569
--      23-    29      6184 **                                                                     0.9431 0.5107
--      30-    37      4345 *                                                                      0.9571 0.5567
--      38-    46      3441 *                                                                      0.9672 0.5993
--      47-    56      2486                                                                        0.9752 0.6413
--      57-    67      1840                                                                        0.9810 0.6790
--      68-    79      1202                                                                        0.9854 0.7124
--      80-    92       933                                                                        0.9881 0.7375
--      93-   106       740                                                                        0.9904 0.7614
--     107-   121       671                                                                        0.9921 0.7832
--     122-   137       561                                                                        0.9937 0.8058
--     138-   154       476                                                                        0.9951 0.8272
--     155-   172       351                                                                        0.9962 0.8479
--     173-   191       308                                                                        0.9970 0.8649
--     192-   211       236                                                                        0.9978 0.8820
--     212-   232       177                                                                        0.9984 0.8958
--     233-   254       123                                                                        0.9988 0.9080
--     255-   277        82                                                                        0.9991 0.9163
--     278-   301        42                                                                        0.9993 0.9229
--     302-   326        40                                                                        0.9994 0.9263
--     327-   352        32                                                                        0.9995 0.9300
--     353-   379        29                                                                        0.9996 0.9335
--     380-   407        14                                                                        0.9996 0.9364
--     408-   436         8                                                                        0.9997 0.9381
--     437-   466         9                                                                        0.9997 0.9392
--     467-   497        14                                                                        0.9997 0.9403
--     498-   529         7                                                                        0.9997 0.9423
--     530-   562        12                                                                        0.9998 0.9434
--     563-   596         4                                                                        0.9998 0.9454
--     597-   631         4                                                                        0.9998 0.9461
--     632-   667         2                                                                        0.9998 0.9468
--     668-   704         1                                                                        0.9998 0.9472
--     705-   742         0                                                                        0.0000 0.0000
--     743-   781         0                                                                        0.0000 0.0000
--     782-   821         3                                                                        0.9998 0.9474
--
--           0 (max occurrences)
--     3334563 (total mers, non-unique)
--      410593 (distinct mers, non-unique)
--           0 (unique mers)
-- Report changed.
-- Finished stage 'meryl-process', reset canuIteration.
--
-- Removing meryl database 'correction/0-mercounts/Sars_cov_2_SRR11178057.ms16'.
--
-- OVERLAPPER (mhap) (correction)
--
-- Set corMhapSensitivity=low based on read coverage of 200.
--
-- PARAMETERS: hashes=256, minMatches=3, threshold=0.8
--
-- Given 5.4 GB, can fit 16200 reads per block.
-- For 2 blocks, set stride to 2 blocks.
-- Logging partitioning to 'correction/1-overlapper/partitioning.log'.
-- Configured 1 mhap precompute jobs.
-- Configured 1 mhap overlap jobs.
-- No change in report.
-- Finished stage 'cor-mhapConfigure', reset canuIteration.
-- No change in report.
--
-- Running jobs.  First attempt out of 2.
----------------------------------------
-- Starting 'cormhap' concurrent execution on Sun May 24 22:09:53 2020 with 34.606 GB free disk space (1 processes; 1 concurrently)

    cd correction/1-overlapper
    ./precompute.sh 1 > ./precompute.000001.out 2>&1

-- Finished on Sun May 24 22:10:27 2020 (34 seconds) with 34.523 GB free disk space
----------------------------------------
-- All 1 mhap precompute jobs finished successfully.
-- No change in report.
-- Finished stage 'cor-mhapPrecomputeCheck', reset canuIteration.
-- No change in report.
--
-- Running jobs.  First attempt out of 2.
----------------------------------------
-- Starting 'cormhap' concurrent execution on Sun May 24 22:10:27 2020 with 34.523 GB free disk space (1 processes; 1 concurrently)

    cd correction/1-overlapper
    ./mhap.sh 1 > ./mhap.000001.out 2>&1

-- Finished on Sun May 24 22:11:54 2020 (87 seconds) with 34.492 GB free disk space
----------------------------------------
-- Found 1 mhap overlap output files.
-- No change in report.
-- Finished stage 'cor-mhapCheck', reset canuIteration.
----------------------------------------
-- Starting command on Sun May 24 22:11:54 2020 with 34.492 GB free disk space

    cd correction
    /home/matheus/processamento_workflow/canu/Linux-amd64/bin/ovStoreConfig \
     -S ../Sars_cov_2_SRR11178057.seqStore \
     -M 4-8 \
     -L ./1-overlapper/ovljob.files \
     -create ./Sars_cov_2_SRR11178057.ovlStore.config \
     > ./Sars_cov_2_SRR11178057.ovlStore.config.txt \
    2> ./Sars_cov_2_SRR11178057.ovlStore.config.err

-- Finished on Sun May 24 22:11:54 2020 (lickety-split) with 34.492 GB free disk space
----------------------------------------
--
-- Creating overlap store correction/Sars_cov_2_SRR11178057.ovlStore using:
--      1 bucket
--      2 slices
--        using at most 1 GB memory each
-- No change in report.
-- Finished stage 'cor-overlapStoreConfigure', reset canuIteration.
-- No change in report.
--
-- Running jobs.  First attempt out of 2.
----------------------------------------
-- Starting 'ovB' concurrent execution on Sun May 24 22:11:54 2020 with 34.492 GB free disk space (1 processes; 2 concurrently)

    cd correction/Sars_cov_2_SRR11178057.ovlStore.BUILDING
    ./scripts/1-bucketize.sh 1 > ./logs/1-bucketize.000001.out 2>&1

-- Finished on Sun May 24 22:11:55 2020 (one second) with 34.432 GB free disk space
----------------------------------------
-- Overlap store bucketizer finished.
-- No change in report.
-- Finished stage 'cor-overlapStoreBucketizerCheck', reset canuIteration.
-- No change in report.
--
-- Running jobs.  First attempt out of 2.
----------------------------------------
-- Starting 'ovS' concurrent execution on Sun May 24 22:11:55 2020 with 34.432 GB free disk space (2 processes; 1 concurrently)

    cd correction/Sars_cov_2_SRR11178057.ovlStore.BUILDING
    ./scripts/2-sort.sh 1 > ./logs/2-sort.000001.out 2>&1
    ./scripts/2-sort.sh 2 > ./logs/2-sort.000002.out 2>&1

-- Finished on Sun May 24 22:11:58 2020 (3 seconds) with 34.41 GB free disk space
----------------------------------------
-- Overlap store sorter finished.
-- No change in report.
-- Finished stage 'cor-overlapStoreSorterCheck', reset canuIteration.
----------------------------------------
-- Starting command on Sun May 24 22:11:58 2020 with 34.41 GB free disk space

    cd correction
    /home/matheus/processamento_workflow/canu/Linux-amd64/bin/ovStoreIndexer \
      -O  ./Sars_cov_2_SRR11178057.ovlStore.BUILDING \
      -S ../Sars_cov_2_SRR11178057.seqStore \
      -C  ./Sars_cov_2_SRR11178057.ovlStore.config \
      -delete \
    > ./Sars_cov_2_SRR11178057.ovlStore.BUILDING.index.err 2>&1

-- Finished on Sun May 24 22:11:58 2020 (like a bat out of hell) with 34.411 GB free disk space
----------------------------------------
-- Checking store.
----------------------------------------
-- Starting command on Sun May 24 22:11:58 2020 with 34.411 GB free disk space

    cd correction
    /home/matheus/processamento_workflow/canu/Linux-amd64/bin/ovStoreDump \
     -S ../Sars_cov_2_SRR11178057.seqStore \
     -O  ./Sars_cov_2_SRR11178057.ovlStore \
     -counts \
     > ./Sars_cov_2_SRR11178057.ovlStore/counts.dat 2> ./Sars_cov_2_SRR11178057.ovlStore/counts.err

-- Finished on Sun May 24 22:11:58 2020 (furiously fast) with 34.411 GB free disk space
----------------------------------------
--
-- Overlap store 'correction/Sars_cov_2_SRR11178057.ovlStore' successfully constructed.
-- Found 4329990 overlaps for 4930 reads; 5261 reads have no overlaps.
--
--
-- Purged 0.113 GB in 3 overlap output files.
-- No change in report.
-- Finished stage 'cor-createOverlapStore', reset canuIteration.
-- Set corMinCoverage=4 based on read coverage of 200.
-- Global filter scores will be estimated.
-- Computing correction layouts.
----------------------------------------
-- Starting command on Sun May 24 22:11:58 2020 with 34.525 GB free disk space

    cd correction
    /home/matheus/processamento_workflow/canu/Linux-amd64/bin/generateCorrectionLayouts \
      -S ../Sars_cov_2_SRR11178057.seqStore \
      -O  ./Sars_cov_2_SRR11178057.ovlStore \
      -C  ./Sars_cov_2_SRR11178057.corStore.WORKING \
      -eC 80 \
    > ./Sars_cov_2_SRR11178057.corStore.err 2>&1

-- Finished on Sun May 24 22:11:58 2020 (like a bat out of hell) with 34.517 GB free disk space
----------------------------------------
-- No change in report.
-- Finished stage 'cor-buildCorrectionLayoutsConfigure', reset canuIteration.
-- Computing correction layouts.
----------------------------------------
-- Starting command on Sun May 24 22:11:58 2020 with 34.517 GB free disk space

    cd correction/2-correction
    /home/matheus/processamento_workflow/canu/Linux-amd64/bin/filterCorrectionLayouts \
      -S  ../../Sars_cov_2_SRR11178057.seqStore \
      -C     ../Sars_cov_2_SRR11178057.corStore \
      -R      ./Sars_cov_2_SRR11178057.readsToCorrect.WORKING \
      -cc 4 \
      -cl 1000 \
      -g  30000 \
      -c  40 \
    > ./Sars_cov_2_SRR11178057.readsToCorrect.err 2>&1

-- Finished on Sun May 24 22:11:58 2020 (like a bat out of hell) with 34.516 GB free disk space
----------------------------------------
--                             original      original
--                            raw reads     raw reads
--   category                w/overlaps  w/o/overlaps
--   -------------------- ------------- -------------
--   Number of Reads               4883          5308
--   Number of Bases            5937507         59351
--   Coverage                   197.917         1.978
--   Median                        1130             0
--   Mean                          1215            11
--   N50                           1161          1211
--   Minimum                       1000             0
--   Maximum                       4515          2510
--   
--                                        --------corrected---------  ----------rescued----------
--                             evidence                     expected                     expected
--   category                     reads            raw     corrected            raw     corrected
--   -------------------- -------------  ------------- -------------  ------------- -------------
--   Number of Reads               4700            838           838            154           154
--   Number of Bases            5743157        1257741       1200748         166155        161958
--   Coverage                   191.439         41.925        40.025          5.538         5.399
--   Median                        1137           1402          1375           1054          1042
--   Mean                          1221           1500          1432           1078          1051
--   N50                           1173           1440          1393           1058          1046
--   Minimum                       1000           1237          1236           1002          1001
--   Maximum                       4515           3649          2385           2065          1234
--   
--                        --------uncorrected--------
--                                           expected
--   category                       raw     corrected
--   -------------------- ------------- -------------
--   Number of Reads               9199          9199
--   Number of Bases            4572962       3442139
--   Coverage                   152.432       114.738
--   Median                           0             0
--   Mean                           497           374
--   N50                           1118          1044
--   Minimum                          0             0
--   Maximum                       4515          2539
--   
--   Maximum Memory           565065020
-- Report changed.
-- Finished stage 'cor-filterCorrectionLayouts', reset canuIteration.
-- Using overlaps no worse than 0.5 fraction error for correcting reads (from corErrorRate parameter).
--
-- Configuring correction jobs:
--   Jobs limited to 8 GB per job (via option corMemory).
--   Reads estimated to need at most 1 GB for computation.
--   Leaving 7 GB memory for read data.
----------------------------------------
-- Starting command on Sun May 24 22:11:58 2020 with 34.516 GB free disk space

    cd correction/2-correction
    ./correctReadsPartition.sh \
    > ./correctReadsPartition.err 2>&1

-- Finished on Sun May 24 22:11:59 2020 (one second) with 34.516 GB free disk space
----------------------------------------
-- Using overlaps no worse than 0.5 fraction error for correcting reads (from corErrorRate parameter).
-- No change in report.
-- Finished stage 'cor-generateCorrectedReadsConfigure', reset canuIteration.
-- No change in report.
--
-- Running jobs.  First attempt out of 2.
----------------------------------------
-- Starting 'cor' concurrent execution on Sun May 24 22:11:59 2020 with 34.516 GB free disk space (1 processes; 1 concurrently)

    cd correction/2-correction
    ./correctReads.sh 1 > ./correctReads.000001.out 2>&1

-- Finished on Sun May 24 22:12:15 2020 (16 seconds) with 34.511 GB free disk space
----------------------------------------
-- Found 1 read correction output files.
-- No change in report.
-- Finished stage 'cor-generateCorrectedReadsCheck', reset canuIteration.
-- Found 1 read correction output files.
-- No change in report.
-- Finished stage 'cor-generateCorrectedReadsCheck', reset canuIteration.
--
-- Loading corrected reads into corStore and seqStore.
----------------------------------------
-- Starting command on Sun May 24 22:12:15 2020 with 34.511 GB free disk space

    cd correction
    /home/matheus/processamento_workflow/canu/Linux-amd64/bin/loadCorrectedReads \
      -S ../Sars_cov_2_SRR11178057.seqStore \
      -C ./Sars_cov_2_SRR11178057.corStore \
      -L ./2-correction/corjob.files \
    >  ./Sars_cov_2_SRR11178057.loadCorrectedReads.log \
    2> ./Sars_cov_2_SRR11178057.loadCorrectedReads.err

-- Finished on Sun May 24 22:12:15 2020 (lickety-split) with 34.51 GB free disk space
----------------------------------------
----------------------------------------
-- Starting command on Sun May 24 22:12:15 2020 with 34.51 GB free disk space

    cd .
    /home/matheus/processamento_workflow/canu/Linux-amd64/bin/sqStoreDumpMetaData \
      -S ./Sars_cov_2_SRR11178057.seqStore \
      -corrected \
      -histogram \
      -lengths \
    > ./Sars_cov_2_SRR11178057.seqStore/readlengths-obt.dat \
    2> ./Sars_cov_2_SRR11178057.seqStore/readlengths-obt.err 
    

-- Finished on Sun May 24 22:12:15 2020 (lickety-split) with 34.51 GB free disk space
----------------------------------------
----------------------------------------
-- Starting command on Sun May 24 22:12:15 2020 with 34.51 GB free disk space

    cd .
    /home/matheus/processamento_workflow/canu/Linux-amd64/bin/sqStoreDumpMetaData \
      -S ./Sars_cov_2_SRR11178057.seqStore \
      -corrected \
      -histogram \
    > ./Sars_cov_2_SRR11178057.seqStore/readlengths-obt.txt \
    2> ./Sars_cov_2_SRR11178057.seqStore/readlengths-obt.err 
    

-- Finished on Sun May 24 22:12:15 2020 (lickety-split) with 34.51 GB free disk space
----------------------------------------
--
-- In sequence store './Sars_cov_2_SRR11178057.seqStore':
--   Found 987 reads.
--   Found 1259397 bases (41.97 times coverage).
--    
--    G=1259397                          sum of  ||               length     num
--    NG         length     index       lengths  ||                range    seqs
--    ----- ------------ --------- ------------  ||  ------------------- -------
--    00010         1718        67       126868  ||         66-112             2|--
--    00020         1540       145       253247  ||        113-159             0|
--    00030         1453       229       378426  ||        160-206             0|
--    00040         1386       318       504259  ||        207-253             0|
--    00050         1332       411       630737  ||        254-300             1|-
--    00060         1285       507       756346  ||        301-347             4|---
--    00070         1245       606       881607  ||        348-394             2|--
--    00080         1158       710      1007678  ||        395-441             5|---
--    00090         1014       827      1133715  ||        442-488             4|---
--    00100           66       986      1259397  ||        489-535             5|---
--    001.000x                 987      1259397  ||        536-582             5|---
--                                               ||        583-629             7|----
--                                               ||        630-676            10|------
--                                               ||        677-723             7|----
--                                               ||        724-770            12|-------
--                                               ||        771-817             7|----
--                                               ||        818-864             9|-----
--                                               ||        865-911             9|-----
--                                               ||        912-958            23|-------------
--                                               ||        959-1005           36|--------------------
--                                               ||       1006-1052           46|--------------------------
--                                               ||       1053-1099           48|---------------------------
--                                               ||       1100-1146           31|------------------
--                                               ||       1147-1193           31|------------------
--                                               ||       1194-1240           67|--------------------------------------
--                                               ||       1241-1287          114|---------------------------------------------------------------
--                                               ||       1288-1334           96|------------------------------------------------------
--                                               ||       1335-1381           81|---------------------------------------------
--                                               ||       1382-1428           73|-----------------------------------------
--                                               ||       1429-1475           54|------------------------------
--                                               ||       1476-1522           39|----------------------
--                                               ||       1523-1569           34|-------------------
--                                               ||       1570-1616           16|---------
--                                               ||       1617-1663           20|------------
--                                               ||       1664-1710           19|-----------
--                                               ||       1711-1757           19|-----------
--                                               ||       1758-1804           20|------------
--                                               ||       1805-1851            7|----
--                                               ||       1852-1898            7|----
--                                               ||       1899-1945            4|---
--                                               ||       1946-1992            1|-
--                                               ||       1993-2039            2|--
--                                               ||       2040-2086            1|-
--                                               ||       2087-2133            3|--
--                                               ||       2134-2180            1|-
--                                               ||       2181-2227            0|
--                                               ||       2228-2274            3|--
--                                               ||       2275-2321            0|
--                                               ||       2322-2368            1|-
--                                               ||       2369-2415            1|-
--    
--
-- Purging correctReads output after loading into stores.
-- Purged 1 .cns outputs.
-- Purged 2 .out job log outputs.
--
-- Purging overlaps used for correction.
-- Report changed.
-- Finished stage 'cor-loadCorrectedReads', reset canuIteration.
----------------------------------------
-- Starting command on Sun May 24 22:12:15 2020 with 34.596 GB free disk space

    cd .
    /home/matheus/processamento_workflow/canu/Linux-amd64/bin/sqStoreDumpFASTQ \
      -corrected \
      -S ./Sars_cov_2_SRR11178057.seqStore \
      -o ./Sars_cov_2_SRR11178057.correctedReads.gz \
      -fasta \
      -nolibname \
    > Sars_cov_2_SRR11178057.correctedReads.fasta.err 2>&1

-- Finished on Sun May 24 22:12:15 2020 (fast as lightning) with 34.595 GB free disk space
----------------------------------------
--
-- Corrected reads saved in 'Sars_cov_2_SRR11178057.correctedReads.fasta.gz'.
-- No change in report.
-- Finished stage 'cor-dumpCorrectedReads', reset canuIteration.
--
--
-- BEGIN TRIMMING
--
-- No change in report.
----------------------------------------
-- Starting command on Sun May 24 22:12:15 2020 with 34.595 GB free disk space

    cd trimming/0-mercounts
    ./meryl-configure.sh \
    > ./meryl-configure.err 2>&1

-- Finished on Sun May 24 22:12:15 2020 (like a bat out of hell) with 34.595 GB free disk space
----------------------------------------
--  segments   memory batches
--  -------- -------- -------
--        01  0.07 GB       1
--
--  For 987 reads with 1259397 bases, limit to 1 batch.
--  Will count kmers using 01 jobs, each using 2 GB and 4 threads.
--
-- No change in report.
-- Finished stage 'merylConfigure', reset canuIteration.
-- No change in report.
--
-- Running jobs.  First attempt out of 2.
----------------------------------------
-- Starting 'meryl' concurrent execution on Sun May 24 22:12:15 2020 with 34.595 GB free disk space (1 processes; 1 concurrently)

    cd trimming/0-mercounts
    ./meryl-count.sh 1 > ./meryl-count.000001.out 2>&1

-- Finished on Sun May 24 22:12:17 2020 (2 seconds) with 34.593 GB free disk space
----------------------------------------
-- Found 1 Kmer counting (meryl) outputs.
-- No change in report.
-- Finished stage 'obt-merylCountCheck', reset canuIteration.
-- No change in report.
--
-- Running jobs.  First attempt out of 2.
----------------------------------------
-- Starting 'meryl' concurrent execution on Sun May 24 22:12:17 2020 with 34.593 GB free disk space (1 processes; 1 concurrently)

    cd trimming/0-mercounts
    ./meryl-process.sh 1 > ./meryl-process.000001.out 2>&1

-- Finished on Sun May 24 22:12:18 2020 (one second) with 34.594 GB free disk space
----------------------------------------
-- Meryl finished successfully.  Kmer frequency histogram:
--
--  22-mers                                                                                           Fraction
--    Occurrences   NumMers                                                                         Unique Total
--       1-     1         0                                                                        0.0000 0.0000
--       2-     2     27191 ********************************************************************** 0.2689 0.0519
--       3-     4     24165 **************************************************************         0.4127 0.0935
--       5-     7     18526 ***********************************************                        0.5781 0.1642
--       8-    11     12307 *******************************                                        0.7332 0.2672
--      12-    16      5923 ***************                                                        0.8311 0.3639
--      17-    22      3682 *********                                                              0.8780 0.4302
--      23-    29      3431 ********                                                               0.9135 0.5001
--      30-    37      1839 ****                                                                   0.9455 0.5826
--      38-    46       644 *                                                                      0.9613 0.6344
--      47-    56       378                                                                        0.9668 0.6570
--      57-    67       267                                                                        0.9703 0.6744
--      68-    79       516 *                                                                      0.9731 0.6912
--      80-    92       395 *                                                                      0.9781 0.7273
--      93-   106       303                                                                        0.9818 0.7576
--     107-   121       634 *                                                                      0.9848 0.7869
--     122-   137       500 *                                                                      0.9912 0.8575
--     138-   154       285                                                                        0.9960 0.9189
--     155-   172        42                                                                        0.9988 0.9586
--     173-   191        19                                                                        0.9992 0.9640
--     192-   211        13                                                                        0.9993 0.9674
--     212-   232         9                                                                        0.9995 0.9700
--     233-   254         5                                                                        0.9996 0.9719
--     255-   277         2                                                                        0.9996 0.9731
--     278-   301         2                                                                        0.9996 0.9736
--     302-   326         5                                                                        0.9997 0.9741
--     327-   352         1                                                                        0.9997 0.9757
--     353-   379         0                                                                        0.0000 0.0000
--     380-   407         0                                                                        0.0000 0.0000
--     408-   436         0                                                                        0.0000 0.0000
--     437-   466         0                                                                        0.0000 0.0000
--     467-   497         1                                                                        0.9997 0.9761
--     498-   529         1                                                                        0.9997 0.9766
--     530-   562         1                                                                        0.9997 0.9771
--     563-   596         3                                                                        0.9997 0.9777
--     597-   631         0                                                                        0.0000 0.0000
--     632-   667         0                                                                        0.0000 0.0000
--     668-   704         4                                                                        0.9998 0.9794
--     705-   742         2                                                                        0.9998 0.9821
--     743-   781         1                                                                        0.9998 0.9835
--
--           0 (max occurrences)
--     1047624 (total mers, non-unique)
--      101114 (distinct mers, non-unique)
--           0 (unique mers)
-- Report changed.
-- Finished stage 'meryl-process', reset canuIteration.
--
-- Removing meryl database 'trimming/0-mercounts/Sars_cov_2_SRR11178057.ms22'.
--
-- OVERLAPPER (normal) (trimming) erate=0.12
--
----------------------------------------
-- Starting command on Sun May 24 22:12:18 2020 with 34.595 GB free disk space

    cd trimming/1-overlapper
    /home/matheus/processamento_workflow/canu/Linux-amd64/bin/overlapInCorePartition \
     -S  ../../Sars_cov_2_SRR11178057.seqStore \
     -hl 80000000 \
     -rl 1000000000 \
     -ol 500 \
     -o  ./Sars_cov_2_SRR11178057.partition \
    > ./Sars_cov_2_SRR11178057.partition.err 2>&1

-- Finished on Sun May 24 22:12:18 2020 (in the blink of an eye) with 34.595 GB free disk space
----------------------------------------
--
-- Configured 1 overlapInCore jobs.
-- No change in report.
-- Finished stage 'obt-overlapConfigure', reset canuIteration.
-- No change in report.
--
-- Running jobs.  First attempt out of 2.
----------------------------------------
-- Starting 'obtovl' concurrent execution on Sun May 24 22:12:18 2020 with 34.595 GB free disk space (1 processes; 1 concurrently)

    cd trimming/1-overlapper
    ./overlap.sh 1 > ./overlap.000001.out 2>&1

-- Finished on Sun May 24 22:12:25 2020 (7 seconds) with 34.595 GB free disk space
----------------------------------------
-- Found 1 overlapInCore output files.
--
-- overlapInCore compute 'trimming/1-overlapper':
--   kmer hits
--     with no overlap           579586      579586 +- 0
--     with an overlap            28545       28545 +- 0
--
--   overlaps                     28543       28543 +- 0
--     contained                      0           0 +- 0
--     dovetail                       0           0 +- 0
--
--   overlaps rejected
--     multiple per pair              0           0 +- 0
--     bad short window               0           0 +- 0
--     bad long window                0           0 +- 0
-- No change in report.
-- Finished stage 'obt-overlapCheck', reset canuIteration.
----------------------------------------
-- Starting command on Sun May 24 22:12:25 2020 with 34.595 GB free disk space

    cd trimming
    /home/matheus/processamento_workflow/canu/Linux-amd64/bin/ovStoreConfig \
     -S ../Sars_cov_2_SRR11178057.seqStore \
     -M 3 \
     -L ./1-overlapper/ovljob.files \
     -create ./Sars_cov_2_SRR11178057.ovlStore.config \
     > ./Sars_cov_2_SRR11178057.ovlStore.config.txt \
    2> ./Sars_cov_2_SRR11178057.ovlStore.config.err

-- Finished on Sun May 24 22:12:25 2020 (like a bat out of hell) with 34.595 GB free disk space
----------------------------------------
--
-- Creating overlap store trimming/Sars_cov_2_SRR11178057.ovlStore using:
--      1 bucket
--      2 slices
--        using at most 1 GB memory each
-- No change in report.
-- Finished stage 'obt-overlapStoreConfigure', reset canuIteration.
-- No change in report.
--
-- Running jobs.  First attempt out of 2.
----------------------------------------
-- Starting 'ovB' concurrent execution on Sun May 24 22:12:25 2020 with 34.595 GB free disk space (1 processes; 2 concurrently)

    cd trimming/Sars_cov_2_SRR11178057.ovlStore.BUILDING
    ./scripts/1-bucketize.sh 1 > ./logs/1-bucketize.000001.out 2>&1

-- Finished on Sun May 24 22:12:26 2020 (one second) with 34.594 GB free disk space
----------------------------------------
-- Overlap store bucketizer finished.
-- No change in report.
-- Finished stage 'obt-overlapStoreBucketizerCheck', reset canuIteration.
-- No change in report.
--
-- Running jobs.  First attempt out of 2.
----------------------------------------
-- Starting 'ovS' concurrent execution on Sun May 24 22:12:26 2020 with 34.594 GB free disk space (2 processes; 1 concurrently)

    cd trimming/Sars_cov_2_SRR11178057.ovlStore.BUILDING
    ./scripts/2-sort.sh 1 > ./logs/2-sort.000001.out 2>&1
    ./scripts/2-sort.sh 2 > ./logs/2-sort.000002.out 2>&1

-- Finished on Sun May 24 22:12:26 2020 (furiously fast) with 34.593 GB free disk space
----------------------------------------
-- Overlap store sorter finished.
-- No change in report.
-- Finished stage 'obt-overlapStoreSorterCheck', reset canuIteration.
----------------------------------------
-- Starting command on Sun May 24 22:12:26 2020 with 34.593 GB free disk space

    cd trimming
    /home/matheus/processamento_workflow/canu/Linux-amd64/bin/ovStoreIndexer \
      -O  ./Sars_cov_2_SRR11178057.ovlStore.BUILDING \
      -S ../Sars_cov_2_SRR11178057.seqStore \
      -C  ./Sars_cov_2_SRR11178057.ovlStore.config \
      -delete \
    > ./Sars_cov_2_SRR11178057.ovlStore.BUILDING.index.err 2>&1

-- Finished on Sun May 24 22:12:26 2020 (in the blink of an eye) with 34.593 GB free disk space
----------------------------------------
-- Checking store.
----------------------------------------
-- Starting command on Sun May 24 22:12:26 2020 with 34.593 GB free disk space

    cd trimming
    /home/matheus/processamento_workflow/canu/Linux-amd64/bin/ovStoreDump \
     -S ../Sars_cov_2_SRR11178057.seqStore \
     -O  ./Sars_cov_2_SRR11178057.ovlStore \
     -counts \
     > ./Sars_cov_2_SRR11178057.ovlStore/counts.dat 2> ./Sars_cov_2_SRR11178057.ovlStore/counts.err

-- Finished on Sun May 24 22:12:26 2020 (furiously fast) with 34.593 GB free disk space
----------------------------------------
--
-- Overlap store 'trimming/Sars_cov_2_SRR11178057.ovlStore' successfully constructed.
-- Found 57090 overlaps for 934 reads; 9257 reads have no overlaps.
--
--
-- Purged 0 GB in 3 overlap output files.
-- No change in report.
-- Finished stage 'obt-createOverlapStore', reset canuIteration.
----------------------------------------
-- Starting command on Sun May 24 22:12:26 2020 with 34.593 GB free disk space

    cd trimming/3-overlapbasedtrimming
    /home/matheus/processamento_workflow/canu/Linux-amd64/bin/trimReads \
      -S  ../../Sars_cov_2_SRR11178057.seqStore \
      -O  ../Sars_cov_2_SRR11178057.ovlStore \
      -Co ./Sars_cov_2_SRR11178057.1.trimReads.clear \
      -e  0.12 \
      -minlength 1000 \
      -ol 500 \
      -oc 2 \
      -o  ./Sars_cov_2_SRR11178057.1.trimReads \
    >     ./Sars_cov_2_SRR11178057.1.trimReads.err 2>&1

-- Finished on Sun May 24 22:12:27 2020 (one second) with 34.593 GB free disk space
----------------------------------------
--  PARAMETERS:
--  ----------
--     1000    (reads trimmed below this many bases are deleted)
--   0.1200    (use overlaps at or below this fraction error)
--      500    (break region if overlap is less than this long, for 'largest covered' algorithm)
--        2    (break region if overlap coverage is less than this many reads, for 'largest covered' algorithm)
--  
--  INPUT READS:
--  -----------
--   10191 reads      1259397 bases (reads processed)
--       0 reads            0 bases (reads not processed, previously deleted)
--       0 reads            0 bases (reads not processed, in a library where trimming isn't allowed)
--  
--  OUTPUT READS:
--  ------------
--     588 reads       770933 bases (trimmed reads output)
--     106 reads       137720 bases (reads with no change, kept as is)
--    9257 reads        39317 bases (reads with no overlaps, deleted)
--     240 reads       259741 bases (reads with short trimmed length, deleted)
--  
--  TRIMMING DETAILS:
--  ----------------
--     466 reads        30926 bases (bases trimmed from the 5' end of a read)
--     438 reads        20760 bases (bases trimmed from the 3' end of a read)
-- Report changed.
-- Finished stage 'obt-trimReads', reset canuIteration.
----------------------------------------
-- Starting command on Sun May 24 22:12:27 2020 with 34.593 GB free disk space

    cd trimming/3-overlapbasedtrimming
    /home/matheus/processamento_workflow/canu/Linux-amd64/bin/splitReads \
      -S  ../../Sars_cov_2_SRR11178057.seqStore \
      -O  ../Sars_cov_2_SRR11178057.ovlStore \
      -Ci ./Sars_cov_2_SRR11178057.1.trimReads.clear \
      -Co ./Sars_cov_2_SRR11178057.2.splitReads.clear \
      -e  0.12 \
      -minlength 1000 \
      -o  ./Sars_cov_2_SRR11178057.2.splitReads \
    >     ./Sars_cov_2_SRR11178057.2.splitReads.err 2>&1

-- Finished on Sun May 24 22:12:27 2020 (furiously fast) with 34.593 GB free disk space
----------------------------------------
--  PARAMETERS:
--  ----------
--     1000    (reads trimmed below this many bases are deleted)
--   0.1200    (use overlaps at or below this fraction error)
--  INPUT READS:
--  -----------
--     694 reads       960339 bases (reads processed)
--    9497 reads       299058 bases (reads not processed, previously deleted)
--       0 reads            0 bases (reads not processed, in a library where trimming isn't allowed)
--  
--  PROCESSED:
--  --------
--       0 reads            0 bases (no overlaps)
--       1 reads         1399 bases (no coverage after adjusting for trimming done already)
--       0 reads            0 bases (processed for chimera)
--       0 reads            0 bases (processed for spur)
--     693 reads       958940 bases (processed for subreads)
--  
--  READS WITH SIGNALS:
--  ------------------
--       0 reads            0 signals (number of 5' spur signal)
--       0 reads            0 signals (number of 3' spur signal)
--       0 reads            0 signals (number of chimera signal)
--       0 reads            0 signals (number of subread signal)
--  
--  SIGNALS:
--  -------
--       0 reads            0 bases (size of 5' spur signal)
--       0 reads            0 bases (size of 3' spur signal)
--       0 reads            0 bases (size of chimera signal)
--       0 reads            0 bases (size of subread signal)
--  
--  TRIMMING:
--  --------
--       0 reads            0 bases (trimmed from the 5' end of the read)
--       0 reads            0 bases (trimmed from the 3' end of the read)
-- Report changed.
-- Finished stage 'obt-splitReads', reset canuIteration.
----------------------------------------
-- Starting command on Sun May 24 22:12:27 2020 with 34.593 GB free disk space

    cd trimming/3-overlapbasedtrimming
    /home/matheus/processamento_workflow/canu/Linux-amd64/bin/loadTrimmedReads \
      -S ../../Sars_cov_2_SRR11178057.seqStore \
      -c ./Sars_cov_2_SRR11178057.2.splitReads.clear \
    > ./Sars_cov_2_SRR11178057.loadTrimmedReads.err 2>&1

-- Finished on Sun May 24 22:12:27 2020 (furiously fast) with 34.592 GB free disk space
----------------------------------------
----------------------------------------
-- Starting command on Sun May 24 22:12:27 2020 with 34.592 GB free disk space

    cd .
    /home/matheus/processamento_workflow/canu/Linux-amd64/bin/sqStoreDumpMetaData \
      -S ./Sars_cov_2_SRR11178057.seqStore \
      -corrected -trimmed \
      -histogram \
      -lengths \
    > ./Sars_cov_2_SRR11178057.seqStore/readlengths-utg.dat \
    2> ./Sars_cov_2_SRR11178057.seqStore/readlengths-utg.err 
    

-- Finished on Sun May 24 22:12:27 2020 (fast as lightning) with 34.592 GB free disk space
----------------------------------------
----------------------------------------
-- Starting command on Sun May 24 22:12:27 2020 with 34.592 GB free disk space

    cd .
    /home/matheus/processamento_workflow/canu/Linux-amd64/bin/sqStoreDumpMetaData \
      -S ./Sars_cov_2_SRR11178057.seqStore \
      -corrected -trimmed \
      -histogram \
    > ./Sars_cov_2_SRR11178057.seqStore/readlengths-utg.txt \
    2> ./Sars_cov_2_SRR11178057.seqStore/readlengths-utg.err 
    

-- Finished on Sun May 24 22:12:27 2020 (furiously fast) with 34.592 GB free disk space
----------------------------------------
--
-- In sequence store './Sars_cov_2_SRR11178057.seqStore':
--   Found 694 reads.
--   Found 908653 bases (30.28 times coverage).
--    
--    G=908653                           sum of  ||               length     num
--    NG         length     index       lengths  ||                range    seqs
--    ----- ------------ --------- ------------  ||  ------------------- -------
--    00010         1672        50        91613  ||       1000-1027           26|-----------------------------
--    00020         1508       107       182164  ||       1028-1055           24|---------------------------
--    00030         1419       170       273805  ||       1056-1083           32|------------------------------------
--    00040         1353       235       363736  ||       1084-1111           31|-----------------------------------
--    00050         1291       304       455010  ||       1112-1139           28|-------------------------------
--    00060         1250       376       546276  ||       1140-1167           30|----------------------------------
--    00070         1211       449       636071  ||       1168-1195           51|---------------------------------------------------------
--    00080         1165       526       727453  ||       1196-1223           44|-------------------------------------------------
--    00090         1088       607       818693  ||       1224-1251           57|---------------------------------------------------------------
--    00100         1000       693       908653  ||       1252-1279           53|-----------------------------------------------------------
--    001.000x                 694       908653  ||       1280-1307           28|-------------------------------
--                                               ||       1308-1335           38|------------------------------------------
--                                               ||       1336-1363           30|----------------------------------
--                                               ||       1364-1391           26|-----------------------------
--                                               ||       1392-1419           26|-----------------------------
--                                               ||       1420-1447           27|------------------------------
--                                               ||       1448-1475           20|-----------------------
--                                               ||       1476-1503           12|--------------
--                                               ||       1504-1531           14|----------------
--                                               ||       1532-1559            8|---------
--                                               ||       1560-1587            9|----------
--                                               ||       1588-1615            9|----------
--                                               ||       1616-1643           12|--------------
--                                               ||       1644-1671            8|---------
--                                               ||       1672-1699           13|---------------
--                                               ||       1700-1727           11|-------------
--                                               ||       1728-1755            4|-----
--                                               ||       1756-1783            3|----
--                                               ||       1784-1811            5|------
--                                               ||       1812-1839            3|----
--                                               ||       1840-1867            2|---
--                                               ||       1868-1895            3|----
--                                               ||       1896-1923            0|
--                                               ||       1924-1951            0|
--                                               ||       1952-1979            1|--
--                                               ||       1980-2007            1|--
--                                               ||       2008-2035            1|--
--                                               ||       2036-2063            1|--
--                                               ||       2064-2091            1|--
--                                               ||       2092-2119            0|
--                                               ||       2120-2147            0|
--                                               ||       2148-2175            0|
--                                               ||       2176-2203            0|
--                                               ||       2204-2231            0|
--                                               ||       2232-2259            1|--
--                                               ||       2260-2287            0|
--                                               ||       2288-2315            0|
--                                               ||       2316-2343            0|
--                                               ||       2344-2371            1|--
--    
--
-- Purging overlaps used for trimming.
-- Report changed.
-- Finished stage 'obt-dumpReads', reset canuIteration.
----------------------------------------
-- Starting command on Sun May 24 22:12:27 2020 with 34.594 GB free disk space

    cd .
    /home/matheus/processamento_workflow/canu/Linux-amd64/bin/sqStoreDumpFASTQ \
      -trimmed \
      -S ./Sars_cov_2_SRR11178057.seqStore \
      -o ./Sars_cov_2_SRR11178057.trimmedReads.gz \
      -fasta \
      -trimmed -normal -nolibname \
    > ./Sars_cov_2_SRR11178057.trimmedReads.fasta.err 2>&1

-- Finished on Sun May 24 22:12:27 2020 (fast as lightning) with 34.594 GB free disk space
----------------------------------------
--
-- Trimmed reads saved in 'Sars_cov_2_SRR11178057.trimmedReads.fasta.gz'.
-- No change in report.
-- Finished stage 'cor-dumpTrimmedReads', reset canuIteration.
--
--
-- BEGIN ASSEMBLY
--
-- No change in report.
----------------------------------------
-- Starting command on Sun May 24 22:12:27 2020 with 34.594 GB free disk space

    cd unitigging/0-mercounts
    ./meryl-configure.sh \
    > ./meryl-configure.err 2>&1

-- Finished on Sun May 24 22:12:28 2020 (one second) with 34.594 GB free disk space
----------------------------------------
--  segments   memory batches
--  -------- -------- -------
--        01  0.07 GB       1
--
--  For 694 reads with 908653 bases, limit to 1 batch.
--  Will count kmers using 01 jobs, each using 2 GB and 4 threads.
--
-- No change in report.
-- Finished stage 'merylConfigure', reset canuIteration.
-- No change in report.
--
-- Running jobs.  First attempt out of 2.
----------------------------------------
-- Starting 'meryl' concurrent execution on Sun May 24 22:12:28 2020 with 34.594 GB free disk space (1 processes; 1 concurrently)

    cd unitigging/0-mercounts
    ./meryl-count.sh 1 > ./meryl-count.000001.out 2>&1

-- Finished on Sun May 24 22:12:29 2020 (one second) with 34.592 GB free disk space
----------------------------------------
-- Found 1 Kmer counting (meryl) outputs.
-- No change in report.
-- Finished stage 'utg-merylCountCheck', reset canuIteration.
-- No change in report.
--
-- Running jobs.  First attempt out of 2.
----------------------------------------
-- Starting 'meryl' concurrent execution on Sun May 24 22:12:29 2020 with 34.592 GB free disk space (1 processes; 1 concurrently)

    cd unitigging/0-mercounts
    ./meryl-process.sh 1 > ./meryl-process.000001.out 2>&1

-- Finished on Sun May 24 22:12:30 2020 (one second) with 34.592 GB free disk space
----------------------------------------
-- Meryl finished successfully.  Kmer frequency histogram:
--
--  22-mers                                                                                           Fraction
--    Occurrences   NumMers                                                                         Unique Total
--       1-     1         0                                                                        0.0000 0.0000
--       2-     2     15891 ************************************************************           0.2095 0.0392
--       3-     4     18379 ********************************************************************** 0.3608 0.0817
--       5-     7     16268 *************************************************************          0.5473 0.1604
--       8-    11     10379 ***************************************                                0.7101 0.2648
--      12-    16      4506 *****************                                                      0.8217 0.3714
--      17-    22      2911 ***********                                                            0.8675 0.4334
--      23-    29      2995 ***********                                                            0.9092 0.5145
--      30-    37      1165 ****                                                                   0.9434 0.5991
--      38-    46       295 *                                                                      0.9562 0.6393
--      47-    56       311 *                                                                      0.9601 0.6549
--      57-    67       374 *                                                                      0.9639 0.6738
--      68-    79       480 *                                                                      0.9692 0.7050
--      80-    92       417 *                                                                      0.9754 0.7484
--      93-   106       623 **                                                                     0.9811 0.7951
--     107-   121       565 **                                                                     0.9897 0.8759
--     122-   137       234                                                                        0.9962 0.9443
--     138-   154        22                                                                        0.9991 0.9792
--     155-   172        15                                                                        0.9994 0.9827
--     173-   191         1                                                                        0.9996 0.9858
--     192-   211         6                                                                        0.9996 0.9862
--     212-   232         2                                                                        0.9997 0.9875
--     233-   254         1                                                                        0.9997 0.9881
--     255-   277         0                                                                        0.0000 0.0000
--     278-   301         4                                                                        0.9997 0.9884
--     302-   326         3                                                                        0.9997 0.9899
--     327-   352         0                                                                        0.0000 0.0000
--     353-   379         0                                                                        0.0000 0.0000
--     380-   407         0                                                                        0.0000 0.0000
--     408-   436         4                                                                        0.9998 0.9912
--     437-   466        13                                                                        0.9998 0.9933
--
--           0 (max occurrences)
--      810995 (total mers, non-unique)
--       75864 (distinct mers, non-unique)
--           0 (unique mers)
-- Report changed.
-- Finished stage 'meryl-process', reset canuIteration.
--
-- Removing meryl database 'unitigging/0-mercounts/Sars_cov_2_SRR11178057.ms22'.
--
-- OVERLAPPER (normal) (assembly) erate=0.12
--
----------------------------------------
-- Starting command on Sun May 24 22:12:30 2020 with 34.594 GB free disk space

    cd unitigging/1-overlapper
    /home/matheus/processamento_workflow/canu/Linux-amd64/bin/overlapInCorePartition \
     -S  ../../Sars_cov_2_SRR11178057.seqStore \
     -hl 80000000 \
     -rl 1000000000 \
     -ol 500 \
     -o  ./Sars_cov_2_SRR11178057.partition \
    > ./Sars_cov_2_SRR11178057.partition.err 2>&1

-- Finished on Sun May 24 22:12:30 2020 (like a bat out of hell) with 34.594 GB free disk space
----------------------------------------
--
-- Configured 1 overlapInCore jobs.
-- No change in report.
-- Finished stage 'utg-overlapConfigure', reset canuIteration.
-- No change in report.
--
-- Running jobs.  First attempt out of 2.
----------------------------------------
-- Starting 'utgovl' concurrent execution on Sun May 24 22:12:30 2020 with 34.594 GB free disk space (1 processes; 1 concurrently)

    cd unitigging/1-overlapper
    ./overlap.sh 1 > ./overlap.000001.out 2>&1

-- Finished on Sun May 24 22:12:34 2020 (4 seconds) with 34.593 GB free disk space
----------------------------------------
-- Found 1 overlapInCore output files.
--
-- overlapInCore compute 'unitigging/1-overlapper':
--   kmer hits
--     with no overlap           149510      149510 +- 0
--     with an overlap            19194       19194 +- 0
--
--   overlaps                     19194       19194 +- 0
--     contained                   5923        5923 +- 0
--     dovetail                   13271       13271 +- 0
--
--   overlaps rejected
--     multiple per pair              0           0 +- 0
--     bad short window               0           0 +- 0
--     bad long window                0           0 +- 0
-- No change in report.
-- Finished stage 'utg-overlapCheck', reset canuIteration.
----------------------------------------
-- Starting command on Sun May 24 22:12:34 2020 with 34.593 GB free disk space

    cd unitigging
    /home/matheus/processamento_workflow/canu/Linux-amd64/bin/ovStoreConfig \
     -S ../Sars_cov_2_SRR11178057.seqStore \
     -M 3 \
     -L ./1-overlapper/ovljob.files \
     -create ./Sars_cov_2_SRR11178057.ovlStore.config \
     > ./Sars_cov_2_SRR11178057.ovlStore.config.txt \
    2> ./Sars_cov_2_SRR11178057.ovlStore.config.err

-- Finished on Sun May 24 22:12:34 2020 (furiously fast) with 34.593 GB free disk space
----------------------------------------
--
-- Creating overlap store unitigging/Sars_cov_2_SRR11178057.ovlStore using:
--      1 bucket
--      2 slices
--        using at most 1 GB memory each
-- No change in report.
-- Finished stage 'utg-overlapStoreConfigure', reset canuIteration.
-- No change in report.
--
-- Running jobs.  First attempt out of 2.
----------------------------------------
-- Starting 'ovB' concurrent execution on Sun May 24 22:12:34 2020 with 34.593 GB free disk space (1 processes; 2 concurrently)

    cd unitigging/Sars_cov_2_SRR11178057.ovlStore.BUILDING
    ./scripts/1-bucketize.sh 1 > ./logs/1-bucketize.000001.out 2>&1

-- Finished on Sun May 24 22:12:35 2020 (one second) with 34.593 GB free disk space
----------------------------------------
-- Overlap store bucketizer finished.
-- No change in report.
-- Finished stage 'utg-overlapStoreBucketizerCheck', reset canuIteration.
-- No change in report.
--
-- Running jobs.  First attempt out of 2.
----------------------------------------
-- Starting 'ovS' concurrent execution on Sun May 24 22:12:35 2020 with 34.593 GB free disk space (2 processes; 1 concurrently)

    cd unitigging/Sars_cov_2_SRR11178057.ovlStore.BUILDING
    ./scripts/2-sort.sh 1 > ./logs/2-sort.000001.out 2>&1
    ./scripts/2-sort.sh 2 > ./logs/2-sort.000002.out 2>&1

-- Finished on Sun May 24 22:12:35 2020 (lickety-split) with 34.591 GB free disk space
----------------------------------------
-- Overlap store sorter finished.
-- No change in report.
-- Finished stage 'utg-overlapStoreSorterCheck', reset canuIteration.
----------------------------------------
-- Starting command on Sun May 24 22:12:35 2020 with 34.591 GB free disk space

    cd unitigging
    /home/matheus/processamento_workflow/canu/Linux-amd64/bin/ovStoreIndexer \
      -O  ./Sars_cov_2_SRR11178057.ovlStore.BUILDING \
      -S ../Sars_cov_2_SRR11178057.seqStore \
      -C  ./Sars_cov_2_SRR11178057.ovlStore.config \
      -delete \
    > ./Sars_cov_2_SRR11178057.ovlStore.BUILDING.index.err 2>&1

-- Finished on Sun May 24 22:12:35 2020 (like a bat out of hell) with 34.592 GB free disk space
----------------------------------------
-- Checking store.
----------------------------------------
-- Starting command on Sun May 24 22:12:35 2020 with 34.592 GB free disk space

    cd unitigging
    /home/matheus/processamento_workflow/canu/Linux-amd64/bin/ovStoreDump \
     -S ../Sars_cov_2_SRR11178057.seqStore \
     -O  ./Sars_cov_2_SRR11178057.ovlStore \
     -counts \
     > ./Sars_cov_2_SRR11178057.ovlStore/counts.dat 2> ./Sars_cov_2_SRR11178057.ovlStore/counts.err

-- Finished on Sun May 24 22:12:35 2020 (like a bat out of hell) with 34.592 GB free disk space
----------------------------------------
--
-- Overlap store 'unitigging/Sars_cov_2_SRR11178057.ovlStore' successfully constructed.
-- Found 38388 overlaps for 693 reads; 9498 reads have no overlaps.
--
--
-- Purged 0 GB in 3 overlap output files.
----------------------------------------
-- Starting command on Sun May 24 22:12:35 2020 with 34.592 GB free disk space

    cd unitigging
    /home/matheus/processamento_workflow/canu/Linux-amd64/bin/ovStoreStats \
     -C 30 \
     -S ../Sars_cov_2_SRR11178057.seqStore \
     -O  ./Sars_cov_2_SRR11178057.ovlStore \
     -o  ./Sars_cov_2_SRR11178057.ovlStore \
     > ./Sars_cov_2_SRR11178057.ovlStore.summary.err 2>&1

-- Finished on Sun May 24 22:12:36 2020 (one second) with 34.592 GB free disk space
----------------------------------------
--
-- Overlap store 'unitigging/Sars_cov_2_SRR11178057.ovlStore' contains:
--
--   category            reads     %          read length        feature size or coverage  analysis
--   ----------------  -------  -------  ----------------------  ------------------------  --------------------
--   middle-missing          0    0.00        0.00 +- 0.00             0.00 +- 0.00       (bad trimming)
--   middle-hump             6    0.86     1490.83 +- 479.19          27.00 +- 45.26      (bad trimming)
--   no-5-prime             24    3.46     1368.67 +- 231.84          27.21 +- 79.76      (bad trimming)
--   no-3-prime             18    2.59     1428.28 +- 287.78          35.11 +- 70.88      (bad trimming)
--   
--   low-coverage          121   17.44     1278.77 +- 201.47           5.00 +- 2.01       (easy to assemble, potential for lower quality consensus)
--   unique                 86   12.39     1298.65 +- 166.66          24.16 +- 5.91       (easy to assemble, perfect, yay)
--   repeat-cont            81   11.67     1205.85 +- 134.93         108.64 +- 17.17      (potential for consensus errors, no impact on assembly)
--   repeat-dove             0    0.00        0.00 +- 0.00             0.00 +- 0.00       (hard to assemble, likely won't assemble correctly or even at all)
--   
--   span-repeat            77   11.10     1414.87 +- 230.75         906.61 +- 461.11     (read spans a large repeat, usually easy to assemble)
--   uniq-repeat-cont      261   37.61     1294.00 +- 188.96                              (should be uniquely placed, low potential for consensus errors, no impact on assembly)
--   uniq-repeat-dove       19    2.74     1535.37 +- 214.33                              (will end contigs, potential to misassemble)
--   uniq-anchor             0    0.00        0.00 +- 0.00             0.00 +- 0.00       (repeat read, with unique section, probable bad read)
-- Report changed.
-- Finished stage 'utg-createOverlapStore', reset canuIteration.
--
-- Loading read lengths.
-- Loading number of overlaps per read.
--
-- Configure RED for 8gb memory.
--                   Batches of at most (unlimited) reads.
--                                      500000000 bases.
--                   Expecting evidence of at most 536870912 bases per iteration.
--
--           Total                                               Reads                 Olaps Evidence
--    Job   Memory      Read Range         Reads        Bases   Memory        Olaps   Memory   Memory  (Memory in MB)
--   ---- -------- ------------------- --------- ------------ -------- ------------ -------- --------
--      1  3219.90         1-10191           987      1207711   147.46        38388     0.44  1024.00
--   ---- -------- ------------------- --------- ------------ -------- ------------ -------- --------
--                                                    1207711                 38388
-- No change in report.
-- Finished stage 'readErrorDetectionConfigure', reset canuIteration.
-- No change in report.
--
-- Running jobs.  First attempt out of 2.
----------------------------------------
-- Starting 'red' concurrent execution on Sun May 24 22:12:36 2020 with 34.592 GB free disk space (1 processes; 1 concurrently)

    cd unitigging/3-overlapErrorAdjustment
    ./red.sh 1 > ./red.000001.out 2>&1

-- Finished on Sun May 24 22:12:37 2020 (one second) with 34.592 GB free disk space
----------------------------------------
-- Found 1 read error detection output files.
-- No change in report.
-- Finished stage 'readErrorDetectionCheck', reset canuIteration.
--
-- Loading read lengths.
-- Loading number of overlaps per read.
--
-- Configure OEA for 8gb memory.
--                   Batches of at most (unlimited) reads.
--                                      300000000 bases.
--
--           Total                                               Reads                 Olaps  Adjusts
--    Job   Memory      Read Range         Reads        Bases   Memory        Olaps   Memory   Memory  (Memory in MB)
--   ---- -------- ------------------- --------- ------------ -------- ------------ -------- --------
--      1  2378.81         1-10191           987      1207711     9.18        38388     1.17   320.46
--   ---- -------- ------------------- --------- ------------ -------- ------------ -------- --------
--                                                    1207711                 38388
-- No change in report.
-- Finished stage 'overlapErrorAdjustmentConfigure', reset canuIteration.
-- No change in report.
--
-- Running jobs.  First attempt out of 2.
----------------------------------------
-- Starting 'oea' concurrent execution on Sun May 24 22:12:37 2020 with 34.592 GB free disk space (1 processes; 1 concurrently)

    cd unitigging/3-overlapErrorAdjustment
    ./oea.sh 1 > ./oea.000001.out 2>&1

-- Finished on Sun May 24 22:12:38 2020 (one second) with 34.592 GB free disk space
----------------------------------------
-- Found 1 overlap error adjustment output files.
-- No change in report.
-- Finished stage 'overlapErrorAdjustmentCheck', reset canuIteration.
----------------------------------------
-- Starting command on Sun May 24 22:12:38 2020 with 34.592 GB free disk space

    cd unitigging/3-overlapErrorAdjustment
    /home/matheus/processamento_workflow/canu/Linux-amd64/bin/loadErates \
      -S ../../Sars_cov_2_SRR11178057.seqStore \
      -O ../Sars_cov_2_SRR11178057.ovlStore \
      -L ./oea.files \
    > ./oea.apply.err 2>&1

-- Finished on Sun May 24 22:12:38 2020 (in the blink of an eye) with 34.592 GB free disk space
----------------------------------------
-- No report available.
-- Report changed.
-- Finished stage 'updateOverlapStore', reset canuIteration.
-- Finished stage 'unitig', reset canuIteration.
-- No change in report.
-- No change in report.
--
-- Running jobs.  First attempt out of 2.
----------------------------------------
-- Starting 'bat' concurrent execution on Sun May 24 22:12:38 2020 with 34.592 GB free disk space (1 processes; 1 concurrently)

    cd unitigging/4-unitigger
    ./unitigger.sh 1 > ./unitigger.000001.out 2>&1

-- Finished on Sun May 24 22:12:39 2020 (one second) with 34.591 GB free disk space
----------------------------------------
-- Unitigger finished successfully.
-- Found, in version 1, after unitig construction:
--   contigs:      20 sequences, total length 46489 bp (including 0 repeats of total length 0 bp).
--   bubbles:      1 sequences, total length 1810 bp.
--   unassembled:  94 sequences, total length 117777 bp.
--
-- Contig sizes based on genome size 30kbp:
--
--            NG (bp)  LG (contigs)    sum (bp)
--         ----------  ------------  ----------
--     10        3354             1        3354
--     20        3076             2        6430
--     30        3065             3        9495
--     40        3052             4       12547
--     50        2937             5       15484
--     60        2845             6       18329
--     70        2678             7       21007
--     80        2533             9       26128
--     90        2453            10       28581
--    100        2363            11       30944
--    110        2158            12       33102
--    120        2072            14       37277
--    130        1679            16       40667
--    140        1588            17       42255
--    150        1416            19       45093
--
-- Report changed.
-- Finished stage 'unitigCheck', reset canuIteration.
----------------------------------------
-- Starting command on Sun May 24 22:12:39 2020 with 34.591 GB free disk space

    cd unitigging
    /home/matheus/processamento_workflow/canu/Linux-amd64/bin/utgcns \
      -S ../Sars_cov_2_SRR11178057.seqStore \
      -T  ./Sars_cov_2_SRR11178057.ctgStore 1 \
      -partition 0.8 1 0.1 \
    > ./Sars_cov_2_SRR11178057.ctgStore/partitioning.log 2>&1

-- Finished on Sun May 24 22:12:39 2020 (fast as lightning) with 34.591 GB free disk space
----------------------------------------
----------------------------------------
-- Starting command on Sun May 24 22:12:39 2020 with 34.591 GB free disk space

    cd unitigging
    /home/matheus/processamento_workflow/canu/Linux-amd64/bin/utgcns \
      -S ../Sars_cov_2_SRR11178057.seqStore \
      -T  ./Sars_cov_2_SRR11178057.utgStore 1 \
      -partition 0.8 1 0.1 \
    > ./Sars_cov_2_SRR11178057.utgStore/partitioning.log 2>&1

-- Finished on Sun May 24 22:12:39 2020 (fast as lightning) with 34.59 GB free disk space
----------------------------------------
-- Using slow alignment for consensus (iteration '0').
-- Configured 5 contig and 5 unitig consensus jobs.
-- No change in report.
-- Finished stage 'consensusConfigure', reset canuIteration.
--
--                                (tag)Concurrency
--                         (tag)Threads          |
--                (tag)Memory         |          |
--        (tag)             |         |          |       total usage      algorithm
--        -------  ----------  --------   --------  --------------------  -----------------------------
-- Local: cns        0.500 GB    4 CPUs x   1 job      0.500 GB   4 CPUs  (consensus)
--
-- No change in report.
--
-- Running jobs.  First attempt out of 2.
----------------------------------------
-- Starting 'cns' concurrent execution on Sun May 24 22:12:39 2020 with 34.59 GB free disk space (10 processes; 1 concurrently)

    cd unitigging/5-consensus
    ./consensus.sh 1 > ./consensus.000001.out 2>&1
    ./consensus.sh 2 > ./consensus.000002.out 2>&1
    ./consensus.sh 3 > ./consensus.000003.out 2>&1
    ./consensus.sh 4 > ./consensus.000004.out 2>&1
    ./consensus.sh 5 > ./consensus.000005.out 2>&1
    ./consensus.sh 6 > ./consensus.000006.out 2>&1
    ./consensus.sh 7 > ./consensus.000007.out 2>&1
    ./consensus.sh 8 > ./consensus.000008.out 2>&1
    ./consensus.sh 9 > ./consensus.000009.out 2>&1
    ./consensus.sh 10 > ./consensus.000010.out 2>&1

-- Finished on Sun May 24 22:12:44 2020 (5 seconds) with 34.59 GB free disk space
----------------------------------------
-- Using slow alignment for consensus (iteration '1').
-- Configured 5 contig and 5 unitig consensus jobs.
-- No change in report.
-- All 10 consensus jobs finished successfully.
-- No change in report.
-- Finished stage 'consensusCheck', reset canuIteration.
-- Using slow alignment for consensus (iteration '0').
-- Configured 5 contig and 5 unitig consensus jobs.
-- No change in report.
----------------------------------------
-- Starting command on Sun May 24 22:12:44 2020 with 34.59 GB free disk space

    cd unitigging
    /home/matheus/processamento_workflow/canu/Linux-amd64/bin/tgStoreLoad \
      -S ../Sars_cov_2_SRR11178057.seqStore \
      -T  ./Sars_cov_2_SRR11178057.ctgStore 2 \
      -L ./5-consensus/ctgcns.files \
    > ./5-consensus/ctgcns.files.ctgStoreLoad.err 2>&1

-- Finished on Sun May 24 22:12:44 2020 (like a bat out of hell) with 34.589 GB free disk space
----------------------------------------
----------------------------------------
-- Starting command on Sun May 24 22:12:44 2020 with 34.589 GB free disk space

    cd unitigging
    /home/matheus/processamento_workflow/canu/Linux-amd64/bin/tgStoreLoad \
      -S ../Sars_cov_2_SRR11178057.seqStore \
      -T  ./Sars_cov_2_SRR11178057.utgStore 2 \
      -L ./5-consensus/utgcns.files \
    > ./5-consensus/utgcns.files.utgStoreLoad.err 2>&1

-- Finished on Sun May 24 22:12:44 2020 (lickety-split) with 34.589 GB free disk space
----------------------------------------
-- Purging consensus output after loading to ctgStore and/or utgStore.
-- Purged 10 .cns outputs.
----------------------------------------
-- Starting command on Sun May 24 22:12:44 2020 with 34.59 GB free disk space

    cd unitigging
    /home/matheus/processamento_workflow/canu/Linux-amd64/bin/tgStoreDump \
      -S ../Sars_cov_2_SRR11178057.seqStore \
      -T ./Sars_cov_2_SRR11178057.ctgStore 2 \
      -sizes -s 30000 \
    > ./Sars_cov_2_SRR11178057.ctgStore/seqDB.v002.sizes.txt
sqStore_loadMetadata()-- Using 'corrected-trimmed' 0x10 reads.

-- Finished on Sun May 24 22:12:44 2020 (furiously fast) with 34.59 GB free disk space
----------------------------------------
-- Found, in version 2, after consensus generation:
--   contigs:      20 sequences, total length 46299 bp (including 0 repeats of total length 0 bp).
--   bubbles:      1 sequences, total length 1746 bp.
--   unassembled:  94 sequences, total length 117777 bp.
--
-- Contig sizes based on genome size 30kbp:
--
--            NG (bp)  LG (contigs)    sum (bp)
--         ----------  ------------  ----------
--     10        3343             1        3343
--     20        3076             2        6419
--     30        3063             3        9482
--     40        3023             4       12505
--     50        2859             5       15364
--     60        2847             6       18211
--     70        2554             8       23407
--     80        2529             9       25936
--     90        2455            10       28391
--    100        2366            11       30757
--    110        2116            13       35028
--    120        2078            14       37106
--    130        1665            16       40482
--    140        1587            17       42069
--    150        1395            20       46299
--
-- Report changed.
-- Finished stage 'consensusLoad', reset canuIteration.
-- No change in report.
----------------------------------------
-- Starting command on Sun May 24 22:12:44 2020 with 34.59 GB free disk space

    cd unitigging/4-unitigger
    ./alignGFA.sh \
    > alignGFA.err 2>&1

-- Finished on Sun May 24 22:12:45 2020 (one second) with 34.59 GB free disk space
----------------------------------------
----------------------------------------
-- Starting command on Sun May 24 22:12:45 2020 with 34.59 GB free disk space

    cd .
    /home/matheus/processamento_workflow/canu/Linux-amd64/bin/tgStoreDump \
      -S ./Sars_cov_2_SRR11178057.seqStore \
      -T ./unitigging/Sars_cov_2_SRR11178057.ctgStore 2 \
      -o ./Sars_cov_2_SRR11178057.contigs \
      -layout \
    > ./Sars_cov_2_SRR11178057.contigs.layout.err 2>&1

-- Finished on Sun May 24 22:12:45 2020 (fast as lightning) with 34.59 GB free disk space
----------------------------------------
----------------------------------------
-- Starting command on Sun May 24 22:12:45 2020 with 34.59 GB free disk space

    cd .
    /home/matheus/processamento_workflow/canu/Linux-amd64/bin/tgStoreDump \
      -S ./Sars_cov_2_SRR11178057.seqStore \
      -T ./unitigging/Sars_cov_2_SRR11178057.utgStore 2 \
      -o ./Sars_cov_2_SRR11178057.unitigs \
      -layout \
    > ./Sars_cov_2_SRR11178057.unitigs.layout.err 2>&1

-- Finished on Sun May 24 22:12:45 2020 (lickety-split) with 34.59 GB free disk space
----------------------------------------
----------------------------------------
-- Starting command on Sun May 24 22:12:45 2020 with 34.59 GB free disk space

    cd .
    /home/matheus/processamento_workflow/canu/Linux-amd64/bin/tgStoreDump \
      -S ./Sars_cov_2_SRR11178057.seqStore \
      -T ./unitigging/Sars_cov_2_SRR11178057.ctgStore 2 \
      -consensus -fasta \
      -unassembled \
    > ./Sars_cov_2_SRR11178057.unassembled.fasta
    2> ./Sars_cov_2_SRR11178057.unassembled.err
sqStore_loadMetadata()-- Using 'corrected-trimmed' 0x10 reads.

-- Finished on Sun May 24 22:12:45 2020 (lickety-split) with 34.59 GB free disk space
----------------------------------------
----------------------------------------
-- Starting command on Sun May 24 22:12:45 2020 with 34.59 GB free disk space

    cd .
    /home/matheus/processamento_workflow/canu/Linux-amd64/bin/tgStoreDump \
      -S ./Sars_cov_2_SRR11178057.seqStore \
      -T ./unitigging/Sars_cov_2_SRR11178057.ctgStore 2 \
      -consensus -fasta \
      -contigs \
    > ./Sars_cov_2_SRR11178057.contigs.fasta
    2> ./Sars_cov_2_SRR11178057.contigs.err
sqStore_loadMetadata()-- Using 'corrected-trimmed' 0x10 reads.

-- Finished on Sun May 24 22:12:45 2020 (lickety-split) with 34.59 GB free disk space
----------------------------------------
----------------------------------------
-- Starting command on Sun May 24 22:12:45 2020 with 34.59 GB free disk space

    cd .
    /home/matheus/processamento_workflow/canu/Linux-amd64/bin/tgStoreDump \
      -S ./Sars_cov_2_SRR11178057.seqStore \
      -T ./unitigging/Sars_cov_2_SRR11178057.utgStore 2 \
      -consensus -fasta \
      -contigs \
    > ./Sars_cov_2_SRR11178057.unitigs.fasta
    2> ./Sars_cov_2_SRR11178057.unitigs.err
sqStore_loadMetadata()-- Using 'corrected-trimmed' 0x10 reads.

-- Finished on Sun May 24 22:12:46 2020 (one second) with 34.589 GB free disk space
----------------------------------------
-- No change in report.
-- Finished stage 'generateOutputs', reset canuIteration.
--
-- Assembly 'Sars_cov_2_SRR11178057' finished in '/home/matheus/processamento_workflow/SRR11178057_05-24-2020-21-59-19/Sars_cov_2_SRR11178057'.
--
-- Summary saved in 'Sars_cov_2_SRR11178057.report'.
--
-- Sequences saved:
--   Contigs       -> 'Sars_cov_2_SRR11178057.contigs.fasta'
--   Unassembled   -> 'Sars_cov_2_SRR11178057.unassembled.fasta'
--   Unitigs       -> 'Sars_cov_2_SRR11178057.unitigs.fasta'
--
-- Read layouts saved:
--   Contigs       -> 'Sars_cov_2_SRR11178057.contigs.layout'.
--   Unitigs       -> 'Sars_cov_2_SRR11178057.unitigs.layout'.
--
-- Graphs saved:
--   Unitigs       -> 'Sars_cov_2_SRR11178057.unitigs.gfa'.
--
-- Bye.
946.48user 25.23system 14:17.02elapsed 113%CPU (0avgtext+0avgdata 3961796maxresident)k
219648inputs+6322272outputs (578major+3106507minor)pagefaults 0swaps
