perl: warning: Setting locale failed.
perl: warning: Please check that your locale settings:
	LANGUAGE = "pt_BR:pt:en",
	LC_ALL = (unset),
	LC_CTYPE = "UTF-8",
	LANG = "pt_BR.UTF-8"
    are supported and installed on your system.
perl: warning: Falling back to a fallback locale ("pt_BR.UTF-8").
Started analysis of SRR11178053.fastq
Approx 5% complete for SRR11178053.fastq
Approx 10% complete for SRR11178053.fastq
Approx 15% complete for SRR11178053.fastq
Approx 20% complete for SRR11178053.fastq
Approx 25% complete for SRR11178053.fastq
Approx 30% complete for SRR11178053.fastq
Approx 35% complete for SRR11178053.fastq
Approx 40% complete for SRR11178053.fastq
Approx 45% complete for SRR11178053.fastq
Approx 50% complete for SRR11178053.fastq
Approx 55% complete for SRR11178053.fastq
Approx 60% complete for SRR11178053.fastq
Approx 65% complete for SRR11178053.fastq
Approx 70% complete for SRR11178053.fastq
Approx 75% complete for SRR11178053.fastq
Approx 80% complete for SRR11178053.fastq
Approx 85% complete for SRR11178053.fastq
Approx 90% complete for SRR11178053.fastq
Approx 95% complete for SRR11178053.fastq
perl: warning: Setting locale failed.
perl: warning: Please check that your locale settings:
	LANGUAGE = "pt_BR:pt:en",
	LC_ALL = (unset),
	LC_CTYPE = "UTF-8",
	LANG = "pt_BR.UTF-8"
    are supported and installed on your system.
perl: warning: Falling back to a fallback locale ("pt_BR.UTF-8").
-- canu snapshot v2.0-development +523 changes (r10016 cafc287f0c6a33d7540deb21a0311fb985d3bdb8)
--
-- CITATIONS
--
-- For 'standard' assemblies of PacBio or Nanopore reads:
--   Koren S, Walenz BP, Berlin K, Miller JR, Phillippy AM.
--   Canu: scalable and accurate long-read assembly via adaptive k-mer weighting and repeat separation.
--   Genome Res. 2017 May;27(5):722-736.
--   http://doi.org/10.1101/gr.215087.116
-- 
-- Read and contig alignments during correction, consensus and GFA building use:
--   Šošic M, Šikic M.
--   Edlib: a C/C ++ library for fast, exact sequence alignment using edit distance.
--   Bioinformatics. 2017 May 1;33(9):1394-1395.
--   http://doi.org/10.1093/bioinformatics/btw753
-- 
-- Overlaps are generated using:
--   Berlin K, et al.
--   Assembling large genomes with single-molecule sequencing and locality-sensitive hashing.
--   Nat Biotechnol. 2015 Jun;33(6):623-30.
--   http://doi.org/10.1038/nbt.3238
-- 
--   Myers EW, et al.
--   A Whole-Genome Assembly of Drosophila.
--   Science. 2000 Mar 24;287(5461):2196-204.
--   http://doi.org/10.1126/science.287.5461.2196
-- 
-- Corrected read consensus sequences are generated using an algorithm derived from FALCON-sense:
--   Chin CS, et al.
--   Phased diploid genome assembly with single-molecule real-time sequencing.
--   Nat Methods. 2016 Dec;13(12):1050-1054.
--   http://doi.org/10.1038/nmeth.4035
-- 
-- Contig consensus sequences are generated using an algorithm derived from pbdagcon:
--   Chin CS, et al.
--   Nonhybrid, finished microbial genome assemblies from long-read SMRT sequencing data.
--   Nat Methods. 2013 Jun;10(6):563-9
--   http://doi.org/10.1038/nmeth.2474
-- 
-- CONFIGURE CANU
--
-- Detected Java(TM) Runtime Environment '11.0.7' (from 'java') without -d64 support.
-- Detected gnuplot version '5.2 patchlevel 6   ' (from 'gnuplot') and image format 'png'.
-- Detected 4 CPUs and 8 gigabytes of memory.
-- No grid engine detected, grid and staging disabled.
--
--                                (tag)Concurrency
--                         (tag)Threads          |
--                (tag)Memory         |          |
--        (tag)             |         |          |       total usage      algorithm
--        -------  ----------  --------   --------  --------------------  -----------------------------
-- Local: meryl      8.000 GB    4 CPUs x   1 job      8.000 GB   4 CPUs  (k-mer counting)
-- Local: hap        8.000 GB    4 CPUs x   1 job      8.000 GB   4 CPUs  (read-to-haplotype assignment)
-- Local: cormhap    6.000 GB    4 CPUs x   1 job      6.000 GB   4 CPUs  (overlap detection with mhap)
-- Local: obtovl     4.000 GB    4 CPUs x   1 job      4.000 GB   4 CPUs  (overlap detection)
-- Local: utgovl     4.000 GB    4 CPUs x   1 job      4.000 GB   4 CPUs  (overlap detection)
-- Local: cor        8.000 GB    4 CPUs x   1 job      8.000 GB   4 CPUs  (read correction)
-- Local: ovb        4.000 GB    1 CPU  x   2 jobs     8.000 GB   2 CPUs  (overlap store bucketizer)
-- Local: ovs        8.000 GB    1 CPU  x   1 job      8.000 GB   1 CPU   (overlap store sorting)
-- Local: red        8.000 GB    4 CPUs x   1 job      8.000 GB   4 CPUs  (read error detection)
-- Local: oea        8.000 GB    1 CPU  x   1 job      8.000 GB   1 CPU   (overlap error adjustment)
-- Local: bat        8.000 GB    4 CPUs x   1 job      8.000 GB   4 CPUs  (contig construction with bogart)
-- Local: cns        -.--- GB    4 CPUs x   - jobs     -.--- GB   - CPUs  (consensus)
-- Local: gfa        8.000 GB    4 CPUs x   1 job      8.000 GB   4 CPUs  (GFA alignment and processing)
--
-- Found untrimmed raw Nanopore reads in the input files.
--
-- Generating assembly 'Sars_cov_2_SRR11178053' in '/home/matheus/processamento_workflow/SRR11178053_05-24-2020-21-11-16/Sars_cov_2_SRR11178053':
--    - correct raw reads.
--    - trim corrected reads.
--    - assemble corrected and trimmed reads.
--
-- Parameters:
--
--  genomeSize        30000
--
--  Overlap Generation Limits:
--    corOvlErrorRate 0.3200 ( 32.00%)
--    obtOvlErrorRate 0.1200 ( 12.00%)
--    utgOvlErrorRate 0.1200 ( 12.00%)
--
--  Overlap Processing Limits:
--    corErrorRate    0.5000 ( 50.00%)
--    obtErrorRate    0.1200 ( 12.00%)
--    utgErrorRate    0.1200 ( 12.00%)
--    cnsErrorRate    0.2000 ( 20.00%)
--
--
-- BEGIN CORRECTION
--
----------------------------------------
-- Starting command on Sun May 24 21:18:48 2020 with 42.486 GB free disk space

    cd .
    ./Sars_cov_2_SRR11178053.seqStore.sh \
    > ./Sars_cov_2_SRR11178053.seqStore.err 2>&1

-- Finished on Sun May 24 21:18:54 2020 (6 seconds) with 42.353 GB free disk space
----------------------------------------
----------------------------------------
-- Starting command on Sun May 24 21:18:54 2020 with 42.353 GB free disk space

    cd .
    /home/matheus/processamento_workflow/canu/Linux-amd64/bin/sqStoreDumpMetaData \
      -S ./Sars_cov_2_SRR11178053.seqStore \
      -raw \
      -histogram \
      -lengths \
    > ./Sars_cov_2_SRR11178053.seqStore/readlengths-cor.dat \
    2> ./Sars_cov_2_SRR11178053.seqStore/readlengths-cor.err 
    

-- Finished on Sun May 24 21:18:54 2020 (furiously fast) with 42.353 GB free disk space
----------------------------------------
----------------------------------------
-- Starting command on Sun May 24 21:18:54 2020 with 42.353 GB free disk space

    cd .
    /home/matheus/processamento_workflow/canu/Linux-amd64/bin/sqStoreDumpMetaData \
      -S ./Sars_cov_2_SRR11178053.seqStore \
      -raw \
      -histogram \
    > ./Sars_cov_2_SRR11178053.seqStore/readlengths-cor.txt \
    2> ./Sars_cov_2_SRR11178053.seqStore/readlengths-cor.err 
    

-- Finished on Sun May 24 21:18:54 2020 (in the blink of an eye) with 42.353 GB free disk space
----------------------------------------
--
-- In sequence store './Sars_cov_2_SRR11178053.seqStore':
--   Found 762 reads.
--   Found 902964 bases (30.09 times coverage).
--    
--    G=902964                           sum of  ||               length     num
--    NG         length     index       lengths  ||                range    seqs
--    ----- ------------ --------- ------------  ||  ------------------- -------
--    00010         1591        46        90615  ||       1000-1042          185|---------------------------------------------------------------
--    00020         1338       109       181439  ||       1043-1085          145|--------------------------------------------------
--    00030         1227       180       271732  ||       1086-1128           91|-------------------------------
--    00040         1175       255       361819  ||       1129-1171           81|----------------------------
--    00050         1133       333       451516  ||       1172-1214           65|-----------------------
--    00060         1092       415       542796  ||       1215-1257           44|---------------
--    00070         1066       498       632167  ||       1258-1300           26|---------
--    00080         1040       584       722704  ||       1301-1343           18|-------
--    00090         1019       672       813245  ||       1344-1386           18|-------
--    00100         1000       761       902964  ||       1387-1429           13|-----
--    001.000x                 762       902964  ||       1430-1472            5|--
--                                               ||       1473-1515           10|----
--                                               ||       1516-1558            8|---
--                                               ||       1559-1601            8|---
--                                               ||       1602-1644            4|--
--                                               ||       1645-1687            9|----
--                                               ||       1688-1730            7|---
--                                               ||       1731-1773            3|--
--                                               ||       1774-1816            1|-
--                                               ||       1817-1859            0|
--                                               ||       1860-1902            2|-
--                                               ||       1903-1945            1|-
--                                               ||       1946-1988            3|--
--                                               ||       1989-2031            0|
--                                               ||       2032-2074            1|-
--                                               ||       2075-2117            2|-
--                                               ||       2118-2160            0|
--                                               ||       2161-2203            4|--
--                                               ||       2204-2246            1|-
--                                               ||       2247-2289            1|-
--                                               ||       2290-2332            0|
--                                               ||       2333-2375            1|-
--                                               ||       2376-2418            1|-
--                                               ||       2419-2461            0|
--                                               ||       2462-2504            0|
--                                               ||       2505-2547            0|
--                                               ||       2548-2590            1|-
--                                               ||       2591-2633            0|
--                                               ||       2634-2676            1|-
--                                               ||       2677-2719            0|
--                                               ||       2720-2762            1|-
--                                               ||       2763-2805            0|
--                                               ||       2806-2848            0|
--                                               ||       2849-2891            0|
--                                               ||       2892-2934            0|
--                                               ||       2935-2977            0|
--                                               ||       2978-3020            0|
--                                               ||       3021-3063            0|
--                                               ||       3064-3106            0|
--                                               ||       3107-3149            1|-
--    
-- New report created.
----------------------------------------
-- Starting command on Sun May 24 21:18:54 2020 with 42.353 GB free disk space

    cd correction/0-mercounts
    ./meryl-configure.sh \
    > ./meryl-configure.err 2>&1

-- Finished on Sun May 24 21:18:54 2020 (like a bat out of hell) with 42.353 GB free disk space
----------------------------------------
--  segments   memory batches
--  -------- -------- -------
--        01  0.07 GB       1
--
--  For 762 reads with 902964 bases, limit to 1 batch.
--  Will count kmers using 01 jobs, each using 2 GB and 4 threads.
--
-- Report changed.
-- Finished stage 'merylConfigure', reset canuIteration.
-- No change in report.
--
-- Running jobs.  First attempt out of 2.
----------------------------------------
-- Starting 'meryl' concurrent execution on Sun May 24 21:18:54 2020 with 42.353 GB free disk space (1 processes; 1 concurrently)

    cd correction/0-mercounts
    ./meryl-count.sh 1 > ./meryl-count.000001.out 2>&1

-- Finished on Sun May 24 21:18:55 2020 (one second) with 42.349 GB free disk space
----------------------------------------
-- Found 1 Kmer counting (meryl) outputs.
-- No change in report.
-- Finished stage 'cor-merylCountCheck', reset canuIteration.
-- No change in report.
--
-- Running jobs.  First attempt out of 2.
----------------------------------------
-- Starting 'meryl' concurrent execution on Sun May 24 21:18:55 2020 with 42.349 GB free disk space (1 processes; 1 concurrently)

    cd correction/0-mercounts
    ./meryl-process.sh 1 > ./meryl-process.000001.out 2>&1

-- Finished on Sun May 24 21:18:56 2020 (one second) with 42.352 GB free disk space
----------------------------------------
-- Meryl finished successfully.  Kmer frequency histogram:
--
--  16-mers                                                                                           Fraction
--    Occurrences   NumMers                                                                         Unique Total
--       1-     1         0                                                                        0.0000 0.0000
--       2-     2     35142 ********************************************************************** 0.4962 0.1800
--       3-     4     17855 ***********************************                                    0.6641 0.2713
--       5-     7      8047 ****************                                                       0.7976 0.3772
--       8-    11      4098 ********                                                               0.8827 0.4824
--      12-    16      1997 ***                                                                    0.9276 0.5654
--      17-    22      1131 **                                                                     0.9515 0.6291
--      23-    29       829 *                                                                      0.9659 0.6823
--      30-    37       612 *                                                                      0.9770 0.7359
--      38-    46       469                                                                        0.9849 0.7849
--      47-    56       237                                                                        0.9913 0.8340
--      57-    67       148                                                                        0.9944 0.8639
--      68-    79       105                                                                        0.9964 0.8864
--      80-    92        46                                                                        0.9979 0.9059
--      93-   106        24                                                                        0.9984 0.9148
--     107-   121         5                                                                        0.9988 0.9209
--     122-   137         0                                                                        0.0000 0.0000
--     138-   154         8                                                                        0.9989 0.9224
--     155-   172         9                                                                        0.9990 0.9254
--     173-   191        13                                                                        0.9991 0.9292
--     192-   211         2                                                                        0.9993 0.9353
--     212-   232         6                                                                        0.9993 0.9364
--     233-   254         4                                                                        0.9994 0.9399
--     255-   277         1                                                                        0.9994 0.9424
--     278-   301         0                                                                        0.0000 0.0000
--     302-   326         1                                                                        0.9995 0.9432
--     327-   352         2                                                                        0.9995 0.9441
--     353-   379         2                                                                        0.9995 0.9459
--     380-   407         0                                                                        0.0000 0.0000
--     408-   436         4                                                                        0.9995 0.9479
--     437-   466         7                                                                        0.9996 0.9523
--     467-   497         0                                                                        0.0000 0.0000
--     498-   529         0                                                                        0.0000 0.0000
--     530-   562         0                                                                        0.0000 0.0000
--     563-   596         0                                                                        0.0000 0.0000
--     597-   631         2                                                                        0.9997 0.9608
--     632-   667         6                                                                        0.9997 0.9641
--     668-   704         6                                                                        0.9998 0.9740
--     705-   742         5                                                                        0.9999 0.9846
--     743-   781         2                                                                        1.0000 0.9940
--     782-   821         2                                                                        1.0000 0.9980
--
--           0 (max occurrences)
--      390515 (total mers, non-unique)
--       70827 (distinct mers, non-unique)
--           0 (unique mers)
-- Report changed.
-- Finished stage 'meryl-process', reset canuIteration.
--
-- Removing meryl database 'correction/0-mercounts/Sars_cov_2_SRR11178053.ms16'.
--
-- OVERLAPPER (mhap) (correction)
--
-- Set corMhapSensitivity=high based on read coverage of 30.
--
-- PARAMETERS: hashes=768, minMatches=2, threshold=0.73
--
-- Given 5.4 GB, can fit 8100 reads per block.
-- For 2 blocks, set stride to 2 blocks.
-- Logging partitioning to 'correction/1-overlapper/partitioning.log'.
-- Configured 1 mhap precompute jobs.
-- Configured 1 mhap overlap jobs.
-- No change in report.
-- Finished stage 'cor-mhapConfigure', reset canuIteration.
-- No change in report.
--
-- Running jobs.  First attempt out of 2.
----------------------------------------
-- Starting 'cormhap' concurrent execution on Sun May 24 21:18:56 2020 with 42.353 GB free disk space (1 processes; 1 concurrently)

    cd correction/1-overlapper
    ./precompute.sh 1 > ./precompute.000001.out 2>&1

-- Finished on Sun May 24 21:19:11 2020 (15 seconds) with 42.335 GB free disk space
----------------------------------------
-- All 1 mhap precompute jobs finished successfully.
-- No change in report.
-- Finished stage 'cor-mhapPrecomputeCheck', reset canuIteration.
-- No change in report.
--
-- Running jobs.  First attempt out of 2.
----------------------------------------
-- Starting 'cormhap' concurrent execution on Sun May 24 21:19:11 2020 with 42.335 GB free disk space (1 processes; 1 concurrently)

    cd correction/1-overlapper
    ./mhap.sh 1 > ./mhap.000001.out 2>&1

-- Finished on Sun May 24 21:19:26 2020 (15 seconds) with 42.331 GB free disk space
----------------------------------------
-- Found 1 mhap overlap output files.
-- No change in report.
-- Finished stage 'cor-mhapCheck', reset canuIteration.
----------------------------------------
-- Starting command on Sun May 24 21:19:26 2020 with 42.331 GB free disk space

    cd correction
    /home/matheus/processamento_workflow/canu/Linux-amd64/bin/ovStoreConfig \
     -S ../Sars_cov_2_SRR11178053.seqStore \
     -M 4-8 \
     -L ./1-overlapper/ovljob.files \
     -create ./Sars_cov_2_SRR11178053.ovlStore.config \
     > ./Sars_cov_2_SRR11178053.ovlStore.config.txt \
    2> ./Sars_cov_2_SRR11178053.ovlStore.config.err

-- Finished on Sun May 24 21:19:26 2020 (like a bat out of hell) with 42.331 GB free disk space
----------------------------------------
--
-- Creating overlap store correction/Sars_cov_2_SRR11178053.ovlStore using:
--      1 bucket
--      2 slices
--        using at most 1 GB memory each
-- No change in report.
-- Finished stage 'cor-overlapStoreConfigure', reset canuIteration.
-- No change in report.
--
-- Running jobs.  First attempt out of 2.
----------------------------------------
-- Starting 'ovB' concurrent execution on Sun May 24 21:19:26 2020 with 42.331 GB free disk space (1 processes; 2 concurrently)

    cd correction/Sars_cov_2_SRR11178053.ovlStore.BUILDING
    ./scripts/1-bucketize.sh 1 > ./logs/1-bucketize.000001.out 2>&1

-- Finished on Sun May 24 21:19:27 2020 (one second) with 42.323 GB free disk space
----------------------------------------
-- Overlap store bucketizer finished.
-- No change in report.
-- Finished stage 'cor-overlapStoreBucketizerCheck', reset canuIteration.
-- No change in report.
--
-- Running jobs.  First attempt out of 2.
----------------------------------------
-- Starting 'ovS' concurrent execution on Sun May 24 21:19:27 2020 with 42.323 GB free disk space (2 processes; 1 concurrently)

    cd correction/Sars_cov_2_SRR11178053.ovlStore.BUILDING
    ./scripts/2-sort.sh 1 > ./logs/2-sort.000001.out 2>&1
    ./scripts/2-sort.sh 2 > ./logs/2-sort.000002.out 2>&1

-- Finished on Sun May 24 21:19:27 2020 (like a bat out of hell) with 42.319 GB free disk space
----------------------------------------
-- Overlap store sorter finished.
-- No change in report.
-- Finished stage 'cor-overlapStoreSorterCheck', reset canuIteration.
----------------------------------------
-- Starting command on Sun May 24 21:19:27 2020 with 42.319 GB free disk space

    cd correction
    /home/matheus/processamento_workflow/canu/Linux-amd64/bin/ovStoreIndexer \
      -O  ./Sars_cov_2_SRR11178053.ovlStore.BUILDING \
      -S ../Sars_cov_2_SRR11178053.seqStore \
      -C  ./Sars_cov_2_SRR11178053.ovlStore.config \
      -delete \
    > ./Sars_cov_2_SRR11178053.ovlStore.BUILDING.index.err 2>&1

-- Finished on Sun May 24 21:19:27 2020 (like a bat out of hell) with 42.319 GB free disk space
----------------------------------------
-- Checking store.
----------------------------------------
-- Starting command on Sun May 24 21:19:27 2020 with 42.319 GB free disk space

    cd correction
    /home/matheus/processamento_workflow/canu/Linux-amd64/bin/ovStoreDump \
     -S ../Sars_cov_2_SRR11178053.seqStore \
     -O  ./Sars_cov_2_SRR11178053.ovlStore \
     -counts \
     > ./Sars_cov_2_SRR11178053.ovlStore/counts.dat 2> ./Sars_cov_2_SRR11178053.ovlStore/counts.err

-- Finished on Sun May 24 21:19:27 2020 (in the blink of an eye) with 42.319 GB free disk space
----------------------------------------
--
-- Overlap store 'correction/Sars_cov_2_SRR11178053.ovlStore' successfully constructed.
-- Found 651128 overlaps for 762 reads; 0 reads have no overlaps.
--
--
-- Purged 0.021 GB in 3 overlap output files.
-- No change in report.
-- Finished stage 'cor-createOverlapStore', reset canuIteration.
-- Set corMinCoverage=4 based on read coverage of 30.
-- Global filter scores will be estimated.
-- Computing correction layouts.
----------------------------------------
-- Starting command on Sun May 24 21:19:27 2020 with 42.341 GB free disk space

    cd correction
    /home/matheus/processamento_workflow/canu/Linux-amd64/bin/generateCorrectionLayouts \
      -S ../Sars_cov_2_SRR11178053.seqStore \
      -O  ./Sars_cov_2_SRR11178053.ovlStore \
      -C  ./Sars_cov_2_SRR11178053.corStore.WORKING \
      -eC 80 \
    > ./Sars_cov_2_SRR11178053.corStore.err 2>&1

-- Finished on Sun May 24 21:19:28 2020 (one second) with 42.34 GB free disk space
----------------------------------------
-- No change in report.
-- Finished stage 'cor-buildCorrectionLayoutsConfigure', reset canuIteration.
-- Computing correction layouts.
----------------------------------------
-- Starting command on Sun May 24 21:19:28 2020 with 42.34 GB free disk space

    cd correction/2-correction
    /home/matheus/processamento_workflow/canu/Linux-amd64/bin/filterCorrectionLayouts \
      -S  ../../Sars_cov_2_SRR11178053.seqStore \
      -C     ../Sars_cov_2_SRR11178053.corStore \
      -R      ./Sars_cov_2_SRR11178053.readsToCorrect.WORKING \
      -cc 4 \
      -cl 1000 \
      -g  30000 \
      -c  40 \
    > ./Sars_cov_2_SRR11178053.readsToCorrect.err 2>&1

-- Finished on Sun May 24 21:19:28 2020 (lickety-split) with 42.34 GB free disk space
----------------------------------------
--                             original      original
--                            raw reads     raw reads
--   category                w/overlaps  w/o/overlaps
--   -------------------- ------------- -------------
--   Number of Reads                757             5
--   Number of Bases             896274          6690
--   Coverage                    29.876         0.223
--   Median                        1109          1133
--   Mean                          1183          1338
--   N50                           1133          2161
--   Minimum                       1000          1076
--   Maximum                       3145          2161
--   
--                                        --------corrected---------  ----------rescued----------
--                             evidence                     expected                     expected
--   category                     reads            raw     corrected            raw     corrected
--   -------------------- -------------  ------------- -------------  ------------- -------------
--   Number of Reads                762            704           704              0             0
--   Number of Bases             902964         831926        730121              0             0
--   Coverage                    30.099         27.731        24.337          0.000         0.000
--   Median                        1110           1110          1053              0             0
--   Mean                          1184           1181          1037              0             0
--   N50                           1133           1133          1074              0             0
--   Minimum                       1000           1000            14              0             0
--   Maximum                       3145           3145          1976              0             0
--   
--                        --------uncorrected--------
--                                           expected
--   category                       raw     corrected
--   -------------------- ------------- -------------
--   Number of Reads                 58            58
--   Number of Bases              71038          2145
--   Coverage                     2.368         0.071
--   Median                        1120             0
--   Mean                          1224            36
--   N50                           1138             0
--   Minimum                       1002             0
--   Maximum                       2274          2145
--   
--   Maximum Memory           552723944
-- Report changed.
-- Finished stage 'cor-filterCorrectionLayouts', reset canuIteration.
-- Using overlaps no worse than 0.5 fraction error for correcting reads (from corErrorRate parameter).
--
-- Configuring correction jobs:
--   Jobs limited to 8 GB per job (via option corMemory).
--   Reads estimated to need at most 1 GB for computation.
--   Leaving 7 GB memory for read data.
----------------------------------------
-- Starting command on Sun May 24 21:19:28 2020 with 42.339 GB free disk space

    cd correction/2-correction
    ./correctReadsPartition.sh \
    > ./correctReadsPartition.err 2>&1

-- Finished on Sun May 24 21:19:28 2020 (in the blink of an eye) with 42.339 GB free disk space
----------------------------------------
-- Using overlaps no worse than 0.5 fraction error for correcting reads (from corErrorRate parameter).
-- No change in report.
-- Finished stage 'cor-generateCorrectedReadsConfigure', reset canuIteration.
-- No change in report.
--
-- Running jobs.  First attempt out of 2.
----------------------------------------
-- Starting 'cor' concurrent execution on Sun May 24 21:19:28 2020 with 42.339 GB free disk space (1 processes; 1 concurrently)

    cd correction/2-correction
    ./correctReads.sh 1 > ./correctReads.000001.out 2>&1

-- Finished on Sun May 24 21:19:34 2020 (6 seconds) with 42.338 GB free disk space
----------------------------------------
-- Found 1 read correction output files.
-- No change in report.
-- Finished stage 'cor-generateCorrectedReadsCheck', reset canuIteration.
-- Found 1 read correction output files.
-- No change in report.
-- Finished stage 'cor-generateCorrectedReadsCheck', reset canuIteration.
--
-- Loading corrected reads into corStore and seqStore.
----------------------------------------
-- Starting command on Sun May 24 21:19:34 2020 with 42.338 GB free disk space

    cd correction
    /home/matheus/processamento_workflow/canu/Linux-amd64/bin/loadCorrectedReads \
      -S ../Sars_cov_2_SRR11178053.seqStore \
      -C ./Sars_cov_2_SRR11178053.corStore \
      -L ./2-correction/corjob.files \
    >  ./Sars_cov_2_SRR11178053.loadCorrectedReads.log \
    2> ./Sars_cov_2_SRR11178053.loadCorrectedReads.err

-- Finished on Sun May 24 21:19:34 2020 (fast as lightning) with 42.337 GB free disk space
----------------------------------------
----------------------------------------
-- Starting command on Sun May 24 21:19:34 2020 with 42.337 GB free disk space

    cd .
    /home/matheus/processamento_workflow/canu/Linux-amd64/bin/sqStoreDumpMetaData \
      -S ./Sars_cov_2_SRR11178053.seqStore \
      -corrected \
      -histogram \
      -lengths \
    > ./Sars_cov_2_SRR11178053.seqStore/readlengths-obt.dat \
    2> ./Sars_cov_2_SRR11178053.seqStore/readlengths-obt.err 
    

-- Finished on Sun May 24 21:19:34 2020 (in the blink of an eye) with 42.337 GB free disk space
----------------------------------------
----------------------------------------
-- Starting command on Sun May 24 21:19:34 2020 with 42.337 GB free disk space

    cd .
    /home/matheus/processamento_workflow/canu/Linux-amd64/bin/sqStoreDumpMetaData \
      -S ./Sars_cov_2_SRR11178053.seqStore \
      -corrected \
      -histogram \
    > ./Sars_cov_2_SRR11178053.seqStore/readlengths-obt.txt \
    2> ./Sars_cov_2_SRR11178053.seqStore/readlengths-obt.err 
    

-- Finished on Sun May 24 21:19:34 2020 (like a bat out of hell) with 42.337 GB free disk space
----------------------------------------
--
-- In sequence store './Sars_cov_2_SRR11178053.seqStore':
--   Found 509 reads.
--   Found 378636 bases (12.62 times coverage).
--    
--    G=378636                           sum of  ||               length     num
--    NG         length     index       lengths  ||                range    seqs
--    ----- ------------ --------- ------------  ||  ------------------- -------
--    00010         1191        27        38532  ||         36-68             22|-------------------------------
--    00020         1096        60        76122  ||         69-101             1|--
--    00030         1038        96       114300  ||        102-134             1|--
--    00040         1007       133       152009  ||        135-167            19|---------------------------
--    00050          971       171       189601  ||        168-200             3|-----
--    00060          886       212       227743  ||        201-233             5|-------
--    00070          795       257       265750  ||        234-266             3|-----
--    00080          626       311       303486  ||        267-299             5|-------
--    00090          503       378       340941  ||        300-332            10|--------------
--    00100           36       508       378636  ||        333-365             5|-------
--    001.000x                 509       378636  ||        366-398            15|---------------------
--                                               ||        399-431            10|--------------
--                                               ||        432-464            12|-----------------
--                                               ||        465-497            17|------------------------
--                                               ||        498-530            20|----------------------------
--                                               ||        531-563            18|--------------------------
--                                               ||        564-596            15|---------------------
--                                               ||        597-629            19|---------------------------
--                                               ||        630-662            15|---------------------
--                                               ||        663-695            10|--------------
--                                               ||        696-728             7|----------
--                                               ||        729-761            11|----------------
--                                               ||        762-794             8|------------
--                                               ||        795-827            14|--------------------
--                                               ||        828-860            14|--------------------
--                                               ||        861-893            19|---------------------------
--                                               ||        894-926            15|---------------------
--                                               ||        927-959            18|--------------------------
--                                               ||        960-992            28|----------------------------------------
--                                               ||        993-1025           45|---------------------------------------------------------------
--                                               ||       1026-1058           27|--------------------------------------
--                                               ||       1059-1091           16|-----------------------
--                                               ||       1092-1124           11|----------------
--                                               ||       1125-1157           14|--------------------
--                                               ||       1158-1190            9|-------------
--                                               ||       1191-1223            5|-------
--                                               ||       1224-1256            4|------
--                                               ||       1257-1289            3|-----
--                                               ||       1290-1322            0|
--                                               ||       1323-1355            0|
--                                               ||       1356-1388            4|------
--                                               ||       1389-1421            0|
--                                               ||       1422-1454            2|---
--                                               ||       1455-1487            2|---
--                                               ||       1488-1520            2|---
--                                               ||       1521-1553            2|---
--                                               ||       1554-1586            1|--
--                                               ||       1587-1619            1|--
--                                               ||       1620-1652            2|---
--    
--
-- Purging correctReads output after loading into stores.
-- Purged 1 .cns outputs.
-- Purged 2 .out job log outputs.
--
-- Purging overlaps used for correction.
-- Report changed.
-- Finished stage 'cor-loadCorrectedReads', reset canuIteration.
----------------------------------------
-- Starting command on Sun May 24 21:19:34 2020 with 42.351 GB free disk space

    cd .
    /home/matheus/processamento_workflow/canu/Linux-amd64/bin/sqStoreDumpFASTQ \
      -corrected \
      -S ./Sars_cov_2_SRR11178053.seqStore \
      -o ./Sars_cov_2_SRR11178053.correctedReads.gz \
      -fasta \
      -nolibname \
    > Sars_cov_2_SRR11178053.correctedReads.fasta.err 2>&1

-- Finished on Sun May 24 21:19:34 2020 (furiously fast) with 42.351 GB free disk space
----------------------------------------
--
-- Corrected reads saved in 'Sars_cov_2_SRR11178053.correctedReads.fasta.gz'.
-- No change in report.
-- Finished stage 'cor-dumpCorrectedReads', reset canuIteration.
--
--
-- BEGIN TRIMMING
--
-- No change in report.
----------------------------------------
-- Starting command on Sun May 24 21:19:34 2020 with 42.351 GB free disk space

    cd trimming/0-mercounts
    ./meryl-configure.sh \
    > ./meryl-configure.err 2>&1

-- Finished on Sun May 24 21:19:35 2020 (one second) with 42.351 GB free disk space
----------------------------------------
--  segments   memory batches
--  -------- -------- -------
--        01  0.07 GB       1
--
--  For 509 reads with 378636 bases, limit to 1 batch.
--  Will count kmers using 01 jobs, each using 2 GB and 4 threads.
--
-- No change in report.
-- Finished stage 'merylConfigure', reset canuIteration.
-- No change in report.
--
-- Running jobs.  First attempt out of 2.
----------------------------------------
-- Starting 'meryl' concurrent execution on Sun May 24 21:19:35 2020 with 42.351 GB free disk space (1 processes; 1 concurrently)

    cd trimming/0-mercounts
    ./meryl-count.sh 1 > ./meryl-count.000001.out 2>&1

-- Finished on Sun May 24 21:19:35 2020 (like a bat out of hell) with 42.349 GB free disk space
----------------------------------------
-- Found 1 Kmer counting (meryl) outputs.
-- No change in report.
-- Finished stage 'obt-merylCountCheck', reset canuIteration.
-- No change in report.
--
-- Running jobs.  First attempt out of 2.
----------------------------------------
-- Starting 'meryl' concurrent execution on Sun May 24 21:19:36 2020 with 42.349 GB free disk space (1 processes; 1 concurrently)

    cd trimming/0-mercounts
    ./meryl-process.sh 1 > ./meryl-process.000001.out 2>&1

-- Finished on Sun May 24 21:19:36 2020 (furiously fast) with 42.35 GB free disk space
----------------------------------------
-- Meryl finished successfully.  Kmer frequency histogram:
--
--  22-mers                                                                                           Fraction
--    Occurrences   NumMers                                                                         Unique Total
--       1-     1         0                                                                        0.0000 0.0000
--       2-     2     10388 ********************************************************************** 0.3894 0.0895
--       3-     4      6236 ******************************************                             0.5381 0.1407
--       5-     7      3316 **********************                                                 0.6780 0.2113
--       8-    11      1915 ************                                                           0.7680 0.2815
--      12-    16      1548 **********                                                             0.8355 0.3620
--      17-    22      1078 *******                                                                0.8848 0.4456
--      23-    29       694 ****                                                                   0.9229 0.5344
--      30-    37       357 **                                                                     0.9454 0.6033
--      38-    46       208 *                                                                      0.9581 0.6533
--      47-    56       217 *                                                                      0.9658 0.6915
--      57-    67       241 *                                                                      0.9736 0.7387
--      68-    79       188 *                                                                      0.9825 0.8026
--      80-    92       179 *                                                                      0.9901 0.8677
--      93-   106        72                                                                        0.9963 0.9301
--     107-   121         3                                                                        0.9987 0.9566
--     122-   137         4                                                                        0.9988 0.9582
--     138-   154         0                                                                        0.0000 0.0000
--     155-   172         1                                                                        0.9989 0.9606
--     173-   191         2                                                                        0.9990 0.9614
--     192-   211         1                                                                        0.9990 0.9631
--     212-   232         2                                                                        0.9991 0.9640
--     233-   254         3                                                                        0.9991 0.9660
--     255-   277         3                                                                        0.9993 0.9693
--     278-   301         1                                                                        0.9994 0.9728
--     302-   326         1                                                                        0.9994 0.9741
--     327-   352         0                                                                        0.0000 0.0000
--     353-   379        12                                                                        0.9994 0.9757
--     380-   407         4                                                                        0.9999 0.9950
--
--           0 (max occurrences)
--      232142 (total mers, non-unique)
--       26674 (distinct mers, non-unique)
--           0 (unique mers)
-- Report changed.
-- Finished stage 'meryl-process', reset canuIteration.
--
-- Removing meryl database 'trimming/0-mercounts/Sars_cov_2_SRR11178053.ms22'.
--
-- OVERLAPPER (normal) (trimming) erate=0.12
--
----------------------------------------
-- Starting command on Sun May 24 21:19:37 2020 with 42.351 GB free disk space

    cd trimming/1-overlapper
    /home/matheus/processamento_workflow/canu/Linux-amd64/bin/overlapInCorePartition \
     -S  ../../Sars_cov_2_SRR11178053.seqStore \
     -hl 80000000 \
     -rl 1000000000 \
     -ol 500 \
     -o  ./Sars_cov_2_SRR11178053.partition \
    > ./Sars_cov_2_SRR11178053.partition.err 2>&1

-- Finished on Sun May 24 21:19:37 2020 (like a bat out of hell) with 42.351 GB free disk space
----------------------------------------
--
-- Configured 1 overlapInCore jobs.
-- No change in report.
-- Finished stage 'obt-overlapConfigure', reset canuIteration.
-- No change in report.
--
-- Running jobs.  First attempt out of 2.
----------------------------------------
-- Starting 'obtovl' concurrent execution on Sun May 24 21:19:37 2020 with 42.351 GB free disk space (1 processes; 1 concurrently)

    cd trimming/1-overlapper
    ./overlap.sh 1 > ./overlap.000001.out 2>&1

-- Finished on Sun May 24 21:19:39 2020 (2 seconds) with 42.351 GB free disk space
----------------------------------------
-- Found 1 overlapInCore output files.
--
-- overlapInCore compute 'trimming/1-overlapper':
--   kmer hits
--     with no overlap            70391       70391 +- 0
--     with an overlap             3433        3433 +- 0
--
--   overlaps                      3433        3433 +- 0
--     contained                      0           0 +- 0
--     dovetail                       0           0 +- 0
--
--   overlaps rejected
--     multiple per pair              0           0 +- 0
--     bad short window               0           0 +- 0
--     bad long window                0           0 +- 0
-- No change in report.
-- Finished stage 'obt-overlapCheck', reset canuIteration.
----------------------------------------
-- Starting command on Sun May 24 21:19:39 2020 with 42.351 GB free disk space

    cd trimming
    /home/matheus/processamento_workflow/canu/Linux-amd64/bin/ovStoreConfig \
     -S ../Sars_cov_2_SRR11178053.seqStore \
     -M 3 \
     -L ./1-overlapper/ovljob.files \
     -create ./Sars_cov_2_SRR11178053.ovlStore.config \
     > ./Sars_cov_2_SRR11178053.ovlStore.config.txt \
    2> ./Sars_cov_2_SRR11178053.ovlStore.config.err

-- Finished on Sun May 24 21:19:39 2020 (in the blink of an eye) with 42.351 GB free disk space
----------------------------------------
--
-- Creating overlap store trimming/Sars_cov_2_SRR11178053.ovlStore using:
--      1 bucket
--      2 slices
--        using at most 1 GB memory each
-- No change in report.
-- Finished stage 'obt-overlapStoreConfigure', reset canuIteration.
-- No change in report.
--
-- Running jobs.  First attempt out of 2.
----------------------------------------
-- Starting 'ovB' concurrent execution on Sun May 24 21:19:39 2020 with 42.351 GB free disk space (1 processes; 2 concurrently)

    cd trimming/Sars_cov_2_SRR11178053.ovlStore.BUILDING
    ./scripts/1-bucketize.sh 1 > ./logs/1-bucketize.000001.out 2>&1

-- Finished on Sun May 24 21:19:39 2020 (furiously fast) with 42.351 GB free disk space
----------------------------------------
-- Overlap store bucketizer finished.
-- No change in report.
-- Finished stage 'obt-overlapStoreBucketizerCheck', reset canuIteration.
-- No change in report.
--
-- Running jobs.  First attempt out of 2.
----------------------------------------
-- Starting 'ovS' concurrent execution on Sun May 24 21:19:39 2020 with 42.351 GB free disk space (2 processes; 1 concurrently)

    cd trimming/Sars_cov_2_SRR11178053.ovlStore.BUILDING
    ./scripts/2-sort.sh 1 > ./logs/2-sort.000001.out 2>&1
    ./scripts/2-sort.sh 2 > ./logs/2-sort.000002.out 2>&1

-- Finished on Sun May 24 21:19:40 2020 (one second) with 42.351 GB free disk space
----------------------------------------
-- Overlap store sorter finished.
-- No change in report.
-- Finished stage 'obt-overlapStoreSorterCheck', reset canuIteration.
----------------------------------------
-- Starting command on Sun May 24 21:19:40 2020 with 42.351 GB free disk space

    cd trimming
    /home/matheus/processamento_workflow/canu/Linux-amd64/bin/ovStoreIndexer \
      -O  ./Sars_cov_2_SRR11178053.ovlStore.BUILDING \
      -S ../Sars_cov_2_SRR11178053.seqStore \
      -C  ./Sars_cov_2_SRR11178053.ovlStore.config \
      -delete \
    > ./Sars_cov_2_SRR11178053.ovlStore.BUILDING.index.err 2>&1

-- Finished on Sun May 24 21:19:40 2020 (lickety-split) with 42.351 GB free disk space
----------------------------------------
-- Checking store.
----------------------------------------
-- Starting command on Sun May 24 21:19:40 2020 with 42.351 GB free disk space

    cd trimming
    /home/matheus/processamento_workflow/canu/Linux-amd64/bin/ovStoreDump \
     -S ../Sars_cov_2_SRR11178053.seqStore \
     -O  ./Sars_cov_2_SRR11178053.ovlStore \
     -counts \
     > ./Sars_cov_2_SRR11178053.ovlStore/counts.dat 2> ./Sars_cov_2_SRR11178053.ovlStore/counts.err

-- Finished on Sun May 24 21:19:40 2020 (lickety-split) with 42.351 GB free disk space
----------------------------------------
--
-- Overlap store 'trimming/Sars_cov_2_SRR11178053.ovlStore' successfully constructed.
-- Found 6866 overlaps for 262 reads; 500 reads have no overlaps.
--
--
-- Purged 0 GB in 3 overlap output files.
-- No change in report.
-- Finished stage 'obt-createOverlapStore', reset canuIteration.
----------------------------------------
-- Starting command on Sun May 24 21:19:40 2020 with 42.351 GB free disk space

    cd trimming/3-overlapbasedtrimming
    /home/matheus/processamento_workflow/canu/Linux-amd64/bin/trimReads \
      -S  ../../Sars_cov_2_SRR11178053.seqStore \
      -O  ../Sars_cov_2_SRR11178053.ovlStore \
      -Co ./Sars_cov_2_SRR11178053.1.trimReads.clear \
      -e  0.12 \
      -minlength 1000 \
      -ol 500 \
      -oc 2 \
      -o  ./Sars_cov_2_SRR11178053.1.trimReads \
    >     ./Sars_cov_2_SRR11178053.1.trimReads.err 2>&1

-- Finished on Sun May 24 21:19:40 2020 (in the blink of an eye) with 42.351 GB free disk space
----------------------------------------
--  PARAMETERS:
--  ----------
--     1000    (reads trimmed below this many bases are deleted)
--   0.1200    (use overlaps at or below this fraction error)
--      500    (break region if overlap is less than this long, for 'largest covered' algorithm)
--        2    (break region if overlap coverage is less than this many reads, for 'largest covered' algorithm)
--  
--  INPUT READS:
--  -----------
--     762 reads       378636 bases (reads processed)
--       0 reads            0 bases (reads not processed, previously deleted)
--       0 reads            0 bases (reads not processed, in a library where trimming isn't allowed)
--  
--  OUTPUT READS:
--  ------------
--      54 reads        60977 bases (trimmed reads output)
--       1 reads         1039 bases (reads with no change, kept as is)
--     500 reads       130540 bases (reads with no overlaps, deleted)
--     207 reads       182312 bases (reads with short trimmed length, deleted)
--  
--  TRIMMING DETAILS:
--  ----------------
--      49 reads         2329 bases (bases trimmed from the 5' end of a read)
--      41 reads         1439 bases (bases trimmed from the 3' end of a read)
-- Report changed.
-- Finished stage 'obt-trimReads', reset canuIteration.
----------------------------------------
-- Starting command on Sun May 24 21:19:40 2020 with 42.351 GB free disk space

    cd trimming/3-overlapbasedtrimming
    /home/matheus/processamento_workflow/canu/Linux-amd64/bin/splitReads \
      -S  ../../Sars_cov_2_SRR11178053.seqStore \
      -O  ../Sars_cov_2_SRR11178053.ovlStore \
      -Ci ./Sars_cov_2_SRR11178053.1.trimReads.clear \
      -Co ./Sars_cov_2_SRR11178053.2.splitReads.clear \
      -e  0.12 \
      -minlength 1000 \
      -o  ./Sars_cov_2_SRR11178053.2.splitReads \
    >     ./Sars_cov_2_SRR11178053.2.splitReads.err 2>&1

-- Finished on Sun May 24 21:19:40 2020 (fast as lightning) with 42.351 GB free disk space
----------------------------------------
--  PARAMETERS:
--  ----------
--     1000    (reads trimmed below this many bases are deleted)
--   0.1200    (use overlaps at or below this fraction error)
--  INPUT READS:
--  -----------
--      55 reads        65784 bases (reads processed)
--     707 reads       312852 bases (reads not processed, previously deleted)
--       0 reads            0 bases (reads not processed, in a library where trimming isn't allowed)
--  
--  PROCESSED:
--  --------
--       0 reads            0 bases (no overlaps)
--       0 reads            0 bases (no coverage after adjusting for trimming done already)
--       0 reads            0 bases (processed for chimera)
--       0 reads            0 bases (processed for spur)
--      55 reads        65784 bases (processed for subreads)
--  
--  READS WITH SIGNALS:
--  ------------------
--       0 reads            0 signals (number of 5' spur signal)
--       0 reads            0 signals (number of 3' spur signal)
--       0 reads            0 signals (number of chimera signal)
--       0 reads            0 signals (number of subread signal)
--  
--  SIGNALS:
--  -------
--       0 reads            0 bases (size of 5' spur signal)
--       0 reads            0 bases (size of 3' spur signal)
--       0 reads            0 bases (size of chimera signal)
--       0 reads            0 bases (size of subread signal)
--  
--  TRIMMING:
--  --------
--       0 reads            0 bases (trimmed from the 5' end of the read)
--       0 reads            0 bases (trimmed from the 3' end of the read)
-- Report changed.
-- Finished stage 'obt-splitReads', reset canuIteration.
----------------------------------------
-- Starting command on Sun May 24 21:19:40 2020 with 42.351 GB free disk space

    cd trimming/3-overlapbasedtrimming
    /home/matheus/processamento_workflow/canu/Linux-amd64/bin/loadTrimmedReads \
      -S ../../Sars_cov_2_SRR11178053.seqStore \
      -c ./Sars_cov_2_SRR11178053.2.splitReads.clear \
    > ./Sars_cov_2_SRR11178053.loadTrimmedReads.err 2>&1

-- Finished on Sun May 24 21:19:40 2020 (lickety-split) with 42.351 GB free disk space
----------------------------------------
----------------------------------------
-- Starting command on Sun May 24 21:19:40 2020 with 42.351 GB free disk space

    cd .
    /home/matheus/processamento_workflow/canu/Linux-amd64/bin/sqStoreDumpMetaData \
      -S ./Sars_cov_2_SRR11178053.seqStore \
      -corrected -trimmed \
      -histogram \
      -lengths \
    > ./Sars_cov_2_SRR11178053.seqStore/readlengths-utg.dat \
    2> ./Sars_cov_2_SRR11178053.seqStore/readlengths-utg.err 
    

-- Finished on Sun May 24 21:19:40 2020 (like a bat out of hell) with 42.351 GB free disk space
----------------------------------------
----------------------------------------
-- Starting command on Sun May 24 21:19:40 2020 with 42.351 GB free disk space

    cd .
    /home/matheus/processamento_workflow/canu/Linux-amd64/bin/sqStoreDumpMetaData \
      -S ./Sars_cov_2_SRR11178053.seqStore \
      -corrected -trimmed \
      -histogram \
    > ./Sars_cov_2_SRR11178053.seqStore/readlengths-utg.txt \
    2> ./Sars_cov_2_SRR11178053.seqStore/readlengths-utg.err 
    

-- Finished on Sun May 24 21:19:40 2020 (fast as lightning) with 42.351 GB free disk space
----------------------------------------
--
-- In sequence store './Sars_cov_2_SRR11178053.seqStore':
--   Found 55 reads.
--   Found 62016 bases (2.06 times coverage).
--    
--    G=62016                            sum of  ||               length     num
--    NG         length     index       lengths  ||                range    seqs
--    ----- ------------ --------- ------------  ||  ------------------- -------
--    00010         1374         4         7183  ||       1001-1012            7|---------------------------------------------------------------
--    00020         1306         8        12495  ||       1013-1024            5|---------------------------------------------
--    00030         1181        13        18716  ||       1025-1036            6|------------------------------------------------------
--    00040         1113        19        25516  ||       1037-1048            5|---------------------------------------------
--    00050         1080        25        32069  ||       1049-1060            2|------------------
--    00060         1056        30        37408  ||       1061-1072            2|------------------
--    00070         1039        36        43675  ||       1073-1084            4|------------------------------------
--    00080         1032        42        49878  ||       1085-1096            2|------------------
--    00090         1010        48        55975  ||       1097-1108            2|------------------
--    00100         1001        54        62016  ||       1109-1120            3|---------------------------
--    001.000x                  55        62016  ||       1121-1132            1|---------
--                                               ||       1133-1144            0|
--                                               ||       1145-1156            0|
--                                               ||       1157-1168            2|------------------
--                                               ||       1169-1180            0|
--                                               ||       1181-1192            1|---------
--                                               ||       1193-1204            0|
--                                               ||       1205-1216            1|---------
--                                               ||       1217-1228            0|
--                                               ||       1229-1240            0|
--                                               ||       1241-1252            1|---------
--                                               ||       1253-1264            0|
--                                               ||       1265-1276            0|
--                                               ||       1277-1288            0|
--                                               ||       1289-1300            2|------------------
--                                               ||       1301-1312            1|---------
--                                               ||       1313-1324            0|
--                                               ||       1325-1336            2|------------------
--                                               ||       1337-1348            0|
--                                               ||       1349-1360            1|---------
--                                               ||       1361-1372            0|
--                                               ||       1373-1384            2|------------------
--                                               ||       1385-1396            1|---------
--                                               ||       1397-1408            0|
--                                               ||       1409-1420            0|
--                                               ||       1421-1432            0|
--                                               ||       1433-1444            0|
--                                               ||       1445-1456            1|---------
--                                               ||       1457-1468            0|
--                                               ||       1469-1480            0|
--                                               ||       1481-1492            0|
--                                               ||       1493-1504            0|
--                                               ||       1505-1516            0|
--                                               ||       1517-1528            0|
--                                               ||       1529-1540            0|
--                                               ||       1541-1552            0|
--                                               ||       1553-1564            0|
--                                               ||       1565-1576            0|
--                                               ||       1577-1588            0|
--                                               ||       1589-1600            1|---------
--    
--
-- Purging overlaps used for trimming.
-- Report changed.
-- Finished stage 'obt-dumpReads', reset canuIteration.
----------------------------------------
-- Starting command on Sun May 24 21:19:40 2020 with 42.351 GB free disk space

    cd .
    /home/matheus/processamento_workflow/canu/Linux-amd64/bin/sqStoreDumpFASTQ \
      -trimmed \
      -S ./Sars_cov_2_SRR11178053.seqStore \
      -o ./Sars_cov_2_SRR11178053.trimmedReads.gz \
      -fasta \
      -trimmed -normal -nolibname \
    > ./Sars_cov_2_SRR11178053.trimmedReads.fasta.err 2>&1

-- Finished on Sun May 24 21:19:40 2020 (like a bat out of hell) with 42.351 GB free disk space
----------------------------------------
--
-- Trimmed reads saved in 'Sars_cov_2_SRR11178053.trimmedReads.fasta.gz'.
-- No change in report.
-- Finished stage 'cor-dumpTrimmedReads', reset canuIteration.
--
--
-- BEGIN ASSEMBLY
--
--
-- ERROR:  Read coverage (2.06) lower than allowed.
-- ERROR:    minInputCoverage  = 10
-- ERROR:    stopOnLowCoverage = 10
-- ERROR:
-- ERROR:  This could be caused by an incorrect genomeSize or poor quality
-- ERROR:  reads that cound not be sufficiently corrected.
-- ERROR:
-- ERROR:  You can force Canu to continue by decreasing parameters
-- ERROR:  minInputCoverage and/or stopOnLowCoverage.  Be warned that the
-- ERROR:  quality of corrected reads and/or contiguity of contigs will be poor.
-- 

ABORT:
ABORT: canu snapshot v2.0-development +523 changes (r10016 cafc287f0c6a33d7540deb21a0311fb985d3bdb8)
ABORT: Don't panic, but a mostly harmless error occurred and Canu stopped.
ABORT: Try restarting.  If that doesn't work, ask for help.
ABORT:
Command exited with non-zero status 255
388.42user 13.84system 8:24.18elapsed 79%CPU (0avgtext+0avgdata 3475116maxresident)k
122312inputs+3864776outputs (296major+1584948minor)pagefaults 0swaps
