perl: warning: Setting locale failed.
perl: warning: Please check that your locale settings:
	LANGUAGE = "pt_BR:pt:en",
	LC_ALL = "en_US.UTF-8",
	LANG = "pt_BR.UTF-8"
    are supported and installed on your system.
perl: warning: Falling back to a fallback locale ("pt_BR.UTF-8").
-- canu snapshot v2.0-development +523 changes (r10016 cafc287f0c6a33d7540deb21a0311fb985d3bdb8)
--
-- CITATIONS
--
-- For 'standard' assemblies of PacBio or Nanopore reads:
--   Koren S, Walenz BP, Berlin K, Miller JR, Phillippy AM.
--   Canu: scalable and accurate long-read assembly via adaptive k-mer weighting and repeat separation.
--   Genome Res. 2017 May;27(5):722-736.
--   http://doi.org/10.1101/gr.215087.116
-- 
-- Read and contig alignments during correction, consensus and GFA building use:
--   Šošic M, Šikic M.
--   Edlib: a C/C ++ library for fast, exact sequence alignment using edit distance.
--   Bioinformatics. 2017 May 1;33(9):1394-1395.
--   http://doi.org/10.1093/bioinformatics/btw753
-- 
-- Overlaps are generated using:
--   Berlin K, et al.
--   Assembling large genomes with single-molecule sequencing and locality-sensitive hashing.
--   Nat Biotechnol. 2015 Jun;33(6):623-30.
--   http://doi.org/10.1038/nbt.3238
-- 
--   Myers EW, et al.
--   A Whole-Genome Assembly of Drosophila.
--   Science. 2000 Mar 24;287(5461):2196-204.
--   http://doi.org/10.1126/science.287.5461.2196
-- 
-- Corrected read consensus sequences are generated using an algorithm derived from FALCON-sense:
--   Chin CS, et al.
--   Phased diploid genome assembly with single-molecule real-time sequencing.
--   Nat Methods. 2016 Dec;13(12):1050-1054.
--   http://doi.org/10.1038/nmeth.4035
-- 
-- Contig consensus sequences are generated using an algorithm derived from pbdagcon:
--   Chin CS, et al.
--   Nonhybrid, finished microbial genome assemblies from long-read SMRT sequencing data.
--   Nat Methods. 2013 Jun;10(6):563-9
--   http://doi.org/10.1038/nmeth.2474
-- 
-- CONFIGURE CANU
--
-- Detected Java(TM) Runtime Environment '11.0.7' (from 'java') without -d64 support.
-- Detected gnuplot version '5.2 patchlevel 6   ' (from 'gnuplot') and image format 'png'.
-- Detected 4 CPUs and 8 gigabytes of memory.
-- No grid engine detected, grid and staging disabled.
--
--                                (tag)Concurrency
--                         (tag)Threads          |
--                (tag)Memory         |          |
--        (tag)             |         |          |       total usage      algorithm
--        -------  ----------  --------   --------  --------------------  -----------------------------
-- Local: meryl      4.000 GB    2 CPUs x   2 jobs     8.000 GB   4 CPUs  (k-mer counting)
-- Local: hap        8.000 GB    4 CPUs x   1 job      8.000 GB   4 CPUs  (read-to-haplotype assignment)
-- Local: cormhap    6.000 GB    4 CPUs x   1 job      6.000 GB   4 CPUs  (overlap detection with mhap)
-- Local: obtovl     4.000 GB    4 CPUs x   1 job      4.000 GB   4 CPUs  (overlap detection)
-- Local: utgovl     4.000 GB    4 CPUs x   1 job      4.000 GB   4 CPUs  (overlap detection)
-- Local: cor        4.000 GB    2 CPUs x   2 jobs     8.000 GB   4 CPUs  (read correction)
-- Local: ovb        4.000 GB    1 CPU  x   2 jobs     8.000 GB   2 CPUs  (overlap store bucketizer)
-- Local: ovs        8.000 GB    1 CPU  x   1 job      8.000 GB   1 CPU   (overlap store sorting)
-- Local: red        4.000 GB    2 CPUs x   2 jobs     8.000 GB   4 CPUs  (read error detection)
-- Local: oea        4.000 GB    2 CPUs x   2 jobs     8.000 GB   4 CPUs  (overlap error adjustment)
-- Local: bat        8.000 GB    4 CPUs x   1 job      8.000 GB   4 CPUs  (contig construction with bogart)
-- Local: cns        -.--- GB    4 CPUs x   - jobs     -.--- GB   - CPUs  (consensus)
-- Local: gfa        8.000 GB    4 CPUs x   1 job      8.000 GB   4 CPUs  (GFA alignment and processing)
--
-- Found untrimmed raw Nanopore reads in the input files.
--
-- Generating assembly 'Sars_cov_2_SRR11178051' in '/home/matheus/processamento_workflow/SRR11178051_06-04-2020-02-26-19/Sars_cov_2_SRR11178051':
--    - correct raw reads.
--    - trim corrected reads.
--    - assemble corrected and trimmed reads.
--
-- Parameters:
--
--  genomeSize        30000
--
--  Overlap Generation Limits:
--    corOvlErrorRate 0.3200 ( 32.00%)
--    obtOvlErrorRate 0.1200 ( 12.00%)
--    utgOvlErrorRate 0.1200 ( 12.00%)
--
--  Overlap Processing Limits:
--    corErrorRate    0.5000 ( 50.00%)
--    obtErrorRate    0.1200 ( 12.00%)
--    utgErrorRate    0.1200 ( 12.00%)
--    cnsErrorRate    0.2000 ( 20.00%)
--
--
-- BEGIN CORRECTION
--
----------------------------------------
-- Starting command on Thu Jun  4 02:30:46 2020 with 56.973 GB free disk space

    cd .
    ./Sars_cov_2_SRR11178051.seqStore.sh \
    > ./Sars_cov_2_SRR11178051.seqStore.err 2>&1

-- Finished on Thu Jun  4 02:30:54 2020 (8 seconds) with 56.83 GB free disk space
----------------------------------------
----------------------------------------
-- Starting command on Thu Jun  4 02:30:54 2020 with 56.83 GB free disk space

    cd .
    /home/matheus/processamento_workflow/canu/Linux-amd64/bin/sqStoreDumpMetaData \
      -S ./Sars_cov_2_SRR11178051.seqStore \
      -raw \
      -histogram \
      -lengths \
    > ./Sars_cov_2_SRR11178051.seqStore/readlengths-cor.dat \
    2> ./Sars_cov_2_SRR11178051.seqStore/readlengths-cor.err 
    

-- Finished on Thu Jun  4 02:30:54 2020 (fast as lightning) with 56.83 GB free disk space
----------------------------------------
----------------------------------------
-- Starting command on Thu Jun  4 02:30:54 2020 with 56.83 GB free disk space

    cd .
    /home/matheus/processamento_workflow/canu/Linux-amd64/bin/sqStoreDumpMetaData \
      -S ./Sars_cov_2_SRR11178051.seqStore \
      -raw \
      -histogram \
    > ./Sars_cov_2_SRR11178051.seqStore/readlengths-cor.txt \
    2> ./Sars_cov_2_SRR11178051.seqStore/readlengths-cor.err 
    

-- Finished on Thu Jun  4 02:30:54 2020 (lickety-split) with 56.83 GB free disk space
----------------------------------------
--
-- In sequence store './Sars_cov_2_SRR11178051.seqStore':
--   Found 4520 reads.
--   Found 6000520 bases (200.01 times coverage).
--    
--    G=6000520                          sum of  ||               length     num
--    NG         length     index       lengths  ||                range    seqs
--    ----- ------------ --------- ------------  ||  ------------------- -------
--    00010         1986       248       601334  ||       1000-1057          796|---------------------------------------------------------------
--    00020         1686       577      1200858  ||       1058-1115          659|-----------------------------------------------------
--    00030         1491       958      1800334  ||       1116-1173          515|-----------------------------------------
--    00040         1370      1378      2400679  ||       1174-1231          428|----------------------------------
--    00050         1280      1831      3000621  ||       1232-1289          343|----------------------------
--    00060         1205      2315      3600871  ||       1290-1347          281|-----------------------
--    00070         1141      2827      4200744  ||       1348-1405          253|---------------------
--    00080         1088      3366      4800600  ||       1406-1463          192|----------------
--    00090         1040      3931      5401281  ||       1464-1521          191|----------------
--    00100         1000      4519      6000520  ||       1522-1579          105|---------
--    001.000x                4520      6000520  ||       1580-1637          114|----------
--                                               ||       1638-1695           79|-------
--                                               ||       1696-1753           83|-------
--                                               ||       1754-1811           60|-----
--                                               ||       1812-1869           62|-----
--                                               ||       1870-1927           66|------
--                                               ||       1928-1985           44|----
--                                               ||       1986-2043           38|----
--                                               ||       2044-2101           23|--
--                                               ||       2102-2159           31|---
--                                               ||       2160-2217           15|--
--                                               ||       2218-2275           10|-
--                                               ||       2276-2333           15|--
--                                               ||       2334-2391           16|--
--                                               ||       2392-2449           12|-
--                                               ||       2450-2507            8|-
--                                               ||       2508-2565           11|-
--                                               ||       2566-2623           10|-
--                                               ||       2624-2681            8|-
--                                               ||       2682-2739            8|-
--                                               ||       2740-2797            6|-
--                                               ||       2798-2855            7|-
--                                               ||       2856-2913            3|-
--                                               ||       2914-2971            3|-
--                                               ||       2972-3029            4|-
--                                               ||       3030-3087            4|-
--                                               ||       3088-3145            3|-
--                                               ||       3146-3203            0|
--                                               ||       3204-3261            1|-
--                                               ||       3262-3319            1|-
--                                               ||       3320-3377            1|-
--                                               ||       3378-3435            0|
--                                               ||       3436-3493            1|-
--                                               ||       3494-3551            0|
--                                               ||       3552-3609            1|-
--                                               ||       3610-3667            1|-
--                                               ||       3668-3725            1|-
--                                               ||       3726-3783            5|-
--                                               ||       3784-3841            0|
--                                               ||       3842-3899            2|-
--    
-- New report created.
----------------------------------------
-- Starting command on Thu Jun  4 02:30:54 2020 with 56.83 GB free disk space

    cd correction/0-mercounts
    ./meryl-configure.sh \
    > ./meryl-configure.err 2>&1

-- Finished on Thu Jun  4 02:30:54 2020 (like a bat out of hell) with 56.83 GB free disk space
----------------------------------------
--  segments   memory batches
--  -------- -------- -------
--        01  0.07 GB       1
--
--  For 4520 reads with 6000520 bases, limit to 1 batch.
--  Will count kmers using 01 jobs, each using 2 GB and 2 threads.
--
-- Report changed.
-- Finished stage 'merylConfigure', reset canuIteration.
-- No change in report.
--
-- Running jobs.  First attempt out of 2.
----------------------------------------
-- Starting 'meryl' concurrent execution on Thu Jun  4 02:30:54 2020 with 56.83 GB free disk space (1 processes; 2 concurrently)

    cd correction/0-mercounts
    ./meryl-count.sh 1 > ./meryl-count.000001.out 2>&1

-- Finished on Thu Jun  4 02:30:56 2020 (2 seconds) with 56.816 GB free disk space
----------------------------------------
-- Found 1 Kmer counting (meryl) outputs.
-- No change in report.
-- Finished stage 'cor-merylCountCheck', reset canuIteration.
-- No change in report.
--
-- Running jobs.  First attempt out of 2.
----------------------------------------
-- Starting 'meryl' concurrent execution on Thu Jun  4 02:30:56 2020 with 56.816 GB free disk space (1 processes; 2 concurrently)

    cd correction/0-mercounts
    ./meryl-process.sh 1 > ./meryl-process.000001.out 2>&1

-- Finished on Thu Jun  4 02:30:57 2020 (one second) with 56.826 GB free disk space
----------------------------------------
-- Meryl finished successfully.  Kmer frequency histogram:
--
--  16-mers                                                                                           Fraction
--    Occurrences   NumMers                                                                         Unique Total
--       1-     1         0                                                                        0.0000 0.0000
--       2-     2    187398 ********************************************************************** 0.4761 0.0983
--       3-     4    101650 *************************************                                  0.6486 0.1518
--       5-     7     41239 ***************                                                        0.7844 0.2131
--       8-    11     17073 ******                                                                 0.8552 0.2626
--      12-    16      7457 **                                                                     0.8878 0.2969
--      17-    22      3765 *                                                                      0.9037 0.3209
--      23-    29      2803 *                                                                      0.9122 0.3386
--      30-    37      2994 *                                                                      0.9191 0.3578
--      38-    46      4255 *                                                                      0.9269 0.3857
--      47-    56      4951 *                                                                      0.9378 0.4343
--      57-    67      5280 *                                                                      0.9505 0.5034
--      68-    79      4605 *                                                                      0.9637 0.5890
--      80-    92      3422 *                                                                      0.9751 0.6762
--      93-   106      2299                                                                        0.9835 0.7512
--     107-   121      1752                                                                        0.9892 0.8099
--     122-   137      1343                                                                        0.9935 0.8607
--     138-   154       687                                                                        0.9968 0.9053
--     155-   172       307                                                                        0.9985 0.9310
--     173-   191       113                                                                        0.9992 0.9431
--     192-   211        44                                                                        0.9995 0.9482
--     212-   232         7                                                                        0.9996 0.9504
--     233-   254        16                                                                        0.9996 0.9509
--     255-   277         9                                                                        0.9996 0.9520
--     278-   301        19                                                                        0.9997 0.9526
--     302-   326         9                                                                        0.9997 0.9540
--     327-   352         3                                                                        0.9997 0.9547
--     353-   379         1                                                                        0.9997 0.9550
--     380-   407         1                                                                        0.9997 0.9551
--     408-   436         1                                                                        0.9997 0.9552
--     437-   466         3                                                                        0.9997 0.9553
--     467-   497         5                                                                        0.9997 0.9557
--     498-   529         4                                                                        0.9998 0.9563
--     530-   562         7                                                                        0.9998 0.9569
--     563-   596         6                                                                        0.9998 0.9579
--     597-   631         5                                                                        0.9998 0.9588
--     632-   667         5                                                                        0.9998 0.9596
--     668-   704         6                                                                        0.9998 0.9605
--     705-   742         2                                                                        0.9998 0.9615
--     743-   781         1                                                                        0.9999 0.9619
--
--           0 (max occurrences)
--     3810989 (total mers, non-unique)
--      393606 (distinct mers, non-unique)
--           0 (unique mers)
-- Report changed.
-- Finished stage 'meryl-process', reset canuIteration.
--
-- Removing meryl database 'correction/0-mercounts/Sars_cov_2_SRR11178051.ms16'.
--
-- OVERLAPPER (mhap) (correction)
--
-- Set corMhapSensitivity=low based on read coverage of 200.
--
-- PARAMETERS: hashes=256, minMatches=3, threshold=0.8
--
-- Given 5.4 GB, can fit 16200 reads per block.
-- For 4 blocks, set stride to 2 blocks.
-- Logging partitioning to 'correction/1-overlapper/partitioning.log'.
-- Configured 3 mhap precompute jobs.
-- Configured 3 mhap overlap jobs.
-- No change in report.
-- Finished stage 'cor-mhapConfigure', reset canuIteration.
-- No change in report.
--
-- Running jobs.  First attempt out of 2.
----------------------------------------
-- Starting 'cormhap' concurrent execution on Thu Jun  4 02:30:57 2020 with 56.829 GB free disk space (3 processes; 1 concurrently)

    cd correction/1-overlapper
    ./precompute.sh 1 > ./precompute.000001.out 2>&1
    ./precompute.sh 2 > ./precompute.000002.out 2>&1
    ./precompute.sh 3 > ./precompute.000003.out 2>&1

-- Finished on Thu Jun  4 02:31:34 2020 (37 seconds) with 56.753 GB free disk space
----------------------------------------
-- All 3 mhap precompute jobs finished successfully.
-- No change in report.
-- Finished stage 'cor-mhapPrecomputeCheck', reset canuIteration.
-- No change in report.
--
-- Running jobs.  First attempt out of 2.
----------------------------------------
-- Starting 'cormhap' concurrent execution on Thu Jun  4 02:31:34 2020 with 56.753 GB free disk space (3 processes; 1 concurrently)

    cd correction/1-overlapper
    ./mhap.sh 1 > ./mhap.000001.out 2>&1
    ./mhap.sh 2 > ./mhap.000002.out 2>&1
    ./mhap.sh 3 > ./mhap.000003.out 2>&1

-- Finished on Thu Jun  4 02:33:01 2020 (87 seconds) with 56.727 GB free disk space
----------------------------------------
-- Found 3 mhap overlap output files.
-- No change in report.
-- Finished stage 'cor-mhapCheck', reset canuIteration.
----------------------------------------
-- Starting command on Thu Jun  4 02:33:01 2020 with 56.727 GB free disk space

    cd correction
    /home/matheus/processamento_workflow/canu/Linux-amd64/bin/ovStoreConfig \
     -S ../Sars_cov_2_SRR11178051.seqStore \
     -M 4-8 \
     -L ./1-overlapper/ovljob.files \
     -create ./Sars_cov_2_SRR11178051.ovlStore.config \
     > ./Sars_cov_2_SRR11178051.ovlStore.config.txt \
    2> ./Sars_cov_2_SRR11178051.ovlStore.config.err

-- Finished on Thu Jun  4 02:33:01 2020 (in the blink of an eye) with 56.727 GB free disk space
----------------------------------------
--
-- Creating overlap store correction/Sars_cov_2_SRR11178051.ovlStore using:
--      2 buckets
--      2 slices
--        using at most 1 GB memory each
-- No change in report.
-- Finished stage 'cor-overlapStoreConfigure', reset canuIteration.
-- No change in report.
--
-- Running jobs.  First attempt out of 2.
----------------------------------------
-- Starting 'ovB' concurrent execution on Thu Jun  4 02:33:01 2020 with 56.727 GB free disk space (2 processes; 2 concurrently)

    cd correction/Sars_cov_2_SRR11178051.ovlStore.BUILDING
    ./scripts/1-bucketize.sh 1 > ./logs/1-bucketize.000001.out 2>&1
    ./scripts/1-bucketize.sh 2 > ./logs/1-bucketize.000002.out 2>&1

-- Finished on Thu Jun  4 02:33:02 2020 (one second) with 56.675 GB free disk space
----------------------------------------
-- Overlap store bucketizer finished.
-- No change in report.
-- Finished stage 'cor-overlapStoreBucketizerCheck', reset canuIteration.
-- No change in report.
--
-- Running jobs.  First attempt out of 2.
----------------------------------------
-- Starting 'ovS' concurrent execution on Thu Jun  4 02:33:02 2020 with 56.675 GB free disk space (2 processes; 1 concurrently)

    cd correction/Sars_cov_2_SRR11178051.ovlStore.BUILDING
    ./scripts/2-sort.sh 1 > ./logs/2-sort.000001.out 2>&1
    ./scripts/2-sort.sh 2 > ./logs/2-sort.000002.out 2>&1

-- Finished on Thu Jun  4 02:33:04 2020 (2 seconds) with 56.655 GB free disk space
----------------------------------------
-- Overlap store sorter finished.
-- No change in report.
-- Finished stage 'cor-overlapStoreSorterCheck', reset canuIteration.
----------------------------------------
-- Starting command on Thu Jun  4 02:33:04 2020 with 56.655 GB free disk space

    cd correction
    /home/matheus/processamento_workflow/canu/Linux-amd64/bin/ovStoreIndexer \
      -O  ./Sars_cov_2_SRR11178051.ovlStore.BUILDING \
      -S ../Sars_cov_2_SRR11178051.seqStore \
      -C  ./Sars_cov_2_SRR11178051.ovlStore.config \
      -delete \
    > ./Sars_cov_2_SRR11178051.ovlStore.BUILDING.index.err 2>&1

-- Finished on Thu Jun  4 02:33:04 2020 (like a bat out of hell) with 56.656 GB free disk space
----------------------------------------
-- Checking store.
----------------------------------------
-- Starting command on Thu Jun  4 02:33:04 2020 with 56.656 GB free disk space

    cd correction
    /home/matheus/processamento_workflow/canu/Linux-amd64/bin/ovStoreDump \
     -S ../Sars_cov_2_SRR11178051.seqStore \
     -O  ./Sars_cov_2_SRR11178051.ovlStore \
     -counts \
     > ./Sars_cov_2_SRR11178051.ovlStore/counts.dat 2> ./Sars_cov_2_SRR11178051.ovlStore/counts.err

-- Finished on Thu Jun  4 02:33:04 2020 (in the blink of an eye) with 56.655 GB free disk space
----------------------------------------
--
-- Overlap store 'correction/Sars_cov_2_SRR11178051.ovlStore' successfully constructed.
-- Found 3610170 overlaps for 4519 reads; 39810 reads have no overlaps.
--
--
-- Purged 0.102 GB in 9 overlap output files.
-- No change in report.
-- Finished stage 'cor-createOverlapStore', reset canuIteration.
-- Set corMinCoverage=4 based on read coverage of 200.
-- Global filter scores will be estimated.
-- Computing correction layouts.
----------------------------------------
-- Starting command on Thu Jun  4 02:33:04 2020 with 56.758 GB free disk space

    cd correction
    /home/matheus/processamento_workflow/canu/Linux-amd64/bin/generateCorrectionLayouts \
      -S ../Sars_cov_2_SRR11178051.seqStore \
      -O  ./Sars_cov_2_SRR11178051.ovlStore \
      -C  ./Sars_cov_2_SRR11178051.corStore.WORKING \
      -eC 80 \
    > ./Sars_cov_2_SRR11178051.corStore.err 2>&1

-- Finished on Thu Jun  4 02:33:05 2020 (one second) with 56.749 GB free disk space
----------------------------------------
-- No change in report.
-- Finished stage 'cor-buildCorrectionLayoutsConfigure', reset canuIteration.
-- Computing correction layouts.
----------------------------------------
-- Starting command on Thu Jun  4 02:33:05 2020 with 56.749 GB free disk space

    cd correction/2-correction
    /home/matheus/processamento_workflow/canu/Linux-amd64/bin/filterCorrectionLayouts \
      -S  ../../Sars_cov_2_SRR11178051.seqStore \
      -C     ../Sars_cov_2_SRR11178051.corStore \
      -R      ./Sars_cov_2_SRR11178051.readsToCorrect.WORKING \
      -cc 4 \
      -cl 1000 \
      -g  30000 \
      -c  40 \
    > ./Sars_cov_2_SRR11178051.readsToCorrect.err 2>&1

-- Finished on Thu Jun  4 02:33:05 2020 (fast as lightning) with 56.746 GB free disk space
----------------------------------------
--                             original      original
--                            raw reads     raw reads
--   category                w/overlaps  w/o/overlaps
--   -------------------- ------------- -------------
--   Number of Reads               4455         39874
--   Number of Bases            5923470         75779
--   Coverage                   197.449         2.526
--   Median                        1213             0
--   Mean                          1329             1
--   N50                           1282          1175
--   Minimum                       1000             0
--   Maximum                       3898          1966
--   
--                                        --------corrected---------  ----------rescued----------
--                             evidence                     expected                     expected
--   category                     reads            raw     corrected            raw     corrected
--   -------------------- -------------  ------------- -------------  ------------- -------------
--   Number of Reads               4075            637           637            372           372
--   Number of Bases            5499349        1244022       1200935         421313        416696
--   Coverage                   183.312         41.467        40.031         14.044        13.890
--   Median                        1235           1833          1807           1111          1099
--   Mean                          1349           1952          1885           1132          1120
--   N50                           1310           1888          1848           1116          1103
--   Minimum                       1000           1566          1565           1005          1001
--   Maximum                       3898           3898          3355           1636          1549
--   
--                        --------uncorrected--------
--                                           expected
--   category                       raw     corrected
--   -------------------- ------------- -------------
--   Number of Reads              43320         43320
--   Number of Bases            4333914       3735487
--   Coverage                   144.464       124.516
--   Median                           0             0
--   Mean                           100            86
--   N50                           1215          1184
--   Minimum                          0             0
--   Maximum                       3873          3794
--   
--   Maximum Memory           562635974
-- Report changed.
-- Finished stage 'cor-filterCorrectionLayouts', reset canuIteration.
-- Using overlaps no worse than 0.5 fraction error for correcting reads (from corErrorRate parameter).
--
-- Configuring correction jobs:
--   Jobs limited to 4 GB per job (via option corMemory).
--   Reads estimated to need at most 1 GB for computation.
--   Leaving 3 GB memory for read data.
----------------------------------------
-- Starting command on Thu Jun  4 02:33:05 2020 with 56.746 GB free disk space

    cd correction/2-correction
    ./correctReadsPartition.sh \
    > ./correctReadsPartition.err 2>&1

-- Finished on Thu Jun  4 02:33:05 2020 (furiously fast) with 56.746 GB free disk space
----------------------------------------
-- Using overlaps no worse than 0.5 fraction error for correcting reads (from corErrorRate parameter).
-- No change in report.
-- Finished stage 'cor-generateCorrectedReadsConfigure', reset canuIteration.
-- No change in report.
--
-- Running jobs.  First attempt out of 2.
----------------------------------------
-- Starting 'cor' concurrent execution on Thu Jun  4 02:33:05 2020 with 56.746 GB free disk space (1 processes; 2 concurrently)

    cd correction/2-correction
    ./correctReads.sh 1 > ./correctReads.000001.out 2>&1

-- Finished on Thu Jun  4 02:33:39 2020 (34 seconds) with 56.74 GB free disk space
----------------------------------------
-- Found 1 read correction output files.
-- No change in report.
-- Finished stage 'cor-generateCorrectedReadsCheck', reset canuIteration.
-- Found 1 read correction output files.
-- No change in report.
-- Finished stage 'cor-generateCorrectedReadsCheck', reset canuIteration.
--
-- Loading corrected reads into corStore and seqStore.
----------------------------------------
-- Starting command on Thu Jun  4 02:33:39 2020 with 56.74 GB free disk space

    cd correction
    /home/matheus/processamento_workflow/canu/Linux-amd64/bin/loadCorrectedReads \
      -S ../Sars_cov_2_SRR11178051.seqStore \
      -C ./Sars_cov_2_SRR11178051.corStore \
      -L ./2-correction/corjob.files \
    >  ./Sars_cov_2_SRR11178051.loadCorrectedReads.log \
    2> ./Sars_cov_2_SRR11178051.loadCorrectedReads.err

-- Finished on Thu Jun  4 02:33:39 2020 (furiously fast) with 56.736 GB free disk space
----------------------------------------
----------------------------------------
-- Starting command on Thu Jun  4 02:33:39 2020 with 56.736 GB free disk space

    cd .
    /home/matheus/processamento_workflow/canu/Linux-amd64/bin/sqStoreDumpMetaData \
      -S ./Sars_cov_2_SRR11178051.seqStore \
      -corrected \
      -histogram \
      -lengths \
    > ./Sars_cov_2_SRR11178051.seqStore/readlengths-obt.dat \
    2> ./Sars_cov_2_SRR11178051.seqStore/readlengths-obt.err 
    

-- Finished on Thu Jun  4 02:33:39 2020 (like a bat out of hell) with 56.736 GB free disk space
----------------------------------------
----------------------------------------
-- Starting command on Thu Jun  4 02:33:40 2020 with 56.736 GB free disk space

    cd .
    /home/matheus/processamento_workflow/canu/Linux-amd64/bin/sqStoreDumpMetaData \
      -S ./Sars_cov_2_SRR11178051.seqStore \
      -corrected \
      -histogram \
    > ./Sars_cov_2_SRR11178051.seqStore/readlengths-obt.txt \
    2> ./Sars_cov_2_SRR11178051.seqStore/readlengths-obt.err 
    

-- Finished on Thu Jun  4 02:33:40 2020 (in the blink of an eye) with 56.736 GB free disk space
----------------------------------------
--
-- In sequence store './Sars_cov_2_SRR11178051.seqStore':
--   Found 1000 reads.
--   Found 1567196 bases (52.23 times coverage).
--    
--    G=1567196                          sum of  ||               length     num
--    NG         length     index       lengths  ||                range    seqs
--    ----- ------------ --------- ------------  ||  ------------------- -------
--    00010         2277        60       157658  ||        312-370             1|-
--    00020         2008       133       313966  ||        371-429             0|
--    00030         1892       214       471378  ||        430-488             0|
--    00040         1800       299       628226  ||        489-547             1|-
--    00050         1727       388       785175  ||        548-606             2|--
--    00060         1633       481       940947  ||        607-665             3|--
--    00070         1559       579      1097287  ||        666-724             2|--
--    00080         1161       696      1253826  ||        725-783             3|--
--    00090         1067       838      1410934  ||        784-842             4|---
--    00100          312       999      1567196  ||        843-901            11|--------
--    001.000x                1000      1567196  ||        902-960            17|-----------
--                                               ||        961-1019           47|-------------------------------
--                                               ||       1020-1078           93|------------------------------------------------------------
--                                               ||       1079-1137           98|---------------------------------------------------------------
--                                               ||       1138-1196           49|--------------------------------
--                                               ||       1197-1255           18|------------
--                                               ||       1256-1314           19|-------------
--                                               ||       1315-1373            5|----
--                                               ||       1374-1432            7|-----
--                                               ||       1433-1491           11|--------
--                                               ||       1492-1550           23|---------------
--                                               ||       1551-1609           74|------------------------------------------------
--                                               ||       1610-1668           72|-----------------------------------------------
--                                               ||       1669-1727           53|-----------------------------------
--                                               ||       1728-1786           72|-----------------------------------------------
--                                               ||       1787-1845           52|----------------------------------
--                                               ||       1846-1904           57|-------------------------------------
--                                               ||       1905-1963           50|---------------------------------
--                                               ||       1964-2022           29|-------------------
--                                               ||       2023-2081           10|-------
--                                               ||       2082-2140           19|-------------
--                                               ||       2141-2199           18|------------
--                                               ||       2200-2258           13|---------
--                                               ||       2259-2317           12|--------
--                                               ||       2318-2376           10|-------
--                                               ||       2377-2435           10|-------
--                                               ||       2436-2494            3|--
--                                               ||       2495-2553            3|--
--                                               ||       2554-2612            4|---
--                                               ||       2613-2671            5|----
--                                               ||       2672-2730            5|----
--                                               ||       2731-2789            3|--
--                                               ||       2790-2848            0|
--                                               ||       2849-2907            3|--
--                                               ||       2908-2966            3|--
--                                               ||       2967-3025            2|--
--                                               ||       3026-3084            0|
--                                               ||       3085-3143            1|-
--                                               ||       3144-3202            2|--
--                                               ||       3203-3261            1|-
--    
--
-- Purging correctReads output after loading into stores.
-- Purged 1 .cns outputs.
-- Purged 2 .out job log outputs.
--
-- Purging overlaps used for correction.
-- Report changed.
-- Finished stage 'cor-loadCorrectedReads', reset canuIteration.
----------------------------------------
-- Starting command on Thu Jun  4 02:33:40 2020 with 56.813 GB free disk space

    cd .
    /home/matheus/processamento_workflow/canu/Linux-amd64/bin/sqStoreDumpFASTQ \
      -corrected \
      -S ./Sars_cov_2_SRR11178051.seqStore \
      -o ./Sars_cov_2_SRR11178051.correctedReads.gz \
      -fasta \
      -nolibname \
    > Sars_cov_2_SRR11178051.correctedReads.fasta.err 2>&1

-- Finished on Thu Jun  4 02:33:40 2020 (in the blink of an eye) with 56.813 GB free disk space
----------------------------------------
--
-- Corrected reads saved in 'Sars_cov_2_SRR11178051.correctedReads.fasta.gz'.
-- No change in report.
-- Finished stage 'cor-dumpCorrectedReads', reset canuIteration.
--
--
-- BEGIN TRIMMING
--
-- No change in report.
----------------------------------------
-- Starting command on Thu Jun  4 02:33:40 2020 with 56.813 GB free disk space

    cd trimming/0-mercounts
    ./meryl-configure.sh \
    > ./meryl-configure.err 2>&1

-- Finished on Thu Jun  4 02:33:40 2020 (lickety-split) with 56.813 GB free disk space
----------------------------------------
--  segments   memory batches
--  -------- -------- -------
--        01  0.07 GB       1
--
--  For 1000 reads with 1567196 bases, limit to 1 batch.
--  Will count kmers using 01 jobs, each using 2 GB and 2 threads.
--
-- No change in report.
-- Finished stage 'merylConfigure', reset canuIteration.
-- No change in report.
--
-- Running jobs.  First attempt out of 2.
----------------------------------------
-- Starting 'meryl' concurrent execution on Thu Jun  4 02:33:40 2020 with 56.813 GB free disk space (1 processes; 2 concurrently)

    cd trimming/0-mercounts
    ./meryl-count.sh 1 > ./meryl-count.000001.out 2>&1

-- Finished on Thu Jun  4 02:33:42 2020 (2 seconds) with 56.811 GB free disk space
----------------------------------------
-- Found 1 Kmer counting (meryl) outputs.
-- No change in report.
-- Finished stage 'obt-merylCountCheck', reset canuIteration.
-- No change in report.
--
-- Running jobs.  First attempt out of 2.
----------------------------------------
-- Starting 'meryl' concurrent execution on Thu Jun  4 02:33:42 2020 with 56.811 GB free disk space (1 processes; 2 concurrently)

    cd trimming/0-mercounts
    ./meryl-process.sh 1 > ./meryl-process.000001.out 2>&1

-- Finished on Thu Jun  4 02:33:43 2020 (one second) with 56.811 GB free disk space
----------------------------------------
-- Meryl finished successfully.  Kmer frequency histogram:
--
--  22-mers                                                                                           Fraction
--    Occurrences   NumMers                                                                         Unique Total
--       1-     1         0                                                                        0.0000 0.0000
--       2-     2      7861 ********************************************************************** 0.1535 0.0109
--       3-     4      5424 ************************************************                       0.2180 0.0178
--       5-     7      3101 ***************************                                            0.2846 0.0281
--       8-    11      2690 ***********************                                                0.3361 0.0408
--      12-    16      2560 **********************                                                 0.3861 0.0591
--      17-    22      3239 ****************************                                           0.4286 0.0813
--      23-    29      5876 ****************************************************                   0.5036 0.1368
--      30-    37      6328 ********************************************************               0.6182 0.2464
--      38-    46      3830 **********************************                                     0.7376 0.3923
--      47-    56      3669 ********************************                                       0.8050 0.4941
--      57-    67      2271 ********************                                                   0.8765 0.6277
--      68-    79      1317 ***********                                                            0.9198 0.7244
--      80-    92      1456 ************                                                           0.9424 0.7837
--      93-   106       900 ********                                                               0.9703 0.8690
--     107-   121       354 ***                                                                    0.9874 0.9302
--     122-   137       233 **                                                                     0.9938 0.9562
--     138-   154        47                                                                        0.9981 0.9761
--     155-   172         4                                                                        0.9990 0.9804
--     173-   191         1                                                                        0.9991 0.9809
--     192-   211         1                                                                        0.9991 0.9810
--     212-   232         1                                                                        0.9991 0.9811
--     233-   254        12                                                                        0.9991 0.9813
--     255-   277         4                                                                        0.9994 0.9834
--     278-   301         2                                                                        0.9994 0.9841
--     302-   326         2                                                                        0.9995 0.9846
--     327-   352         0                                                                        0.0000 0.0000
--     353-   379         0                                                                        0.0000 0.0000
--     380-   407         0                                                                        0.0000 0.0000
--     408-   436         0                                                                        0.0000 0.0000
--     437-   466         0                                                                        0.0000 0.0000
--     467-   497         0                                                                        0.0000 0.0000
--     498-   529         0                                                                        0.0000 0.0000
--     530-   562         0                                                                        0.0000 0.0000
--     563-   596         1                                                                        0.9995 0.9852
--     597-   631         1                                                                        0.9995 0.9856
--     632-   667         1                                                                        0.9996 0.9861
--     668-   704         2                                                                        0.9996 0.9865
--     705-   742         0                                                                        0.0000 0.0000
--     743-   781         1                                                                        0.9996 0.9875
--     782-   821         3                                                                        0.9996 0.9881
--
--           0 (max occurrences)
--     1443606 (total mers, non-unique)
--       51209 (distinct mers, non-unique)
--           0 (unique mers)
-- Report changed.
-- Finished stage 'meryl-process', reset canuIteration.
--
-- Removing meryl database 'trimming/0-mercounts/Sars_cov_2_SRR11178051.ms22'.
--
-- OVERLAPPER (normal) (trimming) erate=0.12
--
----------------------------------------
-- Starting command on Thu Jun  4 02:33:43 2020 with 56.813 GB free disk space

    cd trimming/1-overlapper
    /home/matheus/processamento_workflow/canu/Linux-amd64/bin/overlapInCorePartition \
     -S  ../../Sars_cov_2_SRR11178051.seqStore \
     -hl 80000000 \
     -rl 1000000000 \
     -ol 500 \
     -o  ./Sars_cov_2_SRR11178051.partition \
    > ./Sars_cov_2_SRR11178051.partition.err 2>&1

-- Finished on Thu Jun  4 02:33:43 2020 (like a bat out of hell) with 56.812 GB free disk space
----------------------------------------
--
-- Configured 1 overlapInCore jobs.
-- No change in report.
-- Finished stage 'obt-overlapConfigure', reset canuIteration.
-- No change in report.
--
-- Running jobs.  First attempt out of 2.
----------------------------------------
-- Starting 'obtovl' concurrent execution on Thu Jun  4 02:33:43 2020 with 56.812 GB free disk space (1 processes; 1 concurrently)

    cd trimming/1-overlapper
    ./overlap.sh 1 > ./overlap.000001.out 2>&1

-- Finished on Thu Jun  4 02:33:49 2020 (6 seconds) with 56.812 GB free disk space
----------------------------------------
-- Found 1 overlapInCore output files.
--
-- overlapInCore compute 'trimming/1-overlapper':
--   kmer hits
--     with no overlap           564195      564195 +- 0
--     with an overlap            39057       39057 +- 0
--
--   overlaps                     39057       39057 +- 0
--     contained                      0           0 +- 0
--     dovetail                       0           0 +- 0
--
--   overlaps rejected
--     multiple per pair              0           0 +- 0
--     bad short window               0           0 +- 0
--     bad long window                0           0 +- 0
-- No change in report.
-- Finished stage 'obt-overlapCheck', reset canuIteration.
----------------------------------------
-- Starting command on Thu Jun  4 02:33:49 2020 with 56.812 GB free disk space

    cd trimming
    /home/matheus/processamento_workflow/canu/Linux-amd64/bin/ovStoreConfig \
     -S ../Sars_cov_2_SRR11178051.seqStore \
     -M 3 \
     -L ./1-overlapper/ovljob.files \
     -create ./Sars_cov_2_SRR11178051.ovlStore.config \
     > ./Sars_cov_2_SRR11178051.ovlStore.config.txt \
    2> ./Sars_cov_2_SRR11178051.ovlStore.config.err

-- Finished on Thu Jun  4 02:33:49 2020 (in the blink of an eye) with 56.811 GB free disk space
----------------------------------------
--
-- Creating overlap store trimming/Sars_cov_2_SRR11178051.ovlStore using:
--      1 bucket
--      2 slices
--        using at most 1 GB memory each
-- No change in report.
-- Finished stage 'obt-overlapStoreConfigure', reset canuIteration.
-- No change in report.
--
-- Running jobs.  First attempt out of 2.
----------------------------------------
-- Starting 'ovB' concurrent execution on Thu Jun  4 02:33:49 2020 with 56.811 GB free disk space (1 processes; 2 concurrently)

    cd trimming/Sars_cov_2_SRR11178051.ovlStore.BUILDING
    ./scripts/1-bucketize.sh 1 > ./logs/1-bucketize.000001.out 2>&1

-- Finished on Thu Jun  4 02:33:50 2020 (one second) with 56.81 GB free disk space
----------------------------------------
-- Overlap store bucketizer finished.
-- No change in report.
-- Finished stage 'obt-overlapStoreBucketizerCheck', reset canuIteration.
-- No change in report.
--
-- Running jobs.  First attempt out of 2.
----------------------------------------
-- Starting 'ovS' concurrent execution on Thu Jun  4 02:33:50 2020 with 56.81 GB free disk space (2 processes; 1 concurrently)

    cd trimming/Sars_cov_2_SRR11178051.ovlStore.BUILDING
    ./scripts/2-sort.sh 1 > ./logs/2-sort.000001.out 2>&1
    ./scripts/2-sort.sh 2 > ./logs/2-sort.000002.out 2>&1

-- Finished on Thu Jun  4 02:33:51 2020 (one second) with 56.805 GB free disk space
----------------------------------------
-- Overlap store sorter finished.
-- No change in report.
-- Finished stage 'obt-overlapStoreSorterCheck', reset canuIteration.
----------------------------------------
-- Starting command on Thu Jun  4 02:33:51 2020 with 56.805 GB free disk space

    cd trimming
    /home/matheus/processamento_workflow/canu/Linux-amd64/bin/ovStoreIndexer \
      -O  ./Sars_cov_2_SRR11178051.ovlStore.BUILDING \
      -S ../Sars_cov_2_SRR11178051.seqStore \
      -C  ./Sars_cov_2_SRR11178051.ovlStore.config \
      -delete \
    > ./Sars_cov_2_SRR11178051.ovlStore.BUILDING.index.err 2>&1

-- Finished on Thu Jun  4 02:33:51 2020 (furiously fast) with 56.806 GB free disk space
----------------------------------------
-- Checking store.
----------------------------------------
-- Starting command on Thu Jun  4 02:33:51 2020 with 56.806 GB free disk space

    cd trimming
    /home/matheus/processamento_workflow/canu/Linux-amd64/bin/ovStoreDump \
     -S ../Sars_cov_2_SRR11178051.seqStore \
     -O  ./Sars_cov_2_SRR11178051.ovlStore \
     -counts \
     > ./Sars_cov_2_SRR11178051.ovlStore/counts.dat 2> ./Sars_cov_2_SRR11178051.ovlStore/counts.err

-- Finished on Thu Jun  4 02:33:51 2020 (like a bat out of hell) with 56.806 GB free disk space
----------------------------------------
--
-- Overlap store 'trimming/Sars_cov_2_SRR11178051.ovlStore' successfully constructed.
-- Found 78114 overlaps for 983 reads; 43346 reads have no overlaps.
--
--
-- Purged 0 GB in 3 overlap output files.
-- No change in report.
-- Finished stage 'obt-createOverlapStore', reset canuIteration.
----------------------------------------
-- Starting command on Thu Jun  4 02:33:51 2020 with 56.807 GB free disk space

    cd trimming/3-overlapbasedtrimming
    /home/matheus/processamento_workflow/canu/Linux-amd64/bin/trimReads \
      -S  ../../Sars_cov_2_SRR11178051.seqStore \
      -O  ../Sars_cov_2_SRR11178051.ovlStore \
      -Co ./Sars_cov_2_SRR11178051.1.trimReads.clear \
      -e  0.12 \
      -minlength 1000 \
      -ol 500 \
      -oc 2 \
      -o  ./Sars_cov_2_SRR11178051.1.trimReads \
    >     ./Sars_cov_2_SRR11178051.1.trimReads.err 2>&1

-- Finished on Thu Jun  4 02:33:52 2020 (one second) with 56.806 GB free disk space
----------------------------------------
--  PARAMETERS:
--  ----------
--     1000    (reads trimmed below this many bases are deleted)
--   0.1200    (use overlaps at or below this fraction error)
--      500    (break region if overlap is less than this long, for 'largest covered' algorithm)
--        2    (break region if overlap coverage is less than this many reads, for 'largest covered' algorithm)
--  
--  INPUT READS:
--  -----------
--   44329 reads      1567196 bases (reads processed)
--       0 reads            0 bases (reads not processed, previously deleted)
--       0 reads            0 bases (reads not processed, in a library where trimming isn't allowed)
--  
--  OUTPUT READS:
--  ------------
--     781 reads      1261211 bases (trimmed reads output)
--     100 reads       136718 bases (reads with no change, kept as is)
--   43346 reads        14383 bases (reads with no overlaps, deleted)
--     102 reads       106422 bases (reads with short trimmed length, deleted)
--  
--  TRIMMING DETAILS:
--  ----------------
--     558 reads        29412 bases (bases trimmed from the 5' end of a read)
--     597 reads        19050 bases (bases trimmed from the 3' end of a read)
-- Report changed.
-- Finished stage 'obt-trimReads', reset canuIteration.
----------------------------------------
-- Starting command on Thu Jun  4 02:33:52 2020 with 56.806 GB free disk space

    cd trimming/3-overlapbasedtrimming
    /home/matheus/processamento_workflow/canu/Linux-amd64/bin/splitReads \
      -S  ../../Sars_cov_2_SRR11178051.seqStore \
      -O  ../Sars_cov_2_SRR11178051.ovlStore \
      -Ci ./Sars_cov_2_SRR11178051.1.trimReads.clear \
      -Co ./Sars_cov_2_SRR11178051.2.splitReads.clear \
      -e  0.12 \
      -minlength 1000 \
      -o  ./Sars_cov_2_SRR11178051.2.splitReads \
    >     ./Sars_cov_2_SRR11178051.2.splitReads.err 2>&1

-- Finished on Thu Jun  4 02:33:52 2020 (fast as lightning) with 56.805 GB free disk space
----------------------------------------
--  PARAMETERS:
--  ----------
--     1000    (reads trimmed below this many bases are deleted)
--   0.1200    (use overlaps at or below this fraction error)
--  INPUT READS:
--  -----------
--     881 reads      1446391 bases (reads processed)
--   43448 reads       120805 bases (reads not processed, previously deleted)
--       0 reads            0 bases (reads not processed, in a library where trimming isn't allowed)
--  
--  PROCESSED:
--  --------
--       0 reads            0 bases (no overlaps)
--       1 reads         1043 bases (no coverage after adjusting for trimming done already)
--       0 reads            0 bases (processed for chimera)
--       0 reads            0 bases (processed for spur)
--     880 reads      1445348 bases (processed for subreads)
--  
--  READS WITH SIGNALS:
--  ------------------
--       0 reads            0 signals (number of 5' spur signal)
--       0 reads            0 signals (number of 3' spur signal)
--       0 reads            0 signals (number of chimera signal)
--       0 reads            0 signals (number of subread signal)
--  
--  SIGNALS:
--  -------
--       0 reads            0 bases (size of 5' spur signal)
--       0 reads            0 bases (size of 3' spur signal)
--       0 reads            0 bases (size of chimera signal)
--       0 reads            0 bases (size of subread signal)
--  
--  TRIMMING:
--  --------
--       0 reads            0 bases (trimmed from the 5' end of the read)
--       0 reads            0 bases (trimmed from the 3' end of the read)
-- Report changed.
-- Finished stage 'obt-splitReads', reset canuIteration.
----------------------------------------
-- Starting command on Thu Jun  4 02:33:52 2020 with 56.805 GB free disk space

    cd trimming/3-overlapbasedtrimming
    /home/matheus/processamento_workflow/canu/Linux-amd64/bin/loadTrimmedReads \
      -S ../../Sars_cov_2_SRR11178051.seqStore \
      -c ./Sars_cov_2_SRR11178051.2.splitReads.clear \
    > ./Sars_cov_2_SRR11178051.loadTrimmedReads.err 2>&1

-- Finished on Thu Jun  4 02:33:52 2020 (fast as lightning) with 56.803 GB free disk space
----------------------------------------
----------------------------------------
-- Starting command on Thu Jun  4 02:33:52 2020 with 56.803 GB free disk space

    cd .
    /home/matheus/processamento_workflow/canu/Linux-amd64/bin/sqStoreDumpMetaData \
      -S ./Sars_cov_2_SRR11178051.seqStore \
      -corrected -trimmed \
      -histogram \
      -lengths \
    > ./Sars_cov_2_SRR11178051.seqStore/readlengths-utg.dat \
    2> ./Sars_cov_2_SRR11178051.seqStore/readlengths-utg.err 
    

-- Finished on Thu Jun  4 02:33:52 2020 (lickety-split) with 56.803 GB free disk space
----------------------------------------
----------------------------------------
-- Starting command on Thu Jun  4 02:33:52 2020 with 56.803 GB free disk space

    cd .
    /home/matheus/processamento_workflow/canu/Linux-amd64/bin/sqStoreDumpMetaData \
      -S ./Sars_cov_2_SRR11178051.seqStore \
      -corrected -trimmed \
      -histogram \
    > ./Sars_cov_2_SRR11178051.seqStore/readlengths-utg.txt \
    2> ./Sars_cov_2_SRR11178051.seqStore/readlengths-utg.err 
    

-- Finished on Thu Jun  4 02:33:52 2020 (in the blink of an eye) with 56.803 GB free disk space
----------------------------------------
--
-- In sequence store './Sars_cov_2_SRR11178051.seqStore':
--   Found 881 reads.
--   Found 1397929 bases (46.59 times coverage).
--    
--    G=1397929                          sum of  ||               length     num
--    NG         length     index       lengths  ||                range    seqs
--    ----- ------------ --------- ------------  ||  ------------------- -------
--    00010         2242        55       142030  ||       1001-1043           58|----------------------------------------------------
--    00020         1982       121       280886  ||       1044-1086           71|---------------------------------------------------------------
--    00030         1851       194       420338  ||       1087-1129           68|-------------------------------------------------------------
--    00040         1766       271       559383  ||       1130-1172           40|------------------------------------
--    00050         1686       352       699133  ||       1173-1215           17|----------------
--    00060         1607       437       838833  ||       1216-1258            9|--------
--    00070         1527       527       979971  ||       1259-1301           11|----------
--    00080         1227       624      1119195  ||       1302-1344            3|---
--    00090         1089       747      1258714  ||       1345-1387            6|------
--    00100         1001       880      1397929  ||       1388-1430            4|----
--    001.000x                 881      1397929  ||       1431-1473           15|--------------
--                                               ||       1474-1516           37|---------------------------------
--                                               ||       1517-1559           49|--------------------------------------------
--                                               ||       1560-1602           47|------------------------------------------
--                                               ||       1603-1645           53|------------------------------------------------
--                                               ||       1646-1688           42|--------------------------------------
--                                               ||       1689-1731           46|-----------------------------------------
--                                               ||       1732-1774           39|-----------------------------------
--                                               ||       1775-1817           46|-----------------------------------------
--                                               ||       1818-1860           31|----------------------------
--                                               ||       1861-1903           28|-------------------------
--                                               ||       1904-1946           24|----------------------
--                                               ||       1947-1989           19|-----------------
--                                               ||       1990-2032           12|-----------
--                                               ||       2033-2075           10|---------
--                                               ||       2076-2118           11|----------
--                                               ||       2119-2161           11|----------
--                                               ||       2162-2204            8|--------
--                                               ||       2205-2247           13|------------
--                                               ||       2248-2290            8|--------
--                                               ||       2291-2333            4|----
--                                               ||       2334-2376            7|-------
--                                               ||       2377-2419            1|-
--                                               ||       2420-2462            4|----
--                                               ||       2463-2505            2|--
--                                               ||       2506-2548            2|--
--                                               ||       2549-2591            3|---
--                                               ||       2592-2634            4|----
--                                               ||       2635-2677            1|-
--                                               ||       2678-2720            4|----
--                                               ||       2721-2763            4|----
--                                               ||       2764-2806            0|
--                                               ||       2807-2849            2|--
--                                               ||       2850-2892            2|--
--                                               ||       2893-2935            1|-
--                                               ||       2936-2978            0|
--                                               ||       2979-3021            1|-
--                                               ||       3022-3064            1|-
--                                               ||       3065-3107            1|-
--                                               ||       3108-3150            1|-
--    
--
-- Purging overlaps used for trimming.
-- Report changed.
-- Finished stage 'obt-dumpReads', reset canuIteration.
----------------------------------------
-- Starting command on Thu Jun  4 02:33:52 2020 with 56.808 GB free disk space

    cd .
    /home/matheus/processamento_workflow/canu/Linux-amd64/bin/sqStoreDumpFASTQ \
      -trimmed \
      -S ./Sars_cov_2_SRR11178051.seqStore \
      -o ./Sars_cov_2_SRR11178051.trimmedReads.gz \
      -fasta \
      -trimmed -normal -nolibname \
    > ./Sars_cov_2_SRR11178051.trimmedReads.fasta.err 2>&1

-- Finished on Thu Jun  4 02:33:52 2020 (furiously fast) with 56.807 GB free disk space
----------------------------------------
--
-- Trimmed reads saved in 'Sars_cov_2_SRR11178051.trimmedReads.fasta.gz'.
-- No change in report.
-- Finished stage 'cor-dumpTrimmedReads', reset canuIteration.
--
--
-- BEGIN ASSEMBLY
--
-- No change in report.
----------------------------------------
-- Starting command on Thu Jun  4 02:33:52 2020 with 56.807 GB free disk space

    cd unitigging/0-mercounts
    ./meryl-configure.sh \
    > ./meryl-configure.err 2>&1

-- Finished on Thu Jun  4 02:33:53 2020 (one second) with 56.807 GB free disk space
----------------------------------------
--  segments   memory batches
--  -------- -------- -------
--        01  0.07 GB       1
--
--  For 881 reads with 1397929 bases, limit to 1 batch.
--  Will count kmers using 01 jobs, each using 2 GB and 2 threads.
--
-- No change in report.
-- Finished stage 'merylConfigure', reset canuIteration.
-- No change in report.
--
-- Running jobs.  First attempt out of 2.
----------------------------------------
-- Starting 'meryl' concurrent execution on Thu Jun  4 02:33:53 2020 with 56.807 GB free disk space (1 processes; 2 concurrently)

    cd unitigging/0-mercounts
    ./meryl-count.sh 1 > ./meryl-count.000001.out 2>&1

-- Finished on Thu Jun  4 02:33:54 2020 (one second) with 56.806 GB free disk space
----------------------------------------
-- Found 1 Kmer counting (meryl) outputs.
-- No change in report.
-- Finished stage 'utg-merylCountCheck', reset canuIteration.
-- No change in report.
--
-- Running jobs.  First attempt out of 2.
----------------------------------------
-- Starting 'meryl' concurrent execution on Thu Jun  4 02:33:54 2020 with 56.806 GB free disk space (1 processes; 2 concurrently)

    cd unitigging/0-mercounts
    ./meryl-process.sh 1 > ./meryl-process.000001.out 2>&1

-- Finished on Thu Jun  4 02:33:55 2020 (one second) with 56.806 GB free disk space
----------------------------------------
-- Meryl finished successfully.  Kmer frequency histogram:
--
--  22-mers                                                                                           Fraction
--    Occurrences   NumMers                                                                         Unique Total
--       1-     1         0                                                                        0.0000 0.0000
--       2-     2      4932 ***************************************************                    0.1087 0.0074
--       3-     4      4377 *********************************************                          0.1666 0.0133
--       5-     7      2885 ******************************                                         0.2425 0.0250
--       8-    11      1876 *******************                                                    0.2785 0.0333
--      12-    16      2050 *********************                                                  0.3195 0.0481
--      17-    22      3526 ************************************                                   0.3630 0.0700
--      23-    29      6177 ****************************************************************       0.4506 0.1318
--      30-    37      6706 ********************************************************************** 0.5904 0.2610
--      38-    46      3134 ********************************                                       0.7307 0.4243
--      47-    56      3971 *****************************************                              0.7936 0.5163
--      57-    67      2173 **********************                                                 0.8788 0.6699
--      68-    79      1520 ***************                                                        0.9232 0.7651
--      80-    92      1052 **********                                                             0.9587 0.8551
--      93-   106       472 ****                                                                   0.9800 0.9174
--     107-   121       338 ***                                                                    0.9896 0.9497
--     122-   137       158 *                                                                      0.9965 0.9766
--     138-   154         2                                                                        0.9993 0.9892
--     155-   172         1                                                                        0.9994 0.9894
--     173-   191         2                                                                        0.9994 0.9896
--     192-   211         0                                                                        0.0000 0.0000
--     212-   232         1                                                                        0.9994 0.9899
--     233-   254         0                                                                        0.0000 0.0000
--     255-   277         0                                                                        0.0000 0.0000
--     278-   301         0                                                                        0.0000 0.0000
--     302-   326         1                                                                        0.9994 0.9901
--     327-   352         1                                                                        0.9995 0.9904
--     353-   379         1                                                                        0.9995 0.9906
--     380-   407         2                                                                        0.9995 0.9909
--     408-   436         1                                                                        0.9996 0.9916
--     437-   466         2                                                                        0.9996 0.9919
--     467-   497         1                                                                        0.9996 0.9926
--     498-   529         2                                                                        0.9996 0.9930
--     530-   562         5                                                                        0.9997 0.9938
--     563-   596         2                                                                        0.9998 0.9959
--     597-   631         8                                                                        0.9998 0.9968
--
--           0 (max occurrences)
--     1331528 (total mers, non-unique)
--       45379 (distinct mers, non-unique)
--           0 (unique mers)
-- Report changed.
-- Finished stage 'meryl-process', reset canuIteration.
--
-- Removing meryl database 'unitigging/0-mercounts/Sars_cov_2_SRR11178051.ms22'.
--
-- OVERLAPPER (normal) (assembly) erate=0.12
--
----------------------------------------
-- Starting command on Thu Jun  4 02:33:55 2020 with 56.807 GB free disk space

    cd unitigging/1-overlapper
    /home/matheus/processamento_workflow/canu/Linux-amd64/bin/overlapInCorePartition \
     -S  ../../Sars_cov_2_SRR11178051.seqStore \
     -hl 80000000 \
     -rl 1000000000 \
     -ol 500 \
     -o  ./Sars_cov_2_SRR11178051.partition \
    > ./Sars_cov_2_SRR11178051.partition.err 2>&1

-- Finished on Thu Jun  4 02:33:55 2020 (in the blink of an eye) with 56.807 GB free disk space
----------------------------------------
--
-- Configured 1 overlapInCore jobs.
-- No change in report.
-- Finished stage 'utg-overlapConfigure', reset canuIteration.
-- No change in report.
--
-- Running jobs.  First attempt out of 2.
----------------------------------------
-- Starting 'utgovl' concurrent execution on Thu Jun  4 02:33:55 2020 with 56.807 GB free disk space (1 processes; 1 concurrently)

    cd unitigging/1-overlapper
    ./overlap.sh 1 > ./overlap.000001.out 2>&1

-- Finished on Thu Jun  4 02:34:00 2020 (5 seconds) with 56.807 GB free disk space
----------------------------------------
-- Found 1 overlapInCore output files.
--
-- overlapInCore compute 'unitigging/1-overlapper':
--   kmer hits
--     with no overlap           212984      212984 +- 0
--     with an overlap            32289       32289 +- 0
--
--   overlaps                     32289       32289 +- 0
--     contained                   9404        9404 +- 0
--     dovetail                   22885       22885 +- 0
--
--   overlaps rejected
--     multiple per pair              0           0 +- 0
--     bad short window               0           0 +- 0
--     bad long window                0           0 +- 0
-- No change in report.
-- Finished stage 'utg-overlapCheck', reset canuIteration.
----------------------------------------
-- Starting command on Thu Jun  4 02:34:00 2020 with 56.807 GB free disk space

    cd unitigging
    /home/matheus/processamento_workflow/canu/Linux-amd64/bin/ovStoreConfig \
     -S ../Sars_cov_2_SRR11178051.seqStore \
     -M 3 \
     -L ./1-overlapper/ovljob.files \
     -create ./Sars_cov_2_SRR11178051.ovlStore.config \
     > ./Sars_cov_2_SRR11178051.ovlStore.config.txt \
    2> ./Sars_cov_2_SRR11178051.ovlStore.config.err

-- Finished on Thu Jun  4 02:34:00 2020 (in the blink of an eye) with 56.807 GB free disk space
----------------------------------------
--
-- Creating overlap store unitigging/Sars_cov_2_SRR11178051.ovlStore using:
--      1 bucket
--      2 slices
--        using at most 1 GB memory each
-- No change in report.
-- Finished stage 'utg-overlapStoreConfigure', reset canuIteration.
-- No change in report.
--
-- Running jobs.  First attempt out of 2.
----------------------------------------
-- Starting 'ovB' concurrent execution on Thu Jun  4 02:34:00 2020 with 56.807 GB free disk space (1 processes; 2 concurrently)

    cd unitigging/Sars_cov_2_SRR11178051.ovlStore.BUILDING
    ./scripts/1-bucketize.sh 1 > ./logs/1-bucketize.000001.out 2>&1

-- Finished on Thu Jun  4 02:34:01 2020 (one second) with 56.805 GB free disk space
----------------------------------------
-- Overlap store bucketizer finished.
-- No change in report.
-- Finished stage 'utg-overlapStoreBucketizerCheck', reset canuIteration.
-- No change in report.
--
-- Running jobs.  First attempt out of 2.
----------------------------------------
-- Starting 'ovS' concurrent execution on Thu Jun  4 02:34:01 2020 with 56.805 GB free disk space (2 processes; 1 concurrently)

    cd unitigging/Sars_cov_2_SRR11178051.ovlStore.BUILDING
    ./scripts/2-sort.sh 1 > ./logs/2-sort.000001.out 2>&1
    ./scripts/2-sort.sh 2 > ./logs/2-sort.000002.out 2>&1

-- Finished on Thu Jun  4 02:34:02 2020 (one second) with 56.801 GB free disk space
----------------------------------------
-- Overlap store sorter finished.
-- No change in report.
-- Finished stage 'utg-overlapStoreSorterCheck', reset canuIteration.
----------------------------------------
-- Starting command on Thu Jun  4 02:34:02 2020 with 56.801 GB free disk space

    cd unitigging
    /home/matheus/processamento_workflow/canu/Linux-amd64/bin/ovStoreIndexer \
      -O  ./Sars_cov_2_SRR11178051.ovlStore.BUILDING \
      -S ../Sars_cov_2_SRR11178051.seqStore \
      -C  ./Sars_cov_2_SRR11178051.ovlStore.config \
      -delete \
    > ./Sars_cov_2_SRR11178051.ovlStore.BUILDING.index.err 2>&1

-- Finished on Thu Jun  4 02:34:02 2020 (in the blink of an eye) with 56.802 GB free disk space
----------------------------------------
-- Checking store.
----------------------------------------
-- Starting command on Thu Jun  4 02:34:02 2020 with 56.802 GB free disk space

    cd unitigging
    /home/matheus/processamento_workflow/canu/Linux-amd64/bin/ovStoreDump \
     -S ../Sars_cov_2_SRR11178051.seqStore \
     -O  ./Sars_cov_2_SRR11178051.ovlStore \
     -counts \
     > ./Sars_cov_2_SRR11178051.ovlStore/counts.dat 2> ./Sars_cov_2_SRR11178051.ovlStore/counts.err

-- Finished on Thu Jun  4 02:34:02 2020 (furiously fast) with 56.801 GB free disk space
----------------------------------------
--
-- Overlap store 'unitigging/Sars_cov_2_SRR11178051.ovlStore' successfully constructed.
-- Found 64578 overlaps for 880 reads; 43449 reads have no overlaps.
--
--
-- Purged 0 GB in 3 overlap output files.
----------------------------------------
-- Starting command on Thu Jun  4 02:34:02 2020 with 56.802 GB free disk space

    cd unitigging
    /home/matheus/processamento_workflow/canu/Linux-amd64/bin/ovStoreStats \
     -C 46 \
     -S ../Sars_cov_2_SRR11178051.seqStore \
     -O  ./Sars_cov_2_SRR11178051.ovlStore \
     -o  ./Sars_cov_2_SRR11178051.ovlStore \
     > ./Sars_cov_2_SRR11178051.ovlStore.summary.err 2>&1

-- Finished on Thu Jun  4 02:34:02 2020 (fast as lightning) with 56.802 GB free disk space
----------------------------------------
--
-- Overlap store 'unitigging/Sars_cov_2_SRR11178051.ovlStore' contains:
--
--   category            reads     %          read length        feature size or coverage  analysis
--   ----------------  -------  -------  ----------------------  ------------------------  --------------------
--   middle-missing          0    0.00        0.00 +- 0.00             0.00 +- 0.00       (bad trimming)
--   middle-hump             1    0.11     1148.00 +- 0.00             0.00 +- 0.00       (bad trimming)
--   no-5-prime              4    0.45     1404.75 +- 344.82          13.25 +- 26.50      (bad trimming)
--   no-3-prime              2    0.23     1265.50 +- 229.81           0.00 +- 0.00       (bad trimming)
--   
--   low-coverage            8    0.91     1079.00 +- 44.19            4.29 +- 1.71       (easy to assemble, potential for lower quality consensus)
--   unique                413   46.88     1627.24 +- 407.79          41.69 +- 14.55      (easy to assemble, perfect, yay)
--   repeat-cont             7    0.79     1056.00 +- 32.77          113.17 +- 9.78       (potential for consensus errors, no impact on assembly)
--   repeat-dove             0    0.00        0.00 +- 0.00             0.00 +- 0.00       (hard to assemble, likely won't assemble correctly or even at all)
--   
--   span-repeat           189   21.45     1501.22 +- 405.49         748.86 +- 312.16     (read spans a large repeat, usually easy to assemble)
--   uniq-repeat-cont      221   25.09     1534.93 +- 348.16                              (should be uniquely placed, low potential for consensus errors, no impact on assembly)
--   uniq-repeat-dove       35    3.97     2188.11 +- 414.25                              (will end contigs, potential to misassemble)
--   uniq-anchor             0    0.00        0.00 +- 0.00             0.00 +- 0.00       (repeat read, with unique section, probable bad read)
-- Report changed.
-- Finished stage 'utg-createOverlapStore', reset canuIteration.
--
-- Loading read lengths.
-- Loading number of overlaps per read.
--
-- Configure RED for 4gb memory.
--                   Batches of at most (unlimited) reads.
--                                      500000000 bases.
--                   Expecting evidence of at most 536870912 bases per iteration.
--
--           Total                                               Reads                 Olaps Evidence
--    Job   Memory      Read Range         Reads        Bases   Memory        Olaps   Memory   Memory  (Memory in MB)
--   ---- -------- ------------------- --------- ------------ -------- ------------ -------- --------
--      1  3258.16         1-44329          1000      1518734   185.42        64578     0.74  1024.00
--   ---- -------- ------------------- --------- ------------ -------- ------------ -------- --------
--                                                    1518734                 64578
-- No change in report.
-- Finished stage 'readErrorDetectionConfigure', reset canuIteration.
-- No change in report.
--
-- Running jobs.  First attempt out of 2.
----------------------------------------
-- Starting 'red' concurrent execution on Thu Jun  4 02:34:02 2020 with 56.802 GB free disk space (1 processes; 2 concurrently)

    cd unitigging/3-overlapErrorAdjustment
    ./red.sh 1 > ./red.000001.out 2>&1

-- Finished on Thu Jun  4 02:34:04 2020 (2 seconds) with 56.802 GB free disk space
----------------------------------------
-- Found 1 read error detection output files.
-- No change in report.
-- Finished stage 'readErrorDetectionCheck', reset canuIteration.
--
-- Loading read lengths.
-- Loading number of overlaps per read.
--
-- Configure OEA for 4gb memory.
--                   Batches of at most (unlimited) reads.
--                                      300000000 bases.
--
--           Total                                               Reads                 Olaps  Adjusts
--    Job   Memory      Read Range         Reads        Bases   Memory        Olaps   Memory   Memory  (Memory in MB)
--   ---- -------- ------------------- --------- ------------ -------- ------------ -------- --------
--      1  2380.57         1-44329          1000      1518734     9.48        64578     1.97   321.12
--   ---- -------- ------------------- --------- ------------ -------- ------------ -------- --------
--                                                    1518734                 64578
-- No change in report.
-- Finished stage 'overlapErrorAdjustmentConfigure', reset canuIteration.
-- No change in report.
--
-- Running jobs.  First attempt out of 2.
----------------------------------------
-- Starting 'oea' concurrent execution on Thu Jun  4 02:34:04 2020 with 56.802 GB free disk space (1 processes; 2 concurrently)

    cd unitigging/3-overlapErrorAdjustment
    ./oea.sh 1 > ./oea.000001.out 2>&1

-- Finished on Thu Jun  4 02:34:06 2020 (2 seconds) with 56.802 GB free disk space
----------------------------------------
-- Found 1 overlap error adjustment output files.
-- No change in report.
-- Finished stage 'overlapErrorAdjustmentCheck', reset canuIteration.
----------------------------------------
-- Starting command on Thu Jun  4 02:34:06 2020 with 56.802 GB free disk space

    cd unitigging/3-overlapErrorAdjustment
    /home/matheus/processamento_workflow/canu/Linux-amd64/bin/loadErates \
      -S ../../Sars_cov_2_SRR11178051.seqStore \
      -O ../Sars_cov_2_SRR11178051.ovlStore \
      -L ./oea.files \
    > ./oea.apply.err 2>&1

-- Finished on Thu Jun  4 02:34:06 2020 (in the blink of an eye) with 56.802 GB free disk space
----------------------------------------
-- No report available.
-- Report changed.
-- Finished stage 'updateOverlapStore', reset canuIteration.
-- Finished stage 'unitig', reset canuIteration.
-- No change in report.
-- No change in report.
--
-- Running jobs.  First attempt out of 2.
----------------------------------------
-- Starting 'bat' concurrent execution on Thu Jun  4 02:34:06 2020 with 56.802 GB free disk space (1 processes; 1 concurrently)

    cd unitigging/4-unitigger
    ./unitigger.sh 1 > ./unitigger.000001.out 2>&1

-- Finished on Thu Jun  4 02:34:07 2020 (one second) with 56.801 GB free disk space
----------------------------------------
-- Unitigger finished successfully.
-- Found, in version 1, after unitig construction:
--   contigs:      3 sequences, total length 32757 bp (including 0 repeats of total length 0 bp).
--   bubbles:      3 sequences, total length 4971 bp.
--   unassembled:  24 sequences, total length 27498 bp.
--
-- Contig sizes based on genome size 30kbp:
--
--            NG (bp)  LG (contigs)    sum (bp)
--         ----------  ------------  ----------
--     10       29484             1       29484
--     20       29484             1       29484
--     30       29484             1       29484
--     40       29484             1       29484
--     50       29484             1       29484
--     60       29484             1       29484
--     70       29484             1       29484
--     80       29484             1       29484
--     90       29484             1       29484
--    100        2118             2       31602
--
-- Report changed.
-- Finished stage 'unitigCheck', reset canuIteration.
----------------------------------------
-- Starting command on Thu Jun  4 02:34:07 2020 with 56.801 GB free disk space

    cd unitigging
    /home/matheus/processamento_workflow/canu/Linux-amd64/bin/utgcns \
      -S ../Sars_cov_2_SRR11178051.seqStore \
      -T  ./Sars_cov_2_SRR11178051.ctgStore 1 \
      -partition 0.8 1 0.1 \
    > ./Sars_cov_2_SRR11178051.ctgStore/partitioning.log 2>&1

-- Finished on Thu Jun  4 02:34:08 2020 (one second) with 56.8 GB free disk space
----------------------------------------
----------------------------------------
-- Starting command on Thu Jun  4 02:34:08 2020 with 56.8 GB free disk space

    cd unitigging
    /home/matheus/processamento_workflow/canu/Linux-amd64/bin/utgcns \
      -S ../Sars_cov_2_SRR11178051.seqStore \
      -T  ./Sars_cov_2_SRR11178051.utgStore 1 \
      -partition 0.8 1 0.1 \
    > ./Sars_cov_2_SRR11178051.utgStore/partitioning.log 2>&1

-- Finished on Thu Jun  4 02:34:08 2020 (fast as lightning) with 56.8 GB free disk space
----------------------------------------
-- Using slow alignment for consensus (iteration '0').
-- Configured 2 contig and 2 unitig consensus jobs.
-- No change in report.
-- Finished stage 'consensusConfigure', reset canuIteration.
--
--                                (tag)Concurrency
--                         (tag)Threads          |
--                (tag)Memory         |          |
--        (tag)             |         |          |       total usage      algorithm
--        -------  ----------  --------   --------  --------------------  -----------------------------
-- Local: cns        0.500 GB    4 CPUs x   1 job      0.500 GB   4 CPUs  (consensus)
--
-- No change in report.
--
-- Running jobs.  First attempt out of 2.
----------------------------------------
-- Starting 'cns' concurrent execution on Thu Jun  4 02:34:08 2020 with 56.8 GB free disk space (4 processes; 1 concurrently)

    cd unitigging/5-consensus
    ./consensus.sh 1 > ./consensus.000001.out 2>&1
    ./consensus.sh 2 > ./consensus.000002.out 2>&1
    ./consensus.sh 3 > ./consensus.000003.out 2>&1
    ./consensus.sh 4 > ./consensus.000004.out 2>&1

-- Finished on Thu Jun  4 02:34:12 2020 (4 seconds) with 56.799 GB free disk space
----------------------------------------
-- Using slow alignment for consensus (iteration '1').
-- Configured 2 contig and 2 unitig consensus jobs.
-- No change in report.
-- All 4 consensus jobs finished successfully.
-- No change in report.
-- Finished stage 'consensusCheck', reset canuIteration.
-- Using slow alignment for consensus (iteration '0').
-- Configured 2 contig and 2 unitig consensus jobs.
-- No change in report.
----------------------------------------
-- Starting command on Thu Jun  4 02:34:12 2020 with 56.799 GB free disk space

    cd unitigging
    /home/matheus/processamento_workflow/canu/Linux-amd64/bin/tgStoreLoad \
      -S ../Sars_cov_2_SRR11178051.seqStore \
      -T  ./Sars_cov_2_SRR11178051.ctgStore 2 \
      -L ./5-consensus/ctgcns.files \
    > ./5-consensus/ctgcns.files.ctgStoreLoad.err 2>&1

-- Finished on Thu Jun  4 02:34:12 2020 (like a bat out of hell) with 56.799 GB free disk space
----------------------------------------
----------------------------------------
-- Starting command on Thu Jun  4 02:34:12 2020 with 56.799 GB free disk space

    cd unitigging
    /home/matheus/processamento_workflow/canu/Linux-amd64/bin/tgStoreLoad \
      -S ../Sars_cov_2_SRR11178051.seqStore \
      -T  ./Sars_cov_2_SRR11178051.utgStore 2 \
      -L ./5-consensus/utgcns.files \
    > ./5-consensus/utgcns.files.utgStoreLoad.err 2>&1

-- Finished on Thu Jun  4 02:34:12 2020 (fast as lightning) with 56.799 GB free disk space
----------------------------------------
-- Purging consensus output after loading to ctgStore and/or utgStore.
-- Purged 4 .cns outputs.
----------------------------------------
-- Starting command on Thu Jun  4 02:34:12 2020 with 56.799 GB free disk space

    cd unitigging
    /home/matheus/processamento_workflow/canu/Linux-amd64/bin/tgStoreDump \
      -S ../Sars_cov_2_SRR11178051.seqStore \
      -T ./Sars_cov_2_SRR11178051.ctgStore 2 \
      -sizes -s 30000 \
    > ./Sars_cov_2_SRR11178051.ctgStore/seqDB.v002.sizes.txt
sqStore_loadMetadata()-- Using 'corrected-trimmed' 0x10 reads.

-- Finished on Thu Jun  4 02:34:12 2020 (fast as lightning) with 56.799 GB free disk space
----------------------------------------
-- Found, in version 2, after consensus generation:
--   contigs:      3 sequences, total length 32439 bp (including 0 repeats of total length 0 bp).
--   bubbles:      3 sequences, total length 4896 bp.
--   unassembled:  24 sequences, total length 27498 bp.
--
-- Contig sizes based on genome size 30kbp:
--
--            NG (bp)  LG (contigs)    sum (bp)
--         ----------  ------------  ----------
--     10       29184             1       29184
--     20       29184             1       29184
--     30       29184             1       29184
--     40       29184             1       29184
--     50       29184             1       29184
--     60       29184             1       29184
--     70       29184             1       29184
--     80       29184             1       29184
--     90       29184             1       29184
--    100        2099             2       31283
--
-- Report changed.
-- Finished stage 'consensusLoad', reset canuIteration.
-- No change in report.
----------------------------------------
-- Starting command on Thu Jun  4 02:34:12 2020 with 56.799 GB free disk space

    cd unitigging/4-unitigger
    ./alignGFA.sh \
    > alignGFA.err 2>&1

-- Finished on Thu Jun  4 02:34:13 2020 (one second) with 56.799 GB free disk space
----------------------------------------
----------------------------------------
-- Starting command on Thu Jun  4 02:34:13 2020 with 56.799 GB free disk space

    cd .
    /home/matheus/processamento_workflow/canu/Linux-amd64/bin/tgStoreDump \
      -S ./Sars_cov_2_SRR11178051.seqStore \
      -T ./unitigging/Sars_cov_2_SRR11178051.ctgStore 2 \
      -o ./Sars_cov_2_SRR11178051.contigs \
      -layout \
    > ./Sars_cov_2_SRR11178051.contigs.layout.err 2>&1

-- Finished on Thu Jun  4 02:34:13 2020 (like a bat out of hell) with 56.799 GB free disk space
----------------------------------------
----------------------------------------
-- Starting command on Thu Jun  4 02:34:13 2020 with 56.799 GB free disk space

    cd .
    /home/matheus/processamento_workflow/canu/Linux-amd64/bin/tgStoreDump \
      -S ./Sars_cov_2_SRR11178051.seqStore \
      -T ./unitigging/Sars_cov_2_SRR11178051.utgStore 2 \
      -o ./Sars_cov_2_SRR11178051.unitigs \
      -layout \
    > ./Sars_cov_2_SRR11178051.unitigs.layout.err 2>&1

-- Finished on Thu Jun  4 02:34:13 2020 (furiously fast) with 56.799 GB free disk space
----------------------------------------
----------------------------------------
-- Starting command on Thu Jun  4 02:34:13 2020 with 56.799 GB free disk space

    cd .
    /home/matheus/processamento_workflow/canu/Linux-amd64/bin/tgStoreDump \
      -S ./Sars_cov_2_SRR11178051.seqStore \
      -T ./unitigging/Sars_cov_2_SRR11178051.ctgStore 2 \
      -consensus -fasta \
      -unassembled \
    > ./Sars_cov_2_SRR11178051.unassembled.fasta
    2> ./Sars_cov_2_SRR11178051.unassembled.err
sqStore_loadMetadata()-- Using 'corrected-trimmed' 0x10 reads.

-- Finished on Thu Jun  4 02:34:13 2020 (in the blink of an eye) with 56.799 GB free disk space
----------------------------------------
----------------------------------------
-- Starting command on Thu Jun  4 02:34:13 2020 with 56.799 GB free disk space

    cd .
    /home/matheus/processamento_workflow/canu/Linux-amd64/bin/tgStoreDump \
      -S ./Sars_cov_2_SRR11178051.seqStore \
      -T ./unitigging/Sars_cov_2_SRR11178051.ctgStore 2 \
      -consensus -fasta \
      -contigs \
    > ./Sars_cov_2_SRR11178051.contigs.fasta
    2> ./Sars_cov_2_SRR11178051.contigs.err
sqStore_loadMetadata()-- Using 'corrected-trimmed' 0x10 reads.

-- Finished on Thu Jun  4 02:34:13 2020 (lickety-split) with 56.799 GB free disk space
----------------------------------------
----------------------------------------
-- Starting command on Thu Jun  4 02:34:13 2020 with 56.799 GB free disk space

    cd .
    /home/matheus/processamento_workflow/canu/Linux-amd64/bin/tgStoreDump \
      -S ./Sars_cov_2_SRR11178051.seqStore \
      -T ./unitigging/Sars_cov_2_SRR11178051.utgStore 2 \
      -consensus -fasta \
      -contigs \
    > ./Sars_cov_2_SRR11178051.unitigs.fasta
    2> ./Sars_cov_2_SRR11178051.unitigs.err
sqStore_loadMetadata()-- Using 'corrected-trimmed' 0x10 reads.

-- Finished on Thu Jun  4 02:34:13 2020 (fast as lightning) with 56.799 GB free disk space
----------------------------------------
-- No change in report.
-- Finished stage 'generateOutputs', reset canuIteration.
--
-- Assembly 'Sars_cov_2_SRR11178051' finished in '/home/matheus/processamento_workflow/SRR11178051_06-04-2020-02-26-19/Sars_cov_2_SRR11178051'.
--
-- Summary saved in 'Sars_cov_2_SRR11178051.report'.
--
-- Sequences saved:
--   Contigs       -> 'Sars_cov_2_SRR11178051.contigs.fasta'
--   Unassembled   -> 'Sars_cov_2_SRR11178051.unassembled.fasta'
--   Unitigs       -> 'Sars_cov_2_SRR11178051.unitigs.fasta'
--
-- Read layouts saved:
--   Contigs       -> 'Sars_cov_2_SRR11178051.contigs.layout'.
--   Unitigs       -> 'Sars_cov_2_SRR11178051.unitigs.layout'.
--
-- Graphs saved:
--   Unitigs       -> 'Sars_cov_2_SRR11178051.unitigs.gfa'.
--
-- Bye.
574.50user 16.11system 3:27.65elapsed 284%CPU (0avgtext+0avgdata 3738708maxresident)k
3968inputs+1209000outputs (9major+1487422minor)pagefaults 0swaps
