perl: warning: Setting locale failed.
perl: warning: Please check that your locale settings:
	LANGUAGE = "pt_BR:pt:en",
	LC_ALL = "en_US.UTF-8",
	LANG = "pt_BR.UTF-8"
    are supported and installed on your system.
perl: warning: Falling back to a fallback locale ("pt_BR.UTF-8").
-- canu snapshot v2.0-development +523 changes (r10016 cafc287f0c6a33d7540deb21a0311fb985d3bdb8)
--
-- CITATIONS
--
-- For 'standard' assemblies of PacBio or Nanopore reads:
--   Koren S, Walenz BP, Berlin K, Miller JR, Phillippy AM.
--   Canu: scalable and accurate long-read assembly via adaptive k-mer weighting and repeat separation.
--   Genome Res. 2017 May;27(5):722-736.
--   http://doi.org/10.1101/gr.215087.116
-- 
-- Read and contig alignments during correction, consensus and GFA building use:
--   Šošic M, Šikic M.
--   Edlib: a C/C ++ library for fast, exact sequence alignment using edit distance.
--   Bioinformatics. 2017 May 1;33(9):1394-1395.
--   http://doi.org/10.1093/bioinformatics/btw753
-- 
-- Overlaps are generated using:
--   Berlin K, et al.
--   Assembling large genomes with single-molecule sequencing and locality-sensitive hashing.
--   Nat Biotechnol. 2015 Jun;33(6):623-30.
--   http://doi.org/10.1038/nbt.3238
-- 
--   Myers EW, et al.
--   A Whole-Genome Assembly of Drosophila.
--   Science. 2000 Mar 24;287(5461):2196-204.
--   http://doi.org/10.1126/science.287.5461.2196
-- 
-- Corrected read consensus sequences are generated using an algorithm derived from FALCON-sense:
--   Chin CS, et al.
--   Phased diploid genome assembly with single-molecule real-time sequencing.
--   Nat Methods. 2016 Dec;13(12):1050-1054.
--   http://doi.org/10.1038/nmeth.4035
-- 
-- Contig consensus sequences are generated using an algorithm derived from pbdagcon:
--   Chin CS, et al.
--   Nonhybrid, finished microbial genome assemblies from long-read SMRT sequencing data.
--   Nat Methods. 2013 Jun;10(6):563-9
--   http://doi.org/10.1038/nmeth.2474
-- 
-- CONFIGURE CANU
--
-- Detected Java(TM) Runtime Environment '11.0.7' (from 'java') without -d64 support.
-- Detected gnuplot version '5.2 patchlevel 6   ' (from 'gnuplot') and image format 'png'.
-- Detected 4 CPUs and 8 gigabytes of memory.
-- No grid engine detected, grid and staging disabled.
--
--                                (tag)Concurrency
--                         (tag)Threads          |
--                (tag)Memory         |          |
--        (tag)             |         |          |       total usage      algorithm
--        -------  ----------  --------   --------  --------------------  -----------------------------
-- Local: meryl      4.000 GB    2 CPUs x   2 jobs     8.000 GB   4 CPUs  (k-mer counting)
-- Local: hap        8.000 GB    4 CPUs x   1 job      8.000 GB   4 CPUs  (read-to-haplotype assignment)
-- Local: cormhap    6.000 GB    4 CPUs x   1 job      6.000 GB   4 CPUs  (overlap detection with mhap)
-- Local: obtovl     4.000 GB    4 CPUs x   1 job      4.000 GB   4 CPUs  (overlap detection)
-- Local: utgovl     4.000 GB    4 CPUs x   1 job      4.000 GB   4 CPUs  (overlap detection)
-- Local: cor        4.000 GB    2 CPUs x   2 jobs     8.000 GB   4 CPUs  (read correction)
-- Local: ovb        4.000 GB    1 CPU  x   2 jobs     8.000 GB   2 CPUs  (overlap store bucketizer)
-- Local: ovs        8.000 GB    1 CPU  x   1 job      8.000 GB   1 CPU   (overlap store sorting)
-- Local: red        4.000 GB    2 CPUs x   2 jobs     8.000 GB   4 CPUs  (read error detection)
-- Local: oea        4.000 GB    2 CPUs x   2 jobs     8.000 GB   4 CPUs  (overlap error adjustment)
-- Local: bat        8.000 GB    4 CPUs x   1 job      8.000 GB   4 CPUs  (contig construction with bogart)
-- Local: cns        -.--- GB    4 CPUs x   - jobs     -.--- GB   - CPUs  (consensus)
-- Local: gfa        8.000 GB    4 CPUs x   1 job      8.000 GB   4 CPUs  (GFA alignment and processing)
--
-- Found untrimmed raw Nanopore reads in the input files.
--
-- Generating assembly 'Sars_cov_2_SRR11178051' in '/home/matheus/processamento_workflow/SRR11178051_06-04-2020-02-44-04/Sars_cov_2_SRR11178051':
--    - correct raw reads.
--    - trim corrected reads.
--    - assemble corrected and trimmed reads.
--
-- Parameters:
--
--  genomeSize        30000
--
--  Overlap Generation Limits:
--    corOvlErrorRate 0.3200 ( 32.00%)
--    obtOvlErrorRate 0.1200 ( 12.00%)
--    utgOvlErrorRate 0.1200 ( 12.00%)
--
--  Overlap Processing Limits:
--    corErrorRate    0.5000 ( 50.00%)
--    obtErrorRate    0.1200 ( 12.00%)
--    utgErrorRate    0.1200 ( 12.00%)
--    cnsErrorRate    0.2000 ( 20.00%)
--
--
-- BEGIN CORRECTION
--
----------------------------------------
-- Starting command on Thu Jun  4 02:49:02 2020 with 53.799 GB free disk space

    cd .
    ./Sars_cov_2_SRR11178051.seqStore.sh \
    > ./Sars_cov_2_SRR11178051.seqStore.err 2>&1

-- Finished on Thu Jun  4 02:49:10 2020 (8 seconds) with 53.656 GB free disk space
----------------------------------------
----------------------------------------
-- Starting command on Thu Jun  4 02:49:10 2020 with 53.656 GB free disk space

    cd .
    /home/matheus/processamento_workflow/canu/Linux-amd64/bin/sqStoreDumpMetaData \
      -S ./Sars_cov_2_SRR11178051.seqStore \
      -raw \
      -histogram \
      -lengths \
    > ./Sars_cov_2_SRR11178051.seqStore/readlengths-cor.dat \
    2> ./Sars_cov_2_SRR11178051.seqStore/readlengths-cor.err 
    

-- Finished on Thu Jun  4 02:49:10 2020 (lickety-split) with 53.656 GB free disk space
----------------------------------------
----------------------------------------
-- Starting command on Thu Jun  4 02:49:10 2020 with 53.656 GB free disk space

    cd .
    /home/matheus/processamento_workflow/canu/Linux-amd64/bin/sqStoreDumpMetaData \
      -S ./Sars_cov_2_SRR11178051.seqStore \
      -raw \
      -histogram \
    > ./Sars_cov_2_SRR11178051.seqStore/readlengths-cor.txt \
    2> ./Sars_cov_2_SRR11178051.seqStore/readlengths-cor.err 
    

-- Finished on Thu Jun  4 02:49:10 2020 (like a bat out of hell) with 53.656 GB free disk space
----------------------------------------
--
-- In sequence store './Sars_cov_2_SRR11178051.seqStore':
--   Found 4504 reads.
--   Found 6000345 bases (200.01 times coverage).
--    
--    G=6000345                          sum of  ||               length     num
--    NG         length     index       lengths  ||                range    seqs
--    ----- ------------ --------- ------------  ||  ------------------- -------
--    00010         2003       247       600260  ||       1000-1079         1078|---------------------------------------------------------------
--    00020         1698       576      1201236  ||       1080-1159          753|---------------------------------------------
--    00030         1506       953      1801124  ||       1160-1239          570|----------------------------------
--    00040         1380      1369      2401308  ||       1240-1319          458|---------------------------
--    00050         1284      1820      3001330  ||       1320-1399          336|--------------------
--    00060         1209      2301      3600417  ||       1400-1479          269|----------------
--    00070         1140      2812      4200865  ||       1480-1559          217|-------------
--    00080         1087      3352      4801277  ||       1560-1639          156|----------
--    00090         1042      3916      5401272  ||       1640-1719          124|--------
--    00100         1000      4503      6000345  ||       1720-1799          114|-------
--    001.000x                4504      6000345  ||       1800-1879           85|-----
--                                               ||       1880-1959           67|----
--                                               ||       1960-2039           60|----
--                                               ||       2040-2119           38|---
--                                               ||       2120-2199           30|--
--                                               ||       2200-2279           28|--
--                                               ||       2280-2359           20|--
--                                               ||       2360-2439           20|--
--                                               ||       2440-2519           13|-
--                                               ||       2520-2599           13|-
--                                               ||       2600-2679           11|-
--                                               ||       2680-2759            6|-
--                                               ||       2760-2839            6|-
--                                               ||       2840-2919            4|-
--                                               ||       2920-2999            1|-
--                                               ||       3000-3079            2|-
--                                               ||       3080-3159            7|-
--                                               ||       3160-3239            0|
--                                               ||       3240-3319            3|-
--                                               ||       3320-3399            1|-
--                                               ||       3400-3479            3|-
--                                               ||       3480-3559            3|-
--                                               ||       3560-3639            0|
--                                               ||       3640-3719            2|-
--                                               ||       3720-3799            1|-
--                                               ||       3800-3879            0|
--                                               ||       3880-3959            1|-
--                                               ||       3960-4039            1|-
--                                               ||       4040-4119            1|-
--                                               ||       4120-4199            0|
--                                               ||       4200-4279            0|
--                                               ||       4280-4359            0|
--                                               ||       4360-4439            0|
--                                               ||       4440-4519            0|
--                                               ||       4520-4599            1|-
--                                               ||       4600-4679            0|
--                                               ||       4680-4759            0|
--                                               ||       4760-4839            0|
--                                               ||       4840-4919            0|
--                                               ||       4920-4999            1|-
--    
-- New report created.
----------------------------------------
-- Starting command on Thu Jun  4 02:49:10 2020 with 53.656 GB free disk space

    cd correction/0-mercounts
    ./meryl-configure.sh \
    > ./meryl-configure.err 2>&1

-- Finished on Thu Jun  4 02:49:10 2020 (furiously fast) with 53.656 GB free disk space
----------------------------------------
--  segments   memory batches
--  -------- -------- -------
--        01  0.07 GB       1
--
--  For 4504 reads with 6000345 bases, limit to 1 batch.
--  Will count kmers using 01 jobs, each using 2 GB and 2 threads.
--
-- Report changed.
-- Finished stage 'merylConfigure', reset canuIteration.
-- No change in report.
--
-- Running jobs.  First attempt out of 2.
----------------------------------------
-- Starting 'meryl' concurrent execution on Thu Jun  4 02:49:10 2020 with 53.656 GB free disk space (1 processes; 2 concurrently)

    cd correction/0-mercounts
    ./meryl-count.sh 1 > ./meryl-count.000001.out 2>&1

-- Finished on Thu Jun  4 02:49:12 2020 (2 seconds) with 53.642 GB free disk space
----------------------------------------
-- Found 1 Kmer counting (meryl) outputs.
-- No change in report.
-- Finished stage 'cor-merylCountCheck', reset canuIteration.
-- No change in report.
--
-- Running jobs.  First attempt out of 2.
----------------------------------------
-- Starting 'meryl' concurrent execution on Thu Jun  4 02:49:12 2020 with 53.642 GB free disk space (1 processes; 2 concurrently)

    cd correction/0-mercounts
    ./meryl-process.sh 1 > ./meryl-process.000001.out 2>&1

-- Finished on Thu Jun  4 02:49:13 2020 (one second) with 53.653 GB free disk space
----------------------------------------
-- Meryl finished successfully.  Kmer frequency histogram:
--
--  16-mers                                                                                           Fraction
--    Occurrences   NumMers                                                                         Unique Total
--       1-     1         0                                                                        0.0000 0.0000
--       2-     2    189084 ********************************************************************** 0.4765 0.0991
--       3-     4    103301 **************************************                                 0.6496 0.1531
--       5-     7     40861 ***************                                                        0.7865 0.2152
--       8-    11     17203 ******                                                                 0.8553 0.2635
--      12-    16      7572 **                                                                     0.8886 0.2988
--      17-    22      4009 *                                                                      0.9046 0.3232
--      23-    29      2751 *                                                                      0.9135 0.3419
--      30-    37      2776 *                                                                      0.9201 0.3604
--      38-    46      3949 *                                                                      0.9272 0.3860
--      47-    56      5038 *                                                                      0.9376 0.4327
--      57-    67      5241 *                                                                      0.9501 0.5010
--      68-    79      4654 *                                                                      0.9633 0.5868
--      80-    92      3562 *                                                                      0.9747 0.6751
--      93-   106      2599                                                                        0.9835 0.7540
--     107-   121      1902                                                                        0.9898 0.8198
--     122-   137      1146                                                                        0.9945 0.8753
--     138-   154       575                                                                        0.9972 0.9126
--     155-   172       273                                                                        0.9986 0.9335
--     173-   191        95                                                                        0.9992 0.9445
--     192-   211        39                                                                        0.9995 0.9490
--     212-   232        10                                                                        0.9996 0.9509
--     233-   254        13                                                                        0.9996 0.9515
--     255-   277        10                                                                        0.9996 0.9524
--     278-   301        16                                                                        0.9997 0.9530
--     302-   326        11                                                                        0.9997 0.9542
--     327-   352         2                                                                        0.9997 0.9551
--     353-   379         4                                                                        0.9997 0.9553
--     380-   407         1                                                                        0.9997 0.9557
--     408-   436         0                                                                        0.0000 0.0000
--     437-   466         3                                                                        0.9997 0.9558
--     467-   497         3                                                                        0.9997 0.9562
--     498-   529         4                                                                        0.9998 0.9566
--     530-   562        11                                                                        0.9998 0.9571
--     563-   596         7                                                                        0.9998 0.9587
--     597-   631         5                                                                        0.9998 0.9598
--     632-   667         5                                                                        0.9998 0.9606
--     668-   704         4                                                                        0.9998 0.9615
--     705-   742         2                                                                        0.9998 0.9622
--     743-   781         1                                                                        0.9999 0.9626
--     782-   821         2                                                                        0.9999 0.9628
--
--           0 (max occurrences)
--     3816109 (total mers, non-unique)
--      396801 (distinct mers, non-unique)
--           0 (unique mers)
-- Report changed.
-- Finished stage 'meryl-process', reset canuIteration.
--
-- Removing meryl database 'correction/0-mercounts/Sars_cov_2_SRR11178051.ms16'.
--
-- OVERLAPPER (mhap) (correction)
--
-- Set corMhapSensitivity=low based on read coverage of 200.
--
-- PARAMETERS: hashes=256, minMatches=3, threshold=0.8
--
-- Given 5.4 GB, can fit 16200 reads per block.
-- For 4 blocks, set stride to 2 blocks.
-- Logging partitioning to 'correction/1-overlapper/partitioning.log'.
-- Configured 3 mhap precompute jobs.
-- Configured 3 mhap overlap jobs.
-- No change in report.
-- Finished stage 'cor-mhapConfigure', reset canuIteration.
-- No change in report.
--
-- Running jobs.  First attempt out of 2.
----------------------------------------
-- Starting 'cormhap' concurrent execution on Thu Jun  4 02:49:14 2020 with 53.656 GB free disk space (3 processes; 1 concurrently)

    cd correction/1-overlapper
    ./precompute.sh 1 > ./precompute.000001.out 2>&1
    ./precompute.sh 2 > ./precompute.000002.out 2>&1
    ./precompute.sh 3 > ./precompute.000003.out 2>&1

-- Finished on Thu Jun  4 02:49:53 2020 (39 seconds) with 53.58 GB free disk space
----------------------------------------
-- All 3 mhap precompute jobs finished successfully.
-- No change in report.
-- Finished stage 'cor-mhapPrecomputeCheck', reset canuIteration.
-- No change in report.
--
-- Running jobs.  First attempt out of 2.
----------------------------------------
-- Starting 'cormhap' concurrent execution on Thu Jun  4 02:49:53 2020 with 53.58 GB free disk space (3 processes; 1 concurrently)

    cd correction/1-overlapper
    ./mhap.sh 1 > ./mhap.000001.out 2>&1
    ./mhap.sh 2 > ./mhap.000002.out 2>&1
    ./mhap.sh 3 > ./mhap.000003.out 2>&1

-- Finished on Thu Jun  4 02:51:37 2020 (104 seconds) with 53.554 GB free disk space
----------------------------------------
-- Found 3 mhap overlap output files.
-- No change in report.
-- Finished stage 'cor-mhapCheck', reset canuIteration.
----------------------------------------
-- Starting command on Thu Jun  4 02:51:37 2020 with 53.554 GB free disk space

    cd correction
    /home/matheus/processamento_workflow/canu/Linux-amd64/bin/ovStoreConfig \
     -S ../Sars_cov_2_SRR11178051.seqStore \
     -M 4-8 \
     -L ./1-overlapper/ovljob.files \
     -create ./Sars_cov_2_SRR11178051.ovlStore.config \
     > ./Sars_cov_2_SRR11178051.ovlStore.config.txt \
    2> ./Sars_cov_2_SRR11178051.ovlStore.config.err

-- Finished on Thu Jun  4 02:51:38 2020 (one second) with 53.554 GB free disk space
----------------------------------------
--
-- Creating overlap store correction/Sars_cov_2_SRR11178051.ovlStore using:
--      2 buckets
--      2 slices
--        using at most 1 GB memory each
-- No change in report.
-- Finished stage 'cor-overlapStoreConfigure', reset canuIteration.
-- No change in report.
--
-- Running jobs.  First attempt out of 2.
----------------------------------------
-- Starting 'ovB' concurrent execution on Thu Jun  4 02:51:38 2020 with 53.554 GB free disk space (2 processes; 2 concurrently)

    cd correction/Sars_cov_2_SRR11178051.ovlStore.BUILDING
    ./scripts/1-bucketize.sh 1 > ./logs/1-bucketize.000001.out 2>&1
    ./scripts/1-bucketize.sh 2 > ./logs/1-bucketize.000002.out 2>&1

-- Finished on Thu Jun  4 02:51:39 2020 (one second) with 53.504 GB free disk space
----------------------------------------
-- Overlap store bucketizer finished.
-- No change in report.
-- Finished stage 'cor-overlapStoreBucketizerCheck', reset canuIteration.
-- No change in report.
--
-- Running jobs.  First attempt out of 2.
----------------------------------------
-- Starting 'ovS' concurrent execution on Thu Jun  4 02:51:39 2020 with 53.504 GB free disk space (2 processes; 1 concurrently)

    cd correction/Sars_cov_2_SRR11178051.ovlStore.BUILDING
    ./scripts/2-sort.sh 1 > ./logs/2-sort.000001.out 2>&1
    ./scripts/2-sort.sh 2 > ./logs/2-sort.000002.out 2>&1

-- Finished on Thu Jun  4 02:51:41 2020 (2 seconds) with 53.485 GB free disk space
----------------------------------------
-- Overlap store sorter finished.
-- No change in report.
-- Finished stage 'cor-overlapStoreSorterCheck', reset canuIteration.
----------------------------------------
-- Starting command on Thu Jun  4 02:51:41 2020 with 53.485 GB free disk space

    cd correction
    /home/matheus/processamento_workflow/canu/Linux-amd64/bin/ovStoreIndexer \
      -O  ./Sars_cov_2_SRR11178051.ovlStore.BUILDING \
      -S ../Sars_cov_2_SRR11178051.seqStore \
      -C  ./Sars_cov_2_SRR11178051.ovlStore.config \
      -delete \
    > ./Sars_cov_2_SRR11178051.ovlStore.BUILDING.index.err 2>&1

-- Finished on Thu Jun  4 02:51:41 2020 (in the blink of an eye) with 53.486 GB free disk space
----------------------------------------
-- Checking store.
----------------------------------------
-- Starting command on Thu Jun  4 02:51:41 2020 with 53.486 GB free disk space

    cd correction
    /home/matheus/processamento_workflow/canu/Linux-amd64/bin/ovStoreDump \
     -S ../Sars_cov_2_SRR11178051.seqStore \
     -O  ./Sars_cov_2_SRR11178051.ovlStore \
     -counts \
     > ./Sars_cov_2_SRR11178051.ovlStore/counts.dat 2> ./Sars_cov_2_SRR11178051.ovlStore/counts.err

-- Finished on Thu Jun  4 02:51:42 2020 (one second) with 53.485 GB free disk space
----------------------------------------
--
-- Overlap store 'correction/Sars_cov_2_SRR11178051.ovlStore' successfully constructed.
-- Found 3471916 overlaps for 4504 reads; 39825 reads have no overlaps.
--
--
-- Purged 0.101 GB in 9 overlap output files.
-- No change in report.
-- Finished stage 'cor-createOverlapStore', reset canuIteration.
-- Set corMinCoverage=4 based on read coverage of 200.
-- Global filter scores will be estimated.
-- Computing correction layouts.
----------------------------------------
-- Starting command on Thu Jun  4 02:51:42 2020 with 53.587 GB free disk space

    cd correction
    /home/matheus/processamento_workflow/canu/Linux-amd64/bin/generateCorrectionLayouts \
      -S ../Sars_cov_2_SRR11178051.seqStore \
      -O  ./Sars_cov_2_SRR11178051.ovlStore \
      -C  ./Sars_cov_2_SRR11178051.corStore.WORKING \
      -eC 80 \
    > ./Sars_cov_2_SRR11178051.corStore.err 2>&1

-- Finished on Thu Jun  4 02:51:43 2020 (one second) with 53.578 GB free disk space
----------------------------------------
-- No change in report.
-- Finished stage 'cor-buildCorrectionLayoutsConfigure', reset canuIteration.
-- Computing correction layouts.
----------------------------------------
-- Starting command on Thu Jun  4 02:51:43 2020 with 53.578 GB free disk space

    cd correction/2-correction
    /home/matheus/processamento_workflow/canu/Linux-amd64/bin/filterCorrectionLayouts \
      -S  ../../Sars_cov_2_SRR11178051.seqStore \
      -C     ../Sars_cov_2_SRR11178051.corStore \
      -R      ./Sars_cov_2_SRR11178051.readsToCorrect.WORKING \
      -cc 4 \
      -cl 1000 \
      -g  30000 \
      -c  40 \
    > ./Sars_cov_2_SRR11178051.readsToCorrect.err 2>&1

-- Finished on Thu Jun  4 02:51:44 2020 (one second) with 53.575 GB free disk space
----------------------------------------
--                             original      original
--                            raw reads     raw reads
--   category                w/overlaps  w/o/overlaps
--   -------------------- ------------- -------------
--   Number of Reads               4431         39898
--   Number of Bases            5914367         85978
--   Coverage                   197.146         2.866
--   Median                        1219             0
--   Mean                          1334             2
--   N50                           1287          1169
--   Minimum                       1000             0
--   Maximum                       4975          1861
--   
--                                        --------corrected---------  ----------rescued----------
--                             evidence                     expected                     expected
--   category                     reads            raw     corrected            raw     corrected
--   -------------------- -------------  ------------- -------------  ------------- -------------
--   Number of Reads               4068            629           629            371           371
--   Number of Bases            5504054        1244099       1200122         424274        417241
--   Coverage                   183.468         41.470        40.004         14.142        13.908
--   Median                        1239           1852          1819           1116          1101
--   Mean                          1353           1977          1907           1143          1124
--   N50                           1316           1898          1851           1122          1111
--   Minimum                       1000           1587          1586           1008          1004
--   Maximum                       4975           4975          4045           1915          1576
--   
--                        --------uncorrected--------
--                                           expected
--   category                       raw     corrected
--   -------------------- ------------- -------------
--   Number of Reads              43329         43329
--   Number of Bases            4331972       3749496
--   Coverage                   144.399       124.983
--   Median                           0             0
--   Mean                            99            86
--   N50                           1221          1186
--   Minimum                          0             0
--   Maximum                       4589          4576
--   
--   Maximum Memory           571977986
-- Report changed.
-- Finished stage 'cor-filterCorrectionLayouts', reset canuIteration.
-- Using overlaps no worse than 0.5 fraction error for correcting reads (from corErrorRate parameter).
--
-- Configuring correction jobs:
--   Jobs limited to 4 GB per job (via option corMemory).
--   Reads estimated to need at most 1 GB for computation.
--   Leaving 3 GB memory for read data.
----------------------------------------
-- Starting command on Thu Jun  4 02:51:44 2020 with 53.575 GB free disk space

    cd correction/2-correction
    ./correctReadsPartition.sh \
    > ./correctReadsPartition.err 2>&1

-- Finished on Thu Jun  4 02:51:44 2020 (furiously fast) with 53.575 GB free disk space
----------------------------------------
-- Using overlaps no worse than 0.5 fraction error for correcting reads (from corErrorRate parameter).
-- No change in report.
-- Finished stage 'cor-generateCorrectedReadsConfigure', reset canuIteration.
-- No change in report.
--
-- Running jobs.  First attempt out of 2.
----------------------------------------
-- Starting 'cor' concurrent execution on Thu Jun  4 02:51:44 2020 with 53.575 GB free disk space (1 processes; 2 concurrently)

    cd correction/2-correction
    ./correctReads.sh 1 > ./correctReads.000001.out 2>&1

-- Finished on Thu Jun  4 02:52:22 2020 (38 seconds) with 53.569 GB free disk space
----------------------------------------
-- Found 1 read correction output files.
-- No change in report.
-- Finished stage 'cor-generateCorrectedReadsCheck', reset canuIteration.
-- Found 1 read correction output files.
-- No change in report.
-- Finished stage 'cor-generateCorrectedReadsCheck', reset canuIteration.
--
-- Loading corrected reads into corStore and seqStore.
----------------------------------------
-- Starting command on Thu Jun  4 02:52:22 2020 with 53.569 GB free disk space

    cd correction
    /home/matheus/processamento_workflow/canu/Linux-amd64/bin/loadCorrectedReads \
      -S ../Sars_cov_2_SRR11178051.seqStore \
      -C ./Sars_cov_2_SRR11178051.corStore \
      -L ./2-correction/corjob.files \
    >  ./Sars_cov_2_SRR11178051.loadCorrectedReads.log \
    2> ./Sars_cov_2_SRR11178051.loadCorrectedReads.err

-- Finished on Thu Jun  4 02:52:22 2020 (in the blink of an eye) with 53.565 GB free disk space
----------------------------------------
----------------------------------------
-- Starting command on Thu Jun  4 02:52:22 2020 with 53.565 GB free disk space

    cd .
    /home/matheus/processamento_workflow/canu/Linux-amd64/bin/sqStoreDumpMetaData \
      -S ./Sars_cov_2_SRR11178051.seqStore \
      -corrected \
      -histogram \
      -lengths \
    > ./Sars_cov_2_SRR11178051.seqStore/readlengths-obt.dat \
    2> ./Sars_cov_2_SRR11178051.seqStore/readlengths-obt.err 
    

-- Finished on Thu Jun  4 02:52:22 2020 (fast as lightning) with 53.565 GB free disk space
----------------------------------------
----------------------------------------
-- Starting command on Thu Jun  4 02:52:34 2020 with 53.565 GB free disk space

    cd .
    /home/matheus/processamento_workflow/canu/Linux-amd64/bin/sqStoreDumpMetaData \
      -S ./Sars_cov_2_SRR11178051.seqStore \
      -corrected \
      -histogram \
    > ./Sars_cov_2_SRR11178051.seqStore/readlengths-obt.txt \
    2> ./Sars_cov_2_SRR11178051.seqStore/readlengths-obt.err 
    

-- Finished on Thu Jun  4 02:52:34 2020 (lickety-split) with 53.565 GB free disk space
----------------------------------------
--
-- In sequence store './Sars_cov_2_SRR11178051.seqStore':
--   Found 993 reads.
--   Found 1574659 bases (52.48 times coverage).
--    
--    G=1574659                          sum of  ||               length     num
--    NG         length     index       lengths  ||                range    seqs
--    ----- ------------ --------- ------------  ||  ------------------- -------
--    00010         2293        59       158866  ||        512-584             4|---
--    00020         2053       132       316927  ||        585-657             1|-
--    00030         1909       211       472962  ||        658-730             1|-
--    00040         1811       296       631001  ||        731-803             1|-
--    00050         1735       385       788660  ||        804-876             8|-----
--    00060         1662       477       945132  ||        877-949            15|--------
--    00070         1577       574      1102464  ||        950-1022           60|-------------------------------
--    00080         1177       691      1260149  ||       1023-1095          122|---------------------------------------------------------------
--    00090         1068       832      1417295  ||       1096-1168           77|----------------------------------------
--    00100          512       992      1574659  ||       1169-1241           49|--------------------------
--    001.000x                 993      1574659  ||       1242-1314           28|---------------
--                                               ||       1315-1387           11|------
--                                               ||       1388-1460            8|-----
--                                               ||       1461-1533            9|-----
--                                               ||       1534-1606           50|--------------------------
--                                               ||       1607-1679           90|-----------------------------------------------
--                                               ||       1680-1752           98|---------------------------------------------------
--                                               ||       1753-1825           75|---------------------------------------
--                                               ||       1826-1898           63|---------------------------------
--                                               ||       1899-1971           50|--------------------------
--                                               ||       1972-2044           34|------------------
--                                               ||       2045-2117           27|--------------
--                                               ||       2118-2190           26|--------------
--                                               ||       2191-2263           22|------------
--                                               ||       2264-2336           10|------
--                                               ||       2337-2409            8|-----
--                                               ||       2410-2482           11|------
--                                               ||       2483-2555            8|-----
--                                               ||       2556-2628            6|----
--                                               ||       2629-2701            5|---
--                                               ||       2702-2774            3|--
--                                               ||       2775-2847            1|-
--                                               ||       2848-2920            1|-
--                                               ||       2921-2993            0|
--                                               ||       2994-3066            2|--
--                                               ||       3067-3139            4|---
--                                               ||       3140-3212            1|-
--                                               ||       3213-3285            1|-
--                                               ||       3286-3358            0|
--                                               ||       3359-3431            0|
--                                               ||       3432-3504            2|--
--                                               ||       3505-3577            0|
--                                               ||       3578-3650            0|
--                                               ||       3651-3723            0|
--                                               ||       3724-3796            0|
--                                               ||       3797-3869            0|
--                                               ||       3870-3942            0|
--                                               ||       3943-4015            0|
--                                               ||       4016-4088            0|
--                                               ||       4089-4161            1|-
--    
--
-- Purging correctReads output after loading into stores.
-- Purged 1 .cns outputs.
-- Purged 2 .out job log outputs.
--
-- Purging overlaps used for correction.
-- Report changed.
-- Finished stage 'cor-loadCorrectedReads', reset canuIteration.
----------------------------------------
-- Starting command on Thu Jun  4 02:52:34 2020 with 53.639 GB free disk space

    cd .
    /home/matheus/processamento_workflow/canu/Linux-amd64/bin/sqStoreDumpFASTQ \
      -corrected \
      -S ./Sars_cov_2_SRR11178051.seqStore \
      -o ./Sars_cov_2_SRR11178051.correctedReads.gz \
      -fasta \
      -nolibname \
    > Sars_cov_2_SRR11178051.correctedReads.fasta.err 2>&1

-- Finished on Thu Jun  4 02:52:34 2020 (like a bat out of hell) with 53.639 GB free disk space
----------------------------------------
--
-- Corrected reads saved in 'Sars_cov_2_SRR11178051.correctedReads.fasta.gz'.
-- No change in report.
-- Finished stage 'cor-dumpCorrectedReads', reset canuIteration.
--
--
-- BEGIN TRIMMING
--
-- No change in report.
----------------------------------------
-- Starting command on Thu Jun  4 02:52:34 2020 with 53.639 GB free disk space

    cd trimming/0-mercounts
    ./meryl-configure.sh \
    > ./meryl-configure.err 2>&1

-- Finished on Thu Jun  4 02:52:34 2020 (fast as lightning) with 53.639 GB free disk space
----------------------------------------
--  segments   memory batches
--  -------- -------- -------
--        01  0.07 GB       1
--
--  For 993 reads with 1574659 bases, limit to 1 batch.
--  Will count kmers using 01 jobs, each using 2 GB and 2 threads.
--
-- No change in report.
-- Finished stage 'merylConfigure', reset canuIteration.
-- No change in report.
--
-- Running jobs.  First attempt out of 2.
----------------------------------------
-- Starting 'meryl' concurrent execution on Thu Jun  4 02:52:34 2020 with 53.639 GB free disk space (1 processes; 2 concurrently)

    cd trimming/0-mercounts
    ./meryl-count.sh 1 > ./meryl-count.000001.out 2>&1

-- Finished on Thu Jun  4 02:52:36 2020 (2 seconds) with 53.637 GB free disk space
----------------------------------------
-- Found 1 Kmer counting (meryl) outputs.
-- No change in report.
-- Finished stage 'obt-merylCountCheck', reset canuIteration.
-- No change in report.
--
-- Running jobs.  First attempt out of 2.
----------------------------------------
-- Starting 'meryl' concurrent execution on Thu Jun  4 02:52:36 2020 with 53.637 GB free disk space (1 processes; 2 concurrently)

    cd trimming/0-mercounts
    ./meryl-process.sh 1 > ./meryl-process.000001.out 2>&1

-- Finished on Thu Jun  4 02:52:37 2020 (one second) with 53.638 GB free disk space
----------------------------------------
-- Meryl finished successfully.  Kmer frequency histogram:
--
--  22-mers                                                                                           Fraction
--    Occurrences   NumMers                                                                         Unique Total
--       1-     1         0                                                                        0.0000 0.0000
--       2-     2      8292 ********************************************************************** 0.1580 0.0114
--       3-     4      6232 ****************************************************                   0.2392 0.0202
--       5-     7      2928 ************************                                               0.3005 0.0299
--       8-    11      2012 ****************                                                       0.3436 0.0406
--      12-    16      2096 *****************                                                      0.3779 0.0533
--      17-    22      3635 ******************************                                         0.4158 0.0737
--      23-    29      6156 ***************************************************                    0.4995 0.1367
--      30-    37      6942 **********************************************************             0.6120 0.2463
--      38-    46      4602 **************************************                                 0.7415 0.4051
--      47-    56      2391 ********************                                                   0.8214 0.5268
--      57-    67      2886 ************************                                               0.8669 0.6123
--      68-    79      1835 ***************                                                        0.9209 0.7347
--      80-    92      1088 *********                                                              0.9562 0.8303
--      93-   106       732 ******                                                                 0.9749 0.8882
--     107-   121       597 *****                                                                  0.9886 0.9385
--     122-   137         0                                                                        0.0000 0.0000
--     138-   154        10                                                                        0.9988 0.9794
--     155-   172         7                                                                        0.9990 0.9805
--     173-   191         2                                                                        0.9991 0.9813
--     192-   211         0                                                                        0.0000 0.0000
--     212-   232        10                                                                        0.9991 0.9815
--     233-   254         6                                                                        0.9993 0.9831
--     255-   277         2                                                                        0.9994 0.9841
--     278-   301         1                                                                        0.9995 0.9845
--     302-   326         2                                                                        0.9995 0.9847
--     327-   352         0                                                                        0.0000 0.0000
--     353-   379         0                                                                        0.0000 0.0000
--     380-   407         0                                                                        0.0000 0.0000
--     408-   436         0                                                                        0.0000 0.0000
--     437-   466         0                                                                        0.0000 0.0000
--     467-   497         0                                                                        0.0000 0.0000
--     498-   529         0                                                                        0.0000 0.0000
--     530-   562         0                                                                        0.0000 0.0000
--     563-   596         1                                                                        0.9995 0.9853
--     597-   631         1                                                                        0.9995 0.9857
--     632-   667         0                                                                        0.0000 0.0000
--     668-   704         1                                                                        0.9996 0.9862
--     705-   742         2                                                                        0.9996 0.9867
--     743-   781         1                                                                        0.9996 0.9877
--     782-   821         1                                                                        0.9996 0.9883
--
--           0 (max occurrences)
--     1454090 (total mers, non-unique)
--       52490 (distinct mers, non-unique)
--           0 (unique mers)
-- Report changed.
-- Finished stage 'meryl-process', reset canuIteration.
--
-- Removing meryl database 'trimming/0-mercounts/Sars_cov_2_SRR11178051.ms22'.
--
-- OVERLAPPER (normal) (trimming) erate=0.12
--
----------------------------------------
-- Starting command on Thu Jun  4 02:52:37 2020 with 53.639 GB free disk space

    cd trimming/1-overlapper
    /home/matheus/processamento_workflow/canu/Linux-amd64/bin/overlapInCorePartition \
     -S  ../../Sars_cov_2_SRR11178051.seqStore \
     -hl 80000000 \
     -rl 1000000000 \
     -ol 500 \
     -o  ./Sars_cov_2_SRR11178051.partition \
    > ./Sars_cov_2_SRR11178051.partition.err 2>&1

-- Finished on Thu Jun  4 02:52:37 2020 (fast as lightning) with 53.639 GB free disk space
----------------------------------------
--
-- Configured 1 overlapInCore jobs.
-- No change in report.
-- Finished stage 'obt-overlapConfigure', reset canuIteration.
-- No change in report.
--
-- Running jobs.  First attempt out of 2.
----------------------------------------
-- Starting 'obtovl' concurrent execution on Thu Jun  4 02:52:37 2020 with 53.639 GB free disk space (1 processes; 1 concurrently)

    cd trimming/1-overlapper
    ./overlap.sh 1 > ./overlap.000001.out 2>&1

-- Finished on Thu Jun  4 02:52:43 2020 (6 seconds) with 53.638 GB free disk space
----------------------------------------
-- Found 1 overlapInCore output files.
--
-- overlapInCore compute 'trimming/1-overlapper':
--   kmer hits
--     with no overlap           551263      551263 +- 0
--     with an overlap            36930       36930 +- 0
--
--   overlaps                     36930       36930 +- 0
--     contained                      0           0 +- 0
--     dovetail                       0           0 +- 0
--
--   overlaps rejected
--     multiple per pair              0           0 +- 0
--     bad short window               0           0 +- 0
--     bad long window                0           0 +- 0
-- No change in report.
-- Finished stage 'obt-overlapCheck', reset canuIteration.
----------------------------------------
-- Starting command on Thu Jun  4 02:52:43 2020 with 53.638 GB free disk space

    cd trimming
    /home/matheus/processamento_workflow/canu/Linux-amd64/bin/ovStoreConfig \
     -S ../Sars_cov_2_SRR11178051.seqStore \
     -M 3 \
     -L ./1-overlapper/ovljob.files \
     -create ./Sars_cov_2_SRR11178051.ovlStore.config \
     > ./Sars_cov_2_SRR11178051.ovlStore.config.txt \
    2> ./Sars_cov_2_SRR11178051.ovlStore.config.err

-- Finished on Thu Jun  4 02:52:43 2020 (furiously fast) with 53.638 GB free disk space
----------------------------------------
--
-- Creating overlap store trimming/Sars_cov_2_SRR11178051.ovlStore using:
--      1 bucket
--      2 slices
--        using at most 1 GB memory each
-- No change in report.
-- Finished stage 'obt-overlapStoreConfigure', reset canuIteration.
-- No change in report.
--
-- Running jobs.  First attempt out of 2.
----------------------------------------
-- Starting 'ovB' concurrent execution on Thu Jun  4 02:52:43 2020 with 53.638 GB free disk space (1 processes; 2 concurrently)

    cd trimming/Sars_cov_2_SRR11178051.ovlStore.BUILDING
    ./scripts/1-bucketize.sh 1 > ./logs/1-bucketize.000001.out 2>&1

-- Finished on Thu Jun  4 02:52:44 2020 (one second) with 53.636 GB free disk space
----------------------------------------
-- Overlap store bucketizer finished.
-- No change in report.
-- Finished stage 'obt-overlapStoreBucketizerCheck', reset canuIteration.
-- No change in report.
--
-- Running jobs.  First attempt out of 2.
----------------------------------------
-- Starting 'ovS' concurrent execution on Thu Jun  4 02:52:44 2020 with 53.636 GB free disk space (2 processes; 1 concurrently)

    cd trimming/Sars_cov_2_SRR11178051.ovlStore.BUILDING
    ./scripts/2-sort.sh 1 > ./logs/2-sort.000001.out 2>&1
    ./scripts/2-sort.sh 2 > ./logs/2-sort.000002.out 2>&1

-- Finished on Thu Jun  4 02:52:45 2020 (one second) with 53.632 GB free disk space
----------------------------------------
-- Overlap store sorter finished.
-- No change in report.
-- Finished stage 'obt-overlapStoreSorterCheck', reset canuIteration.
----------------------------------------
-- Starting command on Thu Jun  4 02:52:45 2020 with 53.632 GB free disk space

    cd trimming
    /home/matheus/processamento_workflow/canu/Linux-amd64/bin/ovStoreIndexer \
      -O  ./Sars_cov_2_SRR11178051.ovlStore.BUILDING \
      -S ../Sars_cov_2_SRR11178051.seqStore \
      -C  ./Sars_cov_2_SRR11178051.ovlStore.config \
      -delete \
    > ./Sars_cov_2_SRR11178051.ovlStore.BUILDING.index.err 2>&1

-- Finished on Thu Jun  4 02:52:45 2020 (lickety-split) with 53.633 GB free disk space
----------------------------------------
-- Checking store.
----------------------------------------
-- Starting command on Thu Jun  4 02:52:45 2020 with 53.633 GB free disk space

    cd trimming
    /home/matheus/processamento_workflow/canu/Linux-amd64/bin/ovStoreDump \
     -S ../Sars_cov_2_SRR11178051.seqStore \
     -O  ./Sars_cov_2_SRR11178051.ovlStore \
     -counts \
     > ./Sars_cov_2_SRR11178051.ovlStore/counts.dat 2> ./Sars_cov_2_SRR11178051.ovlStore/counts.err

-- Finished on Thu Jun  4 02:52:45 2020 (like a bat out of hell) with 53.632 GB free disk space
----------------------------------------
--
-- Overlap store 'trimming/Sars_cov_2_SRR11178051.ovlStore' successfully constructed.
-- Found 73860 overlaps for 976 reads; 43353 reads have no overlaps.
--
--
-- Purged 0 GB in 3 overlap output files.
-- No change in report.
-- Finished stage 'obt-createOverlapStore', reset canuIteration.
----------------------------------------
-- Starting command on Thu Jun  4 02:52:45 2020 with 53.634 GB free disk space

    cd trimming/3-overlapbasedtrimming
    /home/matheus/processamento_workflow/canu/Linux-amd64/bin/trimReads \
      -S  ../../Sars_cov_2_SRR11178051.seqStore \
      -O  ../Sars_cov_2_SRR11178051.ovlStore \
      -Co ./Sars_cov_2_SRR11178051.1.trimReads.clear \
      -e  0.12 \
      -minlength 1000 \
      -ol 500 \
      -oc 2 \
      -o  ./Sars_cov_2_SRR11178051.1.trimReads \
    >     ./Sars_cov_2_SRR11178051.1.trimReads.err 2>&1

-- Finished on Thu Jun  4 02:52:46 2020 (one second) with 53.632 GB free disk space
----------------------------------------
--  PARAMETERS:
--  ----------
--     1000    (reads trimmed below this many bases are deleted)
--   0.1200    (use overlaps at or below this fraction error)
--      500    (break region if overlap is less than this long, for 'largest covered' algorithm)
--        2    (break region if overlap coverage is less than this many reads, for 'largest covered' algorithm)
--  
--  INPUT READS:
--  -----------
--   44329 reads      1574659 bases (reads processed)
--       0 reads            0 bases (reads not processed, previously deleted)
--       0 reads            0 bases (reads not processed, in a library where trimming isn't allowed)
--  
--  OUTPUT READS:
--  ------------
--     754 reads      1242163 bases (trimmed reads output)
--     119 reads       165660 bases (reads with no change, kept as is)
--   43353 reads        15233 bases (reads with no overlaps, deleted)
--     103 reads       104414 bases (reads with short trimmed length, deleted)
--  
--  TRIMMING DETAILS:
--  ----------------
--     581 reads        26159 bases (bases trimmed from the 5' end of a read)
--     588 reads        21030 bases (bases trimmed from the 3' end of a read)
-- Report changed.
-- Finished stage 'obt-trimReads', reset canuIteration.
----------------------------------------
-- Starting command on Thu Jun  4 02:52:46 2020 with 53.632 GB free disk space

    cd trimming/3-overlapbasedtrimming
    /home/matheus/processamento_workflow/canu/Linux-amd64/bin/splitReads \
      -S  ../../Sars_cov_2_SRR11178051.seqStore \
      -O  ../Sars_cov_2_SRR11178051.ovlStore \
      -Ci ./Sars_cov_2_SRR11178051.1.trimReads.clear \
      -Co ./Sars_cov_2_SRR11178051.2.splitReads.clear \
      -e  0.12 \
      -minlength 1000 \
      -o  ./Sars_cov_2_SRR11178051.2.splitReads \
    >     ./Sars_cov_2_SRR11178051.2.splitReads.err 2>&1

-- Finished on Thu Jun  4 02:52:47 2020 (one second) with 53.632 GB free disk space
----------------------------------------
--  PARAMETERS:
--  ----------
--     1000    (reads trimmed below this many bases are deleted)
--   0.1200    (use overlaps at or below this fraction error)
--  INPUT READS:
--  -----------
--     873 reads      1455012 bases (reads processed)
--   43456 reads       119647 bases (reads not processed, previously deleted)
--       0 reads            0 bases (reads not processed, in a library where trimming isn't allowed)
--  
--  PROCESSED:
--  --------
--       0 reads            0 bases (no overlaps)
--       1 reads         1254 bases (no coverage after adjusting for trimming done already)
--       0 reads            0 bases (processed for chimera)
--       0 reads            0 bases (processed for spur)
--     872 reads      1453758 bases (processed for subreads)
--  
--  READS WITH SIGNALS:
--  ------------------
--       0 reads            0 signals (number of 5' spur signal)
--       0 reads            0 signals (number of 3' spur signal)
--       0 reads            0 signals (number of chimera signal)
--       0 reads            0 signals (number of subread signal)
--  
--  SIGNALS:
--  -------
--       0 reads            0 bases (size of 5' spur signal)
--       0 reads            0 bases (size of 3' spur signal)
--       0 reads            0 bases (size of chimera signal)
--       0 reads            0 bases (size of subread signal)
--  
--  TRIMMING:
--  --------
--       0 reads            0 bases (trimmed from the 5' end of the read)
--       0 reads            0 bases (trimmed from the 3' end of the read)
-- Report changed.
-- Finished stage 'obt-splitReads', reset canuIteration.
----------------------------------------
-- Starting command on Thu Jun  4 02:52:47 2020 with 53.632 GB free disk space

    cd trimming/3-overlapbasedtrimming
    /home/matheus/processamento_workflow/canu/Linux-amd64/bin/loadTrimmedReads \
      -S ../../Sars_cov_2_SRR11178051.seqStore \
      -c ./Sars_cov_2_SRR11178051.2.splitReads.clear \
    > ./Sars_cov_2_SRR11178051.loadTrimmedReads.err 2>&1

-- Finished on Thu Jun  4 02:52:47 2020 (furiously fast) with 53.629 GB free disk space
----------------------------------------
----------------------------------------
-- Starting command on Thu Jun  4 02:52:47 2020 with 53.629 GB free disk space

    cd .
    /home/matheus/processamento_workflow/canu/Linux-amd64/bin/sqStoreDumpMetaData \
      -S ./Sars_cov_2_SRR11178051.seqStore \
      -corrected -trimmed \
      -histogram \
      -lengths \
    > ./Sars_cov_2_SRR11178051.seqStore/readlengths-utg.dat \
    2> ./Sars_cov_2_SRR11178051.seqStore/readlengths-utg.err 
    

-- Finished on Thu Jun  4 02:52:47 2020 (lickety-split) with 53.629 GB free disk space
----------------------------------------
----------------------------------------
-- Starting command on Thu Jun  4 02:52:47 2020 with 53.629 GB free disk space

    cd .
    /home/matheus/processamento_workflow/canu/Linux-amd64/bin/sqStoreDumpMetaData \
      -S ./Sars_cov_2_SRR11178051.seqStore \
      -corrected -trimmed \
      -histogram \
    > ./Sars_cov_2_SRR11178051.seqStore/readlengths-utg.txt \
    2> ./Sars_cov_2_SRR11178051.seqStore/readlengths-utg.err 
    

-- Finished on Thu Jun  4 02:52:47 2020 (furiously fast) with 53.629 GB free disk space
----------------------------------------
--
-- In sequence store './Sars_cov_2_SRR11178051.seqStore':
--   Found 873 reads.
--   Found 1407823 bases (46.92 times coverage).
--    
--    G=1407823                          sum of  ||               length     num
--    NG         length     index       lengths  ||                range    seqs
--    ----- ------------ --------- ------------  ||  ------------------- -------
--    00010         2250        53       141189  ||       1000-1060           75|----------------------------------------------------------
--    00020         2022       120       283139  ||       1061-1121           82|---------------------------------------------------------------
--    00030         1881       192       423430  ||       1122-1182           56|--------------------------------------------
--    00040         1783       269       564148  ||       1183-1243           30|------------------------
--    00050         1703       350       704958  ||       1244-1304           23|------------------
--    00060         1633       434       845306  ||       1305-1365            9|-------
--    00070         1564       522       985914  ||       1366-1426            3|---
--    00080         1269       618      1126865  ||       1427-1487           12|----------
--    00090         1101       739      1268020  ||       1488-1548           47|-------------------------------------
--    00100         1000       872      1407823  ||       1549-1609           75|----------------------------------------------------------
--    001.000x                 873      1407823  ||       1610-1670           65|--------------------------------------------------
--                                               ||       1671-1731           79|-------------------------------------------------------------
--                                               ||       1732-1792           56|--------------------------------------------
--                                               ||       1793-1853           50|---------------------------------------
--                                               ||       1854-1914           34|---------------------------
--                                               ||       1915-1975           37|-----------------------------
--                                               ||       1976-2036           23|------------------
--                                               ||       2037-2097           26|--------------------
--                                               ||       2098-2158           20|----------------
--                                               ||       2159-2219           13|----------
--                                               ||       2220-2280            7|------
--                                               ||       2281-2341            5|----
--                                               ||       2342-2402            6|-----
--                                               ||       2403-2463           11|---------
--                                               ||       2464-2524            2|--
--                                               ||       2525-2585           10|--------
--                                               ||       2586-2646            2|--
--                                               ||       2647-2707            1|-
--                                               ||       2708-2768            1|-
--                                               ||       2769-2829            2|--
--                                               ||       2830-2890            1|-
--                                               ||       2891-2951            0|
--                                               ||       2952-3012            2|--
--                                               ||       3013-3073            2|--
--                                               ||       3074-3134            1|-
--                                               ||       3135-3195            1|-
--                                               ||       3196-3256            1|-
--                                               ||       3257-3317            0|
--                                               ||       3318-3378            1|-
--                                               ||       3379-3439            1|-
--                                               ||       3440-3500            0|
--                                               ||       3501-3561            0|
--                                               ||       3562-3622            0|
--                                               ||       3623-3683            0|
--                                               ||       3684-3744            0|
--                                               ||       3745-3805            0|
--                                               ||       3806-3866            0|
--                                               ||       3867-3927            0|
--                                               ||       3928-3988            0|
--                                               ||       3989-4049            1|-
--    
--
-- Purging overlaps used for trimming.
-- Report changed.
-- Finished stage 'obt-dumpReads', reset canuIteration.
----------------------------------------
-- Starting command on Thu Jun  4 02:52:47 2020 with 53.634 GB free disk space

    cd .
    /home/matheus/processamento_workflow/canu/Linux-amd64/bin/sqStoreDumpFASTQ \
      -trimmed \
      -S ./Sars_cov_2_SRR11178051.seqStore \
      -o ./Sars_cov_2_SRR11178051.trimmedReads.gz \
      -fasta \
      -trimmed -normal -nolibname \
    > ./Sars_cov_2_SRR11178051.trimmedReads.fasta.err 2>&1

-- Finished on Thu Jun  4 02:52:47 2020 (furiously fast) with 53.634 GB free disk space
----------------------------------------
--
-- Trimmed reads saved in 'Sars_cov_2_SRR11178051.trimmedReads.fasta.gz'.
-- No change in report.
-- Finished stage 'cor-dumpTrimmedReads', reset canuIteration.
--
--
-- BEGIN ASSEMBLY
--
-- No change in report.
----------------------------------------
-- Starting command on Thu Jun  4 02:52:47 2020 with 53.634 GB free disk space

    cd unitigging/0-mercounts
    ./meryl-configure.sh \
    > ./meryl-configure.err 2>&1

-- Finished on Thu Jun  4 02:52:47 2020 (fast as lightning) with 53.634 GB free disk space
----------------------------------------
--  segments   memory batches
--  -------- -------- -------
--        01  0.07 GB       1
--
--  For 873 reads with 1407823 bases, limit to 1 batch.
--  Will count kmers using 01 jobs, each using 2 GB and 2 threads.
--
-- No change in report.
-- Finished stage 'merylConfigure', reset canuIteration.
-- No change in report.
--
-- Running jobs.  First attempt out of 2.
----------------------------------------
-- Starting 'meryl' concurrent execution on Thu Jun  4 02:52:47 2020 with 53.634 GB free disk space (1 processes; 2 concurrently)

    cd unitigging/0-mercounts
    ./meryl-count.sh 1 > ./meryl-count.000001.out 2>&1

-- Finished on Thu Jun  4 02:52:49 2020 (2 seconds) with 53.632 GB free disk space
----------------------------------------
-- Found 1 Kmer counting (meryl) outputs.
-- No change in report.
-- Finished stage 'utg-merylCountCheck', reset canuIteration.
-- No change in report.
--
-- Running jobs.  First attempt out of 2.
----------------------------------------
-- Starting 'meryl' concurrent execution on Thu Jun  4 02:52:49 2020 with 53.632 GB free disk space (1 processes; 2 concurrently)

    cd unitigging/0-mercounts
    ./meryl-process.sh 1 > ./meryl-process.000001.out 2>&1

-- Finished on Thu Jun  4 02:52:50 2020 (one second) with 53.633 GB free disk space
----------------------------------------
-- Meryl finished successfully.  Kmer frequency histogram:
--
--  22-mers                                                                                           Fraction
--    Occurrences   NumMers                                                                         Unique Total
--       1-     1         0                                                                        0.0000 0.0000
--       2-     2      5663 ******************************************************                 0.1250 0.0084
--       3-     4      3675 ***********************************                                    0.1779 0.0138
--       5-     7      2060 *******************                                                    0.2242 0.0207
--       8-    11      1863 *****************                                                      0.2634 0.0298
--      12-    16      2196 *********************                                                  0.3011 0.0429
--      17-    22      3631 ***********************************                                    0.3498 0.0674
--      23-    29      5368 ***************************************************                    0.4386 0.1300
--      30-    37      7261 ********************************************************************** 0.5553 0.2368
--      38-    46      4311 *****************************************                              0.7117 0.4161
--      47-    56      2462 ***********************                                                0.8018 0.5446
--      57-    67      3358 ********************************                                       0.8563 0.6403
--      68-    79      1872 ******************                                                     0.9273 0.7906
--      80-    92       854 ********                                                               0.9659 0.8846
--      93-   106       612 *****                                                                  0.9857 0.9430
--     107-   121        85                                                                        0.9986 0.9865
--     122-   137         1                                                                        0.9993 0.9889
--     138-   154         4                                                                        0.9993 0.9890
--     155-   172         1                                                                        0.9994 0.9895
--     173-   191         0                                                                        0.0000 0.0000
--     192-   211         1                                                                        0.9994 0.9896
--     212-   232         0                                                                        0.0000 0.0000
--     233-   254         0                                                                        0.0000 0.0000
--     255-   277         0                                                                        0.0000 0.0000
--     278-   301         0                                                                        0.0000 0.0000
--     302-   326         0                                                                        0.0000 0.0000
--     327-   352         1                                                                        0.9994 0.9899
--     353-   379         1                                                                        0.9995 0.9902
--     380-   407         0                                                                        0.0000 0.0000
--     408-   436         2                                                                        0.9995 0.9905
--     437-   466         1                                                                        0.9995 0.9911
--     467-   497         1                                                                        0.9996 0.9915
--     498-   529         2                                                                        0.9996 0.9919
--     530-   562         5                                                                        0.9996 0.9926
--     563-   596        11                                                                        0.9997 0.9947
--     597-   631         2                                                                        1.0000 0.9995
--
--           0 (max occurrences)
--     1341606 (total mers, non-unique)
--       45304 (distinct mers, non-unique)
--           0 (unique mers)
-- Report changed.
-- Finished stage 'meryl-process', reset canuIteration.
--
-- Removing meryl database 'unitigging/0-mercounts/Sars_cov_2_SRR11178051.ms22'.
--
-- OVERLAPPER (normal) (assembly) erate=0.12
--
----------------------------------------
-- Starting command on Thu Jun  4 02:52:50 2020 with 53.634 GB free disk space

    cd unitigging/1-overlapper
    /home/matheus/processamento_workflow/canu/Linux-amd64/bin/overlapInCorePartition \
     -S  ../../Sars_cov_2_SRR11178051.seqStore \
     -hl 80000000 \
     -rl 1000000000 \
     -ol 500 \
     -o  ./Sars_cov_2_SRR11178051.partition \
    > ./Sars_cov_2_SRR11178051.partition.err 2>&1

-- Finished on Thu Jun  4 02:52:50 2020 (in the blink of an eye) with 53.634 GB free disk space
----------------------------------------
--
-- Configured 1 overlapInCore jobs.
-- No change in report.
-- Finished stage 'utg-overlapConfigure', reset canuIteration.
-- No change in report.
--
-- Running jobs.  First attempt out of 2.
----------------------------------------
-- Starting 'utgovl' concurrent execution on Thu Jun  4 02:52:50 2020 with 53.634 GB free disk space (1 processes; 1 concurrently)

    cd unitigging/1-overlapper
    ./overlap.sh 1 > ./overlap.000001.out 2>&1

-- Finished on Thu Jun  4 02:52:55 2020 (5 seconds) with 53.633 GB free disk space
----------------------------------------
-- Found 1 overlapInCore output files.
--
-- overlapInCore compute 'unitigging/1-overlapper':
--   kmer hits
--     with no overlap           210748      210748 +- 0
--     with an overlap            30664       30664 +- 0
--
--   overlaps                     30664       30664 +- 0
--     contained                   8689        8689 +- 0
--     dovetail                   21975       21975 +- 0
--
--   overlaps rejected
--     multiple per pair              0           0 +- 0
--     bad short window               0           0 +- 0
--     bad long window                0           0 +- 0
-- No change in report.
-- Finished stage 'utg-overlapCheck', reset canuIteration.
----------------------------------------
-- Starting command on Thu Jun  4 02:52:55 2020 with 53.633 GB free disk space

    cd unitigging
    /home/matheus/processamento_workflow/canu/Linux-amd64/bin/ovStoreConfig \
     -S ../Sars_cov_2_SRR11178051.seqStore \
     -M 3 \
     -L ./1-overlapper/ovljob.files \
     -create ./Sars_cov_2_SRR11178051.ovlStore.config \
     > ./Sars_cov_2_SRR11178051.ovlStore.config.txt \
    2> ./Sars_cov_2_SRR11178051.ovlStore.config.err

-- Finished on Thu Jun  4 02:52:55 2020 (furiously fast) with 53.633 GB free disk space
----------------------------------------
--
-- Creating overlap store unitigging/Sars_cov_2_SRR11178051.ovlStore using:
--      1 bucket
--      2 slices
--        using at most 1 GB memory each
-- No change in report.
-- Finished stage 'utg-overlapStoreConfigure', reset canuIteration.
-- No change in report.
--
-- Running jobs.  First attempt out of 2.
----------------------------------------
-- Starting 'ovB' concurrent execution on Thu Jun  4 02:52:55 2020 with 53.633 GB free disk space (1 processes; 2 concurrently)

    cd unitigging/Sars_cov_2_SRR11178051.ovlStore.BUILDING
    ./scripts/1-bucketize.sh 1 > ./logs/1-bucketize.000001.out 2>&1

-- Finished on Thu Jun  4 02:52:55 2020 (lickety-split) with 53.632 GB free disk space
----------------------------------------
-- Overlap store bucketizer finished.
-- No change in report.
-- Finished stage 'utg-overlapStoreBucketizerCheck', reset canuIteration.
-- No change in report.
--
-- Running jobs.  First attempt out of 2.
----------------------------------------
-- Starting 'ovS' concurrent execution on Thu Jun  4 02:52:55 2020 with 53.632 GB free disk space (2 processes; 1 concurrently)

    cd unitigging/Sars_cov_2_SRR11178051.ovlStore.BUILDING
    ./scripts/2-sort.sh 1 > ./logs/2-sort.000001.out 2>&1
    ./scripts/2-sort.sh 2 > ./logs/2-sort.000002.out 2>&1

-- Finished on Thu Jun  4 02:52:56 2020 (one second) with 53.627 GB free disk space
----------------------------------------
-- Overlap store sorter finished.
-- No change in report.
-- Finished stage 'utg-overlapStoreSorterCheck', reset canuIteration.
----------------------------------------
-- Starting command on Thu Jun  4 02:52:56 2020 with 53.627 GB free disk space

    cd unitigging
    /home/matheus/processamento_workflow/canu/Linux-amd64/bin/ovStoreIndexer \
      -O  ./Sars_cov_2_SRR11178051.ovlStore.BUILDING \
      -S ../Sars_cov_2_SRR11178051.seqStore \
      -C  ./Sars_cov_2_SRR11178051.ovlStore.config \
      -delete \
    > ./Sars_cov_2_SRR11178051.ovlStore.BUILDING.index.err 2>&1

-- Finished on Thu Jun  4 02:52:56 2020 (fast as lightning) with 53.628 GB free disk space
----------------------------------------
-- Checking store.
----------------------------------------
-- Starting command on Thu Jun  4 02:52:56 2020 with 53.628 GB free disk space

    cd unitigging
    /home/matheus/processamento_workflow/canu/Linux-amd64/bin/ovStoreDump \
     -S ../Sars_cov_2_SRR11178051.seqStore \
     -O  ./Sars_cov_2_SRR11178051.ovlStore \
     -counts \
     > ./Sars_cov_2_SRR11178051.ovlStore/counts.dat 2> ./Sars_cov_2_SRR11178051.ovlStore/counts.err

-- Finished on Thu Jun  4 02:52:56 2020 (in the blink of an eye) with 53.628 GB free disk space
----------------------------------------
--
-- Overlap store 'unitigging/Sars_cov_2_SRR11178051.ovlStore' successfully constructed.
-- Found 61328 overlaps for 872 reads; 43457 reads have no overlaps.
--
--
-- Purged 0 GB in 3 overlap output files.
----------------------------------------
-- Starting command on Thu Jun  4 02:52:56 2020 with 53.629 GB free disk space

    cd unitigging
    /home/matheus/processamento_workflow/canu/Linux-amd64/bin/ovStoreStats \
     -C 46 \
     -S ../Sars_cov_2_SRR11178051.seqStore \
     -O  ./Sars_cov_2_SRR11178051.ovlStore \
     -o  ./Sars_cov_2_SRR11178051.ovlStore \
     > ./Sars_cov_2_SRR11178051.ovlStore.summary.err 2>&1

-- Finished on Thu Jun  4 02:52:56 2020 (furiously fast) with 53.629 GB free disk space
----------------------------------------
--
-- Overlap store 'unitigging/Sars_cov_2_SRR11178051.ovlStore' contains:
--
--   category            reads     %          read length        feature size or coverage  analysis
--   ----------------  -------  -------  ----------------------  ------------------------  --------------------
--   middle-missing          0    0.00        0.00 +- 0.00             0.00 +- 0.00       (bad trimming)
--   middle-hump             0    0.00        0.00 +- 0.00             0.00 +- 0.00       (bad trimming)
--   no-5-prime              5    0.57     1397.60 +- 582.14           0.60 +- 1.34       (bad trimming)
--   no-3-prime              1    0.11     1157.00 +- 0.00            44.00 +- 0.00       (bad trimming)
--   
--   low-coverage           15    1.72     1156.27 +- 177.11           8.57 +- 3.86       (easy to assemble, potential for lower quality consensus)
--   unique                469   53.72     1625.14 +- 407.12          42.60 +- 15.40      (easy to assemble, perfect, yay)
--   repeat-cont             1    0.11     1040.00 +- 0.00            96.28 +- 6.18       (potential for consensus errors, no impact on assembly)
--   repeat-dove             0    0.00        0.00 +- 0.00             0.00 +- 0.00       (hard to assemble, likely won't assemble correctly or even at all)
--   
--   span-repeat           137   15.69     1613.99 +- 479.22         764.91 +- 472.16     (read spans a large repeat, usually easy to assemble)
--   uniq-repeat-cont      214   24.51     1541.84 +- 350.09                              (should be uniquely placed, low potential for consensus errors, no impact on assembly)
--   uniq-repeat-dove       30    3.44     2232.63 +- 505.99                              (will end contigs, potential to misassemble)
--   uniq-anchor             0    0.00        0.00 +- 0.00             0.00 +- 0.00       (repeat read, with unique section, probable bad read)
-- Report changed.
-- Finished stage 'utg-createOverlapStore', reset canuIteration.
--
-- Loading read lengths.
-- Loading number of overlaps per read.
--
-- Configure RED for 4gb memory.
--                   Batches of at most (unlimited) reads.
--                                      500000000 bases.
--                   Expecting evidence of at most 536870912 bases per iteration.
--
--           Total                                               Reads                 Olaps Evidence
--    Job   Memory      Read Range         Reads        Bases   Memory        Olaps   Memory   Memory  (Memory in MB)
--   ---- -------- ------------------- --------- ------------ -------- ------------ -------- --------
--      1  3259.19         1-44329           993      1527470   186.49        61328     0.70  1024.00
--   ---- -------- ------------------- --------- ------------ -------- ------------ -------- --------
--                                                    1527470                 61328
-- No change in report.
-- Finished stage 'readErrorDetectionConfigure', reset canuIteration.
-- No change in report.
--
-- Running jobs.  First attempt out of 2.
----------------------------------------
-- Starting 'red' concurrent execution on Thu Jun  4 02:52:57 2020 with 53.629 GB free disk space (1 processes; 2 concurrently)

    cd unitigging/3-overlapErrorAdjustment
    ./red.sh 1 > ./red.000001.out 2>&1

-- Finished on Thu Jun  4 02:52:59 2020 (2 seconds) with 53.628 GB free disk space
----------------------------------------
-- Found 1 read error detection output files.
-- No change in report.
-- Finished stage 'readErrorDetectionCheck', reset canuIteration.
--
-- Loading read lengths.
-- Loading number of overlaps per read.
--
-- Configure OEA for 4gb memory.
--                   Batches of at most (unlimited) reads.
--                                      300000000 bases.
--
--           Total                                               Reads                 Olaps  Adjusts
--    Job   Memory      Read Range         Reads        Bases   Memory        Olaps   Memory   Memory  (Memory in MB)
--   ---- -------- ------------------- --------- ------------ -------- ------------ -------- --------
--      1  2380.47         1-44329           993      1527470     9.49        61328     1.87   321.11
--   ---- -------- ------------------- --------- ------------ -------- ------------ -------- --------
--                                                    1527470                 61328
-- No change in report.
-- Finished stage 'overlapErrorAdjustmentConfigure', reset canuIteration.
-- No change in report.
--
-- Running jobs.  First attempt out of 2.
----------------------------------------
-- Starting 'oea' concurrent execution on Thu Jun  4 02:52:59 2020 with 53.628 GB free disk space (1 processes; 2 concurrently)

    cd unitigging/3-overlapErrorAdjustment
    ./oea.sh 1 > ./oea.000001.out 2>&1

-- Finished on Thu Jun  4 02:53:00 2020 (one second) with 53.628 GB free disk space
----------------------------------------
-- Found 1 overlap error adjustment output files.
-- No change in report.
-- Finished stage 'overlapErrorAdjustmentCheck', reset canuIteration.
----------------------------------------
-- Starting command on Thu Jun  4 02:53:00 2020 with 53.628 GB free disk space

    cd unitigging/3-overlapErrorAdjustment
    /home/matheus/processamento_workflow/canu/Linux-amd64/bin/loadErates \
      -S ../../Sars_cov_2_SRR11178051.seqStore \
      -O ../Sars_cov_2_SRR11178051.ovlStore \
      -L ./oea.files \
    > ./oea.apply.err 2>&1

-- Finished on Thu Jun  4 02:53:01 2020 (one second) with 53.628 GB free disk space
----------------------------------------
-- No report available.
-- Report changed.
-- Finished stage 'updateOverlapStore', reset canuIteration.
-- Finished stage 'unitig', reset canuIteration.
-- No change in report.
-- No change in report.
--
-- Running jobs.  First attempt out of 2.
----------------------------------------
-- Starting 'bat' concurrent execution on Thu Jun  4 02:53:01 2020 with 53.628 GB free disk space (1 processes; 1 concurrently)

    cd unitigging/4-unitigger
    ./unitigger.sh 1 > ./unitigger.000001.out 2>&1

-- Finished on Thu Jun  4 02:53:02 2020 (one second) with 53.627 GB free disk space
----------------------------------------
-- Unitigger finished successfully.
-- Found, in version 1, after unitig construction:
--   contigs:      2 sequences, total length 31698 bp (including 0 repeats of total length 0 bp).
--   bubbles:      2 sequences, total length 3780 bp.
--   unassembled:  90 sequences, total length 101499 bp.
--
-- Contig sizes based on genome size 30kbp:
--
--            NG (bp)  LG (contigs)    sum (bp)
--         ----------  ------------  ----------
--     10       30024             1       30024
--     20       30024             1       30024
--     30       30024             1       30024
--     40       30024             1       30024
--     50       30024             1       30024
--     60       30024             1       30024
--     70       30024             1       30024
--     80       30024             1       30024
--     90       30024             1       30024
--    100       30024             1       30024
--
-- Report changed.
-- Finished stage 'unitigCheck', reset canuIteration.
----------------------------------------
-- Starting command on Thu Jun  4 02:53:02 2020 with 53.627 GB free disk space

    cd unitigging
    /home/matheus/processamento_workflow/canu/Linux-amd64/bin/utgcns \
      -S ../Sars_cov_2_SRR11178051.seqStore \
      -T  ./Sars_cov_2_SRR11178051.ctgStore 1 \
      -partition 0.8 1 0.1 \
    > ./Sars_cov_2_SRR11178051.ctgStore/partitioning.log 2>&1

-- Finished on Thu Jun  4 02:53:02 2020 (furiously fast) with 53.626 GB free disk space
----------------------------------------
----------------------------------------
-- Starting command on Thu Jun  4 02:53:02 2020 with 53.626 GB free disk space

    cd unitigging
    /home/matheus/processamento_workflow/canu/Linux-amd64/bin/utgcns \
      -S ../Sars_cov_2_SRR11178051.seqStore \
      -T  ./Sars_cov_2_SRR11178051.utgStore 1 \
      -partition 0.8 1 0.1 \
    > ./Sars_cov_2_SRR11178051.utgStore/partitioning.log 2>&1

-- Finished on Thu Jun  4 02:53:02 2020 (like a bat out of hell) with 53.626 GB free disk space
----------------------------------------
-- Using slow alignment for consensus (iteration '0').
-- Configured 2 contig and 2 unitig consensus jobs.
-- No change in report.
-- Finished stage 'consensusConfigure', reset canuIteration.
--
--                                (tag)Concurrency
--                         (tag)Threads          |
--                (tag)Memory         |          |
--        (tag)             |         |          |       total usage      algorithm
--        -------  ----------  --------   --------  --------------------  -----------------------------
-- Local: cns        0.500 GB    4 CPUs x   1 job      0.500 GB   4 CPUs  (consensus)
--
-- No change in report.
--
-- Running jobs.  First attempt out of 2.
----------------------------------------
-- Starting 'cns' concurrent execution on Thu Jun  4 02:53:02 2020 with 53.626 GB free disk space (4 processes; 1 concurrently)

    cd unitigging/5-consensus
    ./consensus.sh 1 > ./consensus.000001.out 2>&1
    ./consensus.sh 2 > ./consensus.000002.out 2>&1
    ./consensus.sh 3 > ./consensus.000003.out 2>&1
    ./consensus.sh 4 > ./consensus.000004.out 2>&1

-- Finished on Thu Jun  4 02:53:06 2020 (4 seconds) with 53.625 GB free disk space
----------------------------------------
-- Using slow alignment for consensus (iteration '1').
-- Configured 2 contig and 2 unitig consensus jobs.
-- No change in report.
-- All 4 consensus jobs finished successfully.
-- No change in report.
-- Finished stage 'consensusCheck', reset canuIteration.
-- Using slow alignment for consensus (iteration '0').
-- Configured 2 contig and 2 unitig consensus jobs.
-- No change in report.
----------------------------------------
-- Starting command on Thu Jun  4 02:53:06 2020 with 53.625 GB free disk space

    cd unitigging
    /home/matheus/processamento_workflow/canu/Linux-amd64/bin/tgStoreLoad \
      -S ../Sars_cov_2_SRR11178051.seqStore \
      -T  ./Sars_cov_2_SRR11178051.ctgStore 2 \
      -L ./5-consensus/ctgcns.files \
    > ./5-consensus/ctgcns.files.ctgStoreLoad.err 2>&1

-- Finished on Thu Jun  4 02:53:06 2020 (lickety-split) with 53.625 GB free disk space
----------------------------------------
----------------------------------------
-- Starting command on Thu Jun  4 02:53:06 2020 with 53.625 GB free disk space

    cd unitigging
    /home/matheus/processamento_workflow/canu/Linux-amd64/bin/tgStoreLoad \
      -S ../Sars_cov_2_SRR11178051.seqStore \
      -T  ./Sars_cov_2_SRR11178051.utgStore 2 \
      -L ./5-consensus/utgcns.files \
    > ./5-consensus/utgcns.files.utgStoreLoad.err 2>&1

-- Finished on Thu Jun  4 02:53:06 2020 (fast as lightning) with 53.625 GB free disk space
----------------------------------------
-- Purging consensus output after loading to ctgStore and/or utgStore.
-- Purged 4 .cns outputs.
----------------------------------------
-- Starting command on Thu Jun  4 02:53:06 2020 with 53.625 GB free disk space

    cd unitigging
    /home/matheus/processamento_workflow/canu/Linux-amd64/bin/tgStoreDump \
      -S ../Sars_cov_2_SRR11178051.seqStore \
      -T ./Sars_cov_2_SRR11178051.ctgStore 2 \
      -sizes -s 30000 \
    > ./Sars_cov_2_SRR11178051.ctgStore/seqDB.v002.sizes.txt
sqStore_loadMetadata()-- Using 'corrected-trimmed' 0x10 reads.

-- Finished on Thu Jun  4 02:53:07 2020 (one second) with 53.625 GB free disk space
----------------------------------------
-- Found, in version 2, after consensus generation:
--   contigs:      2 sequences, total length 31338 bp (including 0 repeats of total length 0 bp).
--   bubbles:      2 sequences, total length 3723 bp.
--   unassembled:  90 sequences, total length 101499 bp.
--
-- Contig sizes based on genome size 30kbp:
--
--            NG (bp)  LG (contigs)    sum (bp)
--         ----------  ------------  ----------
--     10       29671             1       29671
--     20       29671             1       29671
--     30       29671             1       29671
--     40       29671             1       29671
--     50       29671             1       29671
--     60       29671             1       29671
--     70       29671             1       29671
--     80       29671             1       29671
--     90       29671             1       29671
--    100        1667             2       31338
--
-- Report changed.
-- Finished stage 'consensusLoad', reset canuIteration.
-- No change in report.
----------------------------------------
-- Starting command on Thu Jun  4 02:53:07 2020 with 53.625 GB free disk space

    cd unitigging/4-unitigger
    ./alignGFA.sh \
    > alignGFA.err 2>&1

-- Finished on Thu Jun  4 02:53:07 2020 (in the blink of an eye) with 53.625 GB free disk space
----------------------------------------
----------------------------------------
-- Starting command on Thu Jun  4 02:53:07 2020 with 53.625 GB free disk space

    cd .
    /home/matheus/processamento_workflow/canu/Linux-amd64/bin/tgStoreDump \
      -S ./Sars_cov_2_SRR11178051.seqStore \
      -T ./unitigging/Sars_cov_2_SRR11178051.ctgStore 2 \
      -o ./Sars_cov_2_SRR11178051.contigs \
      -layout \
    > ./Sars_cov_2_SRR11178051.contigs.layout.err 2>&1

-- Finished on Thu Jun  4 02:53:07 2020 (in the blink of an eye) with 53.625 GB free disk space
----------------------------------------
----------------------------------------
-- Starting command on Thu Jun  4 02:53:07 2020 with 53.625 GB free disk space

    cd .
    /home/matheus/processamento_workflow/canu/Linux-amd64/bin/tgStoreDump \
      -S ./Sars_cov_2_SRR11178051.seqStore \
      -T ./unitigging/Sars_cov_2_SRR11178051.utgStore 2 \
      -o ./Sars_cov_2_SRR11178051.unitigs \
      -layout \
    > ./Sars_cov_2_SRR11178051.unitigs.layout.err 2>&1

-- Finished on Thu Jun  4 02:53:07 2020 (fast as lightning) with 53.625 GB free disk space
----------------------------------------
----------------------------------------
-- Starting command on Thu Jun  4 02:53:07 2020 with 53.625 GB free disk space

    cd .
    /home/matheus/processamento_workflow/canu/Linux-amd64/bin/tgStoreDump \
      -S ./Sars_cov_2_SRR11178051.seqStore \
      -T ./unitigging/Sars_cov_2_SRR11178051.ctgStore 2 \
      -consensus -fasta \
      -unassembled \
    > ./Sars_cov_2_SRR11178051.unassembled.fasta
    2> ./Sars_cov_2_SRR11178051.unassembled.err
sqStore_loadMetadata()-- Using 'corrected-trimmed' 0x10 reads.

-- Finished on Thu Jun  4 02:53:08 2020 (one second) with 53.625 GB free disk space
----------------------------------------
----------------------------------------
-- Starting command on Thu Jun  4 02:53:08 2020 with 53.625 GB free disk space

    cd .
    /home/matheus/processamento_workflow/canu/Linux-amd64/bin/tgStoreDump \
      -S ./Sars_cov_2_SRR11178051.seqStore \
      -T ./unitigging/Sars_cov_2_SRR11178051.ctgStore 2 \
      -consensus -fasta \
      -contigs \
    > ./Sars_cov_2_SRR11178051.contigs.fasta
    2> ./Sars_cov_2_SRR11178051.contigs.err
sqStore_loadMetadata()-- Using 'corrected-trimmed' 0x10 reads.

-- Finished on Thu Jun  4 02:53:08 2020 (like a bat out of hell) with 53.625 GB free disk space
----------------------------------------
----------------------------------------
-- Starting command on Thu Jun  4 02:53:08 2020 with 53.625 GB free disk space

    cd .
    /home/matheus/processamento_workflow/canu/Linux-amd64/bin/tgStoreDump \
      -S ./Sars_cov_2_SRR11178051.seqStore \
      -T ./unitigging/Sars_cov_2_SRR11178051.utgStore 2 \
      -consensus -fasta \
      -contigs \
    > ./Sars_cov_2_SRR11178051.unitigs.fasta
    2> ./Sars_cov_2_SRR11178051.unitigs.err
sqStore_loadMetadata()-- Using 'corrected-trimmed' 0x10 reads.

-- Finished on Thu Jun  4 02:53:08 2020 (fast as lightning) with 53.625 GB free disk space
----------------------------------------
-- No change in report.
-- Finished stage 'generateOutputs', reset canuIteration.
--
-- Assembly 'Sars_cov_2_SRR11178051' finished in '/home/matheus/processamento_workflow/SRR11178051_06-04-2020-02-44-04/Sars_cov_2_SRR11178051'.
--
-- Summary saved in 'Sars_cov_2_SRR11178051.report'.
--
-- Sequences saved:
--   Contigs       -> 'Sars_cov_2_SRR11178051.contigs.fasta'
--   Unassembled   -> 'Sars_cov_2_SRR11178051.unassembled.fasta'
--   Unitigs       -> 'Sars_cov_2_SRR11178051.unitigs.fasta'
--
-- Read layouts saved:
--   Contigs       -> 'Sars_cov_2_SRR11178051.contigs.layout'.
--   Unitigs       -> 'Sars_cov_2_SRR11178051.unitigs.layout'.
--
-- Graphs saved:
--   Unitigs       -> 'Sars_cov_2_SRR11178051.unitigs.gfa'.
--
-- Bye.
576.67user 18.70system 4:06.64elapsed 241%CPU (0avgtext+0avgdata 3731980maxresident)k
231168inputs+1188472outputs (610major+2507940minor)pagefaults 0swaps
