perl: warning: Setting locale failed.
perl: warning: Please check that your locale settings:
	LANGUAGE = "pt_BR:pt:en",
	LC_ALL = "en_US.UTF-8",
	LANG = "pt_BR.UTF-8"
    are supported and installed on your system.
perl: warning: Falling back to a fallback locale ("pt_BR.UTF-8").
-- canu snapshot v2.0-development +523 changes (r10016 cafc287f0c6a33d7540deb21a0311fb985d3bdb8)
--
-- CITATIONS
--
-- For 'standard' assemblies of PacBio or Nanopore reads:
--   Koren S, Walenz BP, Berlin K, Miller JR, Phillippy AM.
--   Canu: scalable and accurate long-read assembly via adaptive k-mer weighting and repeat separation.
--   Genome Res. 2017 May;27(5):722-736.
--   http://doi.org/10.1101/gr.215087.116
-- 
-- Read and contig alignments during correction, consensus and GFA building use:
--   Šošic M, Šikic M.
--   Edlib: a C/C ++ library for fast, exact sequence alignment using edit distance.
--   Bioinformatics. 2017 May 1;33(9):1394-1395.
--   http://doi.org/10.1093/bioinformatics/btw753
-- 
-- Overlaps are generated using:
--   Berlin K, et al.
--   Assembling large genomes with single-molecule sequencing and locality-sensitive hashing.
--   Nat Biotechnol. 2015 Jun;33(6):623-30.
--   http://doi.org/10.1038/nbt.3238
-- 
--   Myers EW, et al.
--   A Whole-Genome Assembly of Drosophila.
--   Science. 2000 Mar 24;287(5461):2196-204.
--   http://doi.org/10.1126/science.287.5461.2196
-- 
-- Corrected read consensus sequences are generated using an algorithm derived from FALCON-sense:
--   Chin CS, et al.
--   Phased diploid genome assembly with single-molecule real-time sequencing.
--   Nat Methods. 2016 Dec;13(12):1050-1054.
--   http://doi.org/10.1038/nmeth.4035
-- 
-- Contig consensus sequences are generated using an algorithm derived from pbdagcon:
--   Chin CS, et al.
--   Nonhybrid, finished microbial genome assemblies from long-read SMRT sequencing data.
--   Nat Methods. 2013 Jun;10(6):563-9
--   http://doi.org/10.1038/nmeth.2474
-- 
-- CONFIGURE CANU
--
-- Detected Java(TM) Runtime Environment '11.0.7' (from 'java') without -d64 support.
-- Detected gnuplot version '5.2 patchlevel 6   ' (from 'gnuplot') and image format 'png'.
-- Detected 4 CPUs and 8 gigabytes of memory.
-- No grid engine detected, grid and staging disabled.
--
--                                (tag)Concurrency
--                         (tag)Threads          |
--                (tag)Memory         |          |
--        (tag)             |         |          |       total usage      algorithm
--        -------  ----------  --------   --------  --------------------  -----------------------------
-- Local: meryl      4.000 GB    2 CPUs x   2 jobs     8.000 GB   4 CPUs  (k-mer counting)
-- Local: hap        8.000 GB    4 CPUs x   1 job      8.000 GB   4 CPUs  (read-to-haplotype assignment)
-- Local: cormhap    6.000 GB    4 CPUs x   1 job      6.000 GB   4 CPUs  (overlap detection with mhap)
-- Local: obtovl     4.000 GB    4 CPUs x   1 job      4.000 GB   4 CPUs  (overlap detection)
-- Local: utgovl     4.000 GB    4 CPUs x   1 job      4.000 GB   4 CPUs  (overlap detection)
-- Local: cor        4.000 GB    2 CPUs x   2 jobs     8.000 GB   4 CPUs  (read correction)
-- Local: ovb        4.000 GB    1 CPU  x   2 jobs     8.000 GB   2 CPUs  (overlap store bucketizer)
-- Local: ovs        8.000 GB    1 CPU  x   1 job      8.000 GB   1 CPU   (overlap store sorting)
-- Local: red        4.000 GB    2 CPUs x   2 jobs     8.000 GB   4 CPUs  (read error detection)
-- Local: oea        4.000 GB    2 CPUs x   2 jobs     8.000 GB   4 CPUs  (overlap error adjustment)
-- Local: bat        8.000 GB    4 CPUs x   1 job      8.000 GB   4 CPUs  (contig construction with bogart)
-- Local: cns        -.--- GB    4 CPUs x   - jobs     -.--- GB   - CPUs  (consensus)
-- Local: gfa        8.000 GB    4 CPUs x   1 job      8.000 GB   4 CPUs  (GFA alignment and processing)
--
-- Found untrimmed raw Nanopore reads in the input files.
--
-- Generating assembly 'Sars_cov_2_SRR11178052' in '/home/matheus/processamento_workflow/SRR11178052_06-04-2020-02-34-14/Sars_cov_2_SRR11178052':
--    - correct raw reads.
--    - trim corrected reads.
--    - assemble corrected and trimmed reads.
--
-- Parameters:
--
--  genomeSize        30000
--
--  Overlap Generation Limits:
--    corOvlErrorRate 0.3200 ( 32.00%)
--    obtOvlErrorRate 0.1200 ( 12.00%)
--    utgOvlErrorRate 0.1200 ( 12.00%)
--
--  Overlap Processing Limits:
--    corErrorRate    0.5000 ( 50.00%)
--    obtErrorRate    0.1200 ( 12.00%)
--    utgErrorRate    0.1200 ( 12.00%)
--    cnsErrorRate    0.2000 ( 20.00%)
--
--
-- BEGIN CORRECTION
--
----------------------------------------
-- Starting command on Thu Jun  4 02:36:49 2020 with 56.08 GB free disk space

    cd .
    ./Sars_cov_2_SRR11178052.seqStore.sh \
    > ./Sars_cov_2_SRR11178052.seqStore.err 2>&1

-- Finished on Thu Jun  4 02:36:53 2020 (4 seconds) with 56.011 GB free disk space
----------------------------------------
----------------------------------------
-- Starting command on Thu Jun  4 02:36:53 2020 with 56.011 GB free disk space

    cd .
    /home/matheus/processamento_workflow/canu/Linux-amd64/bin/sqStoreDumpMetaData \
      -S ./Sars_cov_2_SRR11178052.seqStore \
      -raw \
      -histogram \
      -lengths \
    > ./Sars_cov_2_SRR11178052.seqStore/readlengths-cor.dat \
    2> ./Sars_cov_2_SRR11178052.seqStore/readlengths-cor.err 
    

-- Finished on Thu Jun  4 02:36:53 2020 (furiously fast) with 56.011 GB free disk space
----------------------------------------
----------------------------------------
-- Starting command on Thu Jun  4 02:36:53 2020 with 56.011 GB free disk space

    cd .
    /home/matheus/processamento_workflow/canu/Linux-amd64/bin/sqStoreDumpMetaData \
      -S ./Sars_cov_2_SRR11178052.seqStore \
      -raw \
      -histogram \
    > ./Sars_cov_2_SRR11178052.seqStore/readlengths-cor.txt \
    2> ./Sars_cov_2_SRR11178052.seqStore/readlengths-cor.err 
    

-- Finished on Thu Jun  4 02:36:53 2020 (like a bat out of hell) with 56.011 GB free disk space
----------------------------------------
--
-- In sequence store './Sars_cov_2_SRR11178052.seqStore':
--   Found 4544 reads.
--   Found 5640573 bases (188.01 times coverage).
--    
--    G=5640573                          sum of  ||               length     num
--    NG         length     index       lengths  ||                range    seqs
--    ----- ------------ --------- ------------  ||  ------------------- -------
--    00010         1712       277       565705  ||       1000-1073         1288|---------------------------------------------------------------
--    00020         1470       636      1129230  ||       1074-1147          931|----------------------------------------------
--    00030         1344      1039      1692357  ||       1148-1221          590|-----------------------------
--    00040         1261      1474      2256996  ||       1222-1295          484|------------------------
--    00050         1197      1934      2821319  ||       1296-1369          319|----------------
--    00060         1138      2417      3384547  ||       1370-1443          238|------------
--    00070         1097      2922      3948549  ||       1444-1517          165|---------
--    00080         1061      3445      4512506  ||       1518-1591          123|-------
--    00090         1027      3986      5076651  ||       1592-1665           83|-----
--    00100         1000      4543      5640573  ||       1666-1739           68|----
--    001.000x                4544      5640573  ||       1740-1813           61|---
--                                               ||       1814-1887           40|--
--                                               ||       1888-1961           26|--
--                                               ||       1962-2035           28|--
--                                               ||       2036-2109           23|--
--                                               ||       2110-2183           16|-
--                                               ||       2184-2257           15|-
--                                               ||       2258-2331            7|-
--                                               ||       2332-2405           10|-
--                                               ||       2406-2479            4|-
--                                               ||       2480-2553            5|-
--                                               ||       2554-2627            4|-
--                                               ||       2628-2701            4|-
--                                               ||       2702-2775            2|-
--                                               ||       2776-2849            1|-
--                                               ||       2850-2923            1|-
--                                               ||       2924-2997            2|-
--                                               ||       2998-3071            1|-
--                                               ||       3072-3145            1|-
--                                               ||       3146-3219            1|-
--                                               ||       3220-3293            0|
--                                               ||       3294-3367            0|
--                                               ||       3368-3441            0|
--                                               ||       3442-3515            0|
--                                               ||       3516-3589            1|-
--                                               ||       3590-3663            0|
--                                               ||       3664-3737            0|
--                                               ||       3738-3811            0|
--                                               ||       3812-3885            0|
--                                               ||       3886-3959            0|
--                                               ||       3960-4033            0|
--                                               ||       4034-4107            0|
--                                               ||       4108-4181            0|
--                                               ||       4182-4255            0|
--                                               ||       4256-4329            1|-
--                                               ||       4330-4403            0|
--                                               ||       4404-4477            0|
--                                               ||       4478-4551            0|
--                                               ||       4552-4625            0|
--                                               ||       4626-4699            0|
--                                               ||       4700-4773            1|-
--    
-- New report created.
----------------------------------------
-- Starting command on Thu Jun  4 02:36:53 2020 with 56.011 GB free disk space

    cd correction/0-mercounts
    ./meryl-configure.sh \
    > ./meryl-configure.err 2>&1

-- Finished on Thu Jun  4 02:36:53 2020 (in the blink of an eye) with 56.011 GB free disk space
----------------------------------------
--  segments   memory batches
--  -------- -------- -------
--        01  0.07 GB       1
--
--  For 4544 reads with 5640573 bases, limit to 1 batch.
--  Will count kmers using 01 jobs, each using 2 GB and 2 threads.
--
-- Report changed.
-- Finished stage 'merylConfigure', reset canuIteration.
-- No change in report.
--
-- Running jobs.  First attempt out of 2.
----------------------------------------
-- Starting 'meryl' concurrent execution on Thu Jun  4 02:36:53 2020 with 56.011 GB free disk space (1 processes; 2 concurrently)

    cd correction/0-mercounts
    ./meryl-count.sh 1 > ./meryl-count.000001.out 2>&1

-- Finished on Thu Jun  4 02:36:55 2020 (2 seconds) with 55.997 GB free disk space
----------------------------------------
-- Found 1 Kmer counting (meryl) outputs.
-- No change in report.
-- Finished stage 'cor-merylCountCheck', reset canuIteration.
-- No change in report.
--
-- Running jobs.  First attempt out of 2.
----------------------------------------
-- Starting 'meryl' concurrent execution on Thu Jun  4 02:36:55 2020 with 55.997 GB free disk space (1 processes; 2 concurrently)

    cd correction/0-mercounts
    ./meryl-process.sh 1 > ./meryl-process.000001.out 2>&1

-- Finished on Thu Jun  4 02:36:56 2020 (one second) with 56.009 GB free disk space
----------------------------------------
-- Meryl finished successfully.  Kmer frequency histogram:
--
--  16-mers                                                                                           Fraction
--    Occurrences   NumMers                                                                         Unique Total
--       1-     1         0                                                                        0.0000 0.0000
--       2-     2    148872 ********************************************************************** 0.4405 0.0899
--       3-     4     81742 **************************************                                 0.5980 0.1382
--       5-     7     43692 ********************                                                   0.7391 0.2016
--       8-    11     24425 ***********                                                            0.8358 0.2691
--      12-    16     12251 *****                                                                  0.8942 0.3301
--      17-    22      6758 ***                                                                    0.9244 0.3754
--      23-    29      4105 *                                                                      0.9422 0.4119
--      30-    37      2846 *                                                                      0.9535 0.4428
--      38-    46      1999                                                                        0.9615 0.4706
--      47-    56      1656                                                                        0.9671 0.4951
--      57-    67      1559                                                                        0.9719 0.5209
--      68-    79      1235                                                                        0.9764 0.5496
--      80-    92       921                                                                        0.9799 0.5762
--      93-   106       908                                                                        0.9826 0.6002
--     107-   121       736                                                                        0.9853 0.6275
--     122-   137       683                                                                        0.9874 0.6525
--     138-   154       603                                                                        0.9895 0.6795
--     155-   172       466                                                                        0.9912 0.7053
--     173-   191       423                                                                        0.9926 0.7283
--     192-   211       372                                                                        0.9938 0.7516
--     212-   232       269                                                                        0.9949 0.7743
--     233-   254       252                                                                        0.9957 0.7918
--     255-   277       188                                                                        0.9964 0.8100
--     278-   301       115                                                                        0.9970 0.8251
--     302-   326       119                                                                        0.9973 0.8349
--     327-   352       104                                                                        0.9977 0.8462
--     353-   379       108                                                                        0.9980 0.8569
--     380-   407       113                                                                        0.9983 0.8688
--     408-   436        78                                                                        0.9986 0.8822
--     437-   466        88                                                                        0.9988 0.8919
--     467-   497        93                                                                        0.9991 0.9042
--     498-   529        58                                                                        0.9994 0.9177
--     530-   562        45                                                                        0.9995 0.9266
--     563-   596        19                                                                        0.9997 0.9336
--     597-   631        10                                                                        0.9997 0.9370
--     632-   667         9                                                                        0.9998 0.9388
--     668-   704         4                                                                        0.9998 0.9406
--     705-   742         4                                                                        0.9998 0.9417
--     743-   781         2                                                                        0.9998 0.9424
--     782-   821         2                                                                        0.9998 0.9428
--
--           0 (max occurrences)
--     3310408 (total mers, non-unique)
--      337994 (distinct mers, non-unique)
--           0 (unique mers)
-- Report changed.
-- Finished stage 'meryl-process', reset canuIteration.
--
-- Removing meryl database 'correction/0-mercounts/Sars_cov_2_SRR11178052.ms16'.
--
-- OVERLAPPER (mhap) (correction)
--
-- Set corMhapSensitivity=low based on read coverage of 188.
--
-- PARAMETERS: hashes=256, minMatches=3, threshold=0.8
--
-- Given 5.4 GB, can fit 16200 reads per block.
-- For 2 blocks, set stride to 2 blocks.
-- Logging partitioning to 'correction/1-overlapper/partitioning.log'.
-- Configured 1 mhap precompute jobs.
-- Configured 1 mhap overlap jobs.
-- No change in report.
-- Finished stage 'cor-mhapConfigure', reset canuIteration.
-- No change in report.
--
-- Running jobs.  First attempt out of 2.
----------------------------------------
-- Starting 'cormhap' concurrent execution on Thu Jun  4 02:36:56 2020 with 56.011 GB free disk space (1 processes; 1 concurrently)

    cd correction/1-overlapper
    ./precompute.sh 1 > ./precompute.000001.out 2>&1

-- Finished on Thu Jun  4 02:37:28 2020 (32 seconds) with 55.935 GB free disk space
----------------------------------------
-- All 1 mhap precompute jobs finished successfully.
-- No change in report.
-- Finished stage 'cor-mhapPrecomputeCheck', reset canuIteration.
-- No change in report.
--
-- Running jobs.  First attempt out of 2.
----------------------------------------
-- Starting 'cormhap' concurrent execution on Thu Jun  4 02:37:28 2020 with 55.935 GB free disk space (1 processes; 1 concurrently)

    cd correction/1-overlapper
    ./mhap.sh 1 > ./mhap.000001.out 2>&1

-- Finished on Thu Jun  4 02:39:58 2020 (150 seconds) with 55.879 GB free disk space
----------------------------------------
-- Found 1 mhap overlap output files.
-- No change in report.
-- Finished stage 'cor-mhapCheck', reset canuIteration.
----------------------------------------
-- Starting command on Thu Jun  4 02:39:58 2020 with 55.879 GB free disk space

    cd correction
    /home/matheus/processamento_workflow/canu/Linux-amd64/bin/ovStoreConfig \
     -S ../Sars_cov_2_SRR11178052.seqStore \
     -M 4-8 \
     -L ./1-overlapper/ovljob.files \
     -create ./Sars_cov_2_SRR11178052.ovlStore.config \
     > ./Sars_cov_2_SRR11178052.ovlStore.config.txt \
    2> ./Sars_cov_2_SRR11178052.ovlStore.config.err

-- Finished on Thu Jun  4 02:39:58 2020 (fast as lightning) with 55.879 GB free disk space
----------------------------------------
--
-- Creating overlap store correction/Sars_cov_2_SRR11178052.ovlStore using:
--      1 bucket
--      2 slices
--        using at most 1 GB memory each
-- No change in report.
-- Finished stage 'cor-overlapStoreConfigure', reset canuIteration.
-- No change in report.
--
-- Running jobs.  First attempt out of 2.
----------------------------------------
-- Starting 'ovB' concurrent execution on Thu Jun  4 02:39:58 2020 with 55.879 GB free disk space (1 processes; 2 concurrently)

    cd correction/Sars_cov_2_SRR11178052.ovlStore.BUILDING
    ./scripts/1-bucketize.sh 1 > ./logs/1-bucketize.000001.out 2>&1

-- Finished on Thu Jun  4 02:40:06 2020 (8 seconds) with 55.768 GB free disk space
----------------------------------------
-- Overlap store bucketizer finished.
-- No change in report.
-- Finished stage 'cor-overlapStoreBucketizerCheck', reset canuIteration.
-- No change in report.
--
-- Running jobs.  First attempt out of 2.
----------------------------------------
-- Starting 'ovS' concurrent execution on Thu Jun  4 02:40:06 2020 with 55.768 GB free disk space (2 processes; 1 concurrently)

    cd correction/Sars_cov_2_SRR11178052.ovlStore.BUILDING
    ./scripts/2-sort.sh 1 > ./logs/2-sort.000001.out 2>&1
    ./scripts/2-sort.sh 2 > ./logs/2-sort.000002.out 2>&1

-- Finished on Thu Jun  4 02:40:10 2020 (4 seconds) with 55.729 GB free disk space
----------------------------------------
-- Overlap store sorter finished.
-- No change in report.
-- Finished stage 'cor-overlapStoreSorterCheck', reset canuIteration.
----------------------------------------
-- Starting command on Thu Jun  4 02:40:10 2020 with 55.729 GB free disk space

    cd correction
    /home/matheus/processamento_workflow/canu/Linux-amd64/bin/ovStoreIndexer \
      -O  ./Sars_cov_2_SRR11178052.ovlStore.BUILDING \
      -S ../Sars_cov_2_SRR11178052.seqStore \
      -C  ./Sars_cov_2_SRR11178052.ovlStore.config \
      -delete \
    > ./Sars_cov_2_SRR11178052.ovlStore.BUILDING.index.err 2>&1

-- Finished on Thu Jun  4 02:40:10 2020 (furiously fast) with 55.729 GB free disk space
----------------------------------------
-- Checking store.
----------------------------------------
-- Starting command on Thu Jun  4 02:40:10 2020 with 55.729 GB free disk space

    cd correction
    /home/matheus/processamento_workflow/canu/Linux-amd64/bin/ovStoreDump \
     -S ../Sars_cov_2_SRR11178052.seqStore \
     -O  ./Sars_cov_2_SRR11178052.ovlStore \
     -counts \
     > ./Sars_cov_2_SRR11178052.ovlStore/counts.dat 2> ./Sars_cov_2_SRR11178052.ovlStore/counts.err

-- Finished on Thu Jun  4 02:40:10 2020 (fast as lightning) with 55.729 GB free disk space
----------------------------------------
--
-- Overlap store 'correction/Sars_cov_2_SRR11178052.ovlStore' successfully constructed.
-- Found 8025814 overlaps for 4542 reads; 2 reads have no overlaps.
--
--
-- Purged 0.132 GB in 3 overlap output files.
-- No change in report.
-- Finished stage 'cor-createOverlapStore', reset canuIteration.
-- Set corMinCoverage=4 based on read coverage of 188.
-- Global filter scores will be estimated.
-- Computing correction layouts.
----------------------------------------
-- Starting command on Thu Jun  4 02:40:10 2020 with 55.861 GB free disk space

    cd correction
    /home/matheus/processamento_workflow/canu/Linux-amd64/bin/generateCorrectionLayouts \
      -S ../Sars_cov_2_SRR11178052.seqStore \
      -O  ./Sars_cov_2_SRR11178052.ovlStore \
      -C  ./Sars_cov_2_SRR11178052.corStore.WORKING \
      -eC 80 \
    > ./Sars_cov_2_SRR11178052.corStore.err 2>&1

-- Finished on Thu Jun  4 02:40:11 2020 (one second) with 55.854 GB free disk space
----------------------------------------
-- No change in report.
-- Finished stage 'cor-buildCorrectionLayoutsConfigure', reset canuIteration.
-- Computing correction layouts.
----------------------------------------
-- Starting command on Thu Jun  4 02:40:11 2020 with 55.854 GB free disk space

    cd correction/2-correction
    /home/matheus/processamento_workflow/canu/Linux-amd64/bin/filterCorrectionLayouts \
      -S  ../../Sars_cov_2_SRR11178052.seqStore \
      -C     ../Sars_cov_2_SRR11178052.corStore \
      -R      ./Sars_cov_2_SRR11178052.readsToCorrect.WORKING \
      -cc 4 \
      -cl 1000 \
      -g  30000 \
      -c  40 \
    > ./Sars_cov_2_SRR11178052.readsToCorrect.err 2>&1

-- Finished on Thu Jun  4 02:40:11 2020 (like a bat out of hell) with 55.854 GB free disk space
----------------------------------------
--                             original      original
--                            raw reads     raw reads
--   category                w/overlaps  w/o/overlaps
--   -------------------- ------------- -------------
--   Number of Reads               4491            53
--   Number of Bases            5574036         62009
--   Coverage                   185.801         2.067
--   Median                        1154          1106
--   Mean                          1241          1169
--   N50                           1197          1161
--   Minimum                       1000             0
--   Maximum                       4700          2398
--   
--                                        --------corrected---------  ----------rescued----------
--                             evidence                     expected                     expected
--   category                     reads            raw     corrected            raw     corrected
--   -------------------- -------------  ------------- -------------  ------------- -------------
--   Number of Reads               4456            822           822             60            60
--   Number of Bases            5544376        1290941       1200841          64048         63421
--   Coverage                   184.813         43.031        40.028          2.135         2.114
--   Median                        1159           1469          1389           1062          1056
--   Mean                          1244           1570          1460           1067          1057
--   N50                           1201           1521          1418           1064          1059
--   Minimum                       1000           1254          1253           1007          1002
--   Maximum                       4700           4310          2611           1256          1244
--   
--                        --------uncorrected--------
--                                           expected
--   category                       raw     corrected
--   -------------------- ------------- -------------
--   Number of Reads               3662          3662
--   Number of Bases            4281056       3272591
--   Coverage                   142.702       109.086
--   Median                        1118          1016
--   Mean                          1169           893
--   N50                           1132          1051
--   Minimum                          0             0
--   Maximum                       4700          2926
--   
--   Maximum Memory           567423962
-- Report changed.
-- Finished stage 'cor-filterCorrectionLayouts', reset canuIteration.
-- Using overlaps no worse than 0.5 fraction error for correcting reads (from corErrorRate parameter).
--
-- Configuring correction jobs:
--   Jobs limited to 4 GB per job (via option corMemory).
--   Reads estimated to need at most 1 GB for computation.
--   Leaving 3 GB memory for read data.
----------------------------------------
-- Starting command on Thu Jun  4 02:40:11 2020 with 55.854 GB free disk space

    cd correction/2-correction
    ./correctReadsPartition.sh \
    > ./correctReadsPartition.err 2>&1

-- Finished on Thu Jun  4 02:40:12 2020 (one second) with 55.854 GB free disk space
----------------------------------------
-- Using overlaps no worse than 0.5 fraction error for correcting reads (from corErrorRate parameter).
-- No change in report.
-- Finished stage 'cor-generateCorrectedReadsConfigure', reset canuIteration.
-- No change in report.
--
-- Running jobs.  First attempt out of 2.
----------------------------------------
-- Starting 'cor' concurrent execution on Thu Jun  4 02:40:12 2020 with 55.854 GB free disk space (1 processes; 2 concurrently)

    cd correction/2-correction
    ./correctReads.sh 1 > ./correctReads.000001.out 2>&1

-- Finished on Thu Jun  4 02:40:33 2020 (21 seconds) with 55.85 GB free disk space
----------------------------------------
-- Found 1 read correction output files.
-- No change in report.
-- Finished stage 'cor-generateCorrectedReadsCheck', reset canuIteration.
-- Found 1 read correction output files.
-- No change in report.
-- Finished stage 'cor-generateCorrectedReadsCheck', reset canuIteration.
--
-- Loading corrected reads into corStore and seqStore.
----------------------------------------
-- Starting command on Thu Jun  4 02:40:33 2020 with 55.85 GB free disk space

    cd correction
    /home/matheus/processamento_workflow/canu/Linux-amd64/bin/loadCorrectedReads \
      -S ../Sars_cov_2_SRR11178052.seqStore \
      -C ./Sars_cov_2_SRR11178052.corStore \
      -L ./2-correction/corjob.files \
    >  ./Sars_cov_2_SRR11178052.loadCorrectedReads.log \
    2> ./Sars_cov_2_SRR11178052.loadCorrectedReads.err

-- Finished on Thu Jun  4 02:40:33 2020 (fast as lightning) with 55.849 GB free disk space
----------------------------------------
----------------------------------------
-- Starting command on Thu Jun  4 02:40:33 2020 with 55.849 GB free disk space

    cd .
    /home/matheus/processamento_workflow/canu/Linux-amd64/bin/sqStoreDumpMetaData \
      -S ./Sars_cov_2_SRR11178052.seqStore \
      -corrected \
      -histogram \
      -lengths \
    > ./Sars_cov_2_SRR11178052.seqStore/readlengths-obt.dat \
    2> ./Sars_cov_2_SRR11178052.seqStore/readlengths-obt.err 
    

-- Finished on Thu Jun  4 02:40:33 2020 (like a bat out of hell) with 55.849 GB free disk space
----------------------------------------
----------------------------------------
-- Starting command on Thu Jun  4 02:40:34 2020 with 55.849 GB free disk space

    cd .
    /home/matheus/processamento_workflow/canu/Linux-amd64/bin/sqStoreDumpMetaData \
      -S ./Sars_cov_2_SRR11178052.seqStore \
      -corrected \
      -histogram \
    > ./Sars_cov_2_SRR11178052.seqStore/readlengths-obt.txt \
    2> ./Sars_cov_2_SRR11178052.seqStore/readlengths-obt.err 
    

-- Finished on Thu Jun  4 02:40:34 2020 (furiously fast) with 55.849 GB free disk space
----------------------------------------
--
-- In sequence store './Sars_cov_2_SRR11178052.seqStore':
--   Found 878 reads.
--   Found 1087347 bases (36.24 times coverage).
--    
--    G=1087347                          sum of  ||               length     num
--    NG         length     index       lengths  ||                range    seqs
--    ----- ------------ --------- ------------  ||  ------------------- -------
--    00010         1710        56       108773  ||        304-348             1|-
--    00020         1532       124       218617  ||        349-393             1|-
--    00030         1424       197       326286  ||        394-438             4|---
--    00040         1358       276       436016  ||        439-483             4|---
--    00050         1307       358       544954  ||        484-528             2|--
--    00060         1273       442       653189  ||        529-573             1|-
--    00070         1214       529       761905  ||        574-618             9|------
--    00080         1065       624       870011  ||        619-663             8|-----
--    00090          917       734       979370  ||        664-708            10|------
--    00100          304       877      1087347  ||        709-753            17|-----------
--    001.000x                 878      1087347  ||        754-798            21|-------------
--                                               ||        799-843            24|---------------
--                                               ||        844-888            23|--------------
--                                               ||        889-933            33|--------------------
--                                               ||        934-978            26|----------------
--                                               ||        979-1023           36|----------------------
--                                               ||       1024-1068           36|----------------------
--                                               ||       1069-1113           33|--------------------
--                                               ||       1114-1158           19|------------
--                                               ||       1159-1203           34|---------------------
--                                               ||       1204-1248           44|--------------------------
--                                               ||       1249-1293          107|---------------------------------------------------------------
--                                               ||       1294-1338           86|---------------------------------------------------
--                                               ||       1339-1383           54|--------------------------------
--                                               ||       1384-1428           51|-------------------------------
--                                               ||       1429-1473           32|-------------------
--                                               ||       1474-1518           30|------------------
--                                               ||       1519-1563           22|-------------
--                                               ||       1564-1608           16|----------
--                                               ||       1609-1653           14|---------
--                                               ||       1654-1698           20|------------
--                                               ||       1699-1743           13|--------
--                                               ||       1744-1788            9|------
--                                               ||       1789-1833           12|--------
--                                               ||       1834-1878            4|---
--                                               ||       1879-1923            3|--
--                                               ||       1924-1968            2|--
--                                               ||       1969-2013            2|--
--                                               ||       2014-2058            2|--
--                                               ||       2059-2103            3|--
--                                               ||       2104-2148            1|-
--                                               ||       2149-2193            2|--
--                                               ||       2194-2238            3|--
--                                               ||       2239-2283            2|--
--                                               ||       2284-2328            0|
--                                               ||       2329-2373            0|
--                                               ||       2374-2418            0|
--                                               ||       2419-2463            1|-
--                                               ||       2464-2508            0|
--                                               ||       2509-2553            1|-
--    
--
-- Purging correctReads output after loading into stores.
-- Purged 1 .cns outputs.
-- Purged 2 .out job log outputs.
--
-- Purging overlaps used for correction.
-- Report changed.
-- Finished stage 'cor-loadCorrectedReads', reset canuIteration.
----------------------------------------
-- Starting command on Thu Jun  4 02:40:34 2020 with 56.003 GB free disk space

    cd .
    /home/matheus/processamento_workflow/canu/Linux-amd64/bin/sqStoreDumpFASTQ \
      -corrected \
      -S ./Sars_cov_2_SRR11178052.seqStore \
      -o ./Sars_cov_2_SRR11178052.correctedReads.gz \
      -fasta \
      -nolibname \
    > Sars_cov_2_SRR11178052.correctedReads.fasta.err 2>&1

-- Finished on Thu Jun  4 02:40:34 2020 (like a bat out of hell) with 56.002 GB free disk space
----------------------------------------
--
-- Corrected reads saved in 'Sars_cov_2_SRR11178052.correctedReads.fasta.gz'.
-- No change in report.
-- Finished stage 'cor-dumpCorrectedReads', reset canuIteration.
--
--
-- BEGIN TRIMMING
--
-- No change in report.
----------------------------------------
-- Starting command on Thu Jun  4 02:40:34 2020 with 56.002 GB free disk space

    cd trimming/0-mercounts
    ./meryl-configure.sh \
    > ./meryl-configure.err 2>&1

-- Finished on Thu Jun  4 02:40:34 2020 (fast as lightning) with 56.002 GB free disk space
----------------------------------------
--  segments   memory batches
--  -------- -------- -------
--        01  0.07 GB       1
--
--  For 878 reads with 1087347 bases, limit to 1 batch.
--  Will count kmers using 01 jobs, each using 2 GB and 2 threads.
--
-- No change in report.
-- Finished stage 'merylConfigure', reset canuIteration.
-- No change in report.
--
-- Running jobs.  First attempt out of 2.
----------------------------------------
-- Starting 'meryl' concurrent execution on Thu Jun  4 02:40:34 2020 with 56.002 GB free disk space (1 processes; 2 concurrently)

    cd trimming/0-mercounts
    ./meryl-count.sh 1 > ./meryl-count.000001.out 2>&1

-- Finished on Thu Jun  4 02:40:35 2020 (one second) with 56.001 GB free disk space
----------------------------------------
-- Found 1 Kmer counting (meryl) outputs.
-- No change in report.
-- Finished stage 'obt-merylCountCheck', reset canuIteration.
-- No change in report.
--
-- Running jobs.  First attempt out of 2.
----------------------------------------
-- Starting 'meryl' concurrent execution on Thu Jun  4 02:40:35 2020 with 56.001 GB free disk space (1 processes; 2 concurrently)

    cd trimming/0-mercounts
    ./meryl-process.sh 1 > ./meryl-process.000001.out 2>&1

-- Finished on Thu Jun  4 02:40:36 2020 (one second) with 56.001 GB free disk space
----------------------------------------
-- Meryl finished successfully.  Kmer frequency histogram:
--
--  22-mers                                                                                           Fraction
--    Occurrences   NumMers                                                                         Unique Total
--       1-     1         0                                                                        0.0000 0.0000
--       2-     2     15120 ***************************************************************        0.2532 0.0322
--       3-     4     16690 ********************************************************************** 0.4246 0.0650
--       5-     7      7759 ********************************                                       0.5938 0.1120
--       8-    11      5273 **********************                                                 0.6859 0.1526
--      12-    16      2964 ************                                                           0.7642 0.2037
--      17-    22      2256 *********                                                              0.8065 0.2431
--      23-    29      2203 *********                                                              0.8442 0.2921
--      30-    37      1805 *******                                                                0.8782 0.3499
--      38-    46       509 **                                                                     0.9069 0.4121
--      47-    56       407 *                                                                      0.9147 0.4329
--      57-    67       991 ****                                                                   0.9215 0.4557
--      68-    79       635 **                                                                     0.9385 0.5238
--      80-    92       503 **                                                                     0.9489 0.5727
--      93-   106       477 **                                                                     0.9569 0.6165
--     107-   121       725 ***                                                                    0.9649 0.6679
--     122-   137       676 **                                                                     0.9773 0.7591
--     138-   154       295 *                                                                      0.9885 0.8519
--     155-   172       139                                                                        0.9932 0.8953
--     173-   191       157                                                                        0.9954 0.9184
--     192-   211        78                                                                        0.9980 0.9489
--     212-   232         0                                                                        0.0000 0.0000
--     233-   254         0                                                                        0.0000 0.0000
--     255-   277         0                                                                        0.0000 0.0000
--     278-   301         0                                                                        0.0000 0.0000
--     302-   326         1                                                                        0.9992 0.9647
--     327-   352         1                                                                        0.9992 0.9651
--     353-   379         0                                                                        0.0000 0.0000
--     380-   407         1                                                                        0.9993 0.9655
--     408-   436         0                                                                        0.0000 0.0000
--     437-   466         5                                                                        0.9993 0.9660
--     467-   497         2                                                                        0.9994 0.9685
--     498-   529         3                                                                        0.9994 0.9695
--     530-   562         2                                                                        0.9994 0.9712
--     563-   596         3                                                                        0.9995 0.9724
--     597-   631         0                                                                        0.0000 0.0000
--     632-   667         2                                                                        0.9995 0.9743
--     668-   704         2                                                                        0.9996 0.9758
--     705-   742         3                                                                        0.9996 0.9773
--     743-   781         0                                                                        0.0000 0.0000
--     782-   821         1                                                                        0.9996 0.9797
--
--           0 (max occurrences)
--      937761 (total mers, non-unique)
--       59709 (distinct mers, non-unique)
--           0 (unique mers)
-- Report changed.
-- Finished stage 'meryl-process', reset canuIteration.
--
-- Removing meryl database 'trimming/0-mercounts/Sars_cov_2_SRR11178052.ms22'.
--
-- OVERLAPPER (normal) (trimming) erate=0.12
--
----------------------------------------
-- Starting command on Thu Jun  4 02:40:36 2020 with 56.002 GB free disk space

    cd trimming/1-overlapper
    /home/matheus/processamento_workflow/canu/Linux-amd64/bin/overlapInCorePartition \
     -S  ../../Sars_cov_2_SRR11178052.seqStore \
     -hl 80000000 \
     -rl 1000000000 \
     -ol 500 \
     -o  ./Sars_cov_2_SRR11178052.partition \
    > ./Sars_cov_2_SRR11178052.partition.err 2>&1

-- Finished on Thu Jun  4 02:40:36 2020 (furiously fast) with 56.002 GB free disk space
----------------------------------------
--
-- Configured 1 overlapInCore jobs.
-- No change in report.
-- Finished stage 'obt-overlapConfigure', reset canuIteration.
-- No change in report.
--
-- Running jobs.  First attempt out of 2.
----------------------------------------
-- Starting 'obtovl' concurrent execution on Thu Jun  4 02:40:36 2020 with 56.002 GB free disk space (1 processes; 1 concurrently)

    cd trimming/1-overlapper
    ./overlap.sh 1 > ./overlap.000001.out 2>&1

-- Finished on Thu Jun  4 02:40:43 2020 (7 seconds) with 56.002 GB free disk space
----------------------------------------
-- Found 1 overlapInCore output files.
--
-- overlapInCore compute 'trimming/1-overlapper':
--   kmer hits
--     with no overlap           450099      450099 +- 0
--     with an overlap            43554       43554 +- 0
--
--   overlaps                     43551       43551 +- 0
--     contained                      0           0 +- 0
--     dovetail                       0           0 +- 0
--
--   overlaps rejected
--     multiple per pair              0           0 +- 0
--     bad short window               0           0 +- 0
--     bad long window                0           0 +- 0
-- No change in report.
-- Finished stage 'obt-overlapCheck', reset canuIteration.
----------------------------------------
-- Starting command on Thu Jun  4 02:40:43 2020 with 56.002 GB free disk space

    cd trimming
    /home/matheus/processamento_workflow/canu/Linux-amd64/bin/ovStoreConfig \
     -S ../Sars_cov_2_SRR11178052.seqStore \
     -M 3 \
     -L ./1-overlapper/ovljob.files \
     -create ./Sars_cov_2_SRR11178052.ovlStore.config \
     > ./Sars_cov_2_SRR11178052.ovlStore.config.txt \
    2> ./Sars_cov_2_SRR11178052.ovlStore.config.err

-- Finished on Thu Jun  4 02:40:43 2020 (furiously fast) with 56.002 GB free disk space
----------------------------------------
--
-- Creating overlap store trimming/Sars_cov_2_SRR11178052.ovlStore using:
--      1 bucket
--      2 slices
--        using at most 1 GB memory each
-- No change in report.
-- Finished stage 'obt-overlapStoreConfigure', reset canuIteration.
-- No change in report.
--
-- Running jobs.  First attempt out of 2.
----------------------------------------
-- Starting 'ovB' concurrent execution on Thu Jun  4 02:40:43 2020 with 56.002 GB free disk space (1 processes; 2 concurrently)

    cd trimming/Sars_cov_2_SRR11178052.ovlStore.BUILDING
    ./scripts/1-bucketize.sh 1 > ./logs/1-bucketize.000001.out 2>&1

-- Finished on Thu Jun  4 02:40:44 2020 (one second) with 56 GB free disk space
----------------------------------------
-- Overlap store bucketizer finished.
-- No change in report.
-- Finished stage 'obt-overlapStoreBucketizerCheck', reset canuIteration.
-- No change in report.
--
-- Running jobs.  First attempt out of 2.
----------------------------------------
-- Starting 'ovS' concurrent execution on Thu Jun  4 02:40:44 2020 with 56 GB free disk space (2 processes; 1 concurrently)

    cd trimming/Sars_cov_2_SRR11178052.ovlStore.BUILDING
    ./scripts/2-sort.sh 1 > ./logs/2-sort.000001.out 2>&1
    ./scripts/2-sort.sh 2 > ./logs/2-sort.000002.out 2>&1

-- Finished on Thu Jun  4 02:40:45 2020 (one second) with 55.999 GB free disk space
----------------------------------------
-- Overlap store sorter finished.
-- No change in report.
-- Finished stage 'obt-overlapStoreSorterCheck', reset canuIteration.
----------------------------------------
-- Starting command on Thu Jun  4 02:40:45 2020 with 55.999 GB free disk space

    cd trimming
    /home/matheus/processamento_workflow/canu/Linux-amd64/bin/ovStoreIndexer \
      -O  ./Sars_cov_2_SRR11178052.ovlStore.BUILDING \
      -S ../Sars_cov_2_SRR11178052.seqStore \
      -C  ./Sars_cov_2_SRR11178052.ovlStore.config \
      -delete \
    > ./Sars_cov_2_SRR11178052.ovlStore.BUILDING.index.err 2>&1

-- Finished on Thu Jun  4 02:40:45 2020 (in the blink of an eye) with 55.999 GB free disk space
----------------------------------------
-- Checking store.
----------------------------------------
-- Starting command on Thu Jun  4 02:40:45 2020 with 55.999 GB free disk space

    cd trimming
    /home/matheus/processamento_workflow/canu/Linux-amd64/bin/ovStoreDump \
     -S ../Sars_cov_2_SRR11178052.seqStore \
     -O  ./Sars_cov_2_SRR11178052.ovlStore \
     -counts \
     > ./Sars_cov_2_SRR11178052.ovlStore/counts.dat 2> ./Sars_cov_2_SRR11178052.ovlStore/counts.err

-- Finished on Thu Jun  4 02:40:45 2020 (furiously fast) with 55.999 GB free disk space
----------------------------------------
--
-- Overlap store 'trimming/Sars_cov_2_SRR11178052.ovlStore' successfully constructed.
-- Found 87108 overlaps for 849 reads; 3695 reads have no overlaps.
--
--
-- Purged 0 GB in 3 overlap output files.
-- No change in report.
-- Finished stage 'obt-createOverlapStore', reset canuIteration.
----------------------------------------
-- Starting command on Thu Jun  4 02:40:45 2020 with 56 GB free disk space

    cd trimming/3-overlapbasedtrimming
    /home/matheus/processamento_workflow/canu/Linux-amd64/bin/trimReads \
      -S  ../../Sars_cov_2_SRR11178052.seqStore \
      -O  ../Sars_cov_2_SRR11178052.ovlStore \
      -Co ./Sars_cov_2_SRR11178052.1.trimReads.clear \
      -e  0.12 \
      -minlength 1000 \
      -ol 500 \
      -oc 2 \
      -o  ./Sars_cov_2_SRR11178052.1.trimReads \
    >     ./Sars_cov_2_SRR11178052.1.trimReads.err 2>&1

-- Finished on Thu Jun  4 02:40:45 2020 (like a bat out of hell) with 56 GB free disk space
----------------------------------------
--  PARAMETERS:
--  ----------
--     1000    (reads trimmed below this many bases are deleted)
--   0.1200    (use overlaps at or below this fraction error)
--      500    (break region if overlap is less than this long, for 'largest covered' algorithm)
--        2    (break region if overlap coverage is less than this many reads, for 'largest covered' algorithm)
--  
--  INPUT READS:
--  -----------
--    4544 reads      1087347 bases (reads processed)
--       0 reads            0 bases (reads not processed, previously deleted)
--       0 reads            0 bases (reads not processed, in a library where trimming isn't allowed)
--  
--  OUTPUT READS:
--  ------------
--     457 reads       585706 bases (trimmed reads output)
--      89 reads       118755 bases (reads with no change, kept as is)
--    3695 reads        22421 bases (reads with no overlaps, deleted)
--     303 reads       309155 bases (reads with short trimmed length, deleted)
--  
--  TRIMMING DETAILS:
--  ----------------
--     294 reads        17788 bases (bases trimmed from the 5' end of a read)
--     376 reads        33522 bases (bases trimmed from the 3' end of a read)
-- Report changed.
-- Finished stage 'obt-trimReads', reset canuIteration.
----------------------------------------
-- Starting command on Thu Jun  4 02:40:45 2020 with 56 GB free disk space

    cd trimming/3-overlapbasedtrimming
    /home/matheus/processamento_workflow/canu/Linux-amd64/bin/splitReads \
      -S  ../../Sars_cov_2_SRR11178052.seqStore \
      -O  ../Sars_cov_2_SRR11178052.ovlStore \
      -Ci ./Sars_cov_2_SRR11178052.1.trimReads.clear \
      -Co ./Sars_cov_2_SRR11178052.2.splitReads.clear \
      -e  0.12 \
      -minlength 1000 \
      -o  ./Sars_cov_2_SRR11178052.2.splitReads \
    >     ./Sars_cov_2_SRR11178052.2.splitReads.err 2>&1

-- Finished on Thu Jun  4 02:40:45 2020 (like a bat out of hell) with 56 GB free disk space
----------------------------------------
--  PARAMETERS:
--  ----------
--     1000    (reads trimmed below this many bases are deleted)
--   0.1200    (use overlaps at or below this fraction error)
--  INPUT READS:
--  -----------
--     546 reads       755771 bases (reads processed)
--    3998 reads       331576 bases (reads not processed, previously deleted)
--       0 reads            0 bases (reads not processed, in a library where trimming isn't allowed)
--  
--  PROCESSED:
--  --------
--       0 reads            0 bases (no overlaps)
--       0 reads            0 bases (no coverage after adjusting for trimming done already)
--       0 reads            0 bases (processed for chimera)
--       0 reads            0 bases (processed for spur)
--     546 reads       755771 bases (processed for subreads)
--  
--  READS WITH SIGNALS:
--  ------------------
--       0 reads            0 signals (number of 5' spur signal)
--       0 reads            0 signals (number of 3' spur signal)
--       0 reads            0 signals (number of chimera signal)
--      12 reads           12 signals (number of subread signal)
--  
--  SIGNALS:
--  -------
--       0 reads            0 bases (size of 5' spur signal)
--       0 reads            0 bases (size of 3' spur signal)
--       0 reads            0 bases (size of chimera signal)
--      12 reads         1012 bases (size of subread signal)
--  
--  TRIMMING:
--  --------
--       1 reads          654 bases (trimmed from the 5' end of the read)
--      11 reads         7911 bases (trimmed from the 3' end of the read)
-- Report changed.
-- Finished stage 'obt-splitReads', reset canuIteration.
----------------------------------------
-- Starting command on Thu Jun  4 02:40:45 2020 with 56 GB free disk space

    cd trimming/3-overlapbasedtrimming
    /home/matheus/processamento_workflow/canu/Linux-amd64/bin/loadTrimmedReads \
      -S ../../Sars_cov_2_SRR11178052.seqStore \
      -c ./Sars_cov_2_SRR11178052.2.splitReads.clear \
    > ./Sars_cov_2_SRR11178052.loadTrimmedReads.err 2>&1

-- Finished on Thu Jun  4 02:40:45 2020 (like a bat out of hell) with 56 GB free disk space
----------------------------------------
----------------------------------------
-- Starting command on Thu Jun  4 02:40:45 2020 with 56 GB free disk space

    cd .
    /home/matheus/processamento_workflow/canu/Linux-amd64/bin/sqStoreDumpMetaData \
      -S ./Sars_cov_2_SRR11178052.seqStore \
      -corrected -trimmed \
      -histogram \
      -lengths \
    > ./Sars_cov_2_SRR11178052.seqStore/readlengths-utg.dat \
    2> ./Sars_cov_2_SRR11178052.seqStore/readlengths-utg.err 
    

-- Finished on Thu Jun  4 02:40:45 2020 (like a bat out of hell) with 56 GB free disk space
----------------------------------------
----------------------------------------
-- Starting command on Thu Jun  4 02:40:45 2020 with 56 GB free disk space

    cd .
    /home/matheus/processamento_workflow/canu/Linux-amd64/bin/sqStoreDumpMetaData \
      -S ./Sars_cov_2_SRR11178052.seqStore \
      -corrected -trimmed \
      -histogram \
    > ./Sars_cov_2_SRR11178052.seqStore/readlengths-utg.txt \
    2> ./Sars_cov_2_SRR11178052.seqStore/readlengths-utg.err 
    

-- Finished on Thu Jun  4 02:40:45 2020 (lickety-split) with 56 GB free disk space
----------------------------------------
--
-- In sequence store './Sars_cov_2_SRR11178052.seqStore':
--   Found 534 reads.
--   Found 685941 bases (22.86 times coverage).
--    
--    G=685941                           sum of  ||               length     num
--    NG         length     index       lengths  ||                range    seqs
--    ----- ------------ --------- ------------  ||  ------------------- -------
--    00010         1623        38        70078  ||       1000-1025           33|--------------------------------------------------
--    00020         1443        83       138340  ||       1026-1051           22|---------------------------------
--    00030         1362       132       206741  ||       1052-1077           27|-----------------------------------------
--    00040         1317       183       274844  ||       1078-1103           17|--------------------------
--    00050         1285       236       343732  ||       1104-1129           23|-----------------------------------
--    00060         1252       290       412211  ||       1130-1155           19|-----------------------------
--    00070         1198       346       480847  ||       1156-1181           26|---------------------------------------
--    00080         1147       404       548816  ||       1182-1207           29|--------------------------------------------
--    00090         1060       467       618080  ||       1208-1233           25|--------------------------------------
--    00100         1000       533       685941  ||       1234-1259           37|--------------------------------------------------------
--    001.000x                 534       685941  ||       1260-1285           42|---------------------------------------------------------------
--                                               ||       1286-1311           41|--------------------------------------------------------------
--                                               ||       1312-1337           40|------------------------------------------------------------
--                                               ||       1338-1363           22|---------------------------------
--                                               ||       1364-1389           23|-----------------------------------
--                                               ||       1390-1415           13|--------------------
--                                               ||       1416-1441           10|---------------
--                                               ||       1442-1467           13|--------------------
--                                               ||       1468-1493            6|---------
--                                               ||       1494-1519            8|------------
--                                               ||       1520-1545            5|--------
--                                               ||       1546-1571            5|--------
--                                               ||       1572-1597            5|--------
--                                               ||       1598-1623            5|--------
--                                               ||       1624-1649            2|---
--                                               ||       1650-1675            5|--------
--                                               ||       1676-1701            4|------
--                                               ||       1702-1727            3|-----
--                                               ||       1728-1753            2|---
--                                               ||       1754-1779            4|------
--                                               ||       1780-1805            7|-----------
--                                               ||       1806-1831            3|-----
--                                               ||       1832-1857            1|--
--                                               ||       1858-1883            0|
--                                               ||       1884-1909            0|
--                                               ||       1910-1935            0|
--                                               ||       1936-1961            1|--
--                                               ||       1962-1987            0|
--                                               ||       1988-2013            2|---
--                                               ||       2014-2039            0|
--                                               ||       2040-2065            1|--
--                                               ||       2066-2091            0|
--                                               ||       2092-2117            0|
--                                               ||       2118-2143            2|---
--                                               ||       2144-2169            0|
--                                               ||       2170-2195            0|
--                                               ||       2196-2221            0|
--                                               ||       2222-2247            0|
--                                               ||       2248-2273            0|
--                                               ||       2274-2299            1|--
--    
--
-- Purging overlaps used for trimming.
-- Report changed.
-- Finished stage 'obt-dumpReads', reset canuIteration.
----------------------------------------
-- Starting command on Thu Jun  4 02:40:45 2020 with 56.002 GB free disk space

    cd .
    /home/matheus/processamento_workflow/canu/Linux-amd64/bin/sqStoreDumpFASTQ \
      -trimmed \
      -S ./Sars_cov_2_SRR11178052.seqStore \
      -o ./Sars_cov_2_SRR11178052.trimmedReads.gz \
      -fasta \
      -trimmed -normal -nolibname \
    > ./Sars_cov_2_SRR11178052.trimmedReads.fasta.err 2>&1

-- Finished on Thu Jun  4 02:40:45 2020 (in the blink of an eye) with 56.001 GB free disk space
----------------------------------------
--
-- Trimmed reads saved in 'Sars_cov_2_SRR11178052.trimmedReads.fasta.gz'.
-- No change in report.
-- Finished stage 'cor-dumpTrimmedReads', reset canuIteration.
--
--
-- BEGIN ASSEMBLY
--
-- No change in report.
----------------------------------------
-- Starting command on Thu Jun  4 02:40:46 2020 with 56.001 GB free disk space

    cd unitigging/0-mercounts
    ./meryl-configure.sh \
    > ./meryl-configure.err 2>&1

-- Finished on Thu Jun  4 02:40:46 2020 (furiously fast) with 56.001 GB free disk space
----------------------------------------
--  segments   memory batches
--  -------- -------- -------
--        01  0.07 GB       1
--
--  For 534 reads with 685941 bases, limit to 1 batch.
--  Will count kmers using 01 jobs, each using 2 GB and 2 threads.
--
-- No change in report.
-- Finished stage 'merylConfigure', reset canuIteration.
-- No change in report.
--
-- Running jobs.  First attempt out of 2.
----------------------------------------
-- Starting 'meryl' concurrent execution on Thu Jun  4 02:40:46 2020 with 56.001 GB free disk space (1 processes; 2 concurrently)

    cd unitigging/0-mercounts
    ./meryl-count.sh 1 > ./meryl-count.000001.out 2>&1

-- Finished on Thu Jun  4 02:40:47 2020 (one second) with 56 GB free disk space
----------------------------------------
-- Found 1 Kmer counting (meryl) outputs.
-- No change in report.
-- Finished stage 'utg-merylCountCheck', reset canuIteration.
-- No change in report.
--
-- Running jobs.  First attempt out of 2.
----------------------------------------
-- Starting 'meryl' concurrent execution on Thu Jun  4 02:40:47 2020 with 56 GB free disk space (1 processes; 2 concurrently)

    cd unitigging/0-mercounts
    ./meryl-process.sh 1 > ./meryl-process.000001.out 2>&1

-- Finished on Thu Jun  4 02:40:48 2020 (one second) with 56 GB free disk space
----------------------------------------
-- Meryl finished successfully.  Kmer frequency histogram:
--
--  22-mers                                                                                           Fraction
--    Occurrences   NumMers                                                                         Unique Total
--       1-     1         0                                                                        0.0000 0.0000
--       2-     2      9716 ***********************************************************            0.2190 0.0308
--       3-     4     11400 ********************************************************************** 0.3874 0.0663
--       5-     7      6356 ***************************************                                0.5193 0.1065
--       8-    11      4299 **************************                                             0.6410 0.1637
--      12-    16      2334 **************                                                         0.7237 0.2213
--      17-    22      2719 ****************                                                       0.7792 0.2790
--      23-    29      1888 ***********                                                            0.8414 0.3689
--      30-    37       836 *****                                                                  0.8776 0.4363
--      38-    46       465 **                                                                     0.8926 0.4721
--      47-    56      1389 ********                                                               0.9032 0.5043
--      57-    67       934 *****                                                                  0.9350 0.6206
--      68-    79       821 *****                                                                  0.9552 0.7090
--      80-    92       576 ***                                                                    0.9738 0.8068
--      93-   106       347 **                                                                     0.9864 0.8833
--     107-   121       242 *                                                                      0.9940 0.9369
--     122-   137         0                                                                        0.0000 0.0000
--     138-   154         0                                                                        0.0000 0.0000
--     155-   172         1                                                                        0.9990 0.9763
--     173-   191         7                                                                        0.9990 0.9768
--     192-   211         2                                                                        0.9992 0.9786
--     212-   232         4                                                                        0.9992 0.9796
--     233-   254         3                                                                        0.9993 0.9807
--     255-   277         1                                                                        0.9994 0.9820
--     278-   301         2                                                                        0.9994 0.9824
--     302-   326         4                                                                        0.9994 0.9834
--     327-   352         0                                                                        0.0000 0.0000
--     353-   379         0                                                                        0.0000 0.0000
--     380-   407         1                                                                        0.9995 0.9855
--     408-   436        11                                                                        0.9995 0.9862
--     437-   466        10                                                                        0.9998 0.9936
--
--           0 (max occurrences)
--      631088 (total mers, non-unique)
--       44368 (distinct mers, non-unique)
--           0 (unique mers)
-- Report changed.
-- Finished stage 'meryl-process', reset canuIteration.
--
-- Removing meryl database 'unitigging/0-mercounts/Sars_cov_2_SRR11178052.ms22'.
--
-- OVERLAPPER (normal) (assembly) erate=0.12
--
----------------------------------------
-- Starting command on Thu Jun  4 02:40:48 2020 with 56.001 GB free disk space

    cd unitigging/1-overlapper
    /home/matheus/processamento_workflow/canu/Linux-amd64/bin/overlapInCorePartition \
     -S  ../../Sars_cov_2_SRR11178052.seqStore \
     -hl 80000000 \
     -rl 1000000000 \
     -ol 500 \
     -o  ./Sars_cov_2_SRR11178052.partition \
    > ./Sars_cov_2_SRR11178052.partition.err 2>&1

-- Finished on Thu Jun  4 02:40:48 2020 (lickety-split) with 56.001 GB free disk space
----------------------------------------
--
-- Configured 1 overlapInCore jobs.
-- No change in report.
-- Finished stage 'utg-overlapConfigure', reset canuIteration.
-- No change in report.
--
-- Running jobs.  First attempt out of 2.
----------------------------------------
-- Starting 'utgovl' concurrent execution on Thu Jun  4 02:40:48 2020 with 56.001 GB free disk space (1 processes; 1 concurrently)

    cd unitigging/1-overlapper
    ./overlap.sh 1 > ./overlap.000001.out 2>&1

-- Finished on Thu Jun  4 02:40:51 2020 (3 seconds) with 56.001 GB free disk space
----------------------------------------
-- Found 1 overlapInCore output files.
--
-- overlapInCore compute 'unitigging/1-overlapper':
--   kmer hits
--     with no overlap           103963      103963 +- 0
--     with an overlap            16446       16446 +- 0
--
--   overlaps                     16446       16446 +- 0
--     contained                   5397        5397 +- 0
--     dovetail                   11049       11049 +- 0
--
--   overlaps rejected
--     multiple per pair              0           0 +- 0
--     bad short window               0           0 +- 0
--     bad long window                0           0 +- 0
-- No change in report.
-- Finished stage 'utg-overlapCheck', reset canuIteration.
----------------------------------------
-- Starting command on Thu Jun  4 02:40:51 2020 with 56.001 GB free disk space

    cd unitigging
    /home/matheus/processamento_workflow/canu/Linux-amd64/bin/ovStoreConfig \
     -S ../Sars_cov_2_SRR11178052.seqStore \
     -M 3 \
     -L ./1-overlapper/ovljob.files \
     -create ./Sars_cov_2_SRR11178052.ovlStore.config \
     > ./Sars_cov_2_SRR11178052.ovlStore.config.txt \
    2> ./Sars_cov_2_SRR11178052.ovlStore.config.err

-- Finished on Thu Jun  4 02:40:51 2020 (like a bat out of hell) with 56.001 GB free disk space
----------------------------------------
--
-- Creating overlap store unitigging/Sars_cov_2_SRR11178052.ovlStore using:
--      1 bucket
--      2 slices
--        using at most 1 GB memory each
-- No change in report.
-- Finished stage 'utg-overlapStoreConfigure', reset canuIteration.
-- No change in report.
--
-- Running jobs.  First attempt out of 2.
----------------------------------------
-- Starting 'ovB' concurrent execution on Thu Jun  4 02:40:51 2020 with 56.001 GB free disk space (1 processes; 2 concurrently)

    cd unitigging/Sars_cov_2_SRR11178052.ovlStore.BUILDING
    ./scripts/1-bucketize.sh 1 > ./logs/1-bucketize.000001.out 2>&1

-- Finished on Thu Jun  4 02:40:52 2020 (one second) with 56 GB free disk space
----------------------------------------
-- Overlap store bucketizer finished.
-- No change in report.
-- Finished stage 'utg-overlapStoreBucketizerCheck', reset canuIteration.
-- No change in report.
--
-- Running jobs.  First attempt out of 2.
----------------------------------------
-- Starting 'ovS' concurrent execution on Thu Jun  4 02:40:52 2020 with 56 GB free disk space (2 processes; 1 concurrently)

    cd unitigging/Sars_cov_2_SRR11178052.ovlStore.BUILDING
    ./scripts/2-sort.sh 1 > ./logs/2-sort.000001.out 2>&1
    ./scripts/2-sort.sh 2 > ./logs/2-sort.000002.out 2>&1

-- Finished on Thu Jun  4 02:40:52 2020 (lickety-split) with 56 GB free disk space
----------------------------------------
-- Overlap store sorter finished.
-- No change in report.
-- Finished stage 'utg-overlapStoreSorterCheck', reset canuIteration.
----------------------------------------
-- Starting command on Thu Jun  4 02:40:52 2020 with 56 GB free disk space

    cd unitigging
    /home/matheus/processamento_workflow/canu/Linux-amd64/bin/ovStoreIndexer \
      -O  ./Sars_cov_2_SRR11178052.ovlStore.BUILDING \
      -S ../Sars_cov_2_SRR11178052.seqStore \
      -C  ./Sars_cov_2_SRR11178052.ovlStore.config \
      -delete \
    > ./Sars_cov_2_SRR11178052.ovlStore.BUILDING.index.err 2>&1

-- Finished on Thu Jun  4 02:40:53 2020 (one second) with 56 GB free disk space
----------------------------------------
-- Checking store.
----------------------------------------
-- Starting command on Thu Jun  4 02:40:53 2020 with 56 GB free disk space

    cd unitigging
    /home/matheus/processamento_workflow/canu/Linux-amd64/bin/ovStoreDump \
     -S ../Sars_cov_2_SRR11178052.seqStore \
     -O  ./Sars_cov_2_SRR11178052.ovlStore \
     -counts \
     > ./Sars_cov_2_SRR11178052.ovlStore/counts.dat 2> ./Sars_cov_2_SRR11178052.ovlStore/counts.err

-- Finished on Thu Jun  4 02:40:53 2020 (like a bat out of hell) with 56 GB free disk space
----------------------------------------
--
-- Overlap store 'unitigging/Sars_cov_2_SRR11178052.ovlStore' successfully constructed.
-- Found 32892 overlaps for 534 reads; 4010 reads have no overlaps.
--
--
-- Purged 0 GB in 3 overlap output files.
----------------------------------------
-- Starting command on Thu Jun  4 02:40:53 2020 with 56 GB free disk space

    cd unitigging
    /home/matheus/processamento_workflow/canu/Linux-amd64/bin/ovStoreStats \
     -C 22 \
     -S ../Sars_cov_2_SRR11178052.seqStore \
     -O  ./Sars_cov_2_SRR11178052.ovlStore \
     -o  ./Sars_cov_2_SRR11178052.ovlStore \
     > ./Sars_cov_2_SRR11178052.ovlStore.summary.err 2>&1

-- Finished on Thu Jun  4 02:40:53 2020 (like a bat out of hell) with 56 GB free disk space
----------------------------------------
--
-- Overlap store 'unitigging/Sars_cov_2_SRR11178052.ovlStore' contains:
--
--   category            reads     %          read length        feature size or coverage  analysis
--   ----------------  -------  -------  ----------------------  ------------------------  --------------------
--   middle-missing          0    0.00        0.00 +- 0.00             0.00 +- 0.00       (bad trimming)
--   middle-hump             1    0.19     1406.00 +- 0.00             0.00 +- 0.00       (bad trimming)
--   no-5-prime             14    2.62     1512.29 +- 236.91          28.29 +- 86.46      (bad trimming)
--   no-3-prime              9    1.69     1586.11 +- 297.72          23.33 +- 45.29      (bad trimming)
--   
--   low-coverage           38    7.12     1195.08 +- 147.49           3.25 +- 1.66       (easy to assemble, potential for lower quality consensus)
--   unique                 63   11.80     1276.63 +- 150.94          21.08 +- 5.16       (easy to assemble, perfect, yay)
--   repeat-cont            95   17.79     1202.25 +- 182.46          87.89 +- 20.19      (potential for consensus errors, no impact on assembly)
--   repeat-dove             1    0.19     2276.00 +- 0.00            65.02 +- 12.36      (hard to assemble, likely won't assemble correctly or even at all)
--   
--   span-repeat            64   11.99     1433.70 +- 201.33        1141.55 +- 355.20     (read spans a large repeat, usually easy to assemble)
--   uniq-repeat-cont      234   43.82     1241.85 +- 141.27                              (should be uniquely placed, low potential for consensus errors, no impact on assembly)
--   uniq-repeat-dove       15    2.81     1627.20 +- 253.68                              (will end contigs, potential to misassemble)
--   uniq-anchor             0    0.00        0.00 +- 0.00             0.00 +- 0.00       (repeat read, with unique section, probable bad read)
-- Report changed.
-- Finished stage 'utg-createOverlapStore', reset canuIteration.
--
-- Loading read lengths.
-- Loading number of overlaps per read.
--
-- Configure RED for 4gb memory.
--                   Batches of at most (unlimited) reads.
--                                      500000000 bases.
--                   Expecting evidence of at most 536870912 bases per iteration.
--
--           Total                                               Reads                 Olaps Evidence
--    Job   Memory      Read Range         Reads        Bases   Memory        Olaps   Memory   Memory  (Memory in MB)
--   ---- -------- ------------------- --------- ------------ -------- ------------ -------- --------
--      1  3198.96         1-4544            878      1036778   126.59        32892     0.38  1024.00
--   ---- -------- ------------------- --------- ------------ -------- ------------ -------- --------
--                                                    1036778                 32892
-- No change in report.
-- Finished stage 'readErrorDetectionConfigure', reset canuIteration.
-- No change in report.
--
-- Running jobs.  First attempt out of 2.
----------------------------------------
-- Starting 'red' concurrent execution on Thu Jun  4 02:40:53 2020 with 56 GB free disk space (1 processes; 2 concurrently)

    cd unitigging/3-overlapErrorAdjustment
    ./red.sh 1 > ./red.000001.out 2>&1

-- Finished on Thu Jun  4 02:40:54 2020 (one second) with 56 GB free disk space
----------------------------------------
-- Found 1 read error detection output files.
-- No change in report.
-- Finished stage 'readErrorDetectionCheck', reset canuIteration.
--
-- Loading read lengths.
-- Loading number of overlaps per read.
--
-- Configure OEA for 4gb memory.
--                   Batches of at most (unlimited) reads.
--                                      300000000 bases.
--
--           Total                                               Reads                 Olaps  Adjusts
--    Job   Memory      Read Range         Reads        Bases   Memory        Olaps   Memory   Memory  (Memory in MB)
--   ---- -------- ------------------- --------- ------------ -------- ------------ -------- --------
--      1  2378.29         1-4544            878      1036778     9.02        32892     1.00   320.27
--   ---- -------- ------------------- --------- ------------ -------- ------------ -------- --------
--                                                    1036778                 32892
-- No change in report.
-- Finished stage 'overlapErrorAdjustmentConfigure', reset canuIteration.
-- No change in report.
--
-- Running jobs.  First attempt out of 2.
----------------------------------------
-- Starting 'oea' concurrent execution on Thu Jun  4 02:40:54 2020 with 56 GB free disk space (1 processes; 2 concurrently)

    cd unitigging/3-overlapErrorAdjustment
    ./oea.sh 1 > ./oea.000001.out 2>&1

-- Finished on Thu Jun  4 02:40:55 2020 (one second) with 56 GB free disk space
----------------------------------------
-- Found 1 overlap error adjustment output files.
-- No change in report.
-- Finished stage 'overlapErrorAdjustmentCheck', reset canuIteration.
----------------------------------------
-- Starting command on Thu Jun  4 02:40:55 2020 with 56 GB free disk space

    cd unitigging/3-overlapErrorAdjustment
    /home/matheus/processamento_workflow/canu/Linux-amd64/bin/loadErates \
      -S ../../Sars_cov_2_SRR11178052.seqStore \
      -O ../Sars_cov_2_SRR11178052.ovlStore \
      -L ./oea.files \
    > ./oea.apply.err 2>&1

-- Finished on Thu Jun  4 02:40:55 2020 (furiously fast) with 56 GB free disk space
----------------------------------------
-- No report available.
-- Report changed.
-- Finished stage 'updateOverlapStore', reset canuIteration.
-- Finished stage 'unitig', reset canuIteration.
-- No change in report.
-- No change in report.
--
-- Running jobs.  First attempt out of 2.
----------------------------------------
-- Starting 'bat' concurrent execution on Thu Jun  4 02:40:55 2020 with 56 GB free disk space (1 processes; 1 concurrently)

    cd unitigging/4-unitigger
    ./unitigger.sh 1 > ./unitigger.000001.out 2>&1

-- Finished on Thu Jun  4 02:40:56 2020 (one second) with 56 GB free disk space
----------------------------------------
-- Unitigger finished successfully.
-- Found, in version 1, after unitig construction:
--   contigs:      8 sequences, total length 20065 bp (including 0 repeats of total length 0 bp).
--   bubbles:      0 sequences, total length 0 bp.
--   unassembled:  150 sequences, total length 185890 bp.
--
-- Contig sizes based on genome size 30kbp:
--
--            NG (bp)  LG (contigs)    sum (bp)
--         ----------  ------------  ----------
--     10        3044             1        3044
--     20        3033             2        6077
--     30        2766             4       11660
--     40        2380             5       14040
--     50        2357             6       16397
--     60        2261             7       18658
--
-- Report changed.
-- Finished stage 'unitigCheck', reset canuIteration.
----------------------------------------
-- Starting command on Thu Jun  4 02:40:56 2020 with 56 GB free disk space

    cd unitigging
    /home/matheus/processamento_workflow/canu/Linux-amd64/bin/utgcns \
      -S ../Sars_cov_2_SRR11178052.seqStore \
      -T  ./Sars_cov_2_SRR11178052.ctgStore 1 \
      -partition 0.8 1 0.1 \
    > ./Sars_cov_2_SRR11178052.ctgStore/partitioning.log 2>&1

-- Finished on Thu Jun  4 02:40:56 2020 (like a bat out of hell) with 55.999 GB free disk space
----------------------------------------
----------------------------------------
-- Starting command on Thu Jun  4 02:40:56 2020 with 55.999 GB free disk space

    cd unitigging
    /home/matheus/processamento_workflow/canu/Linux-amd64/bin/utgcns \
      -S ../Sars_cov_2_SRR11178052.seqStore \
      -T  ./Sars_cov_2_SRR11178052.utgStore 1 \
      -partition 0.8 1 0.1 \
    > ./Sars_cov_2_SRR11178052.utgStore/partitioning.log 2>&1

-- Finished on Thu Jun  4 02:40:56 2020 (lickety-split) with 55.999 GB free disk space
----------------------------------------
-- Using slow alignment for consensus (iteration '0').
-- Configured 4 contig and 3 unitig consensus jobs.
-- No change in report.
-- Finished stage 'consensusConfigure', reset canuIteration.
--
--                                (tag)Concurrency
--                         (tag)Threads          |
--                (tag)Memory         |          |
--        (tag)             |         |          |       total usage      algorithm
--        -------  ----------  --------   --------  --------------------  -----------------------------
-- Local: cns        0.500 GB    4 CPUs x   1 job      0.500 GB   4 CPUs  (consensus)
--
-- No change in report.
--
-- Running jobs.  First attempt out of 2.
----------------------------------------
-- Starting 'cns' concurrent execution on Thu Jun  4 02:40:56 2020 with 55.999 GB free disk space (7 processes; 1 concurrently)

    cd unitigging/5-consensus
    ./consensus.sh 1 > ./consensus.000001.out 2>&1
    ./consensus.sh 2 > ./consensus.000002.out 2>&1
    ./consensus.sh 3 > ./consensus.000003.out 2>&1
    ./consensus.sh 4 > ./consensus.000004.out 2>&1
    ./consensus.sh 5 > ./consensus.000005.out 2>&1
    ./consensus.sh 6 > ./consensus.000006.out 2>&1
    ./consensus.sh 7 > ./consensus.000007.out 2>&1

-- Finished on Thu Jun  4 02:41:00 2020 (4 seconds) with 55.998 GB free disk space
----------------------------------------
-- Using slow alignment for consensus (iteration '1').
-- Configured 4 contig and 3 unitig consensus jobs.
-- No change in report.
-- All 7 consensus jobs finished successfully.
-- No change in report.
-- Finished stage 'consensusCheck', reset canuIteration.
-- Using slow alignment for consensus (iteration '0').
-- Configured 4 contig and 3 unitig consensus jobs.
-- No change in report.
----------------------------------------
-- Starting command on Thu Jun  4 02:41:00 2020 with 55.998 GB free disk space

    cd unitigging
    /home/matheus/processamento_workflow/canu/Linux-amd64/bin/tgStoreLoad \
      -S ../Sars_cov_2_SRR11178052.seqStore \
      -T  ./Sars_cov_2_SRR11178052.ctgStore 2 \
      -L ./5-consensus/ctgcns.files \
    > ./5-consensus/ctgcns.files.ctgStoreLoad.err 2>&1

-- Finished on Thu Jun  4 02:41:00 2020 (fast as lightning) with 55.998 GB free disk space
----------------------------------------
----------------------------------------
-- Starting command on Thu Jun  4 02:41:00 2020 with 55.998 GB free disk space

    cd unitigging
    /home/matheus/processamento_workflow/canu/Linux-amd64/bin/tgStoreLoad \
      -S ../Sars_cov_2_SRR11178052.seqStore \
      -T  ./Sars_cov_2_SRR11178052.utgStore 2 \
      -L ./5-consensus/utgcns.files \
    > ./5-consensus/utgcns.files.utgStoreLoad.err 2>&1

-- Finished on Thu Jun  4 02:41:00 2020 (furiously fast) with 55.998 GB free disk space
----------------------------------------
-- Purging consensus output after loading to ctgStore and/or utgStore.
-- Purged 7 .cns outputs.
----------------------------------------
-- Starting command on Thu Jun  4 02:41:00 2020 with 55.998 GB free disk space

    cd unitigging
    /home/matheus/processamento_workflow/canu/Linux-amd64/bin/tgStoreDump \
      -S ../Sars_cov_2_SRR11178052.seqStore \
      -T ./Sars_cov_2_SRR11178052.ctgStore 2 \
      -sizes -s 30000 \
    > ./Sars_cov_2_SRR11178052.ctgStore/seqDB.v002.sizes.txt
sqStore_loadMetadata()-- Using 'corrected-trimmed' 0x10 reads.

-- Finished on Thu Jun  4 02:41:00 2020 (like a bat out of hell) with 55.998 GB free disk space
----------------------------------------
-- Found, in version 2, after consensus generation:
--   contigs:      8 sequences, total length 19905 bp (including 0 repeats of total length 0 bp).
--   bubbles:      0 sequences, total length 0 bp.
--   unassembled:  150 sequences, total length 185890 bp.
--
-- Contig sizes based on genome size 30kbp:
--
--            NG (bp)  LG (contigs)    sum (bp)
--         ----------  ------------  ----------
--     10        3040             1        3040
--     20        2772             3        8769
--     30        2763             4       11532
--     40        2362             5       13894
--     50        2337             6       16231
--     60        2265             7       18496
--
-- Report changed.
-- Finished stage 'consensusLoad', reset canuIteration.
-- No change in report.
----------------------------------------
-- Starting command on Thu Jun  4 02:41:00 2020 with 55.998 GB free disk space

    cd unitigging/4-unitigger
    ./alignGFA.sh \
    > alignGFA.err 2>&1

-- Finished on Thu Jun  4 02:41:01 2020 (one second) with 55.998 GB free disk space
----------------------------------------
----------------------------------------
-- Starting command on Thu Jun  4 02:41:01 2020 with 55.998 GB free disk space

    cd .
    /home/matheus/processamento_workflow/canu/Linux-amd64/bin/tgStoreDump \
      -S ./Sars_cov_2_SRR11178052.seqStore \
      -T ./unitigging/Sars_cov_2_SRR11178052.ctgStore 2 \
      -o ./Sars_cov_2_SRR11178052.contigs \
      -layout \
    > ./Sars_cov_2_SRR11178052.contigs.layout.err 2>&1

-- Finished on Thu Jun  4 02:41:01 2020 (lickety-split) with 55.998 GB free disk space
----------------------------------------
----------------------------------------
-- Starting command on Thu Jun  4 02:41:01 2020 with 55.998 GB free disk space

    cd .
    /home/matheus/processamento_workflow/canu/Linux-amd64/bin/tgStoreDump \
      -S ./Sars_cov_2_SRR11178052.seqStore \
      -T ./unitigging/Sars_cov_2_SRR11178052.utgStore 2 \
      -o ./Sars_cov_2_SRR11178052.unitigs \
      -layout \
    > ./Sars_cov_2_SRR11178052.unitigs.layout.err 2>&1

-- Finished on Thu Jun  4 02:41:01 2020 (in the blink of an eye) with 55.998 GB free disk space
----------------------------------------
----------------------------------------
-- Starting command on Thu Jun  4 02:41:01 2020 with 55.998 GB free disk space

    cd .
    /home/matheus/processamento_workflow/canu/Linux-amd64/bin/tgStoreDump \
      -S ./Sars_cov_2_SRR11178052.seqStore \
      -T ./unitigging/Sars_cov_2_SRR11178052.ctgStore 2 \
      -consensus -fasta \
      -unassembled \
    > ./Sars_cov_2_SRR11178052.unassembled.fasta
    2> ./Sars_cov_2_SRR11178052.unassembled.err
sqStore_loadMetadata()-- Using 'corrected-trimmed' 0x10 reads.

-- Finished on Thu Jun  4 02:41:02 2020 (one second) with 55.998 GB free disk space
----------------------------------------
----------------------------------------
-- Starting command on Thu Jun  4 02:41:02 2020 with 55.998 GB free disk space

    cd .
    /home/matheus/processamento_workflow/canu/Linux-amd64/bin/tgStoreDump \
      -S ./Sars_cov_2_SRR11178052.seqStore \
      -T ./unitigging/Sars_cov_2_SRR11178052.ctgStore 2 \
      -consensus -fasta \
      -contigs \
    > ./Sars_cov_2_SRR11178052.contigs.fasta
    2> ./Sars_cov_2_SRR11178052.contigs.err
sqStore_loadMetadata()-- Using 'corrected-trimmed' 0x10 reads.

-- Finished on Thu Jun  4 02:41:02 2020 (lickety-split) with 55.998 GB free disk space
----------------------------------------
----------------------------------------
-- Starting command on Thu Jun  4 02:41:02 2020 with 55.998 GB free disk space

    cd .
    /home/matheus/processamento_workflow/canu/Linux-amd64/bin/tgStoreDump \
      -S ./Sars_cov_2_SRR11178052.seqStore \
      -T ./unitigging/Sars_cov_2_SRR11178052.utgStore 2 \
      -consensus -fasta \
      -contigs \
    > ./Sars_cov_2_SRR11178052.unitigs.fasta
    2> ./Sars_cov_2_SRR11178052.unitigs.err
sqStore_loadMetadata()-- Using 'corrected-trimmed' 0x10 reads.

-- Finished on Thu Jun  4 02:41:02 2020 (in the blink of an eye) with 55.998 GB free disk space
----------------------------------------
-- No change in report.
-- Finished stage 'generateOutputs', reset canuIteration.
--
-- Assembly 'Sars_cov_2_SRR11178052' finished in '/home/matheus/processamento_workflow/SRR11178052_06-04-2020-02-34-14/Sars_cov_2_SRR11178052'.
--
-- Summary saved in 'Sars_cov_2_SRR11178052.report'.
--
-- Sequences saved:
--   Contigs       -> 'Sars_cov_2_SRR11178052.contigs.fasta'
--   Unassembled   -> 'Sars_cov_2_SRR11178052.unassembled.fasta'
--   Unitigs       -> 'Sars_cov_2_SRR11178052.unitigs.fasta'
--
-- Read layouts saved:
--   Contigs       -> 'Sars_cov_2_SRR11178052.contigs.layout'.
--   Unitigs       -> 'Sars_cov_2_SRR11178052.unitigs.layout'.
--
-- Graphs saved:
--   Unitigs       -> 'Sars_cov_2_SRR11178052.unitigs.gfa'.
--
-- Bye.
784.11user 11.36system 4:13.53elapsed 313%CPU (0avgtext+0avgdata 3944672maxresident)k
11176inputs+1590352outputs (98major+1041441minor)pagefaults 0swaps
