perl: warning: Setting locale failed.
perl: warning: Please check that your locale settings:
	LANGUAGE = "pt_BR:pt:en",
	LC_ALL = "en_US.UTF-8",
	LANG = "pt_BR.UTF-8"
    are supported and installed on your system.
perl: warning: Falling back to a fallback locale ("pt_BR.UTF-8").
-- canu snapshot v2.0-development +523 changes (r10016 cafc287f0c6a33d7540deb21a0311fb985d3bdb8)
--
-- CITATIONS
--
-- For 'standard' assemblies of PacBio or Nanopore reads:
--   Koren S, Walenz BP, Berlin K, Miller JR, Phillippy AM.
--   Canu: scalable and accurate long-read assembly via adaptive k-mer weighting and repeat separation.
--   Genome Res. 2017 May;27(5):722-736.
--   http://doi.org/10.1101/gr.215087.116
-- 
-- Read and contig alignments during correction, consensus and GFA building use:
--   Šošic M, Šikic M.
--   Edlib: a C/C ++ library for fast, exact sequence alignment using edit distance.
--   Bioinformatics. 2017 May 1;33(9):1394-1395.
--   http://doi.org/10.1093/bioinformatics/btw753
-- 
-- Overlaps are generated using:
--   Berlin K, et al.
--   Assembling large genomes with single-molecule sequencing and locality-sensitive hashing.
--   Nat Biotechnol. 2015 Jun;33(6):623-30.
--   http://doi.org/10.1038/nbt.3238
-- 
--   Myers EW, et al.
--   A Whole-Genome Assembly of Drosophila.
--   Science. 2000 Mar 24;287(5461):2196-204.
--   http://doi.org/10.1126/science.287.5461.2196
-- 
-- Corrected read consensus sequences are generated using an algorithm derived from FALCON-sense:
--   Chin CS, et al.
--   Phased diploid genome assembly with single-molecule real-time sequencing.
--   Nat Methods. 2016 Dec;13(12):1050-1054.
--   http://doi.org/10.1038/nmeth.4035
-- 
-- Contig consensus sequences are generated using an algorithm derived from pbdagcon:
--   Chin CS, et al.
--   Nonhybrid, finished microbial genome assemblies from long-read SMRT sequencing data.
--   Nat Methods. 2013 Jun;10(6):563-9
--   http://doi.org/10.1038/nmeth.2474
-- 
-- CONFIGURE CANU
--
-- Detected Java(TM) Runtime Environment '11.0.7' (from 'java') without -d64 support.
-- Detected gnuplot version '5.2 patchlevel 6   ' (from 'gnuplot') and image format 'png'.
-- Detected 4 CPUs and 8 gigabytes of memory.
-- No grid engine detected, grid and staging disabled.
--
--                                (tag)Concurrency
--                         (tag)Threads          |
--                (tag)Memory         |          |
--        (tag)             |         |          |       total usage      algorithm
--        -------  ----------  --------   --------  --------------------  -----------------------------
-- Local: meryl      4.000 GB    2 CPUs x   2 jobs     8.000 GB   4 CPUs  (k-mer counting)
-- Local: hap        8.000 GB    4 CPUs x   1 job      8.000 GB   4 CPUs  (read-to-haplotype assignment)
-- Local: cormhap    6.000 GB    4 CPUs x   1 job      6.000 GB   4 CPUs  (overlap detection with mhap)
-- Local: obtovl     4.000 GB    4 CPUs x   1 job      4.000 GB   4 CPUs  (overlap detection)
-- Local: utgovl     4.000 GB    4 CPUs x   1 job      4.000 GB   4 CPUs  (overlap detection)
-- Local: cor        4.000 GB    2 CPUs x   2 jobs     8.000 GB   4 CPUs  (read correction)
-- Local: ovb        4.000 GB    1 CPU  x   2 jobs     8.000 GB   2 CPUs  (overlap store bucketizer)
-- Local: ovs        8.000 GB    1 CPU  x   1 job      8.000 GB   1 CPU   (overlap store sorting)
-- Local: red        4.000 GB    2 CPUs x   2 jobs     8.000 GB   4 CPUs  (read error detection)
-- Local: oea        4.000 GB    2 CPUs x   2 jobs     8.000 GB   4 CPUs  (overlap error adjustment)
-- Local: bat        8.000 GB    4 CPUs x   1 job      8.000 GB   4 CPUs  (contig construction with bogart)
-- Local: cns        -.--- GB    4 CPUs x   - jobs     -.--- GB   - CPUs  (consensus)
-- Local: gfa        8.000 GB    4 CPUs x   1 job      8.000 GB   4 CPUs  (GFA alignment and processing)
--
-- Found untrimmed raw Nanopore reads in the input files.
--
-- Generating assembly 'Sars_cov_2_SRR11178051' in '/home/matheus/processamento_workflow/SRR11178051_06-04-2020-03-03-45/Sars_cov_2_SRR11178051':
--    - correct raw reads.
--    - trim corrected reads.
--    - assemble corrected and trimmed reads.
--
-- Parameters:
--
--  genomeSize        30000
--
--  Overlap Generation Limits:
--    corOvlErrorRate 0.3200 ( 32.00%)
--    obtOvlErrorRate 0.1200 ( 12.00%)
--    utgOvlErrorRate 0.1200 ( 12.00%)
--
--  Overlap Processing Limits:
--    corErrorRate    0.5000 ( 50.00%)
--    obtErrorRate    0.1200 ( 12.00%)
--    utgErrorRate    0.1200 ( 12.00%)
--    cnsErrorRate    0.2000 ( 20.00%)
--
--
-- BEGIN CORRECTION
--
----------------------------------------
-- Starting command on Thu Jun  4 03:08:15 2020 with 50.625 GB free disk space

    cd .
    ./Sars_cov_2_SRR11178051.seqStore.sh \
    > ./Sars_cov_2_SRR11178051.seqStore.err 2>&1

-- Finished on Thu Jun  4 03:08:23 2020 (8 seconds) with 50.482 GB free disk space
----------------------------------------
----------------------------------------
-- Starting command on Thu Jun  4 03:08:23 2020 with 50.482 GB free disk space

    cd .
    /home/matheus/processamento_workflow/canu/Linux-amd64/bin/sqStoreDumpMetaData \
      -S ./Sars_cov_2_SRR11178051.seqStore \
      -raw \
      -histogram \
      -lengths \
    > ./Sars_cov_2_SRR11178051.seqStore/readlengths-cor.dat \
    2> ./Sars_cov_2_SRR11178051.seqStore/readlengths-cor.err 
    

-- Finished on Thu Jun  4 03:08:23 2020 (like a bat out of hell) with 50.482 GB free disk space
----------------------------------------
----------------------------------------
-- Starting command on Thu Jun  4 03:08:24 2020 with 50.482 GB free disk space

    cd .
    /home/matheus/processamento_workflow/canu/Linux-amd64/bin/sqStoreDumpMetaData \
      -S ./Sars_cov_2_SRR11178051.seqStore \
      -raw \
      -histogram \
    > ./Sars_cov_2_SRR11178051.seqStore/readlengths-cor.txt \
    2> ./Sars_cov_2_SRR11178051.seqStore/readlengths-cor.err 
    

-- Finished on Thu Jun  4 03:08:24 2020 (in the blink of an eye) with 50.482 GB free disk space
----------------------------------------
--
-- In sequence store './Sars_cov_2_SRR11178051.seqStore':
--   Found 4512 reads.
--   Found 6000204 bases (200 times coverage).
--    
--    G=6000204                          sum of  ||               length     num
--    NG         length     index       lengths  ||                range    seqs
--    ----- ------------ --------- ------------  ||  ------------------- -------
--    00010         2027       243       601548  ||       1000-1061          850|---------------------------------------------------------------
--    00020         1681       571      1200714  ||       1062-1123          725|------------------------------------------------------
--    00030         1501       951      1801505  ||       1124-1185          532|----------------------------------------
--    00040         1383      1368      2401418  ||       1186-1247          406|-------------------------------
--    00050         1282      1818      3000110  ||       1248-1309          331|-------------------------
--    00060         1201      2303      3600652  ||       1310-1371          241|------------------
--    00070         1135      2817      4200216  ||       1372-1433          256|-------------------
--    00080         1085      3358      4800574  ||       1434-1495          205|----------------
--    00090         1041      3923      5400889  ||       1496-1557          162|-------------
--    00100         1000      4511      6000204  ||       1558-1619          134|----------
--    001.000x                4512      6000204  ||       1620-1681           99|--------
--                                               ||       1682-1743           87|-------
--                                               ||       1744-1805           71|------
--                                               ||       1806-1867           62|-----
--                                               ||       1868-1929           45|----
--                                               ||       1930-1991           37|---
--                                               ||       1992-2053           36|---
--                                               ||       2054-2115           26|--
--                                               ||       2116-2177           28|---
--                                               ||       2178-2239           15|--
--                                               ||       2240-2301           19|--
--                                               ||       2302-2363           24|--
--                                               ||       2364-2425           20|--
--                                               ||       2426-2487           13|-
--                                               ||       2488-2549            6|-
--                                               ||       2550-2611            7|-
--                                               ||       2612-2673           13|-
--                                               ||       2674-2735           10|-
--                                               ||       2736-2797           14|--
--                                               ||       2798-2859            4|-
--                                               ||       2860-2921            4|-
--                                               ||       2922-2983            7|-
--                                               ||       2984-3045            4|-
--                                               ||       3046-3107            6|-
--                                               ||       3108-3169            2|-
--                                               ||       3170-3231            1|-
--                                               ||       3232-3293            0|
--                                               ||       3294-3355            2|-
--                                               ||       3356-3417            2|-
--                                               ||       3418-3479            0|
--                                               ||       3480-3541            0|
--                                               ||       3542-3603            0|
--                                               ||       3604-3665            0|
--                                               ||       3666-3727            1|-
--                                               ||       3728-3789            2|-
--                                               ||       3790-3851            1|-
--                                               ||       3852-3913            1|-
--                                               ||       3914-3975            0|
--                                               ||       3976-4037            0|
--                                               ||       4038-4099            1|-
--    
-- New report created.
----------------------------------------
-- Starting command on Thu Jun  4 03:08:24 2020 with 50.482 GB free disk space

    cd correction/0-mercounts
    ./meryl-configure.sh \
    > ./meryl-configure.err 2>&1

-- Finished on Thu Jun  4 03:08:24 2020 (in the blink of an eye) with 50.482 GB free disk space
----------------------------------------
--  segments   memory batches
--  -------- -------- -------
--        01  0.07 GB       1
--
--  For 4512 reads with 6000204 bases, limit to 1 batch.
--  Will count kmers using 01 jobs, each using 2 GB and 2 threads.
--
-- Report changed.
-- Finished stage 'merylConfigure', reset canuIteration.
-- No change in report.
--
-- Running jobs.  First attempt out of 2.
----------------------------------------
-- Starting 'meryl' concurrent execution on Thu Jun  4 03:08:24 2020 with 50.482 GB free disk space (1 processes; 2 concurrently)

    cd correction/0-mercounts
    ./meryl-count.sh 1 > ./meryl-count.000001.out 2>&1

-- Finished on Thu Jun  4 03:08:26 2020 (2 seconds) with 50.468 GB free disk space
----------------------------------------
-- Found 1 Kmer counting (meryl) outputs.
-- No change in report.
-- Finished stage 'cor-merylCountCheck', reset canuIteration.
-- No change in report.
--
-- Running jobs.  First attempt out of 2.
----------------------------------------
-- Starting 'meryl' concurrent execution on Thu Jun  4 03:08:26 2020 with 50.468 GB free disk space (1 processes; 2 concurrently)

    cd correction/0-mercounts
    ./meryl-process.sh 1 > ./meryl-process.000001.out 2>&1

-- Finished on Thu Jun  4 03:08:27 2020 (one second) with 50.479 GB free disk space
----------------------------------------
-- Meryl finished successfully.  Kmer frequency histogram:
--
--  16-mers                                                                                           Fraction
--    Occurrences   NumMers                                                                         Unique Total
--       1-     1         0                                                                        0.0000 0.0000
--       2-     2    190043 ********************************************************************** 0.4790 0.1002
--       3-     4    101713 *************************************                                  0.6495 0.1537
--       5-     7     41894 ***************                                                        0.7859 0.2160
--       8-    11     16992 ******                                                                 0.8564 0.2658
--      12-    16      7397 **                                                                     0.8894 0.3010
--      17-    22      3827 *                                                                      0.9046 0.3243
--      23-    29      2936 *                                                                      0.9133 0.3428
--      30-    37      3014 *                                                                      0.9205 0.3630
--      38-    46      3998 *                                                                      0.9281 0.3903
--      47-    56      5193 *                                                                      0.9384 0.4372
--      57-    67      5101 *                                                                      0.9514 0.5083
--      68-    79      4403 *                                                                      0.9642 0.5922
--      80-    92      3447 *                                                                      0.9750 0.6763
--      93-   106      2739 *                                                                      0.9834 0.7523
--     107-   121      1784                                                                        0.9902 0.8236
--     122-   137      1107                                                                        0.9945 0.8753
--     138-   154       553                                                                        0.9972 0.9118
--     155-   172       271                                                                        0.9985 0.9319
--     173-   191       116                                                                        0.9992 0.9432
--     192-   211        38                                                                        0.9995 0.9485
--     212-   232        10                                                                        0.9996 0.9502
--     233-   254         7                                                                        0.9996 0.9508
--     255-   277        16                                                                        0.9996 0.9512
--     278-   301        21                                                                        0.9996 0.9524
--     302-   326        11                                                                        0.9997 0.9540
--     327-   352         2                                                                        0.9997 0.9549
--     353-   379         2                                                                        0.9997 0.9551
--     380-   407         1                                                                        0.9997 0.9553
--     408-   436         1                                                                        0.9997 0.9554
--     437-   466         2                                                                        0.9997 0.9555
--     467-   497         5                                                                        0.9997 0.9558
--     498-   529        10                                                                        0.9998 0.9564
--     530-   562         5                                                                        0.9998 0.9578
--     563-   596         6                                                                        0.9998 0.9585
--     597-   631         5                                                                        0.9998 0.9594
--     632-   667         6                                                                        0.9998 0.9602
--     668-   704         3                                                                        0.9998 0.9613
--     705-   742         2                                                                        0.9998 0.9618
--
--           0 (max occurrences)
--     3793294 (total mers, non-unique)
--      396740 (distinct mers, non-unique)
--           0 (unique mers)
-- Report changed.
-- Finished stage 'meryl-process', reset canuIteration.
--
-- Removing meryl database 'correction/0-mercounts/Sars_cov_2_SRR11178051.ms16'.
--
-- OVERLAPPER (mhap) (correction)
--
-- Set corMhapSensitivity=low based on read coverage of 200.
--
-- PARAMETERS: hashes=256, minMatches=3, threshold=0.8
--
-- Given 5.4 GB, can fit 16200 reads per block.
-- For 4 blocks, set stride to 2 blocks.
-- Logging partitioning to 'correction/1-overlapper/partitioning.log'.
-- Configured 3 mhap precompute jobs.
-- Configured 3 mhap overlap jobs.
-- No change in report.
-- Finished stage 'cor-mhapConfigure', reset canuIteration.
-- No change in report.
--
-- Running jobs.  First attempt out of 2.
----------------------------------------
-- Starting 'cormhap' concurrent execution on Thu Jun  4 03:08:27 2020 with 50.482 GB free disk space (3 processes; 1 concurrently)

    cd correction/1-overlapper
    ./precompute.sh 1 > ./precompute.000001.out 2>&1
    ./precompute.sh 2 > ./precompute.000002.out 2>&1
    ./precompute.sh 3 > ./precompute.000003.out 2>&1

-- Finished on Thu Jun  4 03:09:04 2020 (37 seconds) with 50.405 GB free disk space
----------------------------------------
-- All 3 mhap precompute jobs finished successfully.
-- No change in report.
-- Finished stage 'cor-mhapPrecomputeCheck', reset canuIteration.
-- No change in report.
--
-- Running jobs.  First attempt out of 2.
----------------------------------------
-- Starting 'cormhap' concurrent execution on Thu Jun  4 03:09:04 2020 with 50.405 GB free disk space (3 processes; 1 concurrently)

    cd correction/1-overlapper
    ./mhap.sh 1 > ./mhap.000001.out 2>&1
    ./mhap.sh 2 > ./mhap.000002.out 2>&1
    ./mhap.sh 3 > ./mhap.000003.out 2>&1

-- Finished on Thu Jun  4 03:10:43 2020 (99 seconds) with 50.379 GB free disk space
----------------------------------------
-- Found 3 mhap overlap output files.
-- No change in report.
-- Finished stage 'cor-mhapCheck', reset canuIteration.
----------------------------------------
-- Starting command on Thu Jun  4 03:10:43 2020 with 50.379 GB free disk space

    cd correction
    /home/matheus/processamento_workflow/canu/Linux-amd64/bin/ovStoreConfig \
     -S ../Sars_cov_2_SRR11178051.seqStore \
     -M 4-8 \
     -L ./1-overlapper/ovljob.files \
     -create ./Sars_cov_2_SRR11178051.ovlStore.config \
     > ./Sars_cov_2_SRR11178051.ovlStore.config.txt \
    2> ./Sars_cov_2_SRR11178051.ovlStore.config.err

-- Finished on Thu Jun  4 03:10:43 2020 (furiously fast) with 50.379 GB free disk space
----------------------------------------
--
-- Creating overlap store correction/Sars_cov_2_SRR11178051.ovlStore using:
--      2 buckets
--      2 slices
--        using at most 1 GB memory each
-- No change in report.
-- Finished stage 'cor-overlapStoreConfigure', reset canuIteration.
-- No change in report.
--
-- Running jobs.  First attempt out of 2.
----------------------------------------
-- Starting 'ovB' concurrent execution on Thu Jun  4 03:10:43 2020 with 50.379 GB free disk space (2 processes; 2 concurrently)

    cd correction/Sars_cov_2_SRR11178051.ovlStore.BUILDING
    ./scripts/1-bucketize.sh 1 > ./logs/1-bucketize.000001.out 2>&1
    ./scripts/1-bucketize.sh 2 > ./logs/1-bucketize.000002.out 2>&1

-- Finished on Thu Jun  4 03:10:44 2020 (one second) with 50.328 GB free disk space
----------------------------------------
-- Overlap store bucketizer finished.
-- No change in report.
-- Finished stage 'cor-overlapStoreBucketizerCheck', reset canuIteration.
-- No change in report.
--
-- Running jobs.  First attempt out of 2.
----------------------------------------
-- Starting 'ovS' concurrent execution on Thu Jun  4 03:10:44 2020 with 50.328 GB free disk space (2 processes; 1 concurrently)

    cd correction/Sars_cov_2_SRR11178051.ovlStore.BUILDING
    ./scripts/2-sort.sh 1 > ./logs/2-sort.000001.out 2>&1
    ./scripts/2-sort.sh 2 > ./logs/2-sort.000002.out 2>&1

-- Finished on Thu Jun  4 03:10:46 2020 (2 seconds) with 50.308 GB free disk space
----------------------------------------
-- Overlap store sorter finished.
-- No change in report.
-- Finished stage 'cor-overlapStoreSorterCheck', reset canuIteration.
----------------------------------------
-- Starting command on Thu Jun  4 03:10:46 2020 with 50.308 GB free disk space

    cd correction
    /home/matheus/processamento_workflow/canu/Linux-amd64/bin/ovStoreIndexer \
      -O  ./Sars_cov_2_SRR11178051.ovlStore.BUILDING \
      -S ../Sars_cov_2_SRR11178051.seqStore \
      -C  ./Sars_cov_2_SRR11178051.ovlStore.config \
      -delete \
    > ./Sars_cov_2_SRR11178051.ovlStore.BUILDING.index.err 2>&1

-- Finished on Thu Jun  4 03:10:46 2020 (fast as lightning) with 50.309 GB free disk space
----------------------------------------
-- Checking store.
----------------------------------------
-- Starting command on Thu Jun  4 03:10:46 2020 with 50.309 GB free disk space

    cd correction
    /home/matheus/processamento_workflow/canu/Linux-amd64/bin/ovStoreDump \
     -S ../Sars_cov_2_SRR11178051.seqStore \
     -O  ./Sars_cov_2_SRR11178051.ovlStore \
     -counts \
     > ./Sars_cov_2_SRR11178051.ovlStore/counts.dat 2> ./Sars_cov_2_SRR11178051.ovlStore/counts.err

-- Finished on Thu Jun  4 03:10:46 2020 (fast as lightning) with 50.309 GB free disk space
----------------------------------------
--
-- Overlap store 'correction/Sars_cov_2_SRR11178051.ovlStore' successfully constructed.
-- Found 3581010 overlaps for 4512 reads; 39817 reads have no overlaps.
--
--
-- Purged 0.102 GB in 9 overlap output files.
-- No change in report.
-- Finished stage 'cor-createOverlapStore', reset canuIteration.
-- Set corMinCoverage=4 based on read coverage of 200.
-- Global filter scores will be estimated.
-- Computing correction layouts.
----------------------------------------
-- Starting command on Thu Jun  4 03:10:47 2020 with 50.411 GB free disk space

    cd correction
    /home/matheus/processamento_workflow/canu/Linux-amd64/bin/generateCorrectionLayouts \
      -S ../Sars_cov_2_SRR11178051.seqStore \
      -O  ./Sars_cov_2_SRR11178051.ovlStore \
      -C  ./Sars_cov_2_SRR11178051.corStore.WORKING \
      -eC 80 \
    > ./Sars_cov_2_SRR11178051.corStore.err 2>&1

-- Finished on Thu Jun  4 03:10:47 2020 (in the blink of an eye) with 50.402 GB free disk space
----------------------------------------
-- No change in report.
-- Finished stage 'cor-buildCorrectionLayoutsConfigure', reset canuIteration.
-- Computing correction layouts.
----------------------------------------
-- Starting command on Thu Jun  4 03:10:47 2020 with 50.402 GB free disk space

    cd correction/2-correction
    /home/matheus/processamento_workflow/canu/Linux-amd64/bin/filterCorrectionLayouts \
      -S  ../../Sars_cov_2_SRR11178051.seqStore \
      -C     ../Sars_cov_2_SRR11178051.corStore \
      -R      ./Sars_cov_2_SRR11178051.readsToCorrect.WORKING \
      -cc 4 \
      -cl 1000 \
      -g  30000 \
      -c  40 \
    > ./Sars_cov_2_SRR11178051.readsToCorrect.err 2>&1

-- Finished on Thu Jun  4 03:10:47 2020 (lickety-split) with 50.399 GB free disk space
----------------------------------------
--                             original      original
--                            raw reads     raw reads
--   category                w/overlaps  w/o/overlaps
--   -------------------- ------------- -------------
--   Number of Reads               4442         39887
--   Number of Bases            5918416         81788
--   Coverage                   197.281         2.726
--   Median                        1207             0
--   Mean                          1332             2
--   N50                           1286          1155
--   Minimum                       1000             0
--   Maximum                       4092          1741
--   
--                                        --------corrected---------  ----------rescued----------
--                             evidence                     expected                     expected
--   category                     reads            raw     corrected            raw     corrected
--   -------------------- -------------  ------------- -------------  ------------- -------------
--   Number of Reads               4120            636           636            324           324
--   Number of Bases            5561000        1244954       1201324         364540        360372
--   Coverage                   185.367         41.498        40.044         12.151        12.012
--   Median                        1229           1807          1775           1104          1092
--   Mean                          1349           1957          1888           1125          1112
--   N50                           1312           1860          1823           1109          1096
--   Minimum                       1000           1563          1561           1005          1001
--   Maximum                       4092           4092          3293           1672          1381
--   
--                        --------uncorrected--------
--                                           expected
--   category                       raw     corrected
--   -------------------- ------------- -------------
--   Number of Reads              43369         43369
--   Number of Bases            4390710       3744362
--   Coverage                   146.357       124.812
--   Median                           0             0
--   Mean                           101            86
--   N50                           1210          1177
--   Minimum                          0             0
--   Maximum                       3368          3367
--   
--   Maximum Memory           563173670
-- Report changed.
-- Finished stage 'cor-filterCorrectionLayouts', reset canuIteration.
-- Using overlaps no worse than 0.5 fraction error for correcting reads (from corErrorRate parameter).
--
-- Configuring correction jobs:
--   Jobs limited to 4 GB per job (via option corMemory).
--   Reads estimated to need at most 1 GB for computation.
--   Leaving 3 GB memory for read data.
----------------------------------------
-- Starting command on Thu Jun  4 03:10:47 2020 with 50.399 GB free disk space

    cd correction/2-correction
    ./correctReadsPartition.sh \
    > ./correctReadsPartition.err 2>&1

-- Finished on Thu Jun  4 03:10:48 2020 (one second) with 50.399 GB free disk space
----------------------------------------
-- Using overlaps no worse than 0.5 fraction error for correcting reads (from corErrorRate parameter).
-- No change in report.
-- Finished stage 'cor-generateCorrectedReadsConfigure', reset canuIteration.
-- No change in report.
--
-- Running jobs.  First attempt out of 2.
----------------------------------------
-- Starting 'cor' concurrent execution on Thu Jun  4 03:10:48 2020 with 50.399 GB free disk space (1 processes; 2 concurrently)

    cd correction/2-correction
    ./correctReads.sh 1 > ./correctReads.000001.out 2>&1

-- Finished on Thu Jun  4 03:11:26 2020 (38 seconds) with 50.393 GB free disk space
----------------------------------------
-- Found 1 read correction output files.
-- No change in report.
-- Finished stage 'cor-generateCorrectedReadsCheck', reset canuIteration.
-- Found 1 read correction output files.
-- No change in report.
-- Finished stage 'cor-generateCorrectedReadsCheck', reset canuIteration.
--
-- Loading corrected reads into corStore and seqStore.
----------------------------------------
-- Starting command on Thu Jun  4 03:11:26 2020 with 50.393 GB free disk space

    cd correction
    /home/matheus/processamento_workflow/canu/Linux-amd64/bin/loadCorrectedReads \
      -S ../Sars_cov_2_SRR11178051.seqStore \
      -C ./Sars_cov_2_SRR11178051.corStore \
      -L ./2-correction/corjob.files \
    >  ./Sars_cov_2_SRR11178051.loadCorrectedReads.log \
    2> ./Sars_cov_2_SRR11178051.loadCorrectedReads.err

-- Finished on Thu Jun  4 03:11:26 2020 (like a bat out of hell) with 50.389 GB free disk space
----------------------------------------
----------------------------------------
-- Starting command on Thu Jun  4 03:11:26 2020 with 50.389 GB free disk space

    cd .
    /home/matheus/processamento_workflow/canu/Linux-amd64/bin/sqStoreDumpMetaData \
      -S ./Sars_cov_2_SRR11178051.seqStore \
      -corrected \
      -histogram \
      -lengths \
    > ./Sars_cov_2_SRR11178051.seqStore/readlengths-obt.dat \
    2> ./Sars_cov_2_SRR11178051.seqStore/readlengths-obt.err 
    

-- Finished on Thu Jun  4 03:11:26 2020 (lickety-split) with 50.389 GB free disk space
----------------------------------------
----------------------------------------
-- Starting command on Thu Jun  4 03:11:40 2020 with 50.389 GB free disk space

    cd .
    /home/matheus/processamento_workflow/canu/Linux-amd64/bin/sqStoreDumpMetaData \
      -S ./Sars_cov_2_SRR11178051.seqStore \
      -corrected \
      -histogram \
    > ./Sars_cov_2_SRR11178051.seqStore/readlengths-obt.txt \
    2> ./Sars_cov_2_SRR11178051.seqStore/readlengths-obt.err 
    

-- Finished on Thu Jun  4 03:11:40 2020 (furiously fast) with 50.389 GB free disk space
----------------------------------------
--
-- In sequence store './Sars_cov_2_SRR11178051.seqStore':
--   Found 952 reads.
--   Found 1516132 bases (50.53 times coverage).
--    
--    G=1516132                          sum of  ||               length     num
--    NG         length     index       lengths  ||                range    seqs
--    ----- ------------ --------- ------------  ||  ------------------- -------
--    00010         2371        56       152736  ||        492-550             2|--
--    00020         2092       124       303656  ||        551-609             1|-
--    00030         1906       201       456696  ||        610-668             1|-
--    00040         1793       283       607781  ||        669-727             1|-
--    00050         1702       369       758076  ||        728-786             3|---
--    00060         1628       461       911287  ||        787-845             5|----
--    00070         1562       556      1062697  ||        846-904            11|---------
--    00080         1207       663      1214080  ||        905-963            11|---------
--    00090         1071       797      1364752  ||        964-1022           48|------------------------------------
--    00100          492       951      1516132  ||       1023-1081           85|---------------------------------------------------------------
--    001.000x                 952      1516132  ||       1082-1140           76|--------------------------------------------------------
--                                               ||       1141-1199           41|-------------------------------
--                                               ||       1200-1258           26|--------------------
--                                               ||       1259-1317           15|-----------
--                                               ||       1318-1376            6|-----
--                                               ||       1377-1435            2|--
--                                               ||       1436-1494            9|-------
--                                               ||       1495-1553           44|---------------------------------
--                                               ||       1554-1612           86|---------------------------------------------------------------
--                                               ||       1613-1671           65|------------------------------------------------
--                                               ||       1672-1730           72|-----------------------------------------------------
--                                               ||       1731-1789           55|-----------------------------------------
--                                               ||       1790-1848           52|---------------------------------------
--                                               ||       1849-1907           34|-------------------------
--                                               ||       1908-1966           29|----------------------
--                                               ||       1967-2025           28|---------------------
--                                               ||       2026-2084           16|------------
--                                               ||       2085-2143           21|----------------
--                                               ||       2144-2202           13|----------
--                                               ||       2203-2261           13|----------
--                                               ||       2262-2320           15|-----------
--                                               ||       2321-2379           11|---------
--                                               ||       2380-2438           11|---------
--                                               ||       2439-2497            6|-----
--                                               ||       2498-2556            3|---
--                                               ||       2557-2615            2|--
--                                               ||       2616-2674            9|-------
--                                               ||       2675-2733            3|---
--                                               ||       2734-2792            6|-----
--                                               ||       2793-2851            1|-
--                                               ||       2852-2910            3|---
--                                               ||       2911-2969            3|---
--                                               ||       2970-3028            1|-
--                                               ||       3029-3087            2|--
--                                               ||       3088-3146            0|
--                                               ||       3147-3205            3|---
--                                               ||       3206-3264            1|-
--                                               ||       3265-3323            0|
--                                               ||       3324-3382            0|
--                                               ||       3383-3441            1|-
--    
--
-- Purging correctReads output after loading into stores.
-- Purged 1 .cns outputs.
-- Purged 2 .out job log outputs.
--
-- Purging overlaps used for correction.
-- Report changed.
-- Finished stage 'cor-loadCorrectedReads', reset canuIteration.
----------------------------------------
-- Starting command on Thu Jun  4 03:11:40 2020 with 50.465 GB free disk space

    cd .
    /home/matheus/processamento_workflow/canu/Linux-amd64/bin/sqStoreDumpFASTQ \
      -corrected \
      -S ./Sars_cov_2_SRR11178051.seqStore \
      -o ./Sars_cov_2_SRR11178051.correctedReads.gz \
      -fasta \
      -nolibname \
    > Sars_cov_2_SRR11178051.correctedReads.fasta.err 2>&1

-- Finished on Thu Jun  4 03:11:40 2020 (like a bat out of hell) with 50.465 GB free disk space
----------------------------------------
--
-- Corrected reads saved in 'Sars_cov_2_SRR11178051.correctedReads.fasta.gz'.
-- No change in report.
-- Finished stage 'cor-dumpCorrectedReads', reset canuIteration.
--
--
-- BEGIN TRIMMING
--
-- No change in report.
----------------------------------------
-- Starting command on Thu Jun  4 03:11:40 2020 with 50.465 GB free disk space

    cd trimming/0-mercounts
    ./meryl-configure.sh \
    > ./meryl-configure.err 2>&1

-- Finished on Thu Jun  4 03:11:41 2020 (one second) with 50.465 GB free disk space
----------------------------------------
--  segments   memory batches
--  -------- -------- -------
--        01  0.07 GB       1
--
--  For 952 reads with 1516132 bases, limit to 1 batch.
--  Will count kmers using 01 jobs, each using 2 GB and 2 threads.
--
-- No change in report.
-- Finished stage 'merylConfigure', reset canuIteration.
-- No change in report.
--
-- Running jobs.  First attempt out of 2.
----------------------------------------
-- Starting 'meryl' concurrent execution on Thu Jun  4 03:11:41 2020 with 50.465 GB free disk space (1 processes; 2 concurrently)

    cd trimming/0-mercounts
    ./meryl-count.sh 1 > ./meryl-count.000001.out 2>&1

-- Finished on Thu Jun  4 03:11:42 2020 (one second) with 50.463 GB free disk space
----------------------------------------
-- Found 1 Kmer counting (meryl) outputs.
-- No change in report.
-- Finished stage 'obt-merylCountCheck', reset canuIteration.
-- No change in report.
--
-- Running jobs.  First attempt out of 2.
----------------------------------------
-- Starting 'meryl' concurrent execution on Thu Jun  4 03:11:42 2020 with 50.463 GB free disk space (1 processes; 2 concurrently)

    cd trimming/0-mercounts
    ./meryl-process.sh 1 > ./meryl-process.000001.out 2>&1

-- Finished on Thu Jun  4 03:11:43 2020 (one second) with 50.464 GB free disk space
----------------------------------------
-- Meryl finished successfully.  Kmer frequency histogram:
--
--  22-mers                                                                                           Fraction
--    Occurrences   NumMers                                                                         Unique Total
--       1-     1         0                                                                        0.0000 0.0000
--       2-     2      8440 ********************************************************************** 0.1686 0.0121
--       3-     4      4869 ****************************************                               0.2312 0.0188
--       5-     7      2615 *********************                                                  0.2902 0.0281
--       8-    11      1586 *************                                                          0.3279 0.0373
--      12-    16      2194 ******************                                                     0.3575 0.0485
--      17-    22      5331 ********************************************                           0.4058 0.0747
--      23-    29      5870 ************************************************                       0.5254 0.1641
--      30-    37      5623 **********************************************                         0.6354 0.2709
--      38-    46      3655 ******************************                                         0.7386 0.3972
--      47-    56      2704 **********************                                                 0.8092 0.5052
--      57-    67      3628 ******************************                                         0.8640 0.6087
--      68-    79      1300 **********                                                             0.9310 0.7568
--      80-    92       735 ******                                                                 0.9575 0.8279
--      93-   106       778 ******                                                                 0.9707 0.8685
--     107-   121       284 **                                                                     0.9859 0.9234
--     122-   137       343 **                                                                     0.9916 0.9472
--     138-   154        50                                                                        0.9983 0.9779
--     155-   172         2                                                                        0.9990 0.9818
--     173-   191         1                                                                        0.9991 0.9821
--     192-   211         8                                                                        0.9991 0.9822
--     212-   232         7                                                                        0.9993 0.9834
--     233-   254         0                                                                        0.0000 0.0000
--     255-   277         3                                                                        0.9994 0.9845
--     278-   301         1                                                                        0.9995 0.9851
--     302-   326         1                                                                        0.9995 0.9853
--     327-   352         0                                                                        0.0000 0.0000
--     353-   379         0                                                                        0.0000 0.0000
--     380-   407         0                                                                        0.0000 0.0000
--     408-   436         0                                                                        0.0000 0.0000
--     437-   466         0                                                                        0.0000 0.0000
--     467-   497         0                                                                        0.0000 0.0000
--     498-   529         0                                                                        0.0000 0.0000
--     530-   562         1                                                                        0.9995 0.9857
--     563-   596         1                                                                        0.9995 0.9861
--     597-   631         0                                                                        0.0000 0.0000
--     632-   667         2                                                                        0.9995 0.9866
--     668-   704         1                                                                        0.9996 0.9876
--     705-   742         1                                                                        0.9996 0.9881
--     743-   781         3                                                                        0.9996 0.9886
--     782-   821         4                                                                        0.9997 0.9914
--
--           0 (max occurrences)
--     1399357 (total mers, non-unique)
--       50054 (distinct mers, non-unique)
--           0 (unique mers)
-- Report changed.
-- Finished stage 'meryl-process', reset canuIteration.
--
-- Removing meryl database 'trimming/0-mercounts/Sars_cov_2_SRR11178051.ms22'.
--
-- OVERLAPPER (normal) (trimming) erate=0.12
--
----------------------------------------
-- Starting command on Thu Jun  4 03:11:43 2020 with 50.465 GB free disk space

    cd trimming/1-overlapper
    /home/matheus/processamento_workflow/canu/Linux-amd64/bin/overlapInCorePartition \
     -S  ../../Sars_cov_2_SRR11178051.seqStore \
     -hl 80000000 \
     -rl 1000000000 \
     -ol 500 \
     -o  ./Sars_cov_2_SRR11178051.partition \
    > ./Sars_cov_2_SRR11178051.partition.err 2>&1

-- Finished on Thu Jun  4 03:11:43 2020 (in the blink of an eye) with 50.465 GB free disk space
----------------------------------------
--
-- Configured 1 overlapInCore jobs.
-- No change in report.
-- Finished stage 'obt-overlapConfigure', reset canuIteration.
-- No change in report.
--
-- Running jobs.  First attempt out of 2.
----------------------------------------
-- Starting 'obtovl' concurrent execution on Thu Jun  4 03:11:43 2020 with 50.465 GB free disk space (1 processes; 1 concurrently)

    cd trimming/1-overlapper
    ./overlap.sh 1 > ./overlap.000001.out 2>&1

-- Finished on Thu Jun  4 03:11:50 2020 (7 seconds) with 50.464 GB free disk space
----------------------------------------
-- Found 1 overlapInCore output files.
--
-- overlapInCore compute 'trimming/1-overlapper':
--   kmer hits
--     with no overlap           498115      498115 +- 0
--     with an overlap            36934       36934 +- 0
--
--   overlaps                     36934       36934 +- 0
--     contained                      0           0 +- 0
--     dovetail                       0           0 +- 0
--
--   overlaps rejected
--     multiple per pair              0           0 +- 0
--     bad short window               0           0 +- 0
--     bad long window                0           0 +- 0
-- No change in report.
-- Finished stage 'obt-overlapCheck', reset canuIteration.
----------------------------------------
-- Starting command on Thu Jun  4 03:11:50 2020 with 50.464 GB free disk space

    cd trimming
    /home/matheus/processamento_workflow/canu/Linux-amd64/bin/ovStoreConfig \
     -S ../Sars_cov_2_SRR11178051.seqStore \
     -M 3 \
     -L ./1-overlapper/ovljob.files \
     -create ./Sars_cov_2_SRR11178051.ovlStore.config \
     > ./Sars_cov_2_SRR11178051.ovlStore.config.txt \
    2> ./Sars_cov_2_SRR11178051.ovlStore.config.err

-- Finished on Thu Jun  4 03:11:50 2020 (in the blink of an eye) with 50.464 GB free disk space
----------------------------------------
--
-- Creating overlap store trimming/Sars_cov_2_SRR11178051.ovlStore using:
--      1 bucket
--      2 slices
--        using at most 1 GB memory each
-- No change in report.
-- Finished stage 'obt-overlapStoreConfigure', reset canuIteration.
-- No change in report.
--
-- Running jobs.  First attempt out of 2.
----------------------------------------
-- Starting 'ovB' concurrent execution on Thu Jun  4 03:11:50 2020 with 50.464 GB free disk space (1 processes; 2 concurrently)

    cd trimming/Sars_cov_2_SRR11178051.ovlStore.BUILDING
    ./scripts/1-bucketize.sh 1 > ./logs/1-bucketize.000001.out 2>&1

-- Finished on Thu Jun  4 03:11:50 2020 (in the blink of an eye) with 50.463 GB free disk space
----------------------------------------
-- Overlap store bucketizer finished.
-- No change in report.
-- Finished stage 'obt-overlapStoreBucketizerCheck', reset canuIteration.
-- No change in report.
--
-- Running jobs.  First attempt out of 2.
----------------------------------------
-- Starting 'ovS' concurrent execution on Thu Jun  4 03:11:50 2020 with 50.463 GB free disk space (2 processes; 1 concurrently)

    cd trimming/Sars_cov_2_SRR11178051.ovlStore.BUILDING
    ./scripts/2-sort.sh 1 > ./logs/2-sort.000001.out 2>&1
    ./scripts/2-sort.sh 2 > ./logs/2-sort.000002.out 2>&1

-- Finished on Thu Jun  4 03:11:51 2020 (one second) with 50.458 GB free disk space
----------------------------------------
-- Overlap store sorter finished.
-- No change in report.
-- Finished stage 'obt-overlapStoreSorterCheck', reset canuIteration.
----------------------------------------
-- Starting command on Thu Jun  4 03:11:51 2020 with 50.458 GB free disk space

    cd trimming
    /home/matheus/processamento_workflow/canu/Linux-amd64/bin/ovStoreIndexer \
      -O  ./Sars_cov_2_SRR11178051.ovlStore.BUILDING \
      -S ../Sars_cov_2_SRR11178051.seqStore \
      -C  ./Sars_cov_2_SRR11178051.ovlStore.config \
      -delete \
    > ./Sars_cov_2_SRR11178051.ovlStore.BUILDING.index.err 2>&1

-- Finished on Thu Jun  4 03:11:51 2020 (lickety-split) with 50.459 GB free disk space
----------------------------------------
-- Checking store.
----------------------------------------
-- Starting command on Thu Jun  4 03:11:51 2020 with 50.459 GB free disk space

    cd trimming
    /home/matheus/processamento_workflow/canu/Linux-amd64/bin/ovStoreDump \
     -S ../Sars_cov_2_SRR11178051.seqStore \
     -O  ./Sars_cov_2_SRR11178051.ovlStore \
     -counts \
     > ./Sars_cov_2_SRR11178051.ovlStore/counts.dat 2> ./Sars_cov_2_SRR11178051.ovlStore/counts.err

-- Finished on Thu Jun  4 03:11:51 2020 (lickety-split) with 50.458 GB free disk space
----------------------------------------
--
-- Overlap store 'trimming/Sars_cov_2_SRR11178051.ovlStore' successfully constructed.
-- Found 73868 overlaps for 937 reads; 43392 reads have no overlaps.
--
--
-- Purged 0 GB in 3 overlap output files.
-- No change in report.
-- Finished stage 'obt-createOverlapStore', reset canuIteration.
----------------------------------------
-- Starting command on Thu Jun  4 03:11:51 2020 with 50.46 GB free disk space

    cd trimming/3-overlapbasedtrimming
    /home/matheus/processamento_workflow/canu/Linux-amd64/bin/trimReads \
      -S  ../../Sars_cov_2_SRR11178051.seqStore \
      -O  ../Sars_cov_2_SRR11178051.ovlStore \
      -Co ./Sars_cov_2_SRR11178051.1.trimReads.clear \
      -e  0.12 \
      -minlength 1000 \
      -ol 500 \
      -oc 2 \
      -o  ./Sars_cov_2_SRR11178051.1.trimReads \
    >     ./Sars_cov_2_SRR11178051.1.trimReads.err 2>&1

-- Finished on Thu Jun  4 03:11:52 2020 (one second) with 50.458 GB free disk space
----------------------------------------
--  PARAMETERS:
--  ----------
--     1000    (reads trimmed below this many bases are deleted)
--   0.1200    (use overlaps at or below this fraction error)
--      500    (break region if overlap is less than this long, for 'largest covered' algorithm)
--        2    (break region if overlap coverage is less than this many reads, for 'largest covered' algorithm)
--  
--  INPUT READS:
--  -----------
--   44329 reads      1516132 bases (reads processed)
--       0 reads            0 bases (reads not processed, previously deleted)
--       0 reads            0 bases (reads not processed, in a library where trimming isn't allowed)
--  
--  OUTPUT READS:
--  ------------
--     731 reads      1208314 bases (trimmed reads output)
--     104 reads       143697 bases (reads with no change, kept as is)
--   43392 reads        15585 bases (reads with no overlaps, deleted)
--     102 reads       102551 bases (reads with short trimmed length, deleted)
--  
--  TRIMMING DETAILS:
--  ----------------
--     542 reads        24972 bases (bases trimmed from the 5' end of a read)
--     561 reads        21013 bases (bases trimmed from the 3' end of a read)
-- Report changed.
-- Finished stage 'obt-trimReads', reset canuIteration.
----------------------------------------
-- Starting command on Thu Jun  4 03:11:52 2020 with 50.458 GB free disk space

    cd trimming/3-overlapbasedtrimming
    /home/matheus/processamento_workflow/canu/Linux-amd64/bin/splitReads \
      -S  ../../Sars_cov_2_SRR11178051.seqStore \
      -O  ../Sars_cov_2_SRR11178051.ovlStore \
      -Ci ./Sars_cov_2_SRR11178051.1.trimReads.clear \
      -Co ./Sars_cov_2_SRR11178051.2.splitReads.clear \
      -e  0.12 \
      -minlength 1000 \
      -o  ./Sars_cov_2_SRR11178051.2.splitReads \
    >     ./Sars_cov_2_SRR11178051.2.splitReads.err 2>&1

-- Finished on Thu Jun  4 03:11:52 2020 (furiously fast) with 50.458 GB free disk space
----------------------------------------
--  PARAMETERS:
--  ----------
--     1000    (reads trimmed below this many bases are deleted)
--   0.1200    (use overlaps at or below this fraction error)
--  INPUT READS:
--  -----------
--     835 reads      1397996 bases (reads processed)
--   43494 reads       118136 bases (reads not processed, previously deleted)
--       0 reads            0 bases (reads not processed, in a library where trimming isn't allowed)
--  
--  PROCESSED:
--  --------
--       0 reads            0 bases (no overlaps)
--       0 reads            0 bases (no coverage after adjusting for trimming done already)
--       0 reads            0 bases (processed for chimera)
--       0 reads            0 bases (processed for spur)
--     835 reads      1397996 bases (processed for subreads)
--  
--  READS WITH SIGNALS:
--  ------------------
--       0 reads            0 signals (number of 5' spur signal)
--       0 reads            0 signals (number of 3' spur signal)
--       0 reads            0 signals (number of chimera signal)
--       0 reads            0 signals (number of subread signal)
--  
--  SIGNALS:
--  -------
--       0 reads            0 bases (size of 5' spur signal)
--       0 reads            0 bases (size of 3' spur signal)
--       0 reads            0 bases (size of chimera signal)
--       0 reads            0 bases (size of subread signal)
--  
--  TRIMMING:
--  --------
--       0 reads            0 bases (trimmed from the 5' end of the read)
--       0 reads            0 bases (trimmed from the 3' end of the read)
-- Report changed.
-- Finished stage 'obt-splitReads', reset canuIteration.
----------------------------------------
-- Starting command on Thu Jun  4 03:11:52 2020 with 50.458 GB free disk space

    cd trimming/3-overlapbasedtrimming
    /home/matheus/processamento_workflow/canu/Linux-amd64/bin/loadTrimmedReads \
      -S ../../Sars_cov_2_SRR11178051.seqStore \
      -c ./Sars_cov_2_SRR11178051.2.splitReads.clear \
    > ./Sars_cov_2_SRR11178051.loadTrimmedReads.err 2>&1

-- Finished on Thu Jun  4 03:11:52 2020 (lickety-split) with 50.455 GB free disk space
----------------------------------------
----------------------------------------
-- Starting command on Thu Jun  4 03:11:52 2020 with 50.455 GB free disk space

    cd .
    /home/matheus/processamento_workflow/canu/Linux-amd64/bin/sqStoreDumpMetaData \
      -S ./Sars_cov_2_SRR11178051.seqStore \
      -corrected -trimmed \
      -histogram \
      -lengths \
    > ./Sars_cov_2_SRR11178051.seqStore/readlengths-utg.dat \
    2> ./Sars_cov_2_SRR11178051.seqStore/readlengths-utg.err 
    

-- Finished on Thu Jun  4 03:11:52 2020 (in the blink of an eye) with 50.455 GB free disk space
----------------------------------------
----------------------------------------
-- Starting command on Thu Jun  4 03:11:52 2020 with 50.455 GB free disk space

    cd .
    /home/matheus/processamento_workflow/canu/Linux-amd64/bin/sqStoreDumpMetaData \
      -S ./Sars_cov_2_SRR11178051.seqStore \
      -corrected -trimmed \
      -histogram \
    > ./Sars_cov_2_SRR11178051.seqStore/readlengths-utg.txt \
    2> ./Sars_cov_2_SRR11178051.seqStore/readlengths-utg.err 
    

-- Finished on Thu Jun  4 03:11:52 2020 (lickety-split) with 50.455 GB free disk space
----------------------------------------
--
-- In sequence store './Sars_cov_2_SRR11178051.seqStore':
--   Found 835 reads.
--   Found 1352011 bases (45.06 times coverage).
--    
--    G=1352011                          sum of  ||               length     num
--    NG         length     index       lengths  ||                range    seqs
--    ----- ------------ --------- ------------  ||  ------------------- -------
--    00010         2308        51       136036  ||       1005-1050           53|------------------------------------------------------
--    00020         2044       113       271048  ||       1051-1096           62|---------------------------------------------------------------
--    00030         1867       182       405924  ||       1097-1142           52|-----------------------------------------------------
--    00040         1755       257       541645  ||       1143-1188           21|----------------------
--    00050         1677       336       677362  ||       1189-1234           13|--------------
--    00060         1599       418       811615  ||       1235-1280           14|---------------
--    00070         1532       505       947799  ||       1281-1326            9|----------
--    00080         1449       595      1082509  ||       1327-1372            6|-------
--    00090         1104       707      1217851  ||       1373-1418            2|---
--    00100         1005       834      1352011  ||       1419-1464           17|------------------
--    001.000x                 835      1352011  ||       1465-1510           49|--------------------------------------------------
--                                               ||       1511-1556           62|---------------------------------------------------------------
--                                               ||       1557-1602           59|------------------------------------------------------------
--                                               ||       1603-1648           55|--------------------------------------------------------
--                                               ||       1649-1694           39|----------------------------------------
--                                               ||       1695-1740           51|----------------------------------------------------
--                                               ||       1741-1786           36|-------------------------------------
--                                               ||       1787-1832           28|-----------------------------
--                                               ||       1833-1878           30|-------------------------------
--                                               ||       1879-1924           17|------------------
--                                               ||       1925-1970           18|-------------------
--                                               ||       1971-2016           15|----------------
--                                               ||       2017-2062           17|------------------
--                                               ||       2063-2108           11|------------
--                                               ||       2109-2154            8|---------
--                                               ||       2155-2200           13|--------------
--                                               ||       2201-2246           14|---------------
--                                               ||       2247-2292           12|-------------
--                                               ||       2293-2338            5|------
--                                               ||       2339-2384            5|------
--                                               ||       2385-2430            5|------
--                                               ||       2431-2476            4|-----
--                                               ||       2477-2522            0|
--                                               ||       2523-2568            4|-----
--                                               ||       2569-2614            2|---
--                                               ||       2615-2660            9|----------
--                                               ||       2661-2706            2|---
--                                               ||       2707-2752            3|----
--                                               ||       2753-2798            2|---
--                                               ||       2799-2844            2|---
--                                               ||       2845-2890            4|-----
--                                               ||       2891-2936            0|
--                                               ||       2937-2982            0|
--                                               ||       2983-3028            1|--
--                                               ||       3029-3074            1|--
--                                               ||       3075-3120            2|---
--                                               ||       3121-3166            0|
--                                               ||       3167-3212            0|
--                                               ||       3213-3258            1|--
--    
--
-- Purging overlaps used for trimming.
-- Report changed.
-- Finished stage 'obt-dumpReads', reset canuIteration.
----------------------------------------
-- Starting command on Thu Jun  4 03:11:52 2020 with 50.46 GB free disk space

    cd .
    /home/matheus/processamento_workflow/canu/Linux-amd64/bin/sqStoreDumpFASTQ \
      -trimmed \
      -S ./Sars_cov_2_SRR11178051.seqStore \
      -o ./Sars_cov_2_SRR11178051.trimmedReads.gz \
      -fasta \
      -trimmed -normal -nolibname \
    > ./Sars_cov_2_SRR11178051.trimmedReads.fasta.err 2>&1

-- Finished on Thu Jun  4 03:11:53 2020 (one second) with 50.46 GB free disk space
----------------------------------------
--
-- Trimmed reads saved in 'Sars_cov_2_SRR11178051.trimmedReads.fasta.gz'.
-- No change in report.
-- Finished stage 'cor-dumpTrimmedReads', reset canuIteration.
--
--
-- BEGIN ASSEMBLY
--
-- No change in report.
----------------------------------------
-- Starting command on Thu Jun  4 03:11:53 2020 with 50.46 GB free disk space

    cd unitigging/0-mercounts
    ./meryl-configure.sh \
    > ./meryl-configure.err 2>&1

-- Finished on Thu Jun  4 03:11:53 2020 (like a bat out of hell) with 50.46 GB free disk space
----------------------------------------
--  segments   memory batches
--  -------- -------- -------
--        01  0.07 GB       1
--
--  For 835 reads with 1352011 bases, limit to 1 batch.
--  Will count kmers using 01 jobs, each using 2 GB and 2 threads.
--
-- No change in report.
-- Finished stage 'merylConfigure', reset canuIteration.
-- No change in report.
--
-- Running jobs.  First attempt out of 2.
----------------------------------------
-- Starting 'meryl' concurrent execution on Thu Jun  4 03:11:53 2020 with 50.46 GB free disk space (1 processes; 2 concurrently)

    cd unitigging/0-mercounts
    ./meryl-count.sh 1 > ./meryl-count.000001.out 2>&1

-- Finished on Thu Jun  4 03:11:54 2020 (one second) with 50.459 GB free disk space
----------------------------------------
-- Found 1 Kmer counting (meryl) outputs.
-- No change in report.
-- Finished stage 'utg-merylCountCheck', reset canuIteration.
-- No change in report.
--
-- Running jobs.  First attempt out of 2.
----------------------------------------
-- Starting 'meryl' concurrent execution on Thu Jun  4 03:11:54 2020 with 50.459 GB free disk space (1 processes; 2 concurrently)

    cd unitigging/0-mercounts
    ./meryl-process.sh 1 > ./meryl-process.000001.out 2>&1

-- Finished on Thu Jun  4 03:11:55 2020 (one second) with 50.459 GB free disk space
----------------------------------------
-- Meryl finished successfully.  Kmer frequency histogram:
--
--  22-mers                                                                                           Fraction
--    Occurrences   NumMers                                                                         Unique Total
--       1-     1         0                                                                        0.0000 0.0000
--       2-     2      4818 *********************************************************              0.1117 0.0075
--       3-     4      3451 *****************************************                              0.1676 0.0131
--       5-     7      1850 **********************                                                 0.2100 0.0193
--       8-    11      1195 **************                                                         0.2427 0.0267
--      12-    16      1845 **********************                                                 0.2687 0.0359
--      17-    22      5831 ********************************************************************** 0.3237 0.0645
--      23-    29      5766 *********************************************************************  0.4673 0.1643
--      30-    37      5220 **************************************************************         0.5917 0.2762
--      38-    46      3834 **********************************************                         0.7064 0.4072
--      47-    56      3222 **************************************                                 0.7901 0.5260
--      57-    67      2948 ***********************************                                    0.8662 0.6608
--      68-    79      1689 ********************                                                   0.9305 0.7933
--      80-    92       611 *******                                                                0.9669 0.8825
--      93-   106       329 ***                                                                    0.9809 0.9220
--     107-   121       359 ****                                                                   0.9887 0.9482
--     122-   137       124 *                                                                      0.9969 0.9798
--     138-   154         0                                                                        0.0000 0.0000
--     155-   172         1                                                                        0.9994 0.9903
--     173-   191         1                                                                        0.9994 0.9904
--     192-   211         0                                                                        0.0000 0.0000
--     212-   232         0                                                                        0.0000 0.0000
--     233-   254         0                                                                        0.0000 0.0000
--     255-   277         0                                                                        0.0000 0.0000
--     278-   301         1                                                                        0.9994 0.9907
--     302-   326         0                                                                        0.0000 0.0000
--     327-   352         1                                                                        0.9994 0.9909
--     353-   379         0                                                                        0.0000 0.0000
--     380-   407         3                                                                        0.9995 0.9912
--     408-   436         1                                                                        0.9995 0.9922
--     437-   466         2                                                                        0.9996 0.9926
--     467-   497         5                                                                        0.9996 0.9933
--     498-   529        11                                                                        0.9997 0.9952
--     530-   562         2                                                                        1.0000 0.9996
--
--           0 (max occurrences)
--     1291965 (total mers, non-unique)
--       43120 (distinct mers, non-unique)
--           0 (unique mers)
-- Report changed.
-- Finished stage 'meryl-process', reset canuIteration.
--
-- Removing meryl database 'unitigging/0-mercounts/Sars_cov_2_SRR11178051.ms22'.
--
-- OVERLAPPER (normal) (assembly) erate=0.12
--
----------------------------------------
-- Starting command on Thu Jun  4 03:11:55 2020 with 50.46 GB free disk space

    cd unitigging/1-overlapper
    /home/matheus/processamento_workflow/canu/Linux-amd64/bin/overlapInCorePartition \
     -S  ../../Sars_cov_2_SRR11178051.seqStore \
     -hl 80000000 \
     -rl 1000000000 \
     -ol 500 \
     -o  ./Sars_cov_2_SRR11178051.partition \
    > ./Sars_cov_2_SRR11178051.partition.err 2>&1

-- Finished on Thu Jun  4 03:11:55 2020 (in the blink of an eye) with 50.46 GB free disk space
----------------------------------------
--
-- Configured 1 overlapInCore jobs.
-- No change in report.
-- Finished stage 'utg-overlapConfigure', reset canuIteration.
-- No change in report.
--
-- Running jobs.  First attempt out of 2.
----------------------------------------
-- Starting 'utgovl' concurrent execution on Thu Jun  4 03:11:55 2020 with 50.46 GB free disk space (1 processes; 1 concurrently)

    cd unitigging/1-overlapper
    ./overlap.sh 1 > ./overlap.000001.out 2>&1

-- Finished on Thu Jun  4 03:12:00 2020 (5 seconds) with 50.459 GB free disk space
----------------------------------------
-- Found 1 overlapInCore output files.
--
-- overlapInCore compute 'unitigging/1-overlapper':
--   kmer hits
--     with no overlap           176166      176166 +- 0
--     with an overlap            30060       30060 +- 0
--
--   overlaps                     30060       30060 +- 0
--     contained                   9005        9005 +- 0
--     dovetail                   21055       21055 +- 0
--
--   overlaps rejected
--     multiple per pair              0           0 +- 0
--     bad short window               0           0 +- 0
--     bad long window                0           0 +- 0
-- No change in report.
-- Finished stage 'utg-overlapCheck', reset canuIteration.
----------------------------------------
-- Starting command on Thu Jun  4 03:12:00 2020 with 50.459 GB free disk space

    cd unitigging
    /home/matheus/processamento_workflow/canu/Linux-amd64/bin/ovStoreConfig \
     -S ../Sars_cov_2_SRR11178051.seqStore \
     -M 3 \
     -L ./1-overlapper/ovljob.files \
     -create ./Sars_cov_2_SRR11178051.ovlStore.config \
     > ./Sars_cov_2_SRR11178051.ovlStore.config.txt \
    2> ./Sars_cov_2_SRR11178051.ovlStore.config.err

-- Finished on Thu Jun  4 03:12:00 2020 (lickety-split) with 50.459 GB free disk space
----------------------------------------
--
-- Creating overlap store unitigging/Sars_cov_2_SRR11178051.ovlStore using:
--      1 bucket
--      2 slices
--        using at most 1 GB memory each
-- No change in report.
-- Finished stage 'utg-overlapStoreConfigure', reset canuIteration.
-- No change in report.
--
-- Running jobs.  First attempt out of 2.
----------------------------------------
-- Starting 'ovB' concurrent execution on Thu Jun  4 03:12:00 2020 with 50.459 GB free disk space (1 processes; 2 concurrently)

    cd unitigging/Sars_cov_2_SRR11178051.ovlStore.BUILDING
    ./scripts/1-bucketize.sh 1 > ./logs/1-bucketize.000001.out 2>&1

-- Finished on Thu Jun  4 03:12:01 2020 (one second) with 50.458 GB free disk space
----------------------------------------
-- Overlap store bucketizer finished.
-- No change in report.
-- Finished stage 'utg-overlapStoreBucketizerCheck', reset canuIteration.
-- No change in report.
--
-- Running jobs.  First attempt out of 2.
----------------------------------------
-- Starting 'ovS' concurrent execution on Thu Jun  4 03:12:01 2020 with 50.458 GB free disk space (2 processes; 1 concurrently)

    cd unitigging/Sars_cov_2_SRR11178051.ovlStore.BUILDING
    ./scripts/2-sort.sh 1 > ./logs/2-sort.000001.out 2>&1
    ./scripts/2-sort.sh 2 > ./logs/2-sort.000002.out 2>&1

-- Finished on Thu Jun  4 03:12:01 2020 (like a bat out of hell) with 50.453 GB free disk space
----------------------------------------
-- Overlap store sorter finished.
-- No change in report.
-- Finished stage 'utg-overlapStoreSorterCheck', reset canuIteration.
----------------------------------------
-- Starting command on Thu Jun  4 03:12:01 2020 with 50.453 GB free disk space

    cd unitigging
    /home/matheus/processamento_workflow/canu/Linux-amd64/bin/ovStoreIndexer \
      -O  ./Sars_cov_2_SRR11178051.ovlStore.BUILDING \
      -S ../Sars_cov_2_SRR11178051.seqStore \
      -C  ./Sars_cov_2_SRR11178051.ovlStore.config \
      -delete \
    > ./Sars_cov_2_SRR11178051.ovlStore.BUILDING.index.err 2>&1

-- Finished on Thu Jun  4 03:12:01 2020 (furiously fast) with 50.454 GB free disk space
----------------------------------------
-- Checking store.
----------------------------------------
-- Starting command on Thu Jun  4 03:12:01 2020 with 50.454 GB free disk space

    cd unitigging
    /home/matheus/processamento_workflow/canu/Linux-amd64/bin/ovStoreDump \
     -S ../Sars_cov_2_SRR11178051.seqStore \
     -O  ./Sars_cov_2_SRR11178051.ovlStore \
     -counts \
     > ./Sars_cov_2_SRR11178051.ovlStore/counts.dat 2> ./Sars_cov_2_SRR11178051.ovlStore/counts.err

-- Finished on Thu Jun  4 03:12:01 2020 (in the blink of an eye) with 50.454 GB free disk space
----------------------------------------
--
-- Overlap store 'unitigging/Sars_cov_2_SRR11178051.ovlStore' successfully constructed.
-- Found 60120 overlaps for 835 reads; 43494 reads have no overlaps.
--
--
-- Purged 0 GB in 3 overlap output files.
----------------------------------------
-- Starting command on Thu Jun  4 03:12:02 2020 with 50.455 GB free disk space

    cd unitigging
    /home/matheus/processamento_workflow/canu/Linux-amd64/bin/ovStoreStats \
     -C 45 \
     -S ../Sars_cov_2_SRR11178051.seqStore \
     -O  ./Sars_cov_2_SRR11178051.ovlStore \
     -o  ./Sars_cov_2_SRR11178051.ovlStore \
     > ./Sars_cov_2_SRR11178051.ovlStore.summary.err 2>&1

-- Finished on Thu Jun  4 03:12:02 2020 (lickety-split) with 50.455 GB free disk space
----------------------------------------
--
-- Overlap store 'unitigging/Sars_cov_2_SRR11178051.ovlStore' contains:
--
--   category            reads     %          read length        feature size or coverage  analysis
--   ----------------  -------  -------  ----------------------  ------------------------  --------------------
--   middle-missing          0    0.00        0.00 +- 0.00             0.00 +- 0.00       (bad trimming)
--   middle-hump             0    0.00        0.00 +- 0.00             0.00 +- 0.00       (bad trimming)
--   no-5-prime              2    0.24     1423.50 +- 508.41           2.00 +- 2.83       (bad trimming)
--   no-3-prime              3    0.36     1556.67 +- 642.32          61.00 +- 102.21     (bad trimming)
--   
--   low-coverage            1    0.12     1018.00 +- 0.00             2.00 +- 0.00       (easy to assemble, potential for lower quality consensus)
--   unique                443   53.05     1628.46 +- 414.24          43.37 +- 15.87      (easy to assemble, perfect, yay)
--   repeat-cont            18    2.16     1066.06 +- 34.16          112.64 +- 8.03       (potential for consensus errors, no impact on assembly)
--   repeat-dove             0    0.00        0.00 +- 0.00             0.00 +- 0.00       (hard to assemble, likely won't assemble correctly or even at all)
--   
--   span-repeat           121   14.49     1630.84 +- 434.81         891.26 +- 439.93     (read spans a large repeat, usually easy to assemble)
--   uniq-repeat-cont      209   25.03     1546.89 +- 341.37                              (should be uniquely placed, low potential for consensus errors, no impact on assembly)
--   uniq-repeat-dove       38    4.55     2164.42 +- 379.76                              (will end contigs, potential to misassemble)
--   uniq-anchor             0    0.00        0.00 +- 0.00             0.00 +- 0.00       (repeat read, with unique section, probable bad read)
-- Report changed.
-- Finished stage 'utg-createOverlapStore', reset canuIteration.
--
-- Loading read lengths.
-- Loading number of overlaps per read.
--
-- Configure RED for 4gb memory.
--                   Batches of at most (unlimited) reads.
--                                      500000000 bases.
--                   Expecting evidence of at most 536870912 bases per iteration.
--
--           Total                                               Reads                 Olaps Evidence
--    Job   Memory      Read Range         Reads        Bases   Memory        Olaps   Memory   Memory  (Memory in MB)
--   ---- -------- ------------------- --------- ------------ -------- ------------ -------- --------
--      1  3252.18         1-44329           952      1470147   179.49        60120     0.69  1024.00
--   ---- -------- ------------------- --------- ------------ -------- ------------ -------- --------
--                                                    1470147                 60120
-- No change in report.
-- Finished stage 'readErrorDetectionConfigure', reset canuIteration.
-- No change in report.
--
-- Running jobs.  First attempt out of 2.
----------------------------------------
-- Starting 'red' concurrent execution on Thu Jun  4 03:12:02 2020 with 50.455 GB free disk space (1 processes; 2 concurrently)

    cd unitigging/3-overlapErrorAdjustment
    ./red.sh 1 > ./red.000001.out 2>&1

-- Finished on Thu Jun  4 03:12:04 2020 (2 seconds) with 50.454 GB free disk space
----------------------------------------
-- Found 1 read error detection output files.
-- No change in report.
-- Finished stage 'readErrorDetectionCheck', reset canuIteration.
--
-- Loading read lengths.
-- Loading number of overlaps per read.
--
-- Configure OEA for 4gb memory.
--                   Batches of at most (unlimited) reads.
--                                      300000000 bases.
--
--           Total                                               Reads                 Olaps  Adjusts
--    Job   Memory      Read Range         Reads        Bases   Memory        Olaps   Memory   Memory  (Memory in MB)
--   ---- -------- ------------------- --------- ------------ -------- ------------ -------- --------
--      1  2380.36         1-44329           952      1470147     9.43        60120     1.83   321.10
--   ---- -------- ------------------- --------- ------------ -------- ------------ -------- --------
--                                                    1470147                 60120
-- No change in report.
-- Finished stage 'overlapErrorAdjustmentConfigure', reset canuIteration.
-- No change in report.
--
-- Running jobs.  First attempt out of 2.
----------------------------------------
-- Starting 'oea' concurrent execution on Thu Jun  4 03:12:05 2020 with 50.454 GB free disk space (1 processes; 2 concurrently)

    cd unitigging/3-overlapErrorAdjustment
    ./oea.sh 1 > ./oea.000001.out 2>&1

-- Finished on Thu Jun  4 03:12:06 2020 (one second) with 50.454 GB free disk space
----------------------------------------
-- Found 1 overlap error adjustment output files.
-- No change in report.
-- Finished stage 'overlapErrorAdjustmentCheck', reset canuIteration.
----------------------------------------
-- Starting command on Thu Jun  4 03:12:06 2020 with 50.454 GB free disk space

    cd unitigging/3-overlapErrorAdjustment
    /home/matheus/processamento_workflow/canu/Linux-amd64/bin/loadErates \
      -S ../../Sars_cov_2_SRR11178051.seqStore \
      -O ../Sars_cov_2_SRR11178051.ovlStore \
      -L ./oea.files \
    > ./oea.apply.err 2>&1

-- Finished on Thu Jun  4 03:12:06 2020 (lickety-split) with 50.454 GB free disk space
----------------------------------------
-- No report available.
-- Report changed.
-- Finished stage 'updateOverlapStore', reset canuIteration.
-- Finished stage 'unitig', reset canuIteration.
-- No change in report.
-- No change in report.
--
-- Running jobs.  First attempt out of 2.
----------------------------------------
-- Starting 'bat' concurrent execution on Thu Jun  4 03:12:06 2020 with 50.454 GB free disk space (1 processes; 1 concurrently)

    cd unitigging/4-unitigger
    ./unitigger.sh 1 > ./unitigger.000001.out 2>&1

-- Finished on Thu Jun  4 03:12:07 2020 (one second) with 50.453 GB free disk space
----------------------------------------
-- Unitigger finished successfully.
-- Found, in version 1, after unitig construction:
--   contigs:      2 sequences, total length 31847 bp (including 0 repeats of total length 0 bp).
--   bubbles:      3 sequences, total length 4289 bp.
--   unassembled:  20 sequences, total length 25414 bp.
--
-- Contig sizes based on genome size 30kbp:
--
--            NG (bp)  LG (contigs)    sum (bp)
--         ----------  ------------  ----------
--     10       29996             1       29996
--     20       29996             1       29996
--     30       29996             1       29996
--     40       29996             1       29996
--     50       29996             1       29996
--     60       29996             1       29996
--     70       29996             1       29996
--     80       29996             1       29996
--     90       29996             1       29996
--    100        1851             2       31847
--
-- Report changed.
-- Finished stage 'unitigCheck', reset canuIteration.
----------------------------------------
-- Starting command on Thu Jun  4 03:12:07 2020 with 50.453 GB free disk space

    cd unitigging
    /home/matheus/processamento_workflow/canu/Linux-amd64/bin/utgcns \
      -S ../Sars_cov_2_SRR11178051.seqStore \
      -T  ./Sars_cov_2_SRR11178051.ctgStore 1 \
      -partition 0.8 1 0.1 \
    > ./Sars_cov_2_SRR11178051.ctgStore/partitioning.log 2>&1

-- Finished on Thu Jun  4 03:12:07 2020 (in the blink of an eye) with 50.453 GB free disk space
----------------------------------------
----------------------------------------
-- Starting command on Thu Jun  4 03:12:07 2020 with 50.453 GB free disk space

    cd unitigging
    /home/matheus/processamento_workflow/canu/Linux-amd64/bin/utgcns \
      -S ../Sars_cov_2_SRR11178051.seqStore \
      -T  ./Sars_cov_2_SRR11178051.utgStore 1 \
      -partition 0.8 1 0.1 \
    > ./Sars_cov_2_SRR11178051.utgStore/partitioning.log 2>&1

-- Finished on Thu Jun  4 03:12:07 2020 (in the blink of an eye) with 50.452 GB free disk space
----------------------------------------
-- Using slow alignment for consensus (iteration '0').
-- Configured 2 contig and 2 unitig consensus jobs.
-- No change in report.
-- Finished stage 'consensusConfigure', reset canuIteration.
--
--                                (tag)Concurrency
--                         (tag)Threads          |
--                (tag)Memory         |          |
--        (tag)             |         |          |       total usage      algorithm
--        -------  ----------  --------   --------  --------------------  -----------------------------
-- Local: cns        0.500 GB    4 CPUs x   1 job      0.500 GB   4 CPUs  (consensus)
--
-- No change in report.
--
-- Running jobs.  First attempt out of 2.
----------------------------------------
-- Starting 'cns' concurrent execution on Thu Jun  4 03:12:07 2020 with 50.452 GB free disk space (4 processes; 1 concurrently)

    cd unitigging/5-consensus
    ./consensus.sh 1 > ./consensus.000001.out 2>&1
    ./consensus.sh 2 > ./consensus.000002.out 2>&1
    ./consensus.sh 3 > ./consensus.000003.out 2>&1
    ./consensus.sh 4 > ./consensus.000004.out 2>&1

-- Finished on Thu Jun  4 03:12:11 2020 (4 seconds) with 50.452 GB free disk space
----------------------------------------
-- Using slow alignment for consensus (iteration '1').
-- Configured 2 contig and 2 unitig consensus jobs.
-- No change in report.
-- All 4 consensus jobs finished successfully.
-- No change in report.
-- Finished stage 'consensusCheck', reset canuIteration.
-- Using slow alignment for consensus (iteration '0').
-- Configured 2 contig and 2 unitig consensus jobs.
-- No change in report.
----------------------------------------
-- Starting command on Thu Jun  4 03:12:12 2020 with 50.452 GB free disk space

    cd unitigging
    /home/matheus/processamento_workflow/canu/Linux-amd64/bin/tgStoreLoad \
      -S ../Sars_cov_2_SRR11178051.seqStore \
      -T  ./Sars_cov_2_SRR11178051.ctgStore 2 \
      -L ./5-consensus/ctgcns.files \
    > ./5-consensus/ctgcns.files.ctgStoreLoad.err 2>&1

-- Finished on Thu Jun  4 03:12:12 2020 (lickety-split) with 50.451 GB free disk space
----------------------------------------
----------------------------------------
-- Starting command on Thu Jun  4 03:12:12 2020 with 50.451 GB free disk space

    cd unitigging
    /home/matheus/processamento_workflow/canu/Linux-amd64/bin/tgStoreLoad \
      -S ../Sars_cov_2_SRR11178051.seqStore \
      -T  ./Sars_cov_2_SRR11178051.utgStore 2 \
      -L ./5-consensus/utgcns.files \
    > ./5-consensus/utgcns.files.utgStoreLoad.err 2>&1

-- Finished on Thu Jun  4 03:12:12 2020 (fast as lightning) with 50.451 GB free disk space
----------------------------------------
-- Purging consensus output after loading to ctgStore and/or utgStore.
-- Purged 4 .cns outputs.
----------------------------------------
-- Starting command on Thu Jun  4 03:12:12 2020 with 50.452 GB free disk space

    cd unitigging
    /home/matheus/processamento_workflow/canu/Linux-amd64/bin/tgStoreDump \
      -S ../Sars_cov_2_SRR11178051.seqStore \
      -T ./Sars_cov_2_SRR11178051.ctgStore 2 \
      -sizes -s 30000 \
    > ./Sars_cov_2_SRR11178051.ctgStore/seqDB.v002.sizes.txt
sqStore_loadMetadata()-- Using 'corrected-trimmed' 0x10 reads.

-- Finished on Thu Jun  4 03:12:12 2020 (like a bat out of hell) with 50.452 GB free disk space
----------------------------------------
-- Found, in version 2, after consensus generation:
--   contigs:      2 sequences, total length 31464 bp (including 0 repeats of total length 0 bp).
--   bubbles:      3 sequences, total length 4226 bp.
--   unassembled:  20 sequences, total length 25414 bp.
--
-- Contig sizes based on genome size 30kbp:
--
--            NG (bp)  LG (contigs)    sum (bp)
--         ----------  ------------  ----------
--     10       29649             1       29649
--     20       29649             1       29649
--     30       29649             1       29649
--     40       29649             1       29649
--     50       29649             1       29649
--     60       29649             1       29649
--     70       29649             1       29649
--     80       29649             1       29649
--     90       29649             1       29649
--    100        1815             2       31464
--
-- Report changed.
-- Finished stage 'consensusLoad', reset canuIteration.
-- No change in report.
----------------------------------------
-- Starting command on Thu Jun  4 03:12:12 2020 with 50.452 GB free disk space

    cd unitigging/4-unitigger
    ./alignGFA.sh \
    > alignGFA.err 2>&1

-- Finished on Thu Jun  4 03:12:13 2020 (one second) with 50.452 GB free disk space
----------------------------------------
----------------------------------------
-- Starting command on Thu Jun  4 03:12:13 2020 with 50.452 GB free disk space

    cd .
    /home/matheus/processamento_workflow/canu/Linux-amd64/bin/tgStoreDump \
      -S ./Sars_cov_2_SRR11178051.seqStore \
      -T ./unitigging/Sars_cov_2_SRR11178051.ctgStore 2 \
      -o ./Sars_cov_2_SRR11178051.contigs \
      -layout \
    > ./Sars_cov_2_SRR11178051.contigs.layout.err 2>&1

-- Finished on Thu Jun  4 03:12:13 2020 (furiously fast) with 50.452 GB free disk space
----------------------------------------
----------------------------------------
-- Starting command on Thu Jun  4 03:12:13 2020 with 50.452 GB free disk space

    cd .
    /home/matheus/processamento_workflow/canu/Linux-amd64/bin/tgStoreDump \
      -S ./Sars_cov_2_SRR11178051.seqStore \
      -T ./unitigging/Sars_cov_2_SRR11178051.utgStore 2 \
      -o ./Sars_cov_2_SRR11178051.unitigs \
      -layout \
    > ./Sars_cov_2_SRR11178051.unitigs.layout.err 2>&1

-- Finished on Thu Jun  4 03:12:13 2020 (like a bat out of hell) with 50.452 GB free disk space
----------------------------------------
----------------------------------------
-- Starting command on Thu Jun  4 03:12:13 2020 with 50.452 GB free disk space

    cd .
    /home/matheus/processamento_workflow/canu/Linux-amd64/bin/tgStoreDump \
      -S ./Sars_cov_2_SRR11178051.seqStore \
      -T ./unitigging/Sars_cov_2_SRR11178051.ctgStore 2 \
      -consensus -fasta \
      -unassembled \
    > ./Sars_cov_2_SRR11178051.unassembled.fasta
    2> ./Sars_cov_2_SRR11178051.unassembled.err
sqStore_loadMetadata()-- Using 'corrected-trimmed' 0x10 reads.

-- Finished on Thu Jun  4 03:12:13 2020 (in the blink of an eye) with 50.451 GB free disk space
----------------------------------------
----------------------------------------
-- Starting command on Thu Jun  4 03:12:13 2020 with 50.451 GB free disk space

    cd .
    /home/matheus/processamento_workflow/canu/Linux-amd64/bin/tgStoreDump \
      -S ./Sars_cov_2_SRR11178051.seqStore \
      -T ./unitigging/Sars_cov_2_SRR11178051.ctgStore 2 \
      -consensus -fasta \
      -contigs \
    > ./Sars_cov_2_SRR11178051.contigs.fasta
    2> ./Sars_cov_2_SRR11178051.contigs.err
sqStore_loadMetadata()-- Using 'corrected-trimmed' 0x10 reads.

-- Finished on Thu Jun  4 03:12:13 2020 (lickety-split) with 50.451 GB free disk space
----------------------------------------
----------------------------------------
-- Starting command on Thu Jun  4 03:12:13 2020 with 50.451 GB free disk space

    cd .
    /home/matheus/processamento_workflow/canu/Linux-amd64/bin/tgStoreDump \
      -S ./Sars_cov_2_SRR11178051.seqStore \
      -T ./unitigging/Sars_cov_2_SRR11178051.utgStore 2 \
      -consensus -fasta \
      -contigs \
    > ./Sars_cov_2_SRR11178051.unitigs.fasta
    2> ./Sars_cov_2_SRR11178051.unitigs.err
sqStore_loadMetadata()-- Using 'corrected-trimmed' 0x10 reads.

-- Finished on Thu Jun  4 03:12:13 2020 (in the blink of an eye) with 50.451 GB free disk space
----------------------------------------
-- No change in report.
-- Finished stage 'generateOutputs', reset canuIteration.
--
-- Assembly 'Sars_cov_2_SRR11178051' finished in '/home/matheus/processamento_workflow/SRR11178051_06-04-2020-03-03-45/Sars_cov_2_SRR11178051'.
--
-- Summary saved in 'Sars_cov_2_SRR11178051.report'.
--
-- Sequences saved:
--   Contigs       -> 'Sars_cov_2_SRR11178051.contigs.fasta'
--   Unassembled   -> 'Sars_cov_2_SRR11178051.unassembled.fasta'
--   Unitigs       -> 'Sars_cov_2_SRR11178051.unitigs.fasta'
--
-- Read layouts saved:
--   Contigs       -> 'Sars_cov_2_SRR11178051.contigs.layout'.
--   Unitigs       -> 'Sars_cov_2_SRR11178051.unitigs.layout'.
--
-- Graphs saved:
--   Unitigs       -> 'Sars_cov_2_SRR11178051.unitigs.gfa'.
--
-- Bye.
577.56user 18.04system 3:58.50elapsed 249%CPU (0avgtext+0avgdata 3720860maxresident)k
160400inputs+1202600outputs (270major+2142420minor)pagefaults 0swaps
