perl: warning: Setting locale failed.
perl: warning: Please check that your locale settings:
	LANGUAGE = "pt_BR:pt:en",
	LC_ALL = "en_US.UTF-8",
	LANG = "pt_BR.UTF-8"
    are supported and installed on your system.
perl: warning: Falling back to a fallback locale ("pt_BR.UTF-8").
-- canu snapshot v2.0-development +523 changes (r10016 cafc287f0c6a33d7540deb21a0311fb985d3bdb8)
--
-- CITATIONS
--
-- For 'standard' assemblies of PacBio or Nanopore reads:
--   Koren S, Walenz BP, Berlin K, Miller JR, Phillippy AM.
--   Canu: scalable and accurate long-read assembly via adaptive k-mer weighting and repeat separation.
--   Genome Res. 2017 May;27(5):722-736.
--   http://doi.org/10.1101/gr.215087.116
-- 
-- Read and contig alignments during correction, consensus and GFA building use:
--   Šošic M, Šikic M.
--   Edlib: a C/C ++ library for fast, exact sequence alignment using edit distance.
--   Bioinformatics. 2017 May 1;33(9):1394-1395.
--   http://doi.org/10.1093/bioinformatics/btw753
-- 
-- Overlaps are generated using:
--   Berlin K, et al.
--   Assembling large genomes with single-molecule sequencing and locality-sensitive hashing.
--   Nat Biotechnol. 2015 Jun;33(6):623-30.
--   http://doi.org/10.1038/nbt.3238
-- 
--   Myers EW, et al.
--   A Whole-Genome Assembly of Drosophila.
--   Science. 2000 Mar 24;287(5461):2196-204.
--   http://doi.org/10.1126/science.287.5461.2196
-- 
-- Corrected read consensus sequences are generated using an algorithm derived from FALCON-sense:
--   Chin CS, et al.
--   Phased diploid genome assembly with single-molecule real-time sequencing.
--   Nat Methods. 2016 Dec;13(12):1050-1054.
--   http://doi.org/10.1038/nmeth.4035
-- 
-- Contig consensus sequences are generated using an algorithm derived from pbdagcon:
--   Chin CS, et al.
--   Nonhybrid, finished microbial genome assemblies from long-read SMRT sequencing data.
--   Nat Methods. 2013 Jun;10(6):563-9
--   http://doi.org/10.1038/nmeth.2474
-- 
-- CONFIGURE CANU
--
-- Detected Java(TM) Runtime Environment '11.0.7' (from 'java') without -d64 support.
-- Detected gnuplot version '5.2 patchlevel 6   ' (from 'gnuplot') and image format 'png'.
-- Detected 4 CPUs and 8 gigabytes of memory.
-- No grid engine detected, grid and staging disabled.
--
--                                (tag)Concurrency
--                         (tag)Threads          |
--                (tag)Memory         |          |
--        (tag)             |         |          |       total usage      algorithm
--        -------  ----------  --------   --------  --------------------  -----------------------------
-- Local: meryl      4.000 GB    2 CPUs x   2 jobs     8.000 GB   4 CPUs  (k-mer counting)
-- Local: hap        8.000 GB    4 CPUs x   1 job      8.000 GB   4 CPUs  (read-to-haplotype assignment)
-- Local: cormhap    6.000 GB    4 CPUs x   1 job      6.000 GB   4 CPUs  (overlap detection with mhap)
-- Local: obtovl     4.000 GB    4 CPUs x   1 job      4.000 GB   4 CPUs  (overlap detection)
-- Local: utgovl     4.000 GB    4 CPUs x   1 job      4.000 GB   4 CPUs  (overlap detection)
-- Local: cor        4.000 GB    2 CPUs x   2 jobs     8.000 GB   4 CPUs  (read correction)
-- Local: ovb        4.000 GB    1 CPU  x   2 jobs     8.000 GB   2 CPUs  (overlap store bucketizer)
-- Local: ovs        8.000 GB    1 CPU  x   1 job      8.000 GB   1 CPU   (overlap store sorting)
-- Local: red        4.000 GB    2 CPUs x   2 jobs     8.000 GB   4 CPUs  (read error detection)
-- Local: oea        4.000 GB    2 CPUs x   2 jobs     8.000 GB   4 CPUs  (overlap error adjustment)
-- Local: bat        8.000 GB    4 CPUs x   1 job      8.000 GB   4 CPUs  (contig construction with bogart)
-- Local: cns        -.--- GB    4 CPUs x   - jobs     -.--- GB   - CPUs  (consensus)
-- Local: gfa        8.000 GB    4 CPUs x   1 job      8.000 GB   4 CPUs  (GFA alignment and processing)
--
-- Found untrimmed raw Nanopore reads in the input files.
--
-- Generating assembly 'Sars_cov_2_SRR11178051' in '/home/matheus/processamento_workflow/SRR11178051_06-04-2020-03-21-32/Sars_cov_2_SRR11178051':
--    - correct raw reads.
--    - trim corrected reads.
--    - assemble corrected and trimmed reads.
--
-- Parameters:
--
--  genomeSize        30000
--
--  Overlap Generation Limits:
--    corOvlErrorRate 0.3200 ( 32.00%)
--    obtOvlErrorRate 0.1200 ( 12.00%)
--    utgOvlErrorRate 0.1200 ( 12.00%)
--
--  Overlap Processing Limits:
--    corErrorRate    0.5000 ( 50.00%)
--    obtErrorRate    0.1200 ( 12.00%)
--    utgErrorRate    0.1200 ( 12.00%)
--    cnsErrorRate    0.2000 ( 20.00%)
--
--
-- BEGIN CORRECTION
--
----------------------------------------
-- Starting command on Thu Jun  4 03:26:11 2020 with 47.452 GB free disk space

    cd .
    ./Sars_cov_2_SRR11178051.seqStore.sh \
    > ./Sars_cov_2_SRR11178051.seqStore.err 2>&1

-- Finished on Thu Jun  4 03:26:19 2020 (8 seconds) with 47.309 GB free disk space
----------------------------------------
----------------------------------------
-- Starting command on Thu Jun  4 03:26:19 2020 with 47.309 GB free disk space

    cd .
    /home/matheus/processamento_workflow/canu/Linux-amd64/bin/sqStoreDumpMetaData \
      -S ./Sars_cov_2_SRR11178051.seqStore \
      -raw \
      -histogram \
      -lengths \
    > ./Sars_cov_2_SRR11178051.seqStore/readlengths-cor.dat \
    2> ./Sars_cov_2_SRR11178051.seqStore/readlengths-cor.err 
    

-- Finished on Thu Jun  4 03:26:19 2020 (lickety-split) with 47.309 GB free disk space
----------------------------------------
----------------------------------------
-- Starting command on Thu Jun  4 03:26:19 2020 with 47.309 GB free disk space

    cd .
    /home/matheus/processamento_workflow/canu/Linux-amd64/bin/sqStoreDumpMetaData \
      -S ./Sars_cov_2_SRR11178051.seqStore \
      -raw \
      -histogram \
    > ./Sars_cov_2_SRR11178051.seqStore/readlengths-cor.txt \
    2> ./Sars_cov_2_SRR11178051.seqStore/readlengths-cor.err 
    

-- Finished on Thu Jun  4 03:26:19 2020 (in the blink of an eye) with 47.309 GB free disk space
----------------------------------------
--
-- In sequence store './Sars_cov_2_SRR11178051.seqStore':
--   Found 4534 reads.
--   Found 6000288 bases (200 times coverage).
--    
--    G=6000288                          sum of  ||               length     num
--    NG         length     index       lengths  ||                range    seqs
--    ----- ------------ --------- ------------  ||  ------------------- -------
--    00010         2000       254       601773  ||       1000-1065          926|---------------------------------------------------------------
--    00020         1662       586      1201565  ||       1066-1131          712|-------------------------------------------------
--    00030         1486       969      1801411  ||       1132-1197          528|------------------------------------
--    00040         1374      1389      2400644  ||       1198-1263          443|-------------------------------
--    00050         1277      1843      3001269  ||       1264-1329          342|------------------------
--    00060         1204      2327      3600478  ||       1330-1395          296|---------------------
--    00070         1139      2840      4201169  ||       1396-1461          228|----------------
--    00080         1084      3380      4800500  ||       1462-1527          197|--------------
--    00090         1042      3945      5400516  ||       1528-1593          147|-----------
--    00100         1000      4533      6000288  ||       1594-1659          124|---------
--    001.000x                4534      6000288  ||       1660-1725           90|-------
--                                               ||       1726-1791           78|------
--                                               ||       1792-1857           56|----
--                                               ||       1858-1923           57|----
--                                               ||       1924-1989           51|----
--                                               ||       1990-2055           43|---
--                                               ||       2056-2121           38|---
--                                               ||       2122-2187           30|---
--                                               ||       2188-2253           29|--
--                                               ||       2254-2319           22|--
--                                               ||       2320-2385           15|--
--                                               ||       2386-2451           11|-
--                                               ||       2452-2517            7|-
--                                               ||       2518-2583            9|-
--                                               ||       2584-2649           10|-
--                                               ||       2650-2715           10|-
--                                               ||       2716-2781            7|-
--                                               ||       2782-2847            2|-
--                                               ||       2848-2913            3|-
--                                               ||       2914-2979            3|-
--                                               ||       2980-3045            4|-
--                                               ||       3046-3111            2|-
--                                               ||       3112-3177            4|-
--                                               ||       3178-3243            1|-
--                                               ||       3244-3309            4|-
--                                               ||       3310-3375            0|
--                                               ||       3376-3441            1|-
--                                               ||       3442-3507            0|
--                                               ||       3508-3573            0|
--                                               ||       3574-3639            0|
--                                               ||       3640-3705            1|-
--                                               ||       3706-3771            0|
--                                               ||       3772-3837            0|
--                                               ||       3838-3903            0|
--                                               ||       3904-3969            0|
--                                               ||       3970-4035            0|
--                                               ||       4036-4101            2|-
--                                               ||       4102-4167            0|
--                                               ||       4168-4233            0|
--                                               ||       4234-4299            1|-
--    
-- New report created.
----------------------------------------
-- Starting command on Thu Jun  4 03:26:19 2020 with 47.309 GB free disk space

    cd correction/0-mercounts
    ./meryl-configure.sh \
    > ./meryl-configure.err 2>&1

-- Finished on Thu Jun  4 03:26:19 2020 (fast as lightning) with 47.309 GB free disk space
----------------------------------------
--  segments   memory batches
--  -------- -------- -------
--        01  0.07 GB       1
--
--  For 4534 reads with 6000288 bases, limit to 1 batch.
--  Will count kmers using 01 jobs, each using 2 GB and 2 threads.
--
-- Report changed.
-- Finished stage 'merylConfigure', reset canuIteration.
-- No change in report.
--
-- Running jobs.  First attempt out of 2.
----------------------------------------
-- Starting 'meryl' concurrent execution on Thu Jun  4 03:26:19 2020 with 47.309 GB free disk space (1 processes; 2 concurrently)

    cd correction/0-mercounts
    ./meryl-count.sh 1 > ./meryl-count.000001.out 2>&1

-- Finished on Thu Jun  4 03:26:21 2020 (2 seconds) with 47.295 GB free disk space
----------------------------------------
-- Found 1 Kmer counting (meryl) outputs.
-- No change in report.
-- Finished stage 'cor-merylCountCheck', reset canuIteration.
-- No change in report.
--
-- Running jobs.  First attempt out of 2.
----------------------------------------
-- Starting 'meryl' concurrent execution on Thu Jun  4 03:26:21 2020 with 47.295 GB free disk space (1 processes; 2 concurrently)

    cd correction/0-mercounts
    ./meryl-process.sh 1 > ./meryl-process.000001.out 2>&1

-- Finished on Thu Jun  4 03:26:22 2020 (one second) with 47.306 GB free disk space
----------------------------------------
-- Meryl finished successfully.  Kmer frequency histogram:
--
--  16-mers                                                                                           Fraction
--    Occurrences   NumMers                                                                         Unique Total
--       1-     1         0                                                                        0.0000 0.0000
--       2-     2    190793 ********************************************************************** 0.4791 0.1002
--       3-     4    102623 *************************************                                  0.6498 0.1538
--       5-     7     41129 ***************                                                        0.7862 0.2160
--       8-    11     17390 ******                                                                 0.8559 0.2654
--      12-    16      7558 **                                                                     0.8891 0.3008
--      17-    22      3923 *                                                                      0.9049 0.3250
--      23-    29      3103 *                                                                      0.9137 0.3437
--      30-    37      3194 *                                                                      0.9214 0.3652
--      38-    46      4158 *                                                                      0.9294 0.3942
--      47-    56      4881 *                                                                      0.9400 0.4418
--      57-    67      4646 *                                                                      0.9522 0.5089
--      68-    79      4160 *                                                                      0.9637 0.5844
--      80-    92      3803 *                                                                      0.9740 0.6645
--      93-   106      2650                                                                        0.9833 0.7490
--     107-   121      1844                                                                        0.9897 0.8156
--     122-   137      1153                                                                        0.9942 0.8697
--     138-   154       588                                                                        0.9970 0.9076
--     155-   172       291                                                                        0.9984 0.9289
--     173-   191       133                                                                        0.9991 0.9412
--     192-   211        61                                                                        0.9994 0.9472
--     212-   232        23                                                                        0.9996 0.9501
--     233-   254         8                                                                        0.9996 0.9515
--     255-   277        20                                                                        0.9996 0.9520
--     278-   301         9                                                                        0.9997 0.9534
--     302-   326         5                                                                        0.9997 0.9541
--     327-   352         3                                                                        0.9997 0.9545
--     353-   379         2                                                                        0.9997 0.9548
--     380-   407         0                                                                        0.0000 0.0000
--     408-   436         2                                                                        0.9997 0.9550
--     437-   466         2                                                                        0.9997 0.9552
--     467-   497         3                                                                        0.9997 0.9554
--     498-   529         5                                                                        0.9998 0.9558
--     530-   562         2                                                                        0.9998 0.9565
--     563-   596        13                                                                        0.9998 0.9568
--     597-   631         6                                                                        0.9998 0.9588
--     632-   667         5                                                                        0.9998 0.9598
--     668-   704         5                                                                        0.9998 0.9606
--     705-   742         3                                                                        0.9998 0.9615
--     743-   781         0                                                                        0.0000 0.0000
--     782-   821         1                                                                        0.9999 0.9621
--
--           0 (max occurrences)
--     3807189 (total mers, non-unique)
--      398256 (distinct mers, non-unique)
--           0 (unique mers)
-- Report changed.
-- Finished stage 'meryl-process', reset canuIteration.
--
-- Removing meryl database 'correction/0-mercounts/Sars_cov_2_SRR11178051.ms16'.
--
-- OVERLAPPER (mhap) (correction)
--
-- Set corMhapSensitivity=low based on read coverage of 200.
--
-- PARAMETERS: hashes=256, minMatches=3, threshold=0.8
--
-- Given 5.4 GB, can fit 16200 reads per block.
-- For 4 blocks, set stride to 2 blocks.
-- Logging partitioning to 'correction/1-overlapper/partitioning.log'.
-- Configured 3 mhap precompute jobs.
-- Configured 3 mhap overlap jobs.
-- No change in report.
-- Finished stage 'cor-mhapConfigure', reset canuIteration.
-- No change in report.
--
-- Running jobs.  First attempt out of 2.
----------------------------------------
-- Starting 'cormhap' concurrent execution on Thu Jun  4 03:26:22 2020 with 47.309 GB free disk space (3 processes; 1 concurrently)

    cd correction/1-overlapper
    ./precompute.sh 1 > ./precompute.000001.out 2>&1
    ./precompute.sh 2 > ./precompute.000002.out 2>&1
    ./precompute.sh 3 > ./precompute.000003.out 2>&1

-- Finished on Thu Jun  4 03:27:00 2020 (38 seconds) with 47.232 GB free disk space
----------------------------------------
-- All 3 mhap precompute jobs finished successfully.
-- No change in report.
-- Finished stage 'cor-mhapPrecomputeCheck', reset canuIteration.
-- No change in report.
--
-- Running jobs.  First attempt out of 2.
----------------------------------------
-- Starting 'cormhap' concurrent execution on Thu Jun  4 03:27:00 2020 with 47.232 GB free disk space (3 processes; 1 concurrently)

    cd correction/1-overlapper
    ./mhap.sh 1 > ./mhap.000001.out 2>&1
    ./mhap.sh 2 > ./mhap.000002.out 2>&1
    ./mhap.sh 3 > ./mhap.000003.out 2>&1

-- Finished on Thu Jun  4 03:28:28 2020 (88 seconds) with 47.206 GB free disk space
----------------------------------------
-- Found 3 mhap overlap output files.
-- No change in report.
-- Finished stage 'cor-mhapCheck', reset canuIteration.
----------------------------------------
-- Starting command on Thu Jun  4 03:28:28 2020 with 47.206 GB free disk space

    cd correction
    /home/matheus/processamento_workflow/canu/Linux-amd64/bin/ovStoreConfig \
     -S ../Sars_cov_2_SRR11178051.seqStore \
     -M 4-8 \
     -L ./1-overlapper/ovljob.files \
     -create ./Sars_cov_2_SRR11178051.ovlStore.config \
     > ./Sars_cov_2_SRR11178051.ovlStore.config.txt \
    2> ./Sars_cov_2_SRR11178051.ovlStore.config.err

-- Finished on Thu Jun  4 03:28:28 2020 (fast as lightning) with 47.206 GB free disk space
----------------------------------------
--
-- Creating overlap store correction/Sars_cov_2_SRR11178051.ovlStore using:
--      2 buckets
--      2 slices
--        using at most 1 GB memory each
-- No change in report.
-- Finished stage 'cor-overlapStoreConfigure', reset canuIteration.
-- No change in report.
--
-- Running jobs.  First attempt out of 2.
----------------------------------------
-- Starting 'ovB' concurrent execution on Thu Jun  4 03:28:28 2020 with 47.206 GB free disk space (2 processes; 2 concurrently)

    cd correction/Sars_cov_2_SRR11178051.ovlStore.BUILDING
    ./scripts/1-bucketize.sh 1 > ./logs/1-bucketize.000001.out 2>&1
    ./scripts/1-bucketize.sh 2 > ./logs/1-bucketize.000002.out 2>&1

-- Finished on Thu Jun  4 03:28:29 2020 (one second) with 47.154 GB free disk space
----------------------------------------
-- Overlap store bucketizer finished.
-- No change in report.
-- Finished stage 'cor-overlapStoreBucketizerCheck', reset canuIteration.
-- No change in report.
--
-- Running jobs.  First attempt out of 2.
----------------------------------------
-- Starting 'ovS' concurrent execution on Thu Jun  4 03:28:29 2020 with 47.154 GB free disk space (2 processes; 1 concurrently)

    cd correction/Sars_cov_2_SRR11178051.ovlStore.BUILDING
    ./scripts/2-sort.sh 1 > ./logs/2-sort.000001.out 2>&1
    ./scripts/2-sort.sh 2 > ./logs/2-sort.000002.out 2>&1

-- Finished on Thu Jun  4 03:28:31 2020 (2 seconds) with 47.134 GB free disk space
----------------------------------------
-- Overlap store sorter finished.
-- No change in report.
-- Finished stage 'cor-overlapStoreSorterCheck', reset canuIteration.
----------------------------------------
-- Starting command on Thu Jun  4 03:28:31 2020 with 47.134 GB free disk space

    cd correction
    /home/matheus/processamento_workflow/canu/Linux-amd64/bin/ovStoreIndexer \
      -O  ./Sars_cov_2_SRR11178051.ovlStore.BUILDING \
      -S ../Sars_cov_2_SRR11178051.seqStore \
      -C  ./Sars_cov_2_SRR11178051.ovlStore.config \
      -delete \
    > ./Sars_cov_2_SRR11178051.ovlStore.BUILDING.index.err 2>&1

-- Finished on Thu Jun  4 03:28:31 2020 (like a bat out of hell) with 47.135 GB free disk space
----------------------------------------
-- Checking store.
----------------------------------------
-- Starting command on Thu Jun  4 03:28:31 2020 with 47.135 GB free disk space

    cd correction
    /home/matheus/processamento_workflow/canu/Linux-amd64/bin/ovStoreDump \
     -S ../Sars_cov_2_SRR11178051.seqStore \
     -O  ./Sars_cov_2_SRR11178051.ovlStore \
     -counts \
     > ./Sars_cov_2_SRR11178051.ovlStore/counts.dat 2> ./Sars_cov_2_SRR11178051.ovlStore/counts.err

-- Finished on Thu Jun  4 03:28:31 2020 (furiously fast) with 47.135 GB free disk space
----------------------------------------
--
-- Overlap store 'correction/Sars_cov_2_SRR11178051.ovlStore' successfully constructed.
-- Found 3596526 overlaps for 4534 reads; 39795 reads have no overlaps.
--
--
-- Purged 0.102 GB in 9 overlap output files.
-- No change in report.
-- Finished stage 'cor-createOverlapStore', reset canuIteration.
-- Set corMinCoverage=4 based on read coverage of 200.
-- Global filter scores will be estimated.
-- Computing correction layouts.
----------------------------------------
-- Starting command on Thu Jun  4 03:28:31 2020 with 47.238 GB free disk space

    cd correction
    /home/matheus/processamento_workflow/canu/Linux-amd64/bin/generateCorrectionLayouts \
      -S ../Sars_cov_2_SRR11178051.seqStore \
      -O  ./Sars_cov_2_SRR11178051.ovlStore \
      -C  ./Sars_cov_2_SRR11178051.corStore.WORKING \
      -eC 80 \
    > ./Sars_cov_2_SRR11178051.corStore.err 2>&1

-- Finished on Thu Jun  4 03:28:32 2020 (one second) with 47.228 GB free disk space
----------------------------------------
-- No change in report.
-- Finished stage 'cor-buildCorrectionLayoutsConfigure', reset canuIteration.
-- Computing correction layouts.
----------------------------------------
-- Starting command on Thu Jun  4 03:28:32 2020 with 47.228 GB free disk space

    cd correction/2-correction
    /home/matheus/processamento_workflow/canu/Linux-amd64/bin/filterCorrectionLayouts \
      -S  ../../Sars_cov_2_SRR11178051.seqStore \
      -C     ../Sars_cov_2_SRR11178051.corStore \
      -R      ./Sars_cov_2_SRR11178051.readsToCorrect.WORKING \
      -cc 4 \
      -cl 1000 \
      -g  30000 \
      -c  40 \
    > ./Sars_cov_2_SRR11178051.readsToCorrect.err 2>&1

-- Finished on Thu Jun  4 03:28:32 2020 (fast as lightning) with 47.225 GB free disk space
----------------------------------------
--                             original      original
--                            raw reads     raw reads
--   category                w/overlaps  w/o/overlaps
--   -------------------- ------------- -------------
--   Number of Reads               4476         39853
--   Number of Bases            5934802         65486
--   Coverage                   197.827         2.183
--   Median                        1213             0
--   Mean                          1325             1
--   N50                           1280          1122
--   Minimum                       1000             0
--   Maximum                       4268          1467
--   
--                                        --------corrected---------  ----------rescued----------
--                             evidence                     expected                     expected
--   category                     reads            raw     corrected            raw     corrected
--   -------------------- -------------  ------------- -------------  ------------- -------------
--   Number of Reads               4079            640           640            387           387
--   Number of Bases            5487147        1238823       1201148         437813        430160
--   Coverage                   182.905         41.294        40.038         14.594        14.339
--   Median                        1236           1827          1799           1104          1097
--   Mean                          1345           1935          1876           1131          1111
--   N50                           1309           1891          1847           1111          1100
--   Minimum                       1000           1556          1552           1004          1001
--   Maximum                       4268           4268          3654           2953          1481
--   
--                        --------uncorrected--------
--                                           expected
--   category                       raw     corrected
--   -------------------- ------------- -------------
--   Number of Reads              43302         43302
--   Number of Bases            4323652       3686389
--   Coverage                   144.122       122.880
--   Median                           0             0
--   Mean                            99            85
--   N50                           1216          1181
--   Minimum                          0             0
--   Maximum                       4058          4045
--   
--   Maximum Memory           565032806
-- Report changed.
-- Finished stage 'cor-filterCorrectionLayouts', reset canuIteration.
-- Using overlaps no worse than 0.5 fraction error for correcting reads (from corErrorRate parameter).
--
-- Configuring correction jobs:
--   Jobs limited to 4 GB per job (via option corMemory).
--   Reads estimated to need at most 1 GB for computation.
--   Leaving 3 GB memory for read data.
----------------------------------------
-- Starting command on Thu Jun  4 03:28:32 2020 with 47.225 GB free disk space

    cd correction/2-correction
    ./correctReadsPartition.sh \
    > ./correctReadsPartition.err 2>&1

-- Finished on Thu Jun  4 03:28:32 2020 (in the blink of an eye) with 47.225 GB free disk space
----------------------------------------
-- Using overlaps no worse than 0.5 fraction error for correcting reads (from corErrorRate parameter).
-- No change in report.
-- Finished stage 'cor-generateCorrectedReadsConfigure', reset canuIteration.
-- No change in report.
--
-- Running jobs.  First attempt out of 2.
----------------------------------------
-- Starting 'cor' concurrent execution on Thu Jun  4 03:28:32 2020 with 47.225 GB free disk space (1 processes; 2 concurrently)

    cd correction/2-correction
    ./correctReads.sh 1 > ./correctReads.000001.out 2>&1

-- Finished on Thu Jun  4 03:29:04 2020 (32 seconds) with 47.219 GB free disk space
----------------------------------------
-- Found 1 read correction output files.
-- No change in report.
-- Finished stage 'cor-generateCorrectedReadsCheck', reset canuIteration.
-- Found 1 read correction output files.
-- No change in report.
-- Finished stage 'cor-generateCorrectedReadsCheck', reset canuIteration.
--
-- Loading corrected reads into corStore and seqStore.
----------------------------------------
-- Starting command on Thu Jun  4 03:29:04 2020 with 47.219 GB free disk space

    cd correction
    /home/matheus/processamento_workflow/canu/Linux-amd64/bin/loadCorrectedReads \
      -S ../Sars_cov_2_SRR11178051.seqStore \
      -C ./Sars_cov_2_SRR11178051.corStore \
      -L ./2-correction/corjob.files \
    >  ./Sars_cov_2_SRR11178051.loadCorrectedReads.log \
    2> ./Sars_cov_2_SRR11178051.loadCorrectedReads.err

-- Finished on Thu Jun  4 03:29:05 2020 (one second) with 47.216 GB free disk space
----------------------------------------
----------------------------------------
-- Starting command on Thu Jun  4 03:29:05 2020 with 47.216 GB free disk space

    cd .
    /home/matheus/processamento_workflow/canu/Linux-amd64/bin/sqStoreDumpMetaData \
      -S ./Sars_cov_2_SRR11178051.seqStore \
      -corrected \
      -histogram \
      -lengths \
    > ./Sars_cov_2_SRR11178051.seqStore/readlengths-obt.dat \
    2> ./Sars_cov_2_SRR11178051.seqStore/readlengths-obt.err 
    

-- Finished on Thu Jun  4 03:29:05 2020 (lickety-split) with 47.216 GB free disk space
----------------------------------------
----------------------------------------
-- Starting command on Thu Jun  4 03:29:05 2020 with 47.216 GB free disk space

    cd .
    /home/matheus/processamento_workflow/canu/Linux-amd64/bin/sqStoreDumpMetaData \
      -S ./Sars_cov_2_SRR11178051.seqStore \
      -corrected \
      -histogram \
    > ./Sars_cov_2_SRR11178051.seqStore/readlengths-obt.txt \
    2> ./Sars_cov_2_SRR11178051.seqStore/readlengths-obt.err 
    

-- Finished on Thu Jun  4 03:29:05 2020 (furiously fast) with 47.216 GB free disk space
----------------------------------------
--
-- In sequence store './Sars_cov_2_SRR11178051.seqStore':
--   Found 1018 reads.
--   Found 1584649 bases (52.82 times coverage).
--    
--    G=1584649                          sum of  ||               length     num
--    NG         length     index       lengths  ||                range    seqs
--    ----- ------------ --------- ------------  ||  ------------------- -------
--    00010         2262        62       160522  ||        372-435             1|-
--    00020         2055       135       317100  ||        436-499             2|--
--    00030         1897       216       476266  ||        500-563             2|--
--    00040         1777       302       634517  ||        564-627             2|--
--    00050         1685       394       793481  ||        628-691             3|--
--    00060         1620       490       951726  ||        692-755             6|----
--    00070         1544       590      1109870  ||        756-819             3|--
--    00080         1164       709      1267732  ||        820-883             2|--
--    00090         1062       853      1426358  ||        884-947            12|--------
--    00100          372      1017      1584649  ||        948-1011           55|----------------------------------
--    001.000x                1018      1584649  ||       1012-1075          104|---------------------------------------------------------------
--                                               ||       1076-1139          102|--------------------------------------------------------------
--                                               ||       1140-1203           48|------------------------------
--                                               ||       1204-1267           31|-------------------
--                                               ||       1268-1331            7|-----
--                                               ||       1332-1395            3|--
--                                               ||       1396-1459            6|----
--                                               ||       1460-1523           20|-------------
--                                               ||       1524-1587           77|-----------------------------------------------
--                                               ||       1588-1651           96|-----------------------------------------------------------
--                                               ||       1652-1715           76|-----------------------------------------------
--                                               ||       1716-1779           60|-------------------------------------
--                                               ||       1780-1843           43|---------------------------
--                                               ||       1844-1907           45|----------------------------
--                                               ||       1908-1971           42|--------------------------
--                                               ||       1972-2035           28|-----------------
--                                               ||       2036-2099           26|----------------
--                                               ||       2100-2163           27|-----------------
--                                               ||       2164-2227           20|-------------
--                                               ||       2228-2291           13|--------
--                                               ||       2292-2355            8|-----
--                                               ||       2356-2419            8|-----
--                                               ||       2420-2483            8|-----
--                                               ||       2484-2547            4|---
--                                               ||       2548-2611            7|-----
--                                               ||       2612-2675            7|-----
--                                               ||       2676-2739            5|----
--                                               ||       2740-2803            2|--
--                                               ||       2804-2867            0|
--                                               ||       2868-2931            0|
--                                               ||       2932-2995            2|--
--                                               ||       2996-3059            2|--
--                                               ||       3060-3123            0|
--                                               ||       3124-3187            2|--
--                                               ||       3188-3251            0|
--                                               ||       3252-3315            0|
--                                               ||       3316-3379            0|
--                                               ||       3380-3443            0|
--                                               ||       3444-3507            0|
--                                               ||       3508-3571            1|-
--    
--
-- Purging correctReads output after loading into stores.
-- Purged 1 .cns outputs.
-- Purged 2 .out job log outputs.
--
-- Purging overlaps used for correction.
-- Report changed.
-- Finished stage 'cor-loadCorrectedReads', reset canuIteration.
----------------------------------------
-- Starting command on Thu Jun  4 03:29:05 2020 with 47.292 GB free disk space

    cd .
    /home/matheus/processamento_workflow/canu/Linux-amd64/bin/sqStoreDumpFASTQ \
      -corrected \
      -S ./Sars_cov_2_SRR11178051.seqStore \
      -o ./Sars_cov_2_SRR11178051.correctedReads.gz \
      -fasta \
      -nolibname \
    > Sars_cov_2_SRR11178051.correctedReads.fasta.err 2>&1

-- Finished on Thu Jun  4 03:29:05 2020 (lickety-split) with 47.292 GB free disk space
----------------------------------------
--
-- Corrected reads saved in 'Sars_cov_2_SRR11178051.correctedReads.fasta.gz'.
-- No change in report.
-- Finished stage 'cor-dumpCorrectedReads', reset canuIteration.
--
--
-- BEGIN TRIMMING
--
-- No change in report.
----------------------------------------
-- Starting command on Thu Jun  4 03:29:05 2020 with 47.292 GB free disk space

    cd trimming/0-mercounts
    ./meryl-configure.sh \
    > ./meryl-configure.err 2>&1

-- Finished on Thu Jun  4 03:29:05 2020 (in the blink of an eye) with 47.292 GB free disk space
----------------------------------------
--  segments   memory batches
--  -------- -------- -------
--        01  0.07 GB       1
--
--  For 1018 reads with 1584649 bases, limit to 1 batch.
--  Will count kmers using 01 jobs, each using 2 GB and 2 threads.
--
-- No change in report.
-- Finished stage 'merylConfigure', reset canuIteration.
-- No change in report.
--
-- Running jobs.  First attempt out of 2.
----------------------------------------
-- Starting 'meryl' concurrent execution on Thu Jun  4 03:29:05 2020 with 47.292 GB free disk space (1 processes; 2 concurrently)

    cd trimming/0-mercounts
    ./meryl-count.sh 1 > ./meryl-count.000001.out 2>&1

-- Finished on Thu Jun  4 03:29:06 2020 (one second) with 47.29 GB free disk space
----------------------------------------
-- Found 1 Kmer counting (meryl) outputs.
-- No change in report.
-- Finished stage 'obt-merylCountCheck', reset canuIteration.
-- No change in report.
--
-- Running jobs.  First attempt out of 2.
----------------------------------------
-- Starting 'meryl' concurrent execution on Thu Jun  4 03:29:06 2020 with 47.29 GB free disk space (1 processes; 2 concurrently)

    cd trimming/0-mercounts
    ./meryl-process.sh 1 > ./meryl-process.000001.out 2>&1

-- Finished on Thu Jun  4 03:29:07 2020 (one second) with 47.291 GB free disk space
----------------------------------------
-- Meryl finished successfully.  Kmer frequency histogram:
--
--  22-mers                                                                                           Fraction
--    Occurrences   NumMers                                                                         Unique Total
--       1-     1         0                                                                        0.0000 0.0000
--       2-     2      9132 ********************************************************************** 0.1722 0.0125
--       3-     4      5969 *********************************************                          0.2394 0.0198
--       5-     7      2836 *********************                                                  0.3082 0.0307
--       8-    11      2105 ****************                                                       0.3481 0.0405
--      12-    16      3403 **************************                                             0.3865 0.0549
--      17-    22      4323 *********************************                                      0.4546 0.0922
--      23-    29      5240 ****************************************                               0.5353 0.1511
--      30-    37      6262 ************************************************                       0.6416 0.2569
--      38-    46      4064 *******************************                                        0.7564 0.4001
--      47-    56      2449 ******************                                                     0.8215 0.4991
--      57-    67      2672 ********************                                                   0.8691 0.5913
--      68-    79      1887 **************                                                         0.9171 0.7012
--      80-    92       960 *******                                                                0.9507 0.7905
--      93-   106       289 **                                                                     0.9682 0.8455
--     107-   121       601 ****                                                                   0.9733 0.8642
--     122-   137       573 ****                                                                   0.9865 0.9198
--     138-   154       204 *                                                                      0.9953 0.9607
--     155-   172         3                                                                        0.9990 0.9800
--     173-   191         2                                                                        0.9991 0.9804
--     192-   211         0                                                                        0.0000 0.0000
--     212-   232         4                                                                        0.9991 0.9807
--     233-   254         5                                                                        0.9992 0.9813
--     255-   277         5                                                                        0.9993 0.9821
--     278-   301         3                                                                        0.9994 0.9831
--     302-   326         2                                                                        0.9995 0.9837
--     327-   352         1                                                                        0.9995 0.9841
--     353-   379         1                                                                        0.9995 0.9844
--     380-   407         0                                                                        0.0000 0.0000
--     408-   436         0                                                                        0.0000 0.0000
--     437-   466         0                                                                        0.0000 0.0000
--     467-   497         0                                                                        0.0000 0.0000
--     498-   529         0                                                                        0.0000 0.0000
--     530-   562         0                                                                        0.0000 0.0000
--     563-   596         0                                                                        0.0000 0.0000
--     597-   631         1                                                                        0.9995 0.9848
--     632-   667         1                                                                        0.9995 0.9852
--     668-   704         0                                                                        0.0000 0.0000
--     705-   742         2                                                                        0.9996 0.9857
--     743-   781         1                                                                        0.9996 0.9867
--     782-   821         1                                                                        0.9996 0.9873
--
--           0 (max occurrences)
--     1459727 (total mers, non-unique)
--       53021 (distinct mers, non-unique)
--           0 (unique mers)
-- Report changed.
-- Finished stage 'meryl-process', reset canuIteration.
--
-- Removing meryl database 'trimming/0-mercounts/Sars_cov_2_SRR11178051.ms22'.
--
-- OVERLAPPER (normal) (trimming) erate=0.12
--
----------------------------------------
-- Starting command on Thu Jun  4 03:29:08 2020 with 47.292 GB free disk space

    cd trimming/1-overlapper
    /home/matheus/processamento_workflow/canu/Linux-amd64/bin/overlapInCorePartition \
     -S  ../../Sars_cov_2_SRR11178051.seqStore \
     -hl 80000000 \
     -rl 1000000000 \
     -ol 500 \
     -o  ./Sars_cov_2_SRR11178051.partition \
    > ./Sars_cov_2_SRR11178051.partition.err 2>&1

-- Finished on Thu Jun  4 03:29:08 2020 (like a bat out of hell) with 47.292 GB free disk space
----------------------------------------
--
-- Configured 1 overlapInCore jobs.
-- No change in report.
-- Finished stage 'obt-overlapConfigure', reset canuIteration.
-- No change in report.
--
-- Running jobs.  First attempt out of 2.
----------------------------------------
-- Starting 'obtovl' concurrent execution on Thu Jun  4 03:29:08 2020 with 47.292 GB free disk space (1 processes; 1 concurrently)

    cd trimming/1-overlapper
    ./overlap.sh 1 > ./overlap.000001.out 2>&1

-- Finished on Thu Jun  4 03:29:15 2020 (7 seconds) with 47.291 GB free disk space
----------------------------------------
-- Found 1 overlapInCore output files.
--
-- overlapInCore compute 'trimming/1-overlapper':
--   kmer hits
--     with no overlap           588624      588624 +- 0
--     with an overlap            41044       41044 +- 0
--
--   overlaps                     41043       41043 +- 0
--     contained                      0           0 +- 0
--     dovetail                       0           0 +- 0
--
--   overlaps rejected
--     multiple per pair              0           0 +- 0
--     bad short window               0           0 +- 0
--     bad long window                0           0 +- 0
-- No change in report.
-- Finished stage 'obt-overlapCheck', reset canuIteration.
----------------------------------------
-- Starting command on Thu Jun  4 03:29:15 2020 with 47.291 GB free disk space

    cd trimming
    /home/matheus/processamento_workflow/canu/Linux-amd64/bin/ovStoreConfig \
     -S ../Sars_cov_2_SRR11178051.seqStore \
     -M 3 \
     -L ./1-overlapper/ovljob.files \
     -create ./Sars_cov_2_SRR11178051.ovlStore.config \
     > ./Sars_cov_2_SRR11178051.ovlStore.config.txt \
    2> ./Sars_cov_2_SRR11178051.ovlStore.config.err

-- Finished on Thu Jun  4 03:29:15 2020 (lickety-split) with 47.291 GB free disk space
----------------------------------------
--
-- Creating overlap store trimming/Sars_cov_2_SRR11178051.ovlStore using:
--      1 bucket
--      2 slices
--        using at most 1 GB memory each
-- No change in report.
-- Finished stage 'obt-overlapStoreConfigure', reset canuIteration.
-- No change in report.
--
-- Running jobs.  First attempt out of 2.
----------------------------------------
-- Starting 'ovB' concurrent execution on Thu Jun  4 03:29:15 2020 with 47.291 GB free disk space (1 processes; 2 concurrently)

    cd trimming/Sars_cov_2_SRR11178051.ovlStore.BUILDING
    ./scripts/1-bucketize.sh 1 > ./logs/1-bucketize.000001.out 2>&1

-- Finished on Thu Jun  4 03:29:15 2020 (furiously fast) with 47.289 GB free disk space
----------------------------------------
-- Overlap store bucketizer finished.
-- No change in report.
-- Finished stage 'obt-overlapStoreBucketizerCheck', reset canuIteration.
-- No change in report.
--
-- Running jobs.  First attempt out of 2.
----------------------------------------
-- Starting 'ovS' concurrent execution on Thu Jun  4 03:29:15 2020 with 47.289 GB free disk space (2 processes; 1 concurrently)

    cd trimming/Sars_cov_2_SRR11178051.ovlStore.BUILDING
    ./scripts/2-sort.sh 1 > ./logs/2-sort.000001.out 2>&1
    ./scripts/2-sort.sh 2 > ./logs/2-sort.000002.out 2>&1

-- Finished on Thu Jun  4 03:29:16 2020 (one second) with 47.284 GB free disk space
----------------------------------------
-- Overlap store sorter finished.
-- No change in report.
-- Finished stage 'obt-overlapStoreSorterCheck', reset canuIteration.
----------------------------------------
-- Starting command on Thu Jun  4 03:29:16 2020 with 47.284 GB free disk space

    cd trimming
    /home/matheus/processamento_workflow/canu/Linux-amd64/bin/ovStoreIndexer \
      -O  ./Sars_cov_2_SRR11178051.ovlStore.BUILDING \
      -S ../Sars_cov_2_SRR11178051.seqStore \
      -C  ./Sars_cov_2_SRR11178051.ovlStore.config \
      -delete \
    > ./Sars_cov_2_SRR11178051.ovlStore.BUILDING.index.err 2>&1

-- Finished on Thu Jun  4 03:29:16 2020 (like a bat out of hell) with 47.285 GB free disk space
----------------------------------------
-- Checking store.
----------------------------------------
-- Starting command on Thu Jun  4 03:29:16 2020 with 47.285 GB free disk space

    cd trimming
    /home/matheus/processamento_workflow/canu/Linux-amd64/bin/ovStoreDump \
     -S ../Sars_cov_2_SRR11178051.seqStore \
     -O  ./Sars_cov_2_SRR11178051.ovlStore \
     -counts \
     > ./Sars_cov_2_SRR11178051.ovlStore/counts.dat 2> ./Sars_cov_2_SRR11178051.ovlStore/counts.err

-- Finished on Thu Jun  4 03:29:16 2020 (like a bat out of hell) with 47.285 GB free disk space
----------------------------------------
--
-- Overlap store 'trimming/Sars_cov_2_SRR11178051.ovlStore' successfully constructed.
-- Found 82088 overlaps for 999 reads; 43330 reads have no overlaps.
--
--
-- Purged 0 GB in 3 overlap output files.
-- No change in report.
-- Finished stage 'obt-createOverlapStore', reset canuIteration.
----------------------------------------
-- Starting command on Thu Jun  4 03:29:16 2020 with 47.286 GB free disk space

    cd trimming/3-overlapbasedtrimming
    /home/matheus/processamento_workflow/canu/Linux-amd64/bin/trimReads \
      -S  ../../Sars_cov_2_SRR11178051.seqStore \
      -O  ../Sars_cov_2_SRR11178051.ovlStore \
      -Co ./Sars_cov_2_SRR11178051.1.trimReads.clear \
      -e  0.12 \
      -minlength 1000 \
      -ol 500 \
      -oc 2 \
      -o  ./Sars_cov_2_SRR11178051.1.trimReads \
    >     ./Sars_cov_2_SRR11178051.1.trimReads.err 2>&1

-- Finished on Thu Jun  4 03:29:17 2020 (one second) with 47.285 GB free disk space
----------------------------------------
--  PARAMETERS:
--  ----------
--     1000    (reads trimmed below this many bases are deleted)
--   0.1200    (use overlaps at or below this fraction error)
--      500    (break region if overlap is less than this long, for 'largest covered' algorithm)
--        2    (break region if overlap coverage is less than this many reads, for 'largest covered' algorithm)
--  
--  INPUT READS:
--  -----------
--   44329 reads      1584649 bases (reads processed)
--       0 reads            0 bases (reads not processed, previously deleted)
--       0 reads            0 bases (reads not processed, in a library where trimming isn't allowed)
--  
--  OUTPUT READS:
--  ------------
--     756 reads      1214134 bases (trimmed reads output)
--     130 reads       191164 bases (reads with no change, kept as is)
--   43330 reads        15220 bases (reads with no overlaps, deleted)
--     113 reads       117105 bases (reads with short trimmed length, deleted)
--  
--  TRIMMING DETAILS:
--  ----------------
--     558 reads        24745 bases (bases trimmed from the 5' end of a read)
--     575 reads        22281 bases (bases trimmed from the 3' end of a read)
-- Report changed.
-- Finished stage 'obt-trimReads', reset canuIteration.
----------------------------------------
-- Starting command on Thu Jun  4 03:29:17 2020 with 47.285 GB free disk space

    cd trimming/3-overlapbasedtrimming
    /home/matheus/processamento_workflow/canu/Linux-amd64/bin/splitReads \
      -S  ../../Sars_cov_2_SRR11178051.seqStore \
      -O  ../Sars_cov_2_SRR11178051.ovlStore \
      -Ci ./Sars_cov_2_SRR11178051.1.trimReads.clear \
      -Co ./Sars_cov_2_SRR11178051.2.splitReads.clear \
      -e  0.12 \
      -minlength 1000 \
      -o  ./Sars_cov_2_SRR11178051.2.splitReads \
    >     ./Sars_cov_2_SRR11178051.2.splitReads.err 2>&1

-- Finished on Thu Jun  4 03:29:17 2020 (furiously fast) with 47.285 GB free disk space
----------------------------------------
--  PARAMETERS:
--  ----------
--     1000    (reads trimmed below this many bases are deleted)
--   0.1200    (use overlaps at or below this fraction error)
--  INPUT READS:
--  -----------
--     886 reads      1452324 bases (reads processed)
--   43443 reads       132325 bases (reads not processed, previously deleted)
--       0 reads            0 bases (reads not processed, in a library where trimming isn't allowed)
--  
--  PROCESSED:
--  --------
--       0 reads            0 bases (no overlaps)
--       1 reads         1095 bases (no coverage after adjusting for trimming done already)
--       0 reads            0 bases (processed for chimera)
--       0 reads            0 bases (processed for spur)
--     885 reads      1451229 bases (processed for subreads)
--  
--  READS WITH SIGNALS:
--  ------------------
--       0 reads            0 signals (number of 5' spur signal)
--       0 reads            0 signals (number of 3' spur signal)
--       0 reads            0 signals (number of chimera signal)
--       0 reads            0 signals (number of subread signal)
--  
--  SIGNALS:
--  -------
--       0 reads            0 bases (size of 5' spur signal)
--       0 reads            0 bases (size of 3' spur signal)
--       0 reads            0 bases (size of chimera signal)
--       0 reads            0 bases (size of subread signal)
--  
--  TRIMMING:
--  --------
--       0 reads            0 bases (trimmed from the 5' end of the read)
--       0 reads            0 bases (trimmed from the 3' end of the read)
-- Report changed.
-- Finished stage 'obt-splitReads', reset canuIteration.
----------------------------------------
-- Starting command on Thu Jun  4 03:29:17 2020 with 47.285 GB free disk space

    cd trimming/3-overlapbasedtrimming
    /home/matheus/processamento_workflow/canu/Linux-amd64/bin/loadTrimmedReads \
      -S ../../Sars_cov_2_SRR11178051.seqStore \
      -c ./Sars_cov_2_SRR11178051.2.splitReads.clear \
    > ./Sars_cov_2_SRR11178051.loadTrimmedReads.err 2>&1

-- Finished on Thu Jun  4 03:29:17 2020 (furiously fast) with 47.282 GB free disk space
----------------------------------------
----------------------------------------
-- Starting command on Thu Jun  4 03:29:17 2020 with 47.282 GB free disk space

    cd .
    /home/matheus/processamento_workflow/canu/Linux-amd64/bin/sqStoreDumpMetaData \
      -S ./Sars_cov_2_SRR11178051.seqStore \
      -corrected -trimmed \
      -histogram \
      -lengths \
    > ./Sars_cov_2_SRR11178051.seqStore/readlengths-utg.dat \
    2> ./Sars_cov_2_SRR11178051.seqStore/readlengths-utg.err 
    

-- Finished on Thu Jun  4 03:29:17 2020 (furiously fast) with 47.282 GB free disk space
----------------------------------------
----------------------------------------
-- Starting command on Thu Jun  4 03:29:17 2020 with 47.282 GB free disk space

    cd .
    /home/matheus/processamento_workflow/canu/Linux-amd64/bin/sqStoreDumpMetaData \
      -S ./Sars_cov_2_SRR11178051.seqStore \
      -corrected -trimmed \
      -histogram \
    > ./Sars_cov_2_SRR11178051.seqStore/readlengths-utg.txt \
    2> ./Sars_cov_2_SRR11178051.seqStore/readlengths-utg.err 
    

-- Finished on Thu Jun  4 03:29:17 2020 (furiously fast) with 47.282 GB free disk space
----------------------------------------
--
-- In sequence store './Sars_cov_2_SRR11178051.seqStore':
--   Found 886 reads.
--   Found 1405298 bases (46.84 times coverage).
--    
--    G=1405298                          sum of  ||               length     num
--    NG         length     index       lengths  ||                range    seqs
--    ----- ------------ --------- ------------  ||  ------------------- -------
--    00010         2213        56       142068  ||       1001-1050           69|------------------------------------------------------
--    00020         2020       122       281252  ||       1051-1100           82|---------------------------------------------------------------
--    00030         1878       195       422875  ||       1101-1150           52|----------------------------------------
--    00040         1761       272       562635  ||       1151-1200           39|------------------------------
--    00050         1659       355       704102  ||       1201-1250           18|--------------
--    00060         1588       441       843303  ||       1251-1300            7|------
--    00070         1521       532       984847  ||       1301-1350            3|---
--    00080         1242       629      1125241  ||       1351-1400            3|---
--    00090         1087       751      1265040  ||       1401-1450           16|-------------
--    00100         1001       885      1405298  ||       1451-1500           41|--------------------------------
--    001.000x                 886      1405298  ||       1501-1550           58|---------------------------------------------
--                                               ||       1551-1600           72|--------------------------------------------------------
--                                               ||       1601-1650           66|---------------------------------------------------
--                                               ||       1651-1700           42|---------------------------------
--                                               ||       1701-1750           44|----------------------------------
--                                               ||       1751-1800           29|-----------------------
--                                               ||       1801-1850           35|---------------------------
--                                               ||       1851-1900           26|--------------------
--                                               ||       1901-1950           37|-----------------------------
--                                               ||       1951-2000           21|-----------------
--                                               ||       2001-2050           11|---------
--                                               ||       2051-2100           24|-------------------
--                                               ||       2101-2150           20|----------------
--                                               ||       2151-2200           12|----------
--                                               ||       2201-2250           10|--------
--                                               ||       2251-2300            6|-----
--                                               ||       2301-2350            6|-----
--                                               ||       2351-2400            3|---
--                                               ||       2401-2450            5|----
--                                               ||       2451-2500            5|----
--                                               ||       2501-2550            5|----
--                                               ||       2551-2600            7|------
--                                               ||       2601-2650            4|----
--                                               ||       2651-2700            0|
--                                               ||       2701-2750            1|-
--                                               ||       2751-2800            1|-
--                                               ||       2801-2850            0|
--                                               ||       2851-2900            1|-
--                                               ||       2901-2950            2|--
--                                               ||       2951-3000            0|
--                                               ||       3001-3050            1|-
--                                               ||       3051-3100            1|-
--                                               ||       3101-3150            0|
--                                               ||       3151-3200            0|
--                                               ||       3201-3250            0|
--                                               ||       3251-3300            0|
--                                               ||       3301-3350            0|
--                                               ||       3351-3400            0|
--                                               ||       3401-3450            0|
--                                               ||       3451-3500            1|-
--    
--
-- Purging overlaps used for trimming.
-- Report changed.
-- Finished stage 'obt-dumpReads', reset canuIteration.
----------------------------------------
-- Starting command on Thu Jun  4 03:29:17 2020 with 47.287 GB free disk space

    cd .
    /home/matheus/processamento_workflow/canu/Linux-amd64/bin/sqStoreDumpFASTQ \
      -trimmed \
      -S ./Sars_cov_2_SRR11178051.seqStore \
      -o ./Sars_cov_2_SRR11178051.trimmedReads.gz \
      -fasta \
      -trimmed -normal -nolibname \
    > ./Sars_cov_2_SRR11178051.trimmedReads.fasta.err 2>&1

-- Finished on Thu Jun  4 03:29:17 2020 (fast as lightning) with 47.287 GB free disk space
----------------------------------------
--
-- Trimmed reads saved in 'Sars_cov_2_SRR11178051.trimmedReads.fasta.gz'.
-- No change in report.
-- Finished stage 'cor-dumpTrimmedReads', reset canuIteration.
--
--
-- BEGIN ASSEMBLY
--
-- No change in report.
----------------------------------------
-- Starting command on Thu Jun  4 03:29:17 2020 with 47.287 GB free disk space

    cd unitigging/0-mercounts
    ./meryl-configure.sh \
    > ./meryl-configure.err 2>&1

-- Finished on Thu Jun  4 03:29:18 2020 (one second) with 47.287 GB free disk space
----------------------------------------
--  segments   memory batches
--  -------- -------- -------
--        01  0.07 GB       1
--
--  For 886 reads with 1405298 bases, limit to 1 batch.
--  Will count kmers using 01 jobs, each using 2 GB and 2 threads.
--
-- No change in report.
-- Finished stage 'merylConfigure', reset canuIteration.
-- No change in report.
--
-- Running jobs.  First attempt out of 2.
----------------------------------------
-- Starting 'meryl' concurrent execution on Thu Jun  4 03:29:18 2020 with 47.287 GB free disk space (1 processes; 2 concurrently)

    cd unitigging/0-mercounts
    ./meryl-count.sh 1 > ./meryl-count.000001.out 2>&1

-- Finished on Thu Jun  4 03:29:19 2020 (one second) with 47.285 GB free disk space
----------------------------------------
-- Found 1 Kmer counting (meryl) outputs.
-- No change in report.
-- Finished stage 'utg-merylCountCheck', reset canuIteration.
-- No change in report.
--
-- Running jobs.  First attempt out of 2.
----------------------------------------
-- Starting 'meryl' concurrent execution on Thu Jun  4 03:29:19 2020 with 47.285 GB free disk space (1 processes; 2 concurrently)

    cd unitigging/0-mercounts
    ./meryl-process.sh 1 > ./meryl-process.000001.out 2>&1

-- Finished on Thu Jun  4 03:29:20 2020 (one second) with 47.285 GB free disk space
----------------------------------------
-- Meryl finished successfully.  Kmer frequency histogram:
--
--  22-mers                                                                                           Fraction
--    Occurrences   NumMers                                                                         Unique Total
--       1-     1         0                                                                        0.0000 0.0000
--       2-     2      4803 ***************************************************                    0.1077 0.0072
--       3-     4      3284 ***********************************                                    0.1567 0.0121
--       5-     7      2288 ************************                                               0.2026 0.0189
--       8-    11      1929 ********************                                                   0.2441 0.0283
--      12-    16      3449 *************************************                                  0.2907 0.0447
--      17-    22      4265 *********************************************                          0.3712 0.0849
--      23-    29      5138 *******************************************************                0.4584 0.1429
--      30-    37      6514 ********************************************************************** 0.5832 0.2562
--      38-    46      3424 ************************************                                   0.7274 0.4204
--      47-    56      2875 ******************************                                         0.7934 0.5127
--      57-    67      3329 ***********************************                                    0.8587 0.6284
--      68-    79      1223 *************                                                          0.9293 0.7757
--      80-    92       598 ******                                                                 0.9551 0.8387
--      93-   106       781 ********                                                               0.9684 0.8770
--     107-   121       443 ****                                                                   0.9871 0.9406
--     122-   137       210 **                                                                     0.9947 0.9696
--     138-   154         3                                                                        0.9993 0.9891
--     155-   172         1                                                                        0.9994 0.9894
--     173-   191         0                                                                        0.0000 0.0000
--     192-   211         1                                                                        0.9994 0.9896
--     212-   232         1                                                                        0.9994 0.9897
--     233-   254         0                                                                        0.0000 0.0000
--     255-   277         0                                                                        0.0000 0.0000
--     278-   301         0                                                                        0.0000 0.0000
--     302-   326         0                                                                        0.0000 0.0000
--     327-   352         1                                                                        0.9994 0.9900
--     353-   379         0                                                                        0.0000 0.0000
--     380-   407         1                                                                        0.9995 0.9903
--     408-   436         1                                                                        0.9995 0.9906
--     437-   466         2                                                                        0.9995 0.9909
--     467-   497         1                                                                        0.9996 0.9916
--     498-   529         3                                                                        0.9996 0.9920
--     530-   562         7                                                                        0.9996 0.9932
--     563-   596         8                                                                        0.9998 0.9961
--     597-   631         2                                                                        1.0000 0.9995
--
--           0 (max occurrences)
--     1339366 (total mers, non-unique)
--       44585 (distinct mers, non-unique)
--           0 (unique mers)
-- Report changed.
-- Finished stage 'meryl-process', reset canuIteration.
--
-- Removing meryl database 'unitigging/0-mercounts/Sars_cov_2_SRR11178051.ms22'.
--
-- OVERLAPPER (normal) (assembly) erate=0.12
--
----------------------------------------
-- Starting command on Thu Jun  4 03:29:20 2020 with 47.287 GB free disk space

    cd unitigging/1-overlapper
    /home/matheus/processamento_workflow/canu/Linux-amd64/bin/overlapInCorePartition \
     -S  ../../Sars_cov_2_SRR11178051.seqStore \
     -hl 80000000 \
     -rl 1000000000 \
     -ol 500 \
     -o  ./Sars_cov_2_SRR11178051.partition \
    > ./Sars_cov_2_SRR11178051.partition.err 2>&1

-- Finished on Thu Jun  4 03:29:20 2020 (lickety-split) with 47.286 GB free disk space
----------------------------------------
--
-- Configured 1 overlapInCore jobs.
-- No change in report.
-- Finished stage 'utg-overlapConfigure', reset canuIteration.
-- No change in report.
--
-- Running jobs.  First attempt out of 2.
----------------------------------------
-- Starting 'utgovl' concurrent execution on Thu Jun  4 03:29:20 2020 with 47.286 GB free disk space (1 processes; 1 concurrently)

    cd unitigging/1-overlapper
    ./overlap.sh 1 > ./overlap.000001.out 2>&1

-- Finished on Thu Jun  4 03:29:25 2020 (5 seconds) with 47.286 GB free disk space
----------------------------------------
-- Found 1 overlapInCore output files.
--
-- overlapInCore compute 'unitigging/1-overlapper':
--   kmer hits
--     with no overlap           209059      209059 +- 0
--     with an overlap            33153       33153 +- 0
--
--   overlaps                     33153       33153 +- 0
--     contained                  10314       10314 +- 0
--     dovetail                   22839       22839 +- 0
--
--   overlaps rejected
--     multiple per pair              0           0 +- 0
--     bad short window               0           0 +- 0
--     bad long window                0           0 +- 0
-- No change in report.
-- Finished stage 'utg-overlapCheck', reset canuIteration.
----------------------------------------
-- Starting command on Thu Jun  4 03:29:25 2020 with 47.286 GB free disk space

    cd unitigging
    /home/matheus/processamento_workflow/canu/Linux-amd64/bin/ovStoreConfig \
     -S ../Sars_cov_2_SRR11178051.seqStore \
     -M 3 \
     -L ./1-overlapper/ovljob.files \
     -create ./Sars_cov_2_SRR11178051.ovlStore.config \
     > ./Sars_cov_2_SRR11178051.ovlStore.config.txt \
    2> ./Sars_cov_2_SRR11178051.ovlStore.config.err

-- Finished on Thu Jun  4 03:29:25 2020 (furiously fast) with 47.286 GB free disk space
----------------------------------------
--
-- Creating overlap store unitigging/Sars_cov_2_SRR11178051.ovlStore using:
--      1 bucket
--      2 slices
--        using at most 1 GB memory each
-- No change in report.
-- Finished stage 'utg-overlapStoreConfigure', reset canuIteration.
-- No change in report.
--
-- Running jobs.  First attempt out of 2.
----------------------------------------
-- Starting 'ovB' concurrent execution on Thu Jun  4 03:29:25 2020 with 47.286 GB free disk space (1 processes; 2 concurrently)

    cd unitigging/Sars_cov_2_SRR11178051.ovlStore.BUILDING
    ./scripts/1-bucketize.sh 1 > ./logs/1-bucketize.000001.out 2>&1

-- Finished on Thu Jun  4 03:29:25 2020 (furiously fast) with 47.285 GB free disk space
----------------------------------------
-- Overlap store bucketizer finished.
-- No change in report.
-- Finished stage 'utg-overlapStoreBucketizerCheck', reset canuIteration.
-- No change in report.
--
-- Running jobs.  First attempt out of 2.
----------------------------------------
-- Starting 'ovS' concurrent execution on Thu Jun  4 03:29:25 2020 with 47.285 GB free disk space (2 processes; 1 concurrently)

    cd unitigging/Sars_cov_2_SRR11178051.ovlStore.BUILDING
    ./scripts/2-sort.sh 1 > ./logs/2-sort.000001.out 2>&1
    ./scripts/2-sort.sh 2 > ./logs/2-sort.000002.out 2>&1

-- Finished on Thu Jun  4 03:29:26 2020 (one second) with 47.28 GB free disk space
----------------------------------------
-- Overlap store sorter finished.
-- No change in report.
-- Finished stage 'utg-overlapStoreSorterCheck', reset canuIteration.
----------------------------------------
-- Starting command on Thu Jun  4 03:29:26 2020 with 47.28 GB free disk space

    cd unitigging
    /home/matheus/processamento_workflow/canu/Linux-amd64/bin/ovStoreIndexer \
      -O  ./Sars_cov_2_SRR11178051.ovlStore.BUILDING \
      -S ../Sars_cov_2_SRR11178051.seqStore \
      -C  ./Sars_cov_2_SRR11178051.ovlStore.config \
      -delete \
    > ./Sars_cov_2_SRR11178051.ovlStore.BUILDING.index.err 2>&1

-- Finished on Thu Jun  4 03:29:26 2020 (lickety-split) with 47.281 GB free disk space
----------------------------------------
-- Checking store.
----------------------------------------
-- Starting command on Thu Jun  4 03:29:26 2020 with 47.281 GB free disk space

    cd unitigging
    /home/matheus/processamento_workflow/canu/Linux-amd64/bin/ovStoreDump \
     -S ../Sars_cov_2_SRR11178051.seqStore \
     -O  ./Sars_cov_2_SRR11178051.ovlStore \
     -counts \
     > ./Sars_cov_2_SRR11178051.ovlStore/counts.dat 2> ./Sars_cov_2_SRR11178051.ovlStore/counts.err

-- Finished on Thu Jun  4 03:29:26 2020 (in the blink of an eye) with 47.28 GB free disk space
----------------------------------------
--
-- Overlap store 'unitigging/Sars_cov_2_SRR11178051.ovlStore' successfully constructed.
-- Found 66306 overlaps for 885 reads; 43444 reads have no overlaps.
--
--
-- Purged 0 GB in 3 overlap output files.
----------------------------------------
-- Starting command on Thu Jun  4 03:29:26 2020 with 47.281 GB free disk space

    cd unitigging
    /home/matheus/processamento_workflow/canu/Linux-amd64/bin/ovStoreStats \
     -C 46 \
     -S ../Sars_cov_2_SRR11178051.seqStore \
     -O  ./Sars_cov_2_SRR11178051.ovlStore \
     -o  ./Sars_cov_2_SRR11178051.ovlStore \
     > ./Sars_cov_2_SRR11178051.ovlStore.summary.err 2>&1

-- Finished on Thu Jun  4 03:29:26 2020 (lickety-split) with 47.281 GB free disk space
----------------------------------------
--
-- Overlap store 'unitigging/Sars_cov_2_SRR11178051.ovlStore' contains:
--
--   category            reads     %          read length        feature size or coverage  analysis
--   ----------------  -------  -------  ----------------------  ------------------------  --------------------
--   middle-missing          0    0.00        0.00 +- 0.00             0.00 +- 0.00       (bad trimming)
--   middle-hump             0    0.00        0.00 +- 0.00             0.00 +- 0.00       (bad trimming)
--   no-5-prime              4    0.45     1546.50 +- 343.78          10.00 +- 20.00      (bad trimming)
--   no-3-prime              1    0.11     2350.00 +- 0.00             0.00 +- 0.00       (bad trimming)
--   
--   low-coverage           14    1.58     1148.07 +- 167.42          11.10 +- 2.19       (easy to assemble, potential for lower quality consensus)
--   unique                466   52.60     1647.95 +- 394.00          43.19 +- 14.95      (easy to assemble, perfect, yay)
--   repeat-cont            19    2.14     1059.32 +- 34.04          117.36 +- 8.05       (potential for consensus errors, no impact on assembly)
--   repeat-dove             0    0.00        0.00 +- 0.00             0.00 +- 0.00       (hard to assemble, likely won't assemble correctly or even at all)
--   
--   span-repeat           118   13.32     1630.06 +- 433.10         971.05 +- 408.60     (read spans a large repeat, usually easy to assemble)
--   uniq-repeat-cont      231   26.07     1445.47 +- 352.47                              (should be uniquely placed, low potential for consensus errors, no impact on assembly)
--   uniq-repeat-dove       32    3.61     2042.62 +- 317.83                              (will end contigs, potential to misassemble)
--   uniq-anchor             0    0.00        0.00 +- 0.00             0.00 +- 0.00       (repeat read, with unique section, probable bad read)
-- Report changed.
-- Finished stage 'utg-createOverlapStore', reset canuIteration.
--
-- Loading read lengths.
-- Loading number of overlaps per read.
--
-- Configure RED for 4gb memory.
--                   Batches of at most (unlimited) reads.
--                                      500000000 bases.
--                   Expecting evidence of at most 536870912 bases per iteration.
--
--           Total                                               Reads                 Olaps Evidence
--    Job   Memory      Read Range         Reads        Bases   Memory        Olaps   Memory   Memory  (Memory in MB)
--   ---- -------- ------------------- --------- ------------ -------- ------------ -------- --------
--      1  3260.49         1-44329          1018      1537623   187.73        66306     0.76  1024.00
--   ---- -------- ------------------- --------- ------------ -------- ------------ -------- --------
--                                                    1537623                 66306
-- No change in report.
-- Finished stage 'readErrorDetectionConfigure', reset canuIteration.
-- No change in report.
--
-- Running jobs.  First attempt out of 2.
----------------------------------------
-- Starting 'red' concurrent execution on Thu Jun  4 03:29:26 2020 with 47.281 GB free disk space (1 processes; 2 concurrently)

    cd unitigging/3-overlapErrorAdjustment
    ./red.sh 1 > ./red.000001.out 2>&1

-- Finished on Thu Jun  4 03:29:28 2020 (2 seconds) with 47.281 GB free disk space
----------------------------------------
-- Found 1 read error detection output files.
-- No change in report.
-- Finished stage 'readErrorDetectionCheck', reset canuIteration.
--
-- Loading read lengths.
-- Loading number of overlaps per read.
--
-- Configure OEA for 4gb memory.
--                   Batches of at most (unlimited) reads.
--                                      300000000 bases.
--
--           Total                                               Reads                 Olaps  Adjusts
--    Job   Memory      Read Range         Reads        Bases   Memory        Olaps   Memory   Memory  (Memory in MB)
--   ---- -------- ------------------- --------- ------------ -------- ------------ -------- --------
--      1  2380.64         1-44329          1018      1537623     9.50        66306     2.02   321.12
--   ---- -------- ------------------- --------- ------------ -------- ------------ -------- --------
--                                                    1537623                 66306
-- No change in report.
-- Finished stage 'overlapErrorAdjustmentConfigure', reset canuIteration.
-- No change in report.
--
-- Running jobs.  First attempt out of 2.
----------------------------------------
-- Starting 'oea' concurrent execution on Thu Jun  4 03:29:29 2020 with 47.281 GB free disk space (1 processes; 2 concurrently)

    cd unitigging/3-overlapErrorAdjustment
    ./oea.sh 1 > ./oea.000001.out 2>&1

-- Finished on Thu Jun  4 03:29:30 2020 (one second) with 47.281 GB free disk space
----------------------------------------
-- Found 1 overlap error adjustment output files.
-- No change in report.
-- Finished stage 'overlapErrorAdjustmentCheck', reset canuIteration.
----------------------------------------
-- Starting command on Thu Jun  4 03:29:30 2020 with 47.281 GB free disk space

    cd unitigging/3-overlapErrorAdjustment
    /home/matheus/processamento_workflow/canu/Linux-amd64/bin/loadErates \
      -S ../../Sars_cov_2_SRR11178051.seqStore \
      -O ../Sars_cov_2_SRR11178051.ovlStore \
      -L ./oea.files \
    > ./oea.apply.err 2>&1

-- Finished on Thu Jun  4 03:29:30 2020 (lickety-split) with 47.281 GB free disk space
----------------------------------------
-- No report available.
-- Report changed.
-- Finished stage 'updateOverlapStore', reset canuIteration.
-- Finished stage 'unitig', reset canuIteration.
-- No change in report.
-- No change in report.
--
-- Running jobs.  First attempt out of 2.
----------------------------------------
-- Starting 'bat' concurrent execution on Thu Jun  4 03:29:30 2020 with 47.281 GB free disk space (1 processes; 1 concurrently)

    cd unitigging/4-unitigger
    ./unitigger.sh 1 > ./unitigger.000001.out 2>&1

-- Finished on Thu Jun  4 03:29:31 2020 (one second) with 47.28 GB free disk space
----------------------------------------
-- Unitigger finished successfully.
-- Found, in version 1, after unitig construction:
--   contigs:      2 sequences, total length 31785 bp (including 0 repeats of total length 0 bp).
--   bubbles:      1 sequences, total length 1147 bp.
--   unassembled:  29 sequences, total length 36197 bp.
--
-- Contig sizes based on genome size 30kbp:
--
--            NG (bp)  LG (contigs)    sum (bp)
--         ----------  ------------  ----------
--     10       30108             1       30108
--     20       30108             1       30108
--     30       30108             1       30108
--     40       30108             1       30108
--     50       30108             1       30108
--     60       30108             1       30108
--     70       30108             1       30108
--     80       30108             1       30108
--     90       30108             1       30108
--    100       30108             1       30108
--
-- Report changed.
-- Finished stage 'unitigCheck', reset canuIteration.
----------------------------------------
-- Starting command on Thu Jun  4 03:29:31 2020 with 47.28 GB free disk space

    cd unitigging
    /home/matheus/processamento_workflow/canu/Linux-amd64/bin/utgcns \
      -S ../Sars_cov_2_SRR11178051.seqStore \
      -T  ./Sars_cov_2_SRR11178051.ctgStore 1 \
      -partition 0.8 1 0.1 \
    > ./Sars_cov_2_SRR11178051.ctgStore/partitioning.log 2>&1

-- Finished on Thu Jun  4 03:29:31 2020 (in the blink of an eye) with 47.28 GB free disk space
----------------------------------------
----------------------------------------
-- Starting command on Thu Jun  4 03:29:31 2020 with 47.28 GB free disk space

    cd unitigging
    /home/matheus/processamento_workflow/canu/Linux-amd64/bin/utgcns \
      -S ../Sars_cov_2_SRR11178051.seqStore \
      -T  ./Sars_cov_2_SRR11178051.utgStore 1 \
      -partition 0.8 1 0.1 \
    > ./Sars_cov_2_SRR11178051.utgStore/partitioning.log 2>&1

-- Finished on Thu Jun  4 03:29:31 2020 (like a bat out of hell) with 47.279 GB free disk space
----------------------------------------
-- Using slow alignment for consensus (iteration '0').
-- Configured 2 contig and 2 unitig consensus jobs.
-- No change in report.
-- Finished stage 'consensusConfigure', reset canuIteration.
--
--                                (tag)Concurrency
--                         (tag)Threads          |
--                (tag)Memory         |          |
--        (tag)             |         |          |       total usage      algorithm
--        -------  ----------  --------   --------  --------------------  -----------------------------
-- Local: cns        0.500 GB    4 CPUs x   1 job      0.500 GB   4 CPUs  (consensus)
--
-- No change in report.
--
-- Running jobs.  First attempt out of 2.
----------------------------------------
-- Starting 'cns' concurrent execution on Thu Jun  4 03:29:31 2020 with 47.279 GB free disk space (4 processes; 1 concurrently)

    cd unitigging/5-consensus
    ./consensus.sh 1 > ./consensus.000001.out 2>&1
    ./consensus.sh 2 > ./consensus.000002.out 2>&1
    ./consensus.sh 3 > ./consensus.000003.out 2>&1
    ./consensus.sh 4 > ./consensus.000004.out 2>&1

-- Finished on Thu Jun  4 03:29:35 2020 (4 seconds) with 47.278 GB free disk space
----------------------------------------
-- Using slow alignment for consensus (iteration '1').
-- Configured 2 contig and 2 unitig consensus jobs.
-- No change in report.
-- All 4 consensus jobs finished successfully.
-- No change in report.
-- Finished stage 'consensusCheck', reset canuIteration.
-- Using slow alignment for consensus (iteration '0').
-- Configured 2 contig and 2 unitig consensus jobs.
-- No change in report.
----------------------------------------
-- Starting command on Thu Jun  4 03:29:35 2020 with 47.278 GB free disk space

    cd unitigging
    /home/matheus/processamento_workflow/canu/Linux-amd64/bin/tgStoreLoad \
      -S ../Sars_cov_2_SRR11178051.seqStore \
      -T  ./Sars_cov_2_SRR11178051.ctgStore 2 \
      -L ./5-consensus/ctgcns.files \
    > ./5-consensus/ctgcns.files.ctgStoreLoad.err 2>&1

-- Finished on Thu Jun  4 03:29:35 2020 (furiously fast) with 47.278 GB free disk space
----------------------------------------
----------------------------------------
-- Starting command on Thu Jun  4 03:29:35 2020 with 47.278 GB free disk space

    cd unitigging
    /home/matheus/processamento_workflow/canu/Linux-amd64/bin/tgStoreLoad \
      -S ../Sars_cov_2_SRR11178051.seqStore \
      -T  ./Sars_cov_2_SRR11178051.utgStore 2 \
      -L ./5-consensus/utgcns.files \
    > ./5-consensus/utgcns.files.utgStoreLoad.err 2>&1

-- Finished on Thu Jun  4 03:29:35 2020 (furiously fast) with 47.278 GB free disk space
----------------------------------------
-- Purging consensus output after loading to ctgStore and/or utgStore.
-- Purged 4 .cns outputs.
----------------------------------------
-- Starting command on Thu Jun  4 03:29:35 2020 with 47.278 GB free disk space

    cd unitigging
    /home/matheus/processamento_workflow/canu/Linux-amd64/bin/tgStoreDump \
      -S ../Sars_cov_2_SRR11178051.seqStore \
      -T ./Sars_cov_2_SRR11178051.ctgStore 2 \
      -sizes -s 30000 \
    > ./Sars_cov_2_SRR11178051.ctgStore/seqDB.v002.sizes.txt
sqStore_loadMetadata()-- Using 'corrected-trimmed' 0x10 reads.

-- Finished on Thu Jun  4 03:29:35 2020 (lickety-split) with 47.278 GB free disk space
----------------------------------------
-- Found, in version 2, after consensus generation:
--   contigs:      2 sequences, total length 31475 bp (including 0 repeats of total length 0 bp).
--   bubbles:      1 sequences, total length 1132 bp.
--   unassembled:  29 sequences, total length 36197 bp.
--
-- Contig sizes based on genome size 30kbp:
--
--            NG (bp)  LG (contigs)    sum (bp)
--         ----------  ------------  ----------
--     10       29807             1       29807
--     20       29807             1       29807
--     30       29807             1       29807
--     40       29807             1       29807
--     50       29807             1       29807
--     60       29807             1       29807
--     70       29807             1       29807
--     80       29807             1       29807
--     90       29807             1       29807
--    100        1668             2       31475
--
-- Report changed.
-- Finished stage 'consensusLoad', reset canuIteration.
-- No change in report.
----------------------------------------
-- Starting command on Thu Jun  4 03:29:35 2020 with 47.278 GB free disk space

    cd unitigging/4-unitigger
    ./alignGFA.sh \
    > alignGFA.err 2>&1

-- Finished on Thu Jun  4 03:29:36 2020 (one second) with 47.278 GB free disk space
----------------------------------------
----------------------------------------
-- Starting command on Thu Jun  4 03:29:36 2020 with 47.278 GB free disk space

    cd .
    /home/matheus/processamento_workflow/canu/Linux-amd64/bin/tgStoreDump \
      -S ./Sars_cov_2_SRR11178051.seqStore \
      -T ./unitigging/Sars_cov_2_SRR11178051.ctgStore 2 \
      -o ./Sars_cov_2_SRR11178051.contigs \
      -layout \
    > ./Sars_cov_2_SRR11178051.contigs.layout.err 2>&1

-- Finished on Thu Jun  4 03:29:36 2020 (like a bat out of hell) with 47.278 GB free disk space
----------------------------------------
----------------------------------------
-- Starting command on Thu Jun  4 03:29:36 2020 with 47.278 GB free disk space

    cd .
    /home/matheus/processamento_workflow/canu/Linux-amd64/bin/tgStoreDump \
      -S ./Sars_cov_2_SRR11178051.seqStore \
      -T ./unitigging/Sars_cov_2_SRR11178051.utgStore 2 \
      -o ./Sars_cov_2_SRR11178051.unitigs \
      -layout \
    > ./Sars_cov_2_SRR11178051.unitigs.layout.err 2>&1

-- Finished on Thu Jun  4 03:29:36 2020 (like a bat out of hell) with 47.278 GB free disk space
----------------------------------------
----------------------------------------
-- Starting command on Thu Jun  4 03:29:36 2020 with 47.278 GB free disk space

    cd .
    /home/matheus/processamento_workflow/canu/Linux-amd64/bin/tgStoreDump \
      -S ./Sars_cov_2_SRR11178051.seqStore \
      -T ./unitigging/Sars_cov_2_SRR11178051.ctgStore 2 \
      -consensus -fasta \
      -unassembled \
    > ./Sars_cov_2_SRR11178051.unassembled.fasta
    2> ./Sars_cov_2_SRR11178051.unassembled.err
sqStore_loadMetadata()-- Using 'corrected-trimmed' 0x10 reads.

-- Finished on Thu Jun  4 03:29:36 2020 (lickety-split) with 47.278 GB free disk space
----------------------------------------
----------------------------------------
-- Starting command on Thu Jun  4 03:29:36 2020 with 47.278 GB free disk space

    cd .
    /home/matheus/processamento_workflow/canu/Linux-amd64/bin/tgStoreDump \
      -S ./Sars_cov_2_SRR11178051.seqStore \
      -T ./unitigging/Sars_cov_2_SRR11178051.ctgStore 2 \
      -consensus -fasta \
      -contigs \
    > ./Sars_cov_2_SRR11178051.contigs.fasta
    2> ./Sars_cov_2_SRR11178051.contigs.err
sqStore_loadMetadata()-- Using 'corrected-trimmed' 0x10 reads.

-- Finished on Thu Jun  4 03:29:36 2020 (furiously fast) with 47.278 GB free disk space
----------------------------------------
----------------------------------------
-- Starting command on Thu Jun  4 03:29:36 2020 with 47.278 GB free disk space

    cd .
    /home/matheus/processamento_workflow/canu/Linux-amd64/bin/tgStoreDump \
      -S ./Sars_cov_2_SRR11178051.seqStore \
      -T ./unitigging/Sars_cov_2_SRR11178051.utgStore 2 \
      -consensus -fasta \
      -contigs \
    > ./Sars_cov_2_SRR11178051.unitigs.fasta
    2> ./Sars_cov_2_SRR11178051.unitigs.err
sqStore_loadMetadata()-- Using 'corrected-trimmed' 0x10 reads.

-- Finished on Thu Jun  4 03:29:36 2020 (like a bat out of hell) with 47.278 GB free disk space
----------------------------------------
-- No change in report.
-- Finished stage 'generateOutputs', reset canuIteration.
--
-- Assembly 'Sars_cov_2_SRR11178051' finished in '/home/matheus/processamento_workflow/SRR11178051_06-04-2020-03-21-32/Sars_cov_2_SRR11178051'.
--
-- Summary saved in 'Sars_cov_2_SRR11178051.report'.
--
-- Sequences saved:
--   Contigs       -> 'Sars_cov_2_SRR11178051.contigs.fasta'
--   Unassembled   -> 'Sars_cov_2_SRR11178051.unassembled.fasta'
--   Unitigs       -> 'Sars_cov_2_SRR11178051.unitigs.fasta'
--
-- Read layouts saved:
--   Contigs       -> 'Sars_cov_2_SRR11178051.contigs.layout'.
--   Unitigs       -> 'Sars_cov_2_SRR11178051.unitigs.layout'.
--
-- Graphs saved:
--   Unitigs       -> 'Sars_cov_2_SRR11178051.unitigs.gfa'.
--
-- Bye.
578.40user 17.77system 3:25.32elapsed 290%CPU (0avgtext+0avgdata 3737764maxresident)k
8inputs+1208424outputs (0major+2303302minor)pagefaults 0swaps
