perl: warning: Setting locale failed.
perl: warning: Please check that your locale settings:
	LANGUAGE = "pt_BR:pt:en",
	LC_ALL = "en_US.UTF-8",
	LANG = "pt_BR.UTF-8"
    are supported and installed on your system.
perl: warning: Falling back to a fallback locale ("pt_BR.UTF-8").
-- canu snapshot v2.0-development +523 changes (r10016 cafc287f0c6a33d7540deb21a0311fb985d3bdb8)
--
-- CITATIONS
--
-- For 'standard' assemblies of PacBio or Nanopore reads:
--   Koren S, Walenz BP, Berlin K, Miller JR, Phillippy AM.
--   Canu: scalable and accurate long-read assembly via adaptive k-mer weighting and repeat separation.
--   Genome Res. 2017 May;27(5):722-736.
--   http://doi.org/10.1101/gr.215087.116
-- 
-- Read and contig alignments during correction, consensus and GFA building use:
--   Šošic M, Šikic M.
--   Edlib: a C/C ++ library for fast, exact sequence alignment using edit distance.
--   Bioinformatics. 2017 May 1;33(9):1394-1395.
--   http://doi.org/10.1093/bioinformatics/btw753
-- 
-- Overlaps are generated using:
--   Berlin K, et al.
--   Assembling large genomes with single-molecule sequencing and locality-sensitive hashing.
--   Nat Biotechnol. 2015 Jun;33(6):623-30.
--   http://doi.org/10.1038/nbt.3238
-- 
--   Myers EW, et al.
--   A Whole-Genome Assembly of Drosophila.
--   Science. 2000 Mar 24;287(5461):2196-204.
--   http://doi.org/10.1126/science.287.5461.2196
-- 
-- Corrected read consensus sequences are generated using an algorithm derived from FALCON-sense:
--   Chin CS, et al.
--   Phased diploid genome assembly with single-molecule real-time sequencing.
--   Nat Methods. 2016 Dec;13(12):1050-1054.
--   http://doi.org/10.1038/nmeth.4035
-- 
-- Contig consensus sequences are generated using an algorithm derived from pbdagcon:
--   Chin CS, et al.
--   Nonhybrid, finished microbial genome assemblies from long-read SMRT sequencing data.
--   Nat Methods. 2013 Jun;10(6):563-9
--   http://doi.org/10.1038/nmeth.2474
-- 
-- CONFIGURE CANU
--
-- Detected Java(TM) Runtime Environment '11.0.7' (from 'java') without -d64 support.
-- Detected gnuplot version '5.2 patchlevel 6   ' (from 'gnuplot') and image format 'png'.
-- Detected 4 CPUs and 8 gigabytes of memory.
-- No grid engine detected, grid and staging disabled.
--
--                                (tag)Concurrency
--                         (tag)Threads          |
--                (tag)Memory         |          |
--        (tag)             |         |          |       total usage      algorithm
--        -------  ----------  --------   --------  --------------------  -----------------------------
-- Local: meryl      4.000 GB    2 CPUs x   2 jobs     8.000 GB   4 CPUs  (k-mer counting)
-- Local: hap        8.000 GB    4 CPUs x   1 job      8.000 GB   4 CPUs  (read-to-haplotype assignment)
-- Local: cormhap    6.000 GB    4 CPUs x   1 job      6.000 GB   4 CPUs  (overlap detection with mhap)
-- Local: obtovl     4.000 GB    4 CPUs x   1 job      4.000 GB   4 CPUs  (overlap detection)
-- Local: utgovl     4.000 GB    4 CPUs x   1 job      4.000 GB   4 CPUs  (overlap detection)
-- Local: cor        4.000 GB    2 CPUs x   2 jobs     8.000 GB   4 CPUs  (read correction)
-- Local: ovb        4.000 GB    1 CPU  x   2 jobs     8.000 GB   2 CPUs  (overlap store bucketizer)
-- Local: ovs        8.000 GB    1 CPU  x   1 job      8.000 GB   1 CPU   (overlap store sorting)
-- Local: red        4.000 GB    2 CPUs x   2 jobs     8.000 GB   4 CPUs  (read error detection)
-- Local: oea        4.000 GB    2 CPUs x   2 jobs     8.000 GB   4 CPUs  (overlap error adjustment)
-- Local: bat        8.000 GB    4 CPUs x   1 job      8.000 GB   4 CPUs  (contig construction with bogart)
-- Local: cns        -.--- GB    4 CPUs x   - jobs     -.--- GB   - CPUs  (consensus)
-- Local: gfa        8.000 GB    4 CPUs x   1 job      8.000 GB   4 CPUs  (GFA alignment and processing)
--
-- Found untrimmed raw Nanopore reads in the input files.
--
-- Generating assembly 'Sars_cov_2_SRR11178050' in '/home/matheus/processamento_workflow/SRR11178050_06-04-2020-02-59-56/Sars_cov_2_SRR11178050':
--    - correct raw reads.
--    - trim corrected reads.
--    - assemble corrected and trimmed reads.
--
-- Parameters:
--
--  genomeSize        30000
--
--  Overlap Generation Limits:
--    corOvlErrorRate 0.3200 ( 32.00%)
--    obtOvlErrorRate 0.1200 ( 12.00%)
--    utgOvlErrorRate 0.1200 ( 12.00%)
--
--  Overlap Processing Limits:
--    corErrorRate    0.5000 ( 50.00%)
--    obtErrorRate    0.1200 ( 12.00%)
--    utgErrorRate    0.1200 ( 12.00%)
--    cnsErrorRate    0.2000 ( 20.00%)
--
--
-- BEGIN CORRECTION
--
----------------------------------------
-- Starting command on Thu Jun  4 03:02:32 2020 with 52.251 GB free disk space

    cd .
    ./Sars_cov_2_SRR11178050.seqStore.sh \
    > ./Sars_cov_2_SRR11178050.seqStore.err 2>&1

-- Finished on Thu Jun  4 03:02:34 2020 (2 seconds) with 52.195 GB free disk space
----------------------------------------
----------------------------------------
-- Starting command on Thu Jun  4 03:02:34 2020 with 52.195 GB free disk space

    cd .
    /home/matheus/processamento_workflow/canu/Linux-amd64/bin/sqStoreDumpMetaData \
      -S ./Sars_cov_2_SRR11178050.seqStore \
      -raw \
      -histogram \
      -lengths \
    > ./Sars_cov_2_SRR11178050.seqStore/readlengths-cor.dat \
    2> ./Sars_cov_2_SRR11178050.seqStore/readlengths-cor.err 
    

-- Finished on Thu Jun  4 03:02:34 2020 (furiously fast) with 52.195 GB free disk space
----------------------------------------
----------------------------------------
-- Starting command on Thu Jun  4 03:02:35 2020 with 52.195 GB free disk space

    cd .
    /home/matheus/processamento_workflow/canu/Linux-amd64/bin/sqStoreDumpMetaData \
      -S ./Sars_cov_2_SRR11178050.seqStore \
      -raw \
      -histogram \
    > ./Sars_cov_2_SRR11178050.seqStore/readlengths-cor.txt \
    2> ./Sars_cov_2_SRR11178050.seqStore/readlengths-cor.err 
    

-- Finished on Thu Jun  4 03:02:35 2020 (lickety-split) with 52.195 GB free disk space
----------------------------------------
--
-- In sequence store './Sars_cov_2_SRR11178050.seqStore':
--   Found 1658 reads.
--   Found 2055332 bases (68.51 times coverage).
--    
--    G=2055332                          sum of  ||               length     num
--    NG         length     index       lengths  ||                range    seqs
--    ----- ------------ --------- ------------  ||  ------------------- -------
--    00010         1722        99       206321  ||       1000-1043          306|---------------------------------------------------------------
--    00020         1478       230       411961  ||       1044-1087          266|-------------------------------------------------------
--    00030         1340       376       616820  ||       1088-1131          214|---------------------------------------------
--    00040         1262       534       822185  ||       1132-1175          151|--------------------------------
--    00050         1182       703      1028491  ||       1176-1219          100|---------------------
--    00060         1130       881      1233879  ||       1220-1263           89|-------------------
--    00070         1091      1066      1439090  ||       1264-1307           96|--------------------
--    00080         1059      1257      1644279  ||       1308-1351           71|---------------
--    00090         1027      1455      1850796  ||       1352-1395           54|------------
--    00100         1000      1657      2055332  ||       1396-1439           46|----------
--    001.000x                1658      2055332  ||       1440-1483           42|---------
--                                               ||       1484-1527           35|--------
--                                               ||       1528-1571           34|-------
--                                               ||       1572-1615           20|-----
--                                               ||       1616-1659           15|----
--                                               ||       1660-1703           15|----
--                                               ||       1704-1747           13|---
--                                               ||       1748-1791           16|----
--                                               ||       1792-1835            8|--
--                                               ||       1836-1879           11|---
--                                               ||       1880-1923            6|--
--                                               ||       1924-1967            3|-
--                                               ||       1968-2011            7|--
--                                               ||       2012-2055            4|-
--                                               ||       2056-2099            3|-
--                                               ||       2100-2143            2|-
--                                               ||       2144-2187            4|-
--                                               ||       2188-2231            3|-
--                                               ||       2232-2275            4|-
--                                               ||       2276-2319            3|-
--                                               ||       2320-2363            1|-
--                                               ||       2364-2407            0|
--                                               ||       2408-2451            1|-
--                                               ||       2452-2495            1|-
--                                               ||       2496-2539            0|
--                                               ||       2540-2583            1|-
--                                               ||       2584-2627            3|-
--                                               ||       2628-2671            0|
--                                               ||       2672-2715            3|-
--                                               ||       2716-2759            0|
--                                               ||       2760-2803            2|-
--                                               ||       2804-2847            0|
--                                               ||       2848-2891            0|
--                                               ||       2892-2935            0|
--                                               ||       2936-2979            1|-
--                                               ||       2980-3023            0|
--                                               ||       3024-3067            2|-
--                                               ||       3068-3111            0|
--                                               ||       3112-3155            2|-
--    
-- New report created.
----------------------------------------
-- Starting command on Thu Jun  4 03:02:35 2020 with 52.195 GB free disk space

    cd correction/0-mercounts
    ./meryl-configure.sh \
    > ./meryl-configure.err 2>&1

-- Finished on Thu Jun  4 03:02:35 2020 (like a bat out of hell) with 52.195 GB free disk space
----------------------------------------
--  segments   memory batches
--  -------- -------- -------
--        01  0.07 GB       1
--
--  For 1658 reads with 2055332 bases, limit to 1 batch.
--  Will count kmers using 01 jobs, each using 2 GB and 2 threads.
--
-- Report changed.
-- Finished stage 'merylConfigure', reset canuIteration.
-- No change in report.
--
-- Running jobs.  First attempt out of 2.
----------------------------------------
-- Starting 'meryl' concurrent execution on Thu Jun  4 03:02:35 2020 with 52.195 GB free disk space (1 processes; 2 concurrently)

    cd correction/0-mercounts
    ./meryl-count.sh 1 > ./meryl-count.000001.out 2>&1

-- Finished on Thu Jun  4 03:02:36 2020 (one second) with 52.188 GB free disk space
----------------------------------------
-- Found 1 Kmer counting (meryl) outputs.
-- No change in report.
-- Finished stage 'cor-merylCountCheck', reset canuIteration.
-- No change in report.
--
-- Running jobs.  First attempt out of 2.
----------------------------------------
-- Starting 'meryl' concurrent execution on Thu Jun  4 03:02:36 2020 with 52.188 GB free disk space (1 processes; 2 concurrently)

    cd correction/0-mercounts
    ./meryl-process.sh 1 > ./meryl-process.000001.out 2>&1

-- Finished on Thu Jun  4 03:02:37 2020 (one second) with 52.193 GB free disk space
----------------------------------------
-- Meryl finished successfully.  Kmer frequency histogram:
--
--  16-mers                                                                                           Fraction
--    Occurrences   NumMers                                                                         Unique Total
--       1-     1         0                                                                        0.0000 0.0000
--       2-     2     68190 ********************************************************************** 0.4650 0.1497
--       3-     4     39934 ****************************************                               0.6416 0.2350
--       5-     7     18895 *******************                                                    0.7977 0.3452
--       8-    11      8093 ********                                                               0.8866 0.4420
--      12-    16      3506 ***                                                                    0.9279 0.5093
--      17-    22      2156 **                                                                     0.9482 0.5573
--      23-    29      1769 *                                                                      0.9621 0.6032
--      30-    37      1249 *                                                                      0.9734 0.6514
--      38-    46       666                                                                        0.9811 0.6939
--      47-    56       469                                                                        0.9855 0.7237
--      57-    67       307                                                                        0.9886 0.7497
--      68-    79       188                                                                        0.9905 0.7695
--      80-    92       250                                                                        0.9919 0.7854
--      93-   106       193                                                                        0.9935 0.8082
--     107-   121       168                                                                        0.9948 0.8289
--     122-   137       138                                                                        0.9959 0.8491
--     138-   154       114                                                                        0.9968 0.8696
--     155-   172       120                                                                        0.9976 0.8883
--     173-   191        74                                                                        0.9984 0.9091
--     192-   211        69                                                                        0.9989 0.9239
--     212-   232        33                                                                        0.9994 0.9380
--     233-   254         7                                                                        0.9996 0.9460
--     255-   277         0                                                                        0.0000 0.0000
--     278-   301         2                                                                        0.9996 0.9479
--     302-   326         0                                                                        0.0000 0.0000
--     327-   352         0                                                                        0.0000 0.0000
--     353-   379         1                                                                        0.9996 0.9486
--     380-   407         1                                                                        0.9996 0.9491
--     408-   436         0                                                                        0.0000 0.0000
--     437-   466         0                                                                        0.0000 0.0000
--     467-   497         0                                                                        0.0000 0.0000
--     498-   529         0                                                                        0.0000 0.0000
--     530-   562         0                                                                        0.0000 0.0000
--     563-   596         1                                                                        0.9997 0.9497
--     597-   631         2                                                                        0.9997 0.9504
--     632-   667         3                                                                        0.9997 0.9518
--     668-   704         3                                                                        0.9997 0.9539
--     705-   742         4                                                                        0.9997 0.9562
--     743-   781         5                                                                        0.9997 0.9594
--     782-   821         3                                                                        0.9998 0.9636
--
--           0 (max occurrences)
--      911018 (total mers, non-unique)
--      146644 (distinct mers, non-unique)
--           0 (unique mers)
-- Report changed.
-- Finished stage 'meryl-process', reset canuIteration.
--
-- Removing meryl database 'correction/0-mercounts/Sars_cov_2_SRR11178050.ms16'.
--
-- OVERLAPPER (mhap) (correction)
--
-- Set corMhapSensitivity=low based on read coverage of 68.
--
-- PARAMETERS: hashes=256, minMatches=3, threshold=0.8
--
-- Given 5.4 GB, can fit 16200 reads per block.
-- For 2 blocks, set stride to 2 blocks.
-- Logging partitioning to 'correction/1-overlapper/partitioning.log'.
-- Configured 1 mhap precompute jobs.
-- Configured 1 mhap overlap jobs.
-- No change in report.
-- Finished stage 'cor-mhapConfigure', reset canuIteration.
-- No change in report.
--
-- Running jobs.  First attempt out of 2.
----------------------------------------
-- Starting 'cormhap' concurrent execution on Thu Jun  4 03:02:37 2020 with 52.195 GB free disk space (1 processes; 1 concurrently)

    cd correction/1-overlapper
    ./precompute.sh 1 > ./precompute.000001.out 2>&1

-- Finished on Thu Jun  4 03:02:50 2020 (13 seconds) with 52.167 GB free disk space
----------------------------------------
-- All 1 mhap precompute jobs finished successfully.
-- No change in report.
-- Finished stage 'cor-mhapPrecomputeCheck', reset canuIteration.
-- No change in report.
--
-- Running jobs.  First attempt out of 2.
----------------------------------------
-- Starting 'cormhap' concurrent execution on Thu Jun  4 03:02:50 2020 with 52.167 GB free disk space (1 processes; 1 concurrently)

    cd correction/1-overlapper
    ./mhap.sh 1 > ./mhap.000001.out 2>&1

-- Finished on Thu Jun  4 03:03:02 2020 (12 seconds) with 52.163 GB free disk space
----------------------------------------
-- Found 1 mhap overlap output files.
-- No change in report.
-- Finished stage 'cor-mhapCheck', reset canuIteration.
----------------------------------------
-- Starting command on Thu Jun  4 03:03:02 2020 with 52.163 GB free disk space

    cd correction
    /home/matheus/processamento_workflow/canu/Linux-amd64/bin/ovStoreConfig \
     -S ../Sars_cov_2_SRR11178050.seqStore \
     -M 4-8 \
     -L ./1-overlapper/ovljob.files \
     -create ./Sars_cov_2_SRR11178050.ovlStore.config \
     > ./Sars_cov_2_SRR11178050.ovlStore.config.txt \
    2> ./Sars_cov_2_SRR11178050.ovlStore.config.err

-- Finished on Thu Jun  4 03:03:02 2020 (lickety-split) with 52.163 GB free disk space
----------------------------------------
--
-- Creating overlap store correction/Sars_cov_2_SRR11178050.ovlStore using:
--      1 bucket
--      2 slices
--        using at most 1 GB memory each
-- No change in report.
-- Finished stage 'cor-overlapStoreConfigure', reset canuIteration.
-- No change in report.
--
-- Running jobs.  First attempt out of 2.
----------------------------------------
-- Starting 'ovB' concurrent execution on Thu Jun  4 03:03:02 2020 with 52.163 GB free disk space (1 processes; 2 concurrently)

    cd correction/Sars_cov_2_SRR11178050.ovlStore.BUILDING
    ./scripts/1-bucketize.sh 1 > ./logs/1-bucketize.000001.out 2>&1

-- Finished on Thu Jun  4 03:03:03 2020 (one second) with 52.155 GB free disk space
----------------------------------------
-- Overlap store bucketizer finished.
-- No change in report.
-- Finished stage 'cor-overlapStoreBucketizerCheck', reset canuIteration.
-- No change in report.
--
-- Running jobs.  First attempt out of 2.
----------------------------------------
-- Starting 'ovS' concurrent execution on Thu Jun  4 03:03:03 2020 with 52.155 GB free disk space (2 processes; 1 concurrently)

    cd correction/Sars_cov_2_SRR11178050.ovlStore.BUILDING
    ./scripts/2-sort.sh 1 > ./logs/2-sort.000001.out 2>&1
    ./scripts/2-sort.sh 2 > ./logs/2-sort.000002.out 2>&1

-- Finished on Thu Jun  4 03:03:03 2020 (fast as lightning) with 52.153 GB free disk space
----------------------------------------
-- Overlap store sorter finished.
-- No change in report.
-- Finished stage 'cor-overlapStoreSorterCheck', reset canuIteration.
----------------------------------------
-- Starting command on Thu Jun  4 03:03:03 2020 with 52.153 GB free disk space

    cd correction
    /home/matheus/processamento_workflow/canu/Linux-amd64/bin/ovStoreIndexer \
      -O  ./Sars_cov_2_SRR11178050.ovlStore.BUILDING \
      -S ../Sars_cov_2_SRR11178050.seqStore \
      -C  ./Sars_cov_2_SRR11178050.ovlStore.config \
      -delete \
    > ./Sars_cov_2_SRR11178050.ovlStore.BUILDING.index.err 2>&1

-- Finished on Thu Jun  4 03:03:03 2020 (like a bat out of hell) with 52.153 GB free disk space
----------------------------------------
-- Checking store.
----------------------------------------
-- Starting command on Thu Jun  4 03:03:03 2020 with 52.153 GB free disk space

    cd correction
    /home/matheus/processamento_workflow/canu/Linux-amd64/bin/ovStoreDump \
     -S ../Sars_cov_2_SRR11178050.seqStore \
     -O  ./Sars_cov_2_SRR11178050.ovlStore \
     -counts \
     > ./Sars_cov_2_SRR11178050.ovlStore/counts.dat 2> ./Sars_cov_2_SRR11178050.ovlStore/counts.err

-- Finished on Thu Jun  4 03:03:03 2020 (fast as lightning) with 52.153 GB free disk space
----------------------------------------
--
-- Overlap store 'correction/Sars_cov_2_SRR11178050.ovlStore' successfully constructed.
-- Found 520770 overlaps for 1656 reads; 2 reads have no overlaps.
--
--
-- Purged 0.031 GB in 3 overlap output files.
-- No change in report.
-- Finished stage 'cor-createOverlapStore', reset canuIteration.
-- Set corMinCoverage=4 based on read coverage of 68.
-- Global filter scores will be estimated.
-- Computing correction layouts.
----------------------------------------
-- Starting command on Thu Jun  4 03:03:04 2020 with 52.185 GB free disk space

    cd correction
    /home/matheus/processamento_workflow/canu/Linux-amd64/bin/generateCorrectionLayouts \
      -S ../Sars_cov_2_SRR11178050.seqStore \
      -O  ./Sars_cov_2_SRR11178050.ovlStore \
      -C  ./Sars_cov_2_SRR11178050.corStore.WORKING \
      -eC 80 \
    > ./Sars_cov_2_SRR11178050.corStore.err 2>&1

-- Finished on Thu Jun  4 03:03:04 2020 (in the blink of an eye) with 52.183 GB free disk space
----------------------------------------
-- No change in report.
-- Finished stage 'cor-buildCorrectionLayoutsConfigure', reset canuIteration.
-- Computing correction layouts.
----------------------------------------
-- Starting command on Thu Jun  4 03:03:04 2020 with 52.183 GB free disk space

    cd correction/2-correction
    /home/matheus/processamento_workflow/canu/Linux-amd64/bin/filterCorrectionLayouts \
      -S  ../../Sars_cov_2_SRR11178050.seqStore \
      -C     ../Sars_cov_2_SRR11178050.corStore \
      -R      ./Sars_cov_2_SRR11178050.readsToCorrect.WORKING \
      -cc 4 \
      -cl 1000 \
      -g  30000 \
      -c  40 \
    > ./Sars_cov_2_SRR11178050.readsToCorrect.err 2>&1

-- Finished on Thu Jun  4 03:03:04 2020 (fast as lightning) with 52.182 GB free disk space
----------------------------------------
--                             original      original
--                            raw reads     raw reads
--   category                w/overlaps  w/o/overlaps
--   -------------------- ------------- -------------
--   Number of Reads               1648            10
--   Number of Bases            2043608          9202
--   Coverage                    68.120         0.307
--   Median                        1142          1071
--   Mean                          1240           920
--   N50                           1183          1311
--   Minimum                       1000             0
--   Maximum                       3155          1362
--   
--                                        --------corrected---------  ----------rescued----------
--                             evidence                     expected                     expected
--   category                     reads            raw     corrected            raw     corrected
--   -------------------- -------------  ------------- -------------  ------------- -------------
--   Number of Reads               1651           1119          1119              0             0
--   Number of Bases            2046726        1416648       1200433              0             0
--   Coverage                    68.224         47.222        40.014          0.000         0.000
--   Median                        1141           1153          1044              0             0
--   Mean                          1239           1265          1072              0             0
--   N50                           1183           1217          1068              0             0
--   Minimum                       1000           1000           751              0             0
--   Maximum                       3155           3155          1947              0             0
--   
--                        --------uncorrected--------
--                                           expected
--   category                       raw     corrected
--   -------------------- ------------- -------------
--   Number of Reads                539           539
--   Number of Bases             636162        256121
--   Coverage                    21.205         8.537
--   Median                        1119           596
--   Mean                          1180           475
--   N50                           1140           636
--   Minimum                          0             0
--   Maximum                       2701          2030
--   
--   Maximum Memory           552848534
-- Report changed.
-- Finished stage 'cor-filterCorrectionLayouts', reset canuIteration.
-- Using overlaps no worse than 0.5 fraction error for correcting reads (from corErrorRate parameter).
--
-- Configuring correction jobs:
--   Jobs limited to 4 GB per job (via option corMemory).
--   Reads estimated to need at most 1 GB for computation.
--   Leaving 3 GB memory for read data.
----------------------------------------
-- Starting command on Thu Jun  4 03:03:04 2020 with 52.182 GB free disk space

    cd correction/2-correction
    ./correctReadsPartition.sh \
    > ./correctReadsPartition.err 2>&1

-- Finished on Thu Jun  4 03:03:04 2020 (lickety-split) with 52.182 GB free disk space
----------------------------------------
-- Using overlaps no worse than 0.5 fraction error for correcting reads (from corErrorRate parameter).
-- No change in report.
-- Finished stage 'cor-generateCorrectedReadsConfigure', reset canuIteration.
-- No change in report.
--
-- Running jobs.  First attempt out of 2.
----------------------------------------
-- Starting 'cor' concurrent execution on Thu Jun  4 03:03:04 2020 with 52.182 GB free disk space (1 processes; 2 concurrently)

    cd correction/2-correction
    ./correctReads.sh 1 > ./correctReads.000001.out 2>&1

-- Finished on Thu Jun  4 03:03:19 2020 (15 seconds) with 52.178 GB free disk space
----------------------------------------
-- Found 1 read correction output files.
-- No change in report.
-- Finished stage 'cor-generateCorrectedReadsCheck', reset canuIteration.
-- Found 1 read correction output files.
-- No change in report.
-- Finished stage 'cor-generateCorrectedReadsCheck', reset canuIteration.
--
-- Loading corrected reads into corStore and seqStore.
----------------------------------------
-- Starting command on Thu Jun  4 03:03:19 2020 with 52.178 GB free disk space

    cd correction
    /home/matheus/processamento_workflow/canu/Linux-amd64/bin/loadCorrectedReads \
      -S ../Sars_cov_2_SRR11178050.seqStore \
      -C ./Sars_cov_2_SRR11178050.corStore \
      -L ./2-correction/corjob.files \
    >  ./Sars_cov_2_SRR11178050.loadCorrectedReads.log \
    2> ./Sars_cov_2_SRR11178050.loadCorrectedReads.err

-- Finished on Thu Jun  4 03:03:19 2020 (lickety-split) with 52.177 GB free disk space
----------------------------------------
----------------------------------------
-- Starting command on Thu Jun  4 03:03:19 2020 with 52.177 GB free disk space

    cd .
    /home/matheus/processamento_workflow/canu/Linux-amd64/bin/sqStoreDumpMetaData \
      -S ./Sars_cov_2_SRR11178050.seqStore \
      -corrected \
      -histogram \
      -lengths \
    > ./Sars_cov_2_SRR11178050.seqStore/readlengths-obt.dat \
    2> ./Sars_cov_2_SRR11178050.seqStore/readlengths-obt.err 
    

-- Finished on Thu Jun  4 03:03:19 2020 (like a bat out of hell) with 52.177 GB free disk space
----------------------------------------
----------------------------------------
-- Starting command on Thu Jun  4 03:03:19 2020 with 52.177 GB free disk space

    cd .
    /home/matheus/processamento_workflow/canu/Linux-amd64/bin/sqStoreDumpMetaData \
      -S ./Sars_cov_2_SRR11178050.seqStore \
      -corrected \
      -histogram \
    > ./Sars_cov_2_SRR11178050.seqStore/readlengths-obt.txt \
    2> ./Sars_cov_2_SRR11178050.seqStore/readlengths-obt.err 
    

-- Finished on Thu Jun  4 03:03:19 2020 (in the blink of an eye) with 52.177 GB free disk space
----------------------------------------
--
-- In sequence store './Sars_cov_2_SRR11178050.seqStore':
--   Found 1098 reads.
--   Found 1039239 bases (34.64 times coverage).
--    
--    G=1039239                          sum of  ||               length     num
--    NG         length     index       lengths  ||                range    seqs
--    ----- ------------ --------- ------------  ||  ------------------- -------
--    00010         1368        68       104766  ||         23-60              1|-
--    00020         1203       150       208881  ||         61-98              3|---
--    00030         1106       240       312074  ||         99-136             2|--
--    00040         1055       337       416581  ||        137-174             2|--
--    00050         1005       438       520587  ||        175-212             2|--
--    00060          958       543       623582  ||        213-250             2|--
--    00070          898       656       728300  ||        251-288             4|----
--    00080          818       777       831901  ||        289-326             4|----
--    00090          724       911       935775  ||        327-364             6|-----
--    00100           23      1097      1039239  ||        365-402             5|----
--    001.000x                1098      1039239  ||        403-440             9|-------
--                                               ||        441-478             6|-----
--                                               ||        479-516            10|--------
--                                               ||        517-554            12|----------
--                                               ||        555-592            12|----------
--                                               ||        593-630            26|---------------------
--                                               ||        631-668            24|-------------------
--                                               ||        669-706            42|---------------------------------
--                                               ||        707-744            38|------------------------------
--                                               ||        745-782            53|------------------------------------------
--                                               ||        783-820            61|------------------------------------------------
--                                               ||        821-858            58|----------------------------------------------
--                                               ||        859-896            58|----------------------------------------------
--                                               ||        897-934            73|---------------------------------------------------------
--                                               ||        935-972            77|------------------------------------------------------------
--                                               ||        973-1010           81|---------------------------------------------------------------
--                                               ||       1011-1048           78|-------------------------------------------------------------
--                                               ||       1049-1086           78|-------------------------------------------------------------
--                                               ||       1087-1124           56|--------------------------------------------
--                                               ||       1125-1162           39|-------------------------------
--                                               ||       1163-1200           22|------------------
--                                               ||       1201-1238           30|------------------------
--                                               ||       1239-1276           19|---------------
--                                               ||       1277-1314           20|----------------
--                                               ||       1315-1352            9|-------
--                                               ||       1353-1390           16|-------------
--                                               ||       1391-1428            8|-------
--                                               ||       1429-1466           12|----------
--                                               ||       1467-1504           12|----------
--                                               ||       1505-1542            7|------
--                                               ||       1543-1580            4|----
--                                               ||       1581-1618            3|---
--                                               ||       1619-1656            1|-
--                                               ||       1657-1694            4|----
--                                               ||       1695-1732            4|----
--                                               ||       1733-1770            1|-
--                                               ||       1771-1808            1|-
--                                               ||       1809-1846            1|-
--                                               ||       1847-1884            2|--
--    
--
-- Purging correctReads output after loading into stores.
-- Purged 1 .cns outputs.
-- Purged 2 .out job log outputs.
--
-- Purging overlaps used for correction.
-- Report changed.
-- Finished stage 'cor-loadCorrectedReads', reset canuIteration.
----------------------------------------
-- Starting command on Thu Jun  4 03:03:19 2020 with 52.191 GB free disk space

    cd .
    /home/matheus/processamento_workflow/canu/Linux-amd64/bin/sqStoreDumpFASTQ \
      -corrected \
      -S ./Sars_cov_2_SRR11178050.seqStore \
      -o ./Sars_cov_2_SRR11178050.correctedReads.gz \
      -fasta \
      -nolibname \
    > Sars_cov_2_SRR11178050.correctedReads.fasta.err 2>&1

-- Finished on Thu Jun  4 03:03:19 2020 (lickety-split) with 52.191 GB free disk space
----------------------------------------
--
-- Corrected reads saved in 'Sars_cov_2_SRR11178050.correctedReads.fasta.gz'.
-- No change in report.
-- Finished stage 'cor-dumpCorrectedReads', reset canuIteration.
--
--
-- BEGIN TRIMMING
--
-- No change in report.
----------------------------------------
-- Starting command on Thu Jun  4 03:03:19 2020 with 52.191 GB free disk space

    cd trimming/0-mercounts
    ./meryl-configure.sh \
    > ./meryl-configure.err 2>&1

-- Finished on Thu Jun  4 03:03:19 2020 (lickety-split) with 52.191 GB free disk space
----------------------------------------
--  segments   memory batches
--  -------- -------- -------
--        01  0.07 GB       1
--
--  For 1098 reads with 1039239 bases, limit to 1 batch.
--  Will count kmers using 01 jobs, each using 2 GB and 2 threads.
--
-- No change in report.
-- Finished stage 'merylConfigure', reset canuIteration.
-- No change in report.
--
-- Running jobs.  First attempt out of 2.
----------------------------------------
-- Starting 'meryl' concurrent execution on Thu Jun  4 03:03:19 2020 with 52.191 GB free disk space (1 processes; 2 concurrently)

    cd trimming/0-mercounts
    ./meryl-count.sh 1 > ./meryl-count.000001.out 2>&1

-- Finished on Thu Jun  4 03:03:20 2020 (one second) with 52.189 GB free disk space
----------------------------------------
-- Found 1 Kmer counting (meryl) outputs.
-- No change in report.
-- Finished stage 'obt-merylCountCheck', reset canuIteration.
-- No change in report.
--
-- Running jobs.  First attempt out of 2.
----------------------------------------
-- Starting 'meryl' concurrent execution on Thu Jun  4 03:03:20 2020 with 52.189 GB free disk space (1 processes; 2 concurrently)

    cd trimming/0-mercounts
    ./meryl-process.sh 1 > ./meryl-process.000001.out 2>&1

-- Finished on Thu Jun  4 03:03:21 2020 (one second) with 52.19 GB free disk space
----------------------------------------
-- Meryl finished successfully.  Kmer frequency histogram:
--
--  22-mers                                                                                           Fraction
--    Occurrences   NumMers                                                                         Unique Total
--       1-     1         0                                                                        0.0000 0.0000
--       2-     2     19131 ********************************************************************** 0.3029 0.0466
--       3-     4     13757 **************************************************                     0.4330 0.0767
--       5-     7     10515 **************************************                                 0.5800 0.1265
--       8-    11      7796 ****************************                                           0.7318 0.2072
--      12-    16      3375 ************                                                           0.8254 0.2805
--      17-    22      1989 *******                                                                0.8725 0.3348
--      23-    29      1520 *****                                                                  0.8984 0.3744
--      30-    37      1172 ****                                                                   0.9220 0.4231
--      38-    46      1004 ***                                                                    0.9407 0.4731
--      47-    56       532 *                                                                      0.9553 0.5208
--      57-    67       426 *                                                                      0.9630 0.5514
--      68-    79       218                                                                        0.9694 0.5822
--      80-    92       258                                                                        0.9732 0.6038
--      93-   106       130                                                                        0.9769 0.6289
--     107-   121        71                                                                        0.9788 0.6433
--     122-   137       129                                                                        0.9801 0.6548
--     138-   154       181                                                                        0.9820 0.6740
--     155-   172       141                                                                        0.9850 0.7073
--     173-   191       120                                                                        0.9871 0.7347
--     192-   211       123                                                                        0.9890 0.7610
--     212-   232        94                                                                        0.9909 0.7907
--     233-   254       125                                                                        0.9927 0.8209
--     255-   277        95                                                                        0.9945 0.8547
--     278-   301        64                                                                        0.9959 0.8843
--     302-   326       138                                                                        0.9970 0.9083
--     327-   352        14                                                                        0.9991 0.9595
--     353-   379         0                                                                        0.0000 0.0000
--     380-   407         0                                                                        0.0000 0.0000
--     408-   436         1                                                                        0.9993 0.9649
--     437-   466         0                                                                        0.0000 0.0000
--     467-   497         1                                                                        0.9993 0.9655
--     498-   529         2                                                                        0.9994 0.9661
--     530-   562         4                                                                        0.9994 0.9674
--     563-   596         5                                                                        0.9994 0.9701
--     597-   631         5                                                                        0.9995 0.9737
--     632-   667         4                                                                        0.9996 0.9775
--     668-   704         4                                                                        0.9997 0.9807
--     705-   742         6                                                                        0.9997 0.9841
--     743-   781         6                                                                        0.9998 0.9895
--     782-   821         6                                                                        0.9999 0.9951
--
--           0 (max occurrences)
--      820712 (total mers, non-unique)
--       63162 (distinct mers, non-unique)
--           0 (unique mers)
-- Report changed.
-- Finished stage 'meryl-process', reset canuIteration.
--
-- Removing meryl database 'trimming/0-mercounts/Sars_cov_2_SRR11178050.ms22'.
--
-- OVERLAPPER (normal) (trimming) erate=0.12
--
----------------------------------------
-- Starting command on Thu Jun  4 03:03:21 2020 with 52.191 GB free disk space

    cd trimming/1-overlapper
    /home/matheus/processamento_workflow/canu/Linux-amd64/bin/overlapInCorePartition \
     -S  ../../Sars_cov_2_SRR11178050.seqStore \
     -hl 80000000 \
     -rl 1000000000 \
     -ol 500 \
     -o  ./Sars_cov_2_SRR11178050.partition \
    > ./Sars_cov_2_SRR11178050.partition.err 2>&1

-- Finished on Thu Jun  4 03:03:21 2020 (lickety-split) with 52.191 GB free disk space
----------------------------------------
--
-- Configured 1 overlapInCore jobs.
-- No change in report.
-- Finished stage 'obt-overlapConfigure', reset canuIteration.
-- No change in report.
--
-- Running jobs.  First attempt out of 2.
----------------------------------------
-- Starting 'obtovl' concurrent execution on Thu Jun  4 03:03:21 2020 with 52.191 GB free disk space (1 processes; 1 concurrently)

    cd trimming/1-overlapper
    ./overlap.sh 1 > ./overlap.000001.out 2>&1

-- Finished on Thu Jun  4 03:03:30 2020 (9 seconds) with 52.19 GB free disk space
----------------------------------------
-- Found 1 overlapInCore output files.
--
-- overlapInCore compute 'trimming/1-overlapper':
--   kmer hits
--     with no overlap           453261      453261 +- 0
--     with an overlap            59295       59295 +- 0
--
--   overlaps                     59293       59293 +- 0
--     contained                      0           0 +- 0
--     dovetail                       0           0 +- 0
--
--   overlaps rejected
--     multiple per pair              0           0 +- 0
--     bad short window               0           0 +- 0
--     bad long window                0           0 +- 0
-- No change in report.
-- Finished stage 'obt-overlapCheck', reset canuIteration.
----------------------------------------
-- Starting command on Thu Jun  4 03:03:30 2020 with 52.19 GB free disk space

    cd trimming
    /home/matheus/processamento_workflow/canu/Linux-amd64/bin/ovStoreConfig \
     -S ../Sars_cov_2_SRR11178050.seqStore \
     -M 3 \
     -L ./1-overlapper/ovljob.files \
     -create ./Sars_cov_2_SRR11178050.ovlStore.config \
     > ./Sars_cov_2_SRR11178050.ovlStore.config.txt \
    2> ./Sars_cov_2_SRR11178050.ovlStore.config.err

-- Finished on Thu Jun  4 03:03:30 2020 (furiously fast) with 52.19 GB free disk space
----------------------------------------
--
-- Creating overlap store trimming/Sars_cov_2_SRR11178050.ovlStore using:
--      1 bucket
--      2 slices
--        using at most 1 GB memory each
-- No change in report.
-- Finished stage 'obt-overlapStoreConfigure', reset canuIteration.
-- No change in report.
--
-- Running jobs.  First attempt out of 2.
----------------------------------------
-- Starting 'ovB' concurrent execution on Thu Jun  4 03:03:30 2020 with 52.19 GB free disk space (1 processes; 2 concurrently)

    cd trimming/Sars_cov_2_SRR11178050.ovlStore.BUILDING
    ./scripts/1-bucketize.sh 1 > ./logs/1-bucketize.000001.out 2>&1

-- Finished on Thu Jun  4 03:03:30 2020 (in the blink of an eye) with 52.188 GB free disk space
----------------------------------------
-- Overlap store bucketizer finished.
-- No change in report.
-- Finished stage 'obt-overlapStoreBucketizerCheck', reset canuIteration.
-- No change in report.
--
-- Running jobs.  First attempt out of 2.
----------------------------------------
-- Starting 'ovS' concurrent execution on Thu Jun  4 03:03:30 2020 with 52.188 GB free disk space (2 processes; 1 concurrently)

    cd trimming/Sars_cov_2_SRR11178050.ovlStore.BUILDING
    ./scripts/2-sort.sh 1 > ./logs/2-sort.000001.out 2>&1
    ./scripts/2-sort.sh 2 > ./logs/2-sort.000002.out 2>&1

-- Finished on Thu Jun  4 03:03:31 2020 (one second) with 52.187 GB free disk space
----------------------------------------
-- Overlap store sorter finished.
-- No change in report.
-- Finished stage 'obt-overlapStoreSorterCheck', reset canuIteration.
----------------------------------------
-- Starting command on Thu Jun  4 03:03:31 2020 with 52.187 GB free disk space

    cd trimming
    /home/matheus/processamento_workflow/canu/Linux-amd64/bin/ovStoreIndexer \
      -O  ./Sars_cov_2_SRR11178050.ovlStore.BUILDING \
      -S ../Sars_cov_2_SRR11178050.seqStore \
      -C  ./Sars_cov_2_SRR11178050.ovlStore.config \
      -delete \
    > ./Sars_cov_2_SRR11178050.ovlStore.BUILDING.index.err 2>&1

-- Finished on Thu Jun  4 03:03:31 2020 (furiously fast) with 52.187 GB free disk space
----------------------------------------
-- Checking store.
----------------------------------------
-- Starting command on Thu Jun  4 03:03:31 2020 with 52.187 GB free disk space

    cd trimming
    /home/matheus/processamento_workflow/canu/Linux-amd64/bin/ovStoreDump \
     -S ../Sars_cov_2_SRR11178050.seqStore \
     -O  ./Sars_cov_2_SRR11178050.ovlStore \
     -counts \
     > ./Sars_cov_2_SRR11178050.ovlStore/counts.dat 2> ./Sars_cov_2_SRR11178050.ovlStore/counts.err

-- Finished on Thu Jun  4 03:03:31 2020 (lickety-split) with 52.187 GB free disk space
----------------------------------------
--
-- Overlap store 'trimming/Sars_cov_2_SRR11178050.ovlStore' successfully constructed.
-- Found 118590 overlaps for 978 reads; 680 reads have no overlaps.
--
--
-- Purged 0.001 GB in 3 overlap output files.
-- No change in report.
-- Finished stage 'obt-createOverlapStore', reset canuIteration.
----------------------------------------
-- Starting command on Thu Jun  4 03:03:31 2020 with 52.189 GB free disk space

    cd trimming/3-overlapbasedtrimming
    /home/matheus/processamento_workflow/canu/Linux-amd64/bin/trimReads \
      -S  ../../Sars_cov_2_SRR11178050.seqStore \
      -O  ../Sars_cov_2_SRR11178050.ovlStore \
      -Co ./Sars_cov_2_SRR11178050.1.trimReads.clear \
      -e  0.12 \
      -minlength 1000 \
      -ol 500 \
      -oc 2 \
      -o  ./Sars_cov_2_SRR11178050.1.trimReads \
    >     ./Sars_cov_2_SRR11178050.1.trimReads.err 2>&1

-- Finished on Thu Jun  4 03:03:32 2020 (one second) with 52.188 GB free disk space
----------------------------------------
--  PARAMETERS:
--  ----------
--     1000    (reads trimmed below this many bases are deleted)
--   0.1200    (use overlaps at or below this fraction error)
--      500    (break region if overlap is less than this long, for 'largest covered' algorithm)
--        2    (break region if overlap coverage is less than this many reads, for 'largest covered' algorithm)
--  
--  INPUT READS:
--  -----------
--    1658 reads      1039239 bases (reads processed)
--       0 reads            0 bases (reads not processed, previously deleted)
--       0 reads            0 bases (reads not processed, in a library where trimming isn't allowed)
--  
--  OUTPUT READS:
--  ------------
--     200 reads       236580 bases (trimmed reads output)
--      98 reads       113075 bases (reads with no change, kept as is)
--     680 reads        71164 bases (reads with no overlaps, deleted)
--     680 reads       609181 bases (reads with short trimmed length, deleted)
--  
--  TRIMMING DETAILS:
--  ----------------
--     121 reads         4122 bases (bases trimmed from the 5' end of a read)
--     143 reads         5117 bases (bases trimmed from the 3' end of a read)
-- Report changed.
-- Finished stage 'obt-trimReads', reset canuIteration.
----------------------------------------
-- Starting command on Thu Jun  4 03:03:32 2020 with 52.188 GB free disk space

    cd trimming/3-overlapbasedtrimming
    /home/matheus/processamento_workflow/canu/Linux-amd64/bin/splitReads \
      -S  ../../Sars_cov_2_SRR11178050.seqStore \
      -O  ../Sars_cov_2_SRR11178050.ovlStore \
      -Ci ./Sars_cov_2_SRR11178050.1.trimReads.clear \
      -Co ./Sars_cov_2_SRR11178050.2.splitReads.clear \
      -e  0.12 \
      -minlength 1000 \
      -o  ./Sars_cov_2_SRR11178050.2.splitReads \
    >     ./Sars_cov_2_SRR11178050.2.splitReads.err 2>&1

-- Finished on Thu Jun  4 03:03:32 2020 (in the blink of an eye) with 52.188 GB free disk space
----------------------------------------
--  PARAMETERS:
--  ----------
--     1000    (reads trimmed below this many bases are deleted)
--   0.1200    (use overlaps at or below this fraction error)
--  INPUT READS:
--  -----------
--     298 reads       358894 bases (reads processed)
--    1360 reads       680345 bases (reads not processed, previously deleted)
--       0 reads            0 bases (reads not processed, in a library where trimming isn't allowed)
--  
--  PROCESSED:
--  --------
--       0 reads            0 bases (no overlaps)
--       2 reads         2702 bases (no coverage after adjusting for trimming done already)
--       0 reads            0 bases (processed for chimera)
--       0 reads            0 bases (processed for spur)
--     296 reads       356192 bases (processed for subreads)
--  
--  READS WITH SIGNALS:
--  ------------------
--       0 reads            0 signals (number of 5' spur signal)
--       0 reads            0 signals (number of 3' spur signal)
--       0 reads            0 signals (number of chimera signal)
--       0 reads            0 signals (number of subread signal)
--  
--  SIGNALS:
--  -------
--       0 reads            0 bases (size of 5' spur signal)
--       0 reads            0 bases (size of 3' spur signal)
--       0 reads            0 bases (size of chimera signal)
--       0 reads            0 bases (size of subread signal)
--  
--  TRIMMING:
--  --------
--       0 reads            0 bases (trimmed from the 5' end of the read)
--       0 reads            0 bases (trimmed from the 3' end of the read)
-- Report changed.
-- Finished stage 'obt-splitReads', reset canuIteration.
----------------------------------------
-- Starting command on Thu Jun  4 03:03:32 2020 with 52.188 GB free disk space

    cd trimming/3-overlapbasedtrimming
    /home/matheus/processamento_workflow/canu/Linux-amd64/bin/loadTrimmedReads \
      -S ../../Sars_cov_2_SRR11178050.seqStore \
      -c ./Sars_cov_2_SRR11178050.2.splitReads.clear \
    > ./Sars_cov_2_SRR11178050.loadTrimmedReads.err 2>&1

-- Finished on Thu Jun  4 03:03:32 2020 (in the blink of an eye) with 52.188 GB free disk space
----------------------------------------
----------------------------------------
-- Starting command on Thu Jun  4 03:03:32 2020 with 52.188 GB free disk space

    cd .
    /home/matheus/processamento_workflow/canu/Linux-amd64/bin/sqStoreDumpMetaData \
      -S ./Sars_cov_2_SRR11178050.seqStore \
      -corrected -trimmed \
      -histogram \
      -lengths \
    > ./Sars_cov_2_SRR11178050.seqStore/readlengths-utg.dat \
    2> ./Sars_cov_2_SRR11178050.seqStore/readlengths-utg.err 
    

-- Finished on Thu Jun  4 03:03:32 2020 (in the blink of an eye) with 52.188 GB free disk space
----------------------------------------
----------------------------------------
-- Starting command on Thu Jun  4 03:03:32 2020 with 52.188 GB free disk space

    cd .
    /home/matheus/processamento_workflow/canu/Linux-amd64/bin/sqStoreDumpMetaData \
      -S ./Sars_cov_2_SRR11178050.seqStore \
      -corrected -trimmed \
      -histogram \
    > ./Sars_cov_2_SRR11178050.seqStore/readlengths-utg.txt \
    2> ./Sars_cov_2_SRR11178050.seqStore/readlengths-utg.err 
    

-- Finished on Thu Jun  4 03:03:32 2020 (furiously fast) with 52.188 GB free disk space
----------------------------------------
--
-- In sequence store './Sars_cov_2_SRR11178050.seqStore':
--   Found 298 reads.
--   Found 349655 bases (11.65 times coverage).
--    
--    G=349655                           sum of  ||               length     num
--    NG         length     index       lengths  ||                range    seqs
--    ----- ------------ --------- ------------  ||  ------------------- -------
--    00010         1498        21        35785  ||       1000-1016           28|------------------------------------------------------
--    00020         1348        46        71150  ||       1017-1033           20|---------------------------------------
--    00030         1253        72       105076  ||       1034-1050           33|---------------------------------------------------------------
--    00040         1187       101       140317  ||       1051-1067           29|--------------------------------------------------------
--    00050         1123       132       175800  ||       1068-1084           25|------------------------------------------------
--    00060         1084       163       209984  ||       1085-1101           12|-----------------------
--    00070         1063       196       245360  ||       1102-1118           16|-------------------------------
--    00080         1044       229       280095  ||       1119-1135           12|-----------------------
--    00090         1024       263       315292  ||       1136-1152           11|---------------------
--    00100         1000       297       349655  ||       1153-1169            6|------------
--    001.000x                 298       349655  ||       1170-1186            4|--------
--                                               ||       1187-1203           10|--------------------
--                                               ||       1204-1220            7|--------------
--                                               ||       1221-1237            6|------------
--                                               ||       1238-1254            8|----------------
--                                               ||       1255-1271            4|--------
--                                               ||       1272-1288            0|
--                                               ||       1289-1305            5|----------
--                                               ||       1306-1322            6|------------
--                                               ||       1323-1339            6|------------
--                                               ||       1340-1356            5|----------
--                                               ||       1357-1373            5|----------
--                                               ||       1374-1390            3|------
--                                               ||       1391-1407            2|----
--                                               ||       1408-1424            3|------
--                                               ||       1425-1441            2|----
--                                               ||       1442-1458            2|----
--                                               ||       1459-1475            3|------
--                                               ||       1476-1492            2|----
--                                               ||       1493-1509            4|--------
--                                               ||       1510-1526            2|----
--                                               ||       1527-1543            2|----
--                                               ||       1544-1560            1|--
--                                               ||       1561-1577            2|----
--                                               ||       1578-1594            1|--
--                                               ||       1595-1611            0|
--                                               ||       1612-1628            0|
--                                               ||       1629-1645            2|----
--                                               ||       1646-1662            1|--
--                                               ||       1663-1679            1|--
--                                               ||       1680-1696            1|--
--                                               ||       1697-1713            1|--
--                                               ||       1714-1730            0|
--                                               ||       1731-1747            2|----
--                                               ||       1748-1764            0|
--                                               ||       1765-1781            0|
--                                               ||       1782-1798            1|--
--                                               ||       1799-1815            1|--
--                                               ||       1816-1832            1|--
--    
--
-- Purging overlaps used for trimming.
-- Report changed.
-- Finished stage 'obt-dumpReads', reset canuIteration.
----------------------------------------
-- Starting command on Thu Jun  4 03:03:32 2020 with 52.19 GB free disk space

    cd .
    /home/matheus/processamento_workflow/canu/Linux-amd64/bin/sqStoreDumpFASTQ \
      -trimmed \
      -S ./Sars_cov_2_SRR11178050.seqStore \
      -o ./Sars_cov_2_SRR11178050.trimmedReads.gz \
      -fasta \
      -trimmed -normal -nolibname \
    > ./Sars_cov_2_SRR11178050.trimmedReads.fasta.err 2>&1

-- Finished on Thu Jun  4 03:03:32 2020 (like a bat out of hell) with 52.19 GB free disk space
----------------------------------------
--
-- Trimmed reads saved in 'Sars_cov_2_SRR11178050.trimmedReads.fasta.gz'.
-- No change in report.
-- Finished stage 'cor-dumpTrimmedReads', reset canuIteration.
--
--
-- BEGIN ASSEMBLY
--
-- No change in report.
----------------------------------------
-- Starting command on Thu Jun  4 03:03:32 2020 with 52.19 GB free disk space

    cd unitigging/0-mercounts
    ./meryl-configure.sh \
    > ./meryl-configure.err 2>&1

-- Finished on Thu Jun  4 03:03:32 2020 (lickety-split) with 52.19 GB free disk space
----------------------------------------
--  segments   memory batches
--  -------- -------- -------
--        01  0.07 GB       1
--
--  For 298 reads with 349655 bases, limit to 1 batch.
--  Will count kmers using 01 jobs, each using 2 GB and 2 threads.
--
-- No change in report.
-- Finished stage 'merylConfigure', reset canuIteration.
-- No change in report.
--
-- Running jobs.  First attempt out of 2.
----------------------------------------
-- Starting 'meryl' concurrent execution on Thu Jun  4 03:03:32 2020 with 52.19 GB free disk space (1 processes; 2 concurrently)

    cd unitigging/0-mercounts
    ./meryl-count.sh 1 > ./meryl-count.000001.out 2>&1

-- Finished on Thu Jun  4 03:03:33 2020 (one second) with 52.189 GB free disk space
----------------------------------------
-- Found 1 Kmer counting (meryl) outputs.
-- No change in report.
-- Finished stage 'utg-merylCountCheck', reset canuIteration.
-- No change in report.
--
-- Running jobs.  First attempt out of 2.
----------------------------------------
-- Starting 'meryl' concurrent execution on Thu Jun  4 03:03:33 2020 with 52.189 GB free disk space (1 processes; 2 concurrently)

    cd unitigging/0-mercounts
    ./meryl-process.sh 1 > ./meryl-process.000001.out 2>&1

-- Finished on Thu Jun  4 03:03:34 2020 (one second) with 52.189 GB free disk space
----------------------------------------
-- Meryl finished successfully.  Kmer frequency histogram:
--
--  22-mers                                                                                           Fraction
--    Occurrences   NumMers                                                                         Unique Total
--       1-     1         0                                                                        0.0000 0.0000
--       2-     2      5536 *********************************************************************  0.2416 0.0354
--       3-     4      5615 ********************************************************************** 0.3774 0.0652
--       5-     7      5057 ***************************************************************        0.5710 0.1281
--       8-    11      2833 ***********************************                                    0.7587 0.2217
--      12-    16      1514 ******************                                                     0.8429 0.2822
--      17-    22       301 ***                                                                    0.9009 0.3435
--      23-    29       160 *                                                                      0.9107 0.3575
--      30-    37       148 *                                                                      0.9178 0.3716
--      38-    46        84 *                                                                      0.9238 0.3863
--      47-    56       224 **                                                                     0.9280 0.3998
--      57-    67       102 *                                                                      0.9376 0.4371
--      68-    79       128 *                                                                      0.9417 0.4556
--      80-    92       202 **                                                                     0.9475 0.4877
--      93-   106       170 **                                                                     0.9570 0.5487
--     107-   121       156 *                                                                      0.9640 0.6008
--     122-   137       205 **                                                                     0.9704 0.6537
--     138-   154       131 *                                                                      0.9800 0.7462
--     155-   172        76                                                                        0.9849 0.7981
--     173-   191       205 **                                                                     0.9883 0.8380
--     192-   211        44                                                                        0.9973 0.9575
--     212-   232         8                                                                        0.9990 0.9834
--     233-   254        15                                                                        0.9993 0.9885
--     255-   277         1                                                                        1.0000 1.0000
--
--           0 (max occurrences)
--      312809 (total mers, non-unique)
--       22915 (distinct mers, non-unique)
--           0 (unique mers)
-- Report changed.
-- Finished stage 'meryl-process', reset canuIteration.
--
-- Removing meryl database 'unitigging/0-mercounts/Sars_cov_2_SRR11178050.ms22'.
--
-- OVERLAPPER (normal) (assembly) erate=0.12
--
----------------------------------------
-- Starting command on Thu Jun  4 03:03:34 2020 with 52.19 GB free disk space

    cd unitigging/1-overlapper
    /home/matheus/processamento_workflow/canu/Linux-amd64/bin/overlapInCorePartition \
     -S  ../../Sars_cov_2_SRR11178050.seqStore \
     -hl 80000000 \
     -rl 1000000000 \
     -ol 500 \
     -o  ./Sars_cov_2_SRR11178050.partition \
    > ./Sars_cov_2_SRR11178050.partition.err 2>&1

-- Finished on Thu Jun  4 03:03:34 2020 (furiously fast) with 52.19 GB free disk space
----------------------------------------
--
-- Configured 1 overlapInCore jobs.
-- No change in report.
-- Finished stage 'utg-overlapConfigure', reset canuIteration.
-- No change in report.
--
-- Running jobs.  First attempt out of 2.
----------------------------------------
-- Starting 'utgovl' concurrent execution on Thu Jun  4 03:03:34 2020 with 52.19 GB free disk space (1 processes; 1 concurrently)

    cd unitigging/1-overlapper
    ./overlap.sh 1 > ./overlap.000001.out 2>&1

-- Finished on Thu Jun  4 03:03:37 2020 (3 seconds) with 52.19 GB free disk space
----------------------------------------
-- Found 1 overlapInCore output files.
--
-- overlapInCore compute 'unitigging/1-overlapper':
--   kmer hits
--     with no overlap            29966       29966 +- 0
--     with an overlap            18535       18535 +- 0
--
--   overlaps                     18535       18535 +- 0
--     contained                   4672        4672 +- 0
--     dovetail                   13863       13863 +- 0
--
--   overlaps rejected
--     multiple per pair              0           0 +- 0
--     bad short window               0           0 +- 0
--     bad long window                0           0 +- 0
-- No change in report.
-- Finished stage 'utg-overlapCheck', reset canuIteration.
----------------------------------------
-- Starting command on Thu Jun  4 03:03:37 2020 with 52.19 GB free disk space

    cd unitigging
    /home/matheus/processamento_workflow/canu/Linux-amd64/bin/ovStoreConfig \
     -S ../Sars_cov_2_SRR11178050.seqStore \
     -M 3 \
     -L ./1-overlapper/ovljob.files \
     -create ./Sars_cov_2_SRR11178050.ovlStore.config \
     > ./Sars_cov_2_SRR11178050.ovlStore.config.txt \
    2> ./Sars_cov_2_SRR11178050.ovlStore.config.err

-- Finished on Thu Jun  4 03:03:37 2020 (like a bat out of hell) with 52.19 GB free disk space
----------------------------------------
--
-- Creating overlap store unitigging/Sars_cov_2_SRR11178050.ovlStore using:
--      1 bucket
--      2 slices
--        using at most 1 GB memory each
-- No change in report.
-- Finished stage 'utg-overlapStoreConfigure', reset canuIteration.
-- No change in report.
--
-- Running jobs.  First attempt out of 2.
----------------------------------------
-- Starting 'ovB' concurrent execution on Thu Jun  4 03:03:37 2020 with 52.19 GB free disk space (1 processes; 2 concurrently)

    cd unitigging/Sars_cov_2_SRR11178050.ovlStore.BUILDING
    ./scripts/1-bucketize.sh 1 > ./logs/1-bucketize.000001.out 2>&1

-- Finished on Thu Jun  4 03:03:37 2020 (fast as lightning) with 52.189 GB free disk space
----------------------------------------
-- Overlap store bucketizer finished.
-- No change in report.
-- Finished stage 'utg-overlapStoreBucketizerCheck', reset canuIteration.
-- No change in report.
--
-- Running jobs.  First attempt out of 2.
----------------------------------------
-- Starting 'ovS' concurrent execution on Thu Jun  4 03:03:37 2020 with 52.189 GB free disk space (2 processes; 1 concurrently)

    cd unitigging/Sars_cov_2_SRR11178050.ovlStore.BUILDING
    ./scripts/2-sort.sh 1 > ./logs/2-sort.000001.out 2>&1
    ./scripts/2-sort.sh 2 > ./logs/2-sort.000002.out 2>&1

-- Finished on Thu Jun  4 03:03:38 2020 (one second) with 52.189 GB free disk space
----------------------------------------
-- Overlap store sorter finished.
-- No change in report.
-- Finished stage 'utg-overlapStoreSorterCheck', reset canuIteration.
----------------------------------------
-- Starting command on Thu Jun  4 03:03:38 2020 with 52.189 GB free disk space

    cd unitigging
    /home/matheus/processamento_workflow/canu/Linux-amd64/bin/ovStoreIndexer \
      -O  ./Sars_cov_2_SRR11178050.ovlStore.BUILDING \
      -S ../Sars_cov_2_SRR11178050.seqStore \
      -C  ./Sars_cov_2_SRR11178050.ovlStore.config \
      -delete \
    > ./Sars_cov_2_SRR11178050.ovlStore.BUILDING.index.err 2>&1

-- Finished on Thu Jun  4 03:03:38 2020 (like a bat out of hell) with 52.189 GB free disk space
----------------------------------------
-- Checking store.
----------------------------------------
-- Starting command on Thu Jun  4 03:03:38 2020 with 52.189 GB free disk space

    cd unitigging
    /home/matheus/processamento_workflow/canu/Linux-amd64/bin/ovStoreDump \
     -S ../Sars_cov_2_SRR11178050.seqStore \
     -O  ./Sars_cov_2_SRR11178050.ovlStore \
     -counts \
     > ./Sars_cov_2_SRR11178050.ovlStore/counts.dat 2> ./Sars_cov_2_SRR11178050.ovlStore/counts.err

-- Finished on Thu Jun  4 03:03:38 2020 (like a bat out of hell) with 52.189 GB free disk space
----------------------------------------
--
-- Overlap store 'unitigging/Sars_cov_2_SRR11178050.ovlStore' successfully constructed.
-- Found 37070 overlaps for 296 reads; 1362 reads have no overlaps.
--
--
-- Purged 0 GB in 3 overlap output files.
----------------------------------------
-- Starting command on Thu Jun  4 03:03:38 2020 with 52.189 GB free disk space

    cd unitigging
    /home/matheus/processamento_workflow/canu/Linux-amd64/bin/ovStoreStats \
     -C 11 \
     -S ../Sars_cov_2_SRR11178050.seqStore \
     -O  ./Sars_cov_2_SRR11178050.ovlStore \
     -o  ./Sars_cov_2_SRR11178050.ovlStore \
     > ./Sars_cov_2_SRR11178050.ovlStore.summary.err 2>&1

-- Finished on Thu Jun  4 03:03:38 2020 (in the blink of an eye) with 52.189 GB free disk space
----------------------------------------
--
-- Overlap store 'unitigging/Sars_cov_2_SRR11178050.ovlStore' contains:
--
--   category            reads     %          read length        feature size or coverage  analysis
--   ----------------  -------  -------  ----------------------  ------------------------  --------------------
--   middle-missing          0    0.00        0.00 +- 0.00             0.00 +- 0.00       (bad trimming)
--   middle-hump             1    0.34     1325.00 +- 0.00           327.00 +- 0.00       (bad trimming)
--   no-5-prime             13    4.36     1254.23 +- 218.63          23.85 +- 51.75      (bad trimming)
--   no-3-prime              5    1.68     1424.20 +- 228.69           3.80 +- 8.50       (bad trimming)
--   
--   low-coverage            4    1.34     1217.25 +- 295.58           1.91 +- 0.83       (easy to assemble, potential for lower quality consensus)
--   unique                 22    7.38     1062.86 +- 52.33           10.51 +- 3.66       (easy to assemble, perfect, yay)
--   repeat-cont           174   58.39     1148.11 +- 146.59         143.77 +- 37.16      (potential for consensus errors, no impact on assembly)
--   repeat-dove             2    0.67     1773.50 +- 47.38          133.84 +- 51.58      (hard to assemble, likely won't assemble correctly or even at all)
--   
--   span-repeat             8    2.68     1285.62 +- 175.62         699.25 +- 472.17     (read spans a large repeat, usually easy to assemble)
--   uniq-repeat-cont       58   19.46     1164.81 +- 151.09                              (should be uniquely placed, low potential for consensus errors, no impact on assembly)
--   uniq-repeat-dove        9    3.02     1455.44 +- 287.62                              (will end contigs, potential to misassemble)
--   uniq-anchor             0    0.00        0.00 +- 0.00             0.00 +- 0.00       (repeat read, with unique section, probable bad read)
-- Report changed.
-- Finished stage 'utg-createOverlapStore', reset canuIteration.
--
-- Loading read lengths.
-- Loading number of overlaps per read.
--
-- Configure RED for 4gb memory.
--                   Batches of at most (unlimited) reads.
--                                      500000000 bases.
--                   Expecting evidence of at most 536870912 bases per iteration.
--
--           Total                                               Reads                 Olaps Evidence
--    Job   Memory      Read Range         Reads        Bases   Memory        Olaps   Memory   Memory  (Memory in MB)
--   ---- -------- ------------------- --------- ------------ -------- ------------ -------- --------
--      1  3198.19         1-1658           1098      1030000   125.77        37070     0.42  1024.00
--   ---- -------- ------------------- --------- ------------ -------- ------------ -------- --------
--                                                    1030000                 37070
-- No change in report.
-- Finished stage 'readErrorDetectionConfigure', reset canuIteration.
-- No change in report.
--
-- Running jobs.  First attempt out of 2.
----------------------------------------
-- Starting 'red' concurrent execution on Thu Jun  4 03:03:38 2020 with 52.189 GB free disk space (1 processes; 2 concurrently)

    cd unitigging/3-overlapErrorAdjustment
    ./red.sh 1 > ./red.000001.out 2>&1

-- Finished on Thu Jun  4 03:03:39 2020 (one second) with 52.189 GB free disk space
----------------------------------------
-- Found 1 read error detection output files.
-- No change in report.
-- Finished stage 'readErrorDetectionCheck', reset canuIteration.
--
-- Loading read lengths.
-- Loading number of overlaps per read.
--
-- Configure OEA for 4gb memory.
--                   Batches of at most (unlimited) reads.
--                                      300000000 bases.
--
--           Total                                               Reads                 Olaps  Adjusts
--    Job   Memory      Read Range         Reads        Bases   Memory        Olaps   Memory   Memory  (Memory in MB)
--   ---- -------- ------------------- --------- ------------ -------- ------------ -------- --------
--      1  2378.29         1-1658           1098      1030000     9.02        37070     1.13   320.15
--   ---- -------- ------------------- --------- ------------ -------- ------------ -------- --------
--                                                    1030000                 37070
-- No change in report.
-- Finished stage 'overlapErrorAdjustmentConfigure', reset canuIteration.
-- No change in report.
--
-- Running jobs.  First attempt out of 2.
----------------------------------------
-- Starting 'oea' concurrent execution on Thu Jun  4 03:03:39 2020 with 52.189 GB free disk space (1 processes; 2 concurrently)

    cd unitigging/3-overlapErrorAdjustment
    ./oea.sh 1 > ./oea.000001.out 2>&1

-- Finished on Thu Jun  4 03:03:40 2020 (one second) with 52.189 GB free disk space
----------------------------------------
-- Found 1 overlap error adjustment output files.
-- No change in report.
-- Finished stage 'overlapErrorAdjustmentCheck', reset canuIteration.
----------------------------------------
-- Starting command on Thu Jun  4 03:03:40 2020 with 52.189 GB free disk space

    cd unitigging/3-overlapErrorAdjustment
    /home/matheus/processamento_workflow/canu/Linux-amd64/bin/loadErates \
      -S ../../Sars_cov_2_SRR11178050.seqStore \
      -O ../Sars_cov_2_SRR11178050.ovlStore \
      -L ./oea.files \
    > ./oea.apply.err 2>&1

-- Finished on Thu Jun  4 03:03:40 2020 (like a bat out of hell) with 52.189 GB free disk space
----------------------------------------
-- No report available.
-- Report changed.
-- Finished stage 'updateOverlapStore', reset canuIteration.
-- Finished stage 'unitig', reset canuIteration.
-- No change in report.
-- No change in report.
--
-- Running jobs.  First attempt out of 2.
----------------------------------------
-- Starting 'bat' concurrent execution on Thu Jun  4 03:03:40 2020 with 52.189 GB free disk space (1 processes; 1 concurrently)

    cd unitigging/4-unitigger
    ./unitigger.sh 1 > ./unitigger.000001.out 2>&1

-- Finished on Thu Jun  4 03:03:41 2020 (one second) with 52.189 GB free disk space
----------------------------------------
-- Unitigger finished successfully.
-- Found, in version 1, after unitig construction:
--   contigs:      6 sequences, total length 11411 bp (including 0 repeats of total length 0 bp).
--   bubbles:      0 sequences, total length 0 bp.
--   unassembled:  32 sequences, total length 40389 bp.
--
-- Contig sizes based on genome size 30kbp:
--
--            NG (bp)  LG (contigs)    sum (bp)
--         ----------  ------------  ----------
--     10        2774             2        5665
--     20        1775             3        7440
--     30        1410             5       10310
--
-- Report changed.
-- Finished stage 'unitigCheck', reset canuIteration.
----------------------------------------
-- Starting command on Thu Jun  4 03:03:41 2020 with 52.189 GB free disk space

    cd unitigging
    /home/matheus/processamento_workflow/canu/Linux-amd64/bin/utgcns \
      -S ../Sars_cov_2_SRR11178050.seqStore \
      -T  ./Sars_cov_2_SRR11178050.ctgStore 1 \
      -partition 0.8 1 0.1 \
    > ./Sars_cov_2_SRR11178050.ctgStore/partitioning.log 2>&1

-- Finished on Thu Jun  4 03:03:41 2020 (in the blink of an eye) with 52.189 GB free disk space
----------------------------------------
----------------------------------------
-- Starting command on Thu Jun  4 03:03:41 2020 with 52.189 GB free disk space

    cd unitigging
    /home/matheus/processamento_workflow/canu/Linux-amd64/bin/utgcns \
      -S ../Sars_cov_2_SRR11178050.seqStore \
      -T  ./Sars_cov_2_SRR11178050.utgStore 1 \
      -partition 0.8 1 0.1 \
    > ./Sars_cov_2_SRR11178050.utgStore/partitioning.log 2>&1

-- Finished on Thu Jun  4 03:03:41 2020 (lickety-split) with 52.188 GB free disk space
----------------------------------------
-- Using slow alignment for consensus (iteration '0').
-- Configured 2 contig and 2 unitig consensus jobs.
-- No change in report.
-- Finished stage 'consensusConfigure', reset canuIteration.
--
--                                (tag)Concurrency
--                         (tag)Threads          |
--                (tag)Memory         |          |
--        (tag)             |         |          |       total usage      algorithm
--        -------  ----------  --------   --------  --------------------  -----------------------------
-- Local: cns        0.500 GB    4 CPUs x   1 job      0.500 GB   4 CPUs  (consensus)
--
-- No change in report.
--
-- Running jobs.  First attempt out of 2.
----------------------------------------
-- Starting 'cns' concurrent execution on Thu Jun  4 03:03:41 2020 with 52.188 GB free disk space (4 processes; 1 concurrently)

    cd unitigging/5-consensus
    ./consensus.sh 1 > ./consensus.000001.out 2>&1
    ./consensus.sh 2 > ./consensus.000002.out 2>&1
    ./consensus.sh 3 > ./consensus.000003.out 2>&1
    ./consensus.sh 4 > ./consensus.000004.out 2>&1

-- Finished on Thu Jun  4 03:03:43 2020 (2 seconds) with 52.188 GB free disk space
----------------------------------------
-- Using slow alignment for consensus (iteration '1').
-- Configured 2 contig and 2 unitig consensus jobs.
-- No change in report.
-- All 4 consensus jobs finished successfully.
-- No change in report.
-- Finished stage 'consensusCheck', reset canuIteration.
-- Using slow alignment for consensus (iteration '0').
-- Configured 2 contig and 2 unitig consensus jobs.
-- No change in report.
----------------------------------------
-- Starting command on Thu Jun  4 03:03:43 2020 with 52.188 GB free disk space

    cd unitigging
    /home/matheus/processamento_workflow/canu/Linux-amd64/bin/tgStoreLoad \
      -S ../Sars_cov_2_SRR11178050.seqStore \
      -T  ./Sars_cov_2_SRR11178050.ctgStore 2 \
      -L ./5-consensus/ctgcns.files \
    > ./5-consensus/ctgcns.files.ctgStoreLoad.err 2>&1

-- Finished on Thu Jun  4 03:03:43 2020 (fast as lightning) with 52.188 GB free disk space
----------------------------------------
----------------------------------------
-- Starting command on Thu Jun  4 03:03:43 2020 with 52.188 GB free disk space

    cd unitigging
    /home/matheus/processamento_workflow/canu/Linux-amd64/bin/tgStoreLoad \
      -S ../Sars_cov_2_SRR11178050.seqStore \
      -T  ./Sars_cov_2_SRR11178050.utgStore 2 \
      -L ./5-consensus/utgcns.files \
    > ./5-consensus/utgcns.files.utgStoreLoad.err 2>&1

-- Finished on Thu Jun  4 03:03:44 2020 (one second) with 52.188 GB free disk space
----------------------------------------
-- Purging consensus output after loading to ctgStore and/or utgStore.
-- Purged 4 .cns outputs.
----------------------------------------
-- Starting command on Thu Jun  4 03:03:44 2020 with 52.188 GB free disk space

    cd unitigging
    /home/matheus/processamento_workflow/canu/Linux-amd64/bin/tgStoreDump \
      -S ../Sars_cov_2_SRR11178050.seqStore \
      -T ./Sars_cov_2_SRR11178050.ctgStore 2 \
      -sizes -s 30000 \
    > ./Sars_cov_2_SRR11178050.ctgStore/seqDB.v002.sizes.txt
sqStore_loadMetadata()-- Using 'corrected-trimmed' 0x10 reads.

-- Finished on Thu Jun  4 03:03:44 2020 (fast as lightning) with 52.188 GB free disk space
----------------------------------------
-- Found, in version 2, after consensus generation:
--   contigs:      6 sequences, total length 11377 bp (including 0 repeats of total length 0 bp).
--   bubbles:      0 sequences, total length 0 bp.
--   unassembled:  32 sequences, total length 40389 bp.
--
-- Contig sizes based on genome size 30kbp:
--
--            NG (bp)  LG (contigs)    sum (bp)
--         ----------  ------------  ----------
--     10        2728             2        5625
--     20        1777             3        7402
--     30        1406             5       10275
--
-- Report changed.
-- Finished stage 'consensusLoad', reset canuIteration.
-- No change in report.
----------------------------------------
-- Starting command on Thu Jun  4 03:03:44 2020 with 52.188 GB free disk space

    cd unitigging/4-unitigger
    ./alignGFA.sh \
    > alignGFA.err 2>&1

-- Finished on Thu Jun  4 03:03:44 2020 (fast as lightning) with 52.188 GB free disk space
----------------------------------------
----------------------------------------
-- Starting command on Thu Jun  4 03:03:44 2020 with 52.188 GB free disk space

    cd .
    /home/matheus/processamento_workflow/canu/Linux-amd64/bin/tgStoreDump \
      -S ./Sars_cov_2_SRR11178050.seqStore \
      -T ./unitigging/Sars_cov_2_SRR11178050.ctgStore 2 \
      -o ./Sars_cov_2_SRR11178050.contigs \
      -layout \
    > ./Sars_cov_2_SRR11178050.contigs.layout.err 2>&1

-- Finished on Thu Jun  4 03:03:44 2020 (like a bat out of hell) with 52.188 GB free disk space
----------------------------------------
----------------------------------------
-- Starting command on Thu Jun  4 03:03:44 2020 with 52.188 GB free disk space

    cd .
    /home/matheus/processamento_workflow/canu/Linux-amd64/bin/tgStoreDump \
      -S ./Sars_cov_2_SRR11178050.seqStore \
      -T ./unitigging/Sars_cov_2_SRR11178050.utgStore 2 \
      -o ./Sars_cov_2_SRR11178050.unitigs \
      -layout \
    > ./Sars_cov_2_SRR11178050.unitigs.layout.err 2>&1

-- Finished on Thu Jun  4 03:03:44 2020 (like a bat out of hell) with 52.188 GB free disk space
----------------------------------------
----------------------------------------
-- Starting command on Thu Jun  4 03:03:44 2020 with 52.188 GB free disk space

    cd .
    /home/matheus/processamento_workflow/canu/Linux-amd64/bin/tgStoreDump \
      -S ./Sars_cov_2_SRR11178050.seqStore \
      -T ./unitigging/Sars_cov_2_SRR11178050.ctgStore 2 \
      -consensus -fasta \
      -unassembled \
    > ./Sars_cov_2_SRR11178050.unassembled.fasta
    2> ./Sars_cov_2_SRR11178050.unassembled.err
sqStore_loadMetadata()-- Using 'corrected-trimmed' 0x10 reads.

-- Finished on Thu Jun  4 03:03:44 2020 (like a bat out of hell) with 52.188 GB free disk space
----------------------------------------
----------------------------------------
-- Starting command on Thu Jun  4 03:03:44 2020 with 52.188 GB free disk space

    cd .
    /home/matheus/processamento_workflow/canu/Linux-amd64/bin/tgStoreDump \
      -S ./Sars_cov_2_SRR11178050.seqStore \
      -T ./unitigging/Sars_cov_2_SRR11178050.ctgStore 2 \
      -consensus -fasta \
      -contigs \
    > ./Sars_cov_2_SRR11178050.contigs.fasta
    2> ./Sars_cov_2_SRR11178050.contigs.err
sqStore_loadMetadata()-- Using 'corrected-trimmed' 0x10 reads.

-- Finished on Thu Jun  4 03:03:44 2020 (in the blink of an eye) with 52.188 GB free disk space
----------------------------------------
----------------------------------------
-- Starting command on Thu Jun  4 03:03:44 2020 with 52.188 GB free disk space

    cd .
    /home/matheus/processamento_workflow/canu/Linux-amd64/bin/tgStoreDump \
      -S ./Sars_cov_2_SRR11178050.seqStore \
      -T ./unitigging/Sars_cov_2_SRR11178050.utgStore 2 \
      -consensus -fasta \
      -contigs \
    > ./Sars_cov_2_SRR11178050.unitigs.fasta
    2> ./Sars_cov_2_SRR11178050.unitigs.err
sqStore_loadMetadata()-- Using 'corrected-trimmed' 0x10 reads.

-- Finished on Thu Jun  4 03:03:44 2020 (furiously fast) with 52.188 GB free disk space
----------------------------------------
-- No change in report.
-- Finished stage 'generateOutputs', reset canuIteration.
--
-- Assembly 'Sars_cov_2_SRR11178050' finished in '/home/matheus/processamento_workflow/SRR11178050_06-04-2020-02-59-56/Sars_cov_2_SRR11178050'.
--
-- Summary saved in 'Sars_cov_2_SRR11178050.report'.
--
-- Sequences saved:
--   Contigs       -> 'Sars_cov_2_SRR11178050.contigs.fasta'
--   Unassembled   -> 'Sars_cov_2_SRR11178050.unassembled.fasta'
--   Unitigs       -> 'Sars_cov_2_SRR11178050.unitigs.fasta'
--
-- Read layouts saved:
--   Contigs       -> 'Sars_cov_2_SRR11178050.contigs.layout'.
--   Unitigs       -> 'Sars_cov_2_SRR11178050.unitigs.layout'.
--
-- Graphs saved:
--   Unitigs       -> 'Sars_cov_2_SRR11178050.unitigs.gfa'.
--
-- Bye.
171.20user 7.81system 1:13.43elapsed 243%CPU (0avgtext+0avgdata 2157180maxresident)k
0inputs+332016outputs (0major+806246minor)pagefaults 0swaps
